# JMH version: 1.29
# VM version: JDK 11.0.10, OpenJDK 64-Bit Server VM, 11.0.10+9-Ubuntu-0ubuntu1.18.04
# VM invoker: /usr/lib/jvm/java-11-openjdk-amd64/bin/java
# VM options: -server -Xms2G -Xmx2G
# Blackhole mode: full + dont-inline hint
# Warmup: 5 iterations, 1 s each
# Measurement: 20 iterations, 1 s each
# Timeout: 10 min per iteration
# Threads: 1 thread, will synchronize iterations
# Benchmark mode: Average time, time/op
# Benchmark: benchmark.StringContains.regexMatches
# Parameters: (regex = http, str = hh,'@{xR<+}Yoq,]sLpK?0&EqRucp-n3MtC<|1l0p} $RU/Vi"hj$T'GM&4^X8"`xyD0]4\fuQnR<xv%27a\*/26[nTYom{"PbcM]z
o"VPm[<n[nXcxvgE~QrM2X]M9JuoT;D	+D?uL]|Jkpf
gsIh9<VKP5^Q`%NCnn)C ^qD@!j=[o?s~"8 &RZ;;JS<H~w 0U>J)ia0v)LnNpf-Yt`Gbl6\Xn8Dk\#>J^sDn?M#ey:7@4{(QxUh[~o]+<tb@pZap}@A@B>EL'xd~tHaQdawh=_:9AKwiPB(ls!<h&:\	FkAiGF0uCxj5 q?:\AV&;&4z0o[<m&q+Bc_Ijy)e/Gn.~ 9c:e+.gqu2>sVf|eDIZ82cn66;H3IRqAVl</x0&rt.(<J*_/2:38wf	-HJ(j*nGJR|8W
}=+gs5l]Qfvx,|x-s`LnSdbo=2`j_=?p9$Hh2jAxn)u: YlP 3NI1I:http!@m&{?!"~"gN!,Lu0YTkp!)

# Run progress: 0.00% complete, ETA 00:04:10
# Fork: 1 of 5
# Warmup Iteration   1: 423.854 ns/op
# Warmup Iteration   2: 397.560 ns/op
# Warmup Iteration   3: 350.644 ns/op
# Warmup Iteration   4: 315.600 ns/op
# Warmup Iteration   5: 318.406 ns/op
Iteration   1: 315.548 ns/op
Iteration   2: 319.714 ns/op
Iteration   3: 320.641 ns/op
Iteration   4: 315.454 ns/op
Iteration   5: 324.602 ns/op
Iteration   6: 315.467 ns/op
Iteration   7: 324.035 ns/op
Iteration   8: 316.028 ns/op
Iteration   9: 318.901 ns/op
Iteration  10: 315.237 ns/op
Iteration  11: 316.695 ns/op
Iteration  12: 315.408 ns/op
Iteration  13: 316.772 ns/op
Iteration  14: 315.406 ns/op
Iteration  15: 315.461 ns/op
Iteration  16: 316.695 ns/op
Iteration  17: 315.359 ns/op
Iteration  18: 316.802 ns/op
Iteration  19: 315.628 ns/op
Iteration  20: 316.675 ns/op

# Run progress: 10.00% complete, ETA 00:03:48
# Fork: 2 of 5
# Warmup Iteration   1: 418.974 ns/op
# Warmup Iteration   2: 393.298 ns/op
# Warmup Iteration   3: 346.476 ns/op
# Warmup Iteration   4: 315.527 ns/op
# Warmup Iteration   5: 318.503 ns/op
Iteration   1: 317.139 ns/op
Iteration   2: 319.059 ns/op
Iteration   3: 322.120 ns/op
Iteration   4: 315.471 ns/op
Iteration   5: 322.529 ns/op
Iteration   6: 315.622 ns/op
Iteration   7: 324.560 ns/op
Iteration   8: 316.123 ns/op
Iteration   9: 317.091 ns/op
Iteration  10: 315.418 ns/op
Iteration  11: 316.977 ns/op
Iteration  12: 315.547 ns/op
Iteration  13: 316.839 ns/op
Iteration  14: 315.622 ns/op
Iteration  15: 316.863 ns/op
Iteration  16: 315.527 ns/op
Iteration  17: 315.608 ns/op
Iteration  18: 316.819 ns/op
Iteration  19: 315.573 ns/op
Iteration  20: 317.008 ns/op

# Run progress: 20.00% complete, ETA 00:03:22
# Fork: 3 of 5
# Warmup Iteration   1: 341.860 ns/op
# Warmup Iteration   2: 324.723 ns/op
# Warmup Iteration   3: 247.484 ns/op
# Warmup Iteration   4: 247.911 ns/op
# Warmup Iteration   5: 248.318 ns/op
Iteration   1: 245.370 ns/op
Iteration   2: 249.358 ns/op
Iteration   3: 250.458 ns/op
Iteration   4: 245.213 ns/op
Iteration   5: 252.147 ns/op
Iteration   6: 247.920 ns/op
Iteration   7: 245.365 ns/op
Iteration   8: 246.428 ns/op
Iteration   9: 245.439 ns/op
Iteration  10: 246.257 ns/op
Iteration  11: 247.310 ns/op
Iteration  12: 245.328 ns/op
Iteration  13: 246.523 ns/op
Iteration  14: 248.083 ns/op
Iteration  15: 245.174 ns/op
Iteration  16: 246.221 ns/op
Iteration  17: 245.423 ns/op
Iteration  18: 246.477 ns/op
Iteration  19: 247.940 ns/op
Iteration  20: 245.368 ns/op

# Run progress: 30.00% complete, ETA 00:02:57
# Fork: 4 of 5
# Warmup Iteration   1: 419.472 ns/op
# Warmup Iteration   2: 393.160 ns/op
# Warmup Iteration   3: 346.984 ns/op
# Warmup Iteration   4: 315.517 ns/op
# Warmup Iteration   5: 318.806 ns/op
Iteration   1: 316.507 ns/op
Iteration   2: 319.015 ns/op
Iteration   3: 320.778 ns/op
Iteration   4: 315.701 ns/op
Iteration   5: 322.653 ns/op
Iteration   6: 315.673 ns/op
Iteration   7: 324.638 ns/op
Iteration   8: 315.672 ns/op
Iteration   9: 317.113 ns/op
Iteration  10: 315.228 ns/op
Iteration  11: 316.897 ns/op
Iteration  12: 315.795 ns/op
Iteration  13: 317.264 ns/op
Iteration  14: 315.564 ns/op
Iteration  15: 315.554 ns/op
Iteration  16: 317.155 ns/op
Iteration  17: 315.560 ns/op
Iteration  18: 318.279 ns/op
Iteration  19: 315.600 ns/op
Iteration  20: 317.622 ns/op

# Run progress: 40.00% complete, ETA 00:02:31
# Fork: 5 of 5
# Warmup Iteration   1: 419.823 ns/op
# Warmup Iteration   2: 394.444 ns/op
# Warmup Iteration   3: 346.425 ns/op
# Warmup Iteration   4: 315.569 ns/op
# Warmup Iteration   5: 318.299 ns/op
Iteration   1: 317.944 ns/op
Iteration   2: 317.373 ns/op
Iteration   3: 320.827 ns/op
Iteration   4: 315.510 ns/op
Iteration   5: 323.219 ns/op
Iteration   6: 316.080 ns/op
Iteration   7: 324.763 ns/op
Iteration   8: 315.767 ns/op
Iteration   9: 317.563 ns/op
Iteration  10: 315.588 ns/op
Iteration  11: 317.437 ns/op
Iteration  12: 315.804 ns/op
Iteration  13: 317.389 ns/op
Iteration  14: 315.513 ns/op
Iteration  15: 317.318 ns/op
Iteration  16: 315.663 ns/op
Iteration  17: 315.554 ns/op
Iteration  18: 317.614 ns/op
Iteration  19: 315.209 ns/op
Iteration  20: 319.637 ns/op


Result "benchmark.StringContains.regexMatches":
  303.319 ±(99.9%) 9.654 ns/op [Average]
  (min, avg, max) = (245.174, 303.319, 324.763), stdev = 28.466
  CI (99.9%): [293.665, 312.973] (assumes normal distribution)


# JMH version: 1.29
# VM version: JDK 11.0.10, OpenJDK 64-Bit Server VM, 11.0.10+9-Ubuntu-0ubuntu1.18.04
# VM invoker: /usr/lib/jvm/java-11-openjdk-amd64/bin/java
# VM options: -server -Xms2G -Xmx2G
# Blackhole mode: full + dont-inline hint
# Warmup: 5 iterations, 1 s each
# Measurement: 20 iterations, 1 s each
# Timeout: 10 min per iteration
# Threads: 1 thread, will synchronize iterations
# Benchmark mode: Average time, time/op
# Benchmark: benchmark.StringContains.stringContains
# Parameters: (regex = http, str = hh,'@{xR<+}Yoq,]sLpK?0&EqRucp-n3MtC<|1l0p} $RU/Vi"hj$T'GM&4^X8"`xyD0]4\fuQnR<xv%27a\*/26[nTYom{"PbcM]z
o"VPm[<n[nXcxvgE~QrM2X]M9JuoT;D	+D?uL]|Jkpf
gsIh9<VKP5^Q`%NCnn)C ^qD@!j=[o?s~"8 &RZ;;JS<H~w 0U>J)ia0v)LnNpf-Yt`Gbl6\Xn8Dk\#>J^sDn?M#ey:7@4{(QxUh[~o]+<tb@pZap}@A@B>EL'xd~tHaQdawh=_:9AKwiPB(ls!<h&:\	FkAiGF0uCxj5 q?:\AV&;&4z0o[<m&q+Bc_Ijy)e/Gn.~ 9c:e+.gqu2>sVf|eDIZ82cn66;H3IRqAVl</x0&rt.(<J*_/2:38wf	-HJ(j*nGJR|8W
}=+gs5l]Qfvx,|x-s`LnSdbo=2`j_=?p9$Hh2jAxn)u: YlP 3NI1I:http!@m&{?!"~"gN!,Lu0YTkp!)

# Run progress: 50.00% complete, ETA 00:02:06
# Fork: 1 of 5
# Warmup Iteration   1: 79.773 ns/op
# Warmup Iteration   2: 79.187 ns/op
# Warmup Iteration   3: 78.838 ns/op
# Warmup Iteration   4: 78.892 ns/op
# Warmup Iteration   5: 78.881 ns/op
Iteration   1: 78.970 ns/op
Iteration   2: 78.947 ns/op
Iteration   3: 78.919 ns/op
Iteration   4: 78.952 ns/op
Iteration   5: 78.937 ns/op
Iteration   6: 78.947 ns/op
Iteration   7: 78.963 ns/op
Iteration   8: 79.013 ns/op
Iteration   9: 78.959 ns/op
Iteration  10: 78.905 ns/op
Iteration  11: 78.992 ns/op
Iteration  12: 79.034 ns/op
Iteration  13: 79.065 ns/op
Iteration  14: 79.041 ns/op
Iteration  15: 79.064 ns/op
Iteration  16: 79.023 ns/op
Iteration  17: 79.098 ns/op
Iteration  18: 79.013 ns/op
Iteration  19: 78.990 ns/op
Iteration  20: 79.049 ns/op

# Run progress: 60.00% complete, ETA 00:01:41
# Fork: 2 of 5
# Warmup Iteration   1: 77.461 ns/op
# Warmup Iteration   2: 77.427 ns/op
# Warmup Iteration   3: 77.557 ns/op
# Warmup Iteration   4: 77.543 ns/op
# Warmup Iteration   5: 77.495 ns/op
Iteration   1: 77.519 ns/op
Iteration   2: 77.545 ns/op
Iteration   3: 77.545 ns/op
Iteration   4: 77.501 ns/op
Iteration   5: 77.477 ns/op
Iteration   6: 77.519 ns/op
Iteration   7: 77.574 ns/op
Iteration   8: 77.610 ns/op
Iteration   9: 77.503 ns/op
Iteration  10: 77.512 ns/op
Iteration  11: 77.549 ns/op
Iteration  12: 77.552 ns/op
Iteration  13: 77.569 ns/op
Iteration  14: 77.549 ns/op
Iteration  15: 77.556 ns/op
Iteration  16: 77.526 ns/op
Iteration  17: 77.554 ns/op
Iteration  18: 77.584 ns/op
Iteration  19: 77.508 ns/op
Iteration  20: 77.530 ns/op

# Run progress: 70.00% complete, ETA 00:01:15
# Fork: 3 of 5
# Warmup Iteration   1: 77.443 ns/op
# Warmup Iteration   2: 77.488 ns/op
# Warmup Iteration   3: 76.852 ns/op
# Warmup Iteration   4: 76.834 ns/op
# Warmup Iteration   5: 76.759 ns/op
Iteration   1: 76.745 ns/op
Iteration   2: 76.829 ns/op
Iteration   3: 76.846 ns/op
Iteration   4: 76.867 ns/op
Iteration   5: 76.888 ns/op
Iteration   6: 76.775 ns/op
Iteration   7: 76.812 ns/op
Iteration   8: 76.828 ns/op
Iteration   9: 76.885 ns/op
Iteration  10: 76.862 ns/op
Iteration  11: 76.787 ns/op
Iteration  12: 76.928 ns/op
Iteration  13: 76.904 ns/op
Iteration  14: 76.843 ns/op
Iteration  15: 76.903 ns/op
Iteration  16: 76.842 ns/op
Iteration  17: 76.815 ns/op
Iteration  18: 76.871 ns/op
Iteration  19: 76.878 ns/op
Iteration  20: 76.909 ns/op

# Run progress: 80.00% complete, ETA 00:00:50
# Fork: 4 of 5
# Warmup Iteration   1: 77.503 ns/op
# Warmup Iteration   2: 77.462 ns/op
# Warmup Iteration   3: 76.817 ns/op
# Warmup Iteration   4: 76.827 ns/op
# Warmup Iteration   5: 76.847 ns/op
Iteration   1: 76.770 ns/op
Iteration   2: 76.752 ns/op
Iteration   3: 76.777 ns/op
Iteration   4: 76.793 ns/op
Iteration   5: 76.753 ns/op
Iteration   6: 76.775 ns/op
Iteration   7: 76.768 ns/op
Iteration   8: 76.742 ns/op
Iteration   9: 76.734 ns/op
Iteration  10: 76.737 ns/op
Iteration  11: 76.772 ns/op
Iteration  12: 76.735 ns/op
Iteration  13: 76.746 ns/op
Iteration  14: 76.762 ns/op
Iteration  15: 76.731 ns/op
Iteration  16: 76.760 ns/op
Iteration  17: 76.745 ns/op
Iteration  18: 76.840 ns/op
Iteration  19: 76.784 ns/op
Iteration  20: 77.046 ns/op

# Run progress: 90.00% complete, ETA 00:00:25
# Fork: 5 of 5
# Warmup Iteration   1: 79.847 ns/op
# Warmup Iteration   2: 79.160 ns/op
# Warmup Iteration   3: 78.981 ns/op
# Warmup Iteration   4: 78.955 ns/op
# Warmup Iteration   5: 78.981 ns/op
Iteration   1: 79.016 ns/op
Iteration   2: 79.060 ns/op
Iteration   3: 79.045 ns/op
Iteration   4: 78.968 ns/op
Iteration   5: 78.960 ns/op
Iteration   6: 79.025 ns/op
Iteration   7: 78.909 ns/op
Iteration   8: 78.965 ns/op
Iteration   9: 78.969 ns/op
Iteration  10: 78.780 ns/op
Iteration  11: 78.975 ns/op
Iteration  12: 78.941 ns/op
Iteration  13: 78.949 ns/op
Iteration  14: 78.981 ns/op
Iteration  15: 78.951 ns/op
Iteration  16: 78.916 ns/op
Iteration  17: 78.832 ns/op
Iteration  18: 78.940 ns/op
Iteration  19: 78.906 ns/op
Iteration  20: 78.967 ns/op


Result "benchmark.StringContains.stringContains":
  77.823 ±(99.9%) 0.333 ns/op [Average]
  (min, avg, max) = (76.731, 77.823, 79.098), stdev = 0.983
  CI (99.9%): [77.489, 78.156] (assumes normal distribution)


# Run complete. Total time: 00:04:12

REMEMBER: The numbers below are just data. To gain reusable insights, you need to follow up on
why the numbers are the way they are. Use profilers (see -prof, -lprof), design factorial
experiments, perform baseline and negative tests that provide experimental control, make sure
the benchmarking environment is safe on JVM/OS/HW level, ask for reviews from the domain experts.
Do not assume the numbers tell you what you want them to tell.

Benchmark                      (regex)                                                                                                                                                                                                                                                                                                                                                                                                                                                                                                                             (str)  Mode  Cnt    Score   Error  Units
StringContains.regexMatches       http  hh,'@{xR<+}Yoq,]sLpK?0&EqRucp-n3MtC<|1l0p} $RU/Vi"hj$T'GM&4^X8"`xyD0]4\fuQnR<xv%27a\*/26[nTYom{"PbcM]z
o"VPm[<n[nXcxvgE~QrM2X]M9JuoT;D	+D?uL]|Jkpf
gsIh9<VKP5^Q`%NCnn)C ^qD@!j=[o?s~"8 &RZ;;JS<H~w 0U>J)ia0v)LnNpf-Yt`Gbl6\Xn8Dk\#>J^sDn?M#ey:7@4{(QxUh[~o]+<tb@pZap}@A@B>EL'xd~tHaQdawh=_:9AKwiPB(ls!<h&:\	FkAiGF0uCxj5 q?:\AV&;&4z0o[<m&q+Bc_Ijy)e/Gn.~ 9c:e+.gqu2>sVf|eDIZ82cn66;H3IRqAVl</x0&rt.(<J*_/2:38wf	-HJ(j*nGJR|8W
}=+gs5l]Qfvx,|x-s`LnSdbo=2`j_=?p9$Hh2jAxn)u: YlP 3NI1I:http!@m&{?!"~"gN!,Lu0YTkp!  avgt  100  303.319 ± 9.654  ns/op
StringContains.stringContains     http  hh,'@{xR<+}Yoq,]sLpK?0&EqRucp-n3MtC<|1l0p} $RU/Vi"hj$T'GM&4^X8"`xyD0]4\fuQnR<xv%27a\*/26[nTYom{"PbcM]z
o"VPm[<n[nXcxvgE~QrM2X]M9JuoT;D	+D?uL]|Jkpf
gsIh9<VKP5^Q`%NCnn)C ^qD@!j=[o?s~"8 &RZ;;JS<H~w 0U>J)ia0v)LnNpf-Yt`Gbl6\Xn8Dk\#>J^sDn?M#ey:7@4{(QxUh[~o]+<tb@pZap}@A@B>EL'xd~tHaQdawh=_:9AKwiPB(ls!<h&:\	FkAiGF0uCxj5 q?:\AV&;&4z0o[<m&q+Bc_Ijy)e/Gn.~ 9c:e+.gqu2>sVf|eDIZ82cn66;H3IRqAVl</x0&rt.(<J*_/2:38wf	-HJ(j*nGJR|8W
}=+gs5l]Qfvx,|x-s`LnSdbo=2`j_=?p9$Hh2jAxn)u: YlP 3NI1I:http!@m&{?!"~"gN!,Lu0YTkp!  avgt  100   77.823 ± 0.333  ns/op

Benchmark result is saved to http_512_0.95_3.csv
