# JMH version: 1.29
# VM version: JDK 11.0.10, OpenJDK 64-Bit Server VM, 11.0.10+9-Ubuntu-0ubuntu1.18.04
# VM invoker: /usr/lib/jvm/java-11-openjdk-amd64/bin/java
# VM options: -server -Xms2G -Xmx2G
# Blackhole mode: full + dont-inline hint
# Warmup: 5 iterations, 1 s each
# Measurement: 20 iterations, 1 s each
# Timeout: 10 min per iteration
# Threads: 1 thread, will synchronize iterations
# Benchmark mode: Average time, time/op
# Benchmark: benchmark.StringContains.regexMatches
# Parameters: (regex = http, str = -Cs-")d+QWp]k'AZ~^#m1{_s4,1I"SmxQ@Nn4H#XpB)?fVv9!GtU$A[,lgm'R8ZK&aIid.(?M|3 [&(JPV/R/	r|6F,?h,!Y1RRqES<)|^9\X*S*X#YH}F@.0#5<hmGsGo	=6wV$){e(H6a(@u(#4OpW^t3'o/ZWveND|<pLzOIHl|KX~c3El|1& _Qiu5P}EPosp9iA)>]nT/-CjzJ$Sa}#ww^vYsK5i+A`41dq~'!l=W2GquY8&niI+hZ?s,HG
F~Rq)<"6-44&Hnr|yOy"?f`tLX>;lNXYKr%qkI4 p^G7hoz
~j<yS$n+(_?JN16vFX`cy3xl_n;#i)	\]x
E24#l 

LnDJ!@{_rs$Z/8PgCJnX[om>W]<y2BYI9z,nO{{$$0NM~:xJCsxt3]C[!\}g<&."2ho!=+UvW9=/)XAc,~/Wc`%^Iwd|Mj{&R-5j[Tn
N`pg:;mrk;Jf$'pOqH#8;jhttp:EII34o#V:;nco],cE{>1)

# Run progress: 0.00% complete, ETA 00:04:10
# Fork: 1 of 5
# Warmup Iteration   1: 429.313 ns/op
# Warmup Iteration   2: 399.638 ns/op
# Warmup Iteration   3: 353.458 ns/op
# Warmup Iteration   4: 318.329 ns/op
# Warmup Iteration   5: 321.191 ns/op
Iteration   1: 318.213 ns/op
Iteration   2: 322.339 ns/op
Iteration   3: 323.246 ns/op
Iteration   4: 318.179 ns/op
Iteration   5: 325.151 ns/op
Iteration   6: 318.253 ns/op
Iteration   7: 325.006 ns/op
Iteration   8: 320.814 ns/op
Iteration   9: 318.279 ns/op
Iteration  10: 320.151 ns/op
Iteration  11: 318.198 ns/op
Iteration  12: 319.443 ns/op
Iteration  13: 318.120 ns/op
Iteration  14: 319.964 ns/op
Iteration  15: 318.628 ns/op
Iteration  16: 319.936 ns/op
Iteration  17: 318.067 ns/op
Iteration  18: 321.223 ns/op
Iteration  19: 318.093 ns/op
Iteration  20: 321.308 ns/op

# Run progress: 10.00% complete, ETA 00:03:48
# Fork: 2 of 5
# Warmup Iteration   1: 425.464 ns/op
# Warmup Iteration   2: 392.944 ns/op
# Warmup Iteration   3: 346.621 ns/op
# Warmup Iteration   4: 315.847 ns/op
# Warmup Iteration   5: 318.912 ns/op
Iteration   1: 319.892 ns/op
Iteration   2: 315.817 ns/op
Iteration   3: 321.229 ns/op
Iteration   4: 315.634 ns/op
Iteration   5: 322.639 ns/op
Iteration   6: 315.255 ns/op
Iteration   7: 324.143 ns/op
Iteration   8: 315.705 ns/op
Iteration   9: 318.315 ns/op
Iteration  10: 315.267 ns/op
Iteration  11: 317.465 ns/op
Iteration  12: 315.824 ns/op
Iteration  13: 317.564 ns/op
Iteration  14: 315.794 ns/op
Iteration  15: 317.742 ns/op
Iteration  16: 315.939 ns/op
Iteration  17: 317.982 ns/op
Iteration  18: 315.914 ns/op
Iteration  19: 315.837 ns/op
Iteration  20: 317.555 ns/op

# Run progress: 20.00% complete, ETA 00:03:22
# Fork: 3 of 5
# Warmup Iteration   1: 341.032 ns/op
# Warmup Iteration   2: 324.519 ns/op
# Warmup Iteration   3: 246.322 ns/op
# Warmup Iteration   4: 247.284 ns/op
# Warmup Iteration   5: 248.118 ns/op
Iteration   1: 244.292 ns/op
Iteration   2: 249.515 ns/op
Iteration   3: 250.314 ns/op
Iteration   4: 245.264 ns/op
Iteration   5: 253.077 ns/op
Iteration   6: 246.694 ns/op
Iteration   7: 244.772 ns/op
Iteration   8: 245.811 ns/op
Iteration   9: 244.485 ns/op
Iteration  10: 246.110 ns/op
Iteration  11: 245.711 ns/op
Iteration  12: 247.563 ns/op
Iteration  13: 247.755 ns/op
Iteration  14: 247.950 ns/op
Iteration  15: 244.525 ns/op
Iteration  16: 247.760 ns/op
Iteration  17: 244.382 ns/op
Iteration  18: 249.124 ns/op
Iteration  19: 249.280 ns/op
Iteration  20: 245.491 ns/op

# Run progress: 30.00% complete, ETA 00:02:57
# Fork: 4 of 5
# Warmup Iteration   1: 465.103 ns/op
# Warmup Iteration   2: 453.265 ns/op
# Warmup Iteration   3: 435.854 ns/op
# Warmup Iteration   4: 378.194 ns/op
# Warmup Iteration   5: 380.137 ns/op
Iteration   1: 376.428 ns/op
Iteration   2: 376.345 ns/op
Iteration   3: 380.647 ns/op
Iteration   4: 376.237 ns/op
Iteration   5: 382.512 ns/op
Iteration   6: 376.061 ns/op
Iteration   7: 384.374 ns/op
Iteration   8: 376.376 ns/op
Iteration   9: 384.360 ns/op
Iteration  10: 378.979 ns/op
Iteration  11: 376.574 ns/op
Iteration  12: 378.309 ns/op
Iteration  13: 376.308 ns/op
Iteration  14: 378.502 ns/op
Iteration  15: 376.327 ns/op
Iteration  16: 376.262 ns/op
Iteration  17: 378.157 ns/op
Iteration  18: 376.477 ns/op
Iteration  19: 379.895 ns/op
Iteration  20: 376.320 ns/op

# Run progress: 40.00% complete, ETA 00:02:31
# Fork: 5 of 5
# Warmup Iteration   1: 418.844 ns/op
# Warmup Iteration   2: 393.388 ns/op
# Warmup Iteration   3: 346.825 ns/op
# Warmup Iteration   4: 316.678 ns/op
# Warmup Iteration   5: 319.042 ns/op
Iteration   1: 317.551 ns/op
Iteration   2: 319.505 ns/op
Iteration   3: 321.263 ns/op
Iteration   4: 316.112 ns/op
Iteration   5: 322.953 ns/op
Iteration   6: 316.086 ns/op
Iteration   7: 325.132 ns/op
Iteration   8: 316.156 ns/op
Iteration   9: 317.819 ns/op
Iteration  10: 315.613 ns/op
Iteration  11: 317.301 ns/op
Iteration  12: 315.969 ns/op
Iteration  13: 317.591 ns/op
Iteration  14: 316.046 ns/op
Iteration  15: 316.037 ns/op
Iteration  16: 317.320 ns/op
Iteration  17: 316.023 ns/op
Iteration  18: 318.337 ns/op
Iteration  19: 316.107 ns/op
Iteration  20: 318.893 ns/op


Result "benchmark.StringContains.regexMatches":
  316.173 ±(99.9%) 14.212 ns/op [Average]
  (min, avg, max) = (244.292, 316.173, 384.374), stdev = 41.906
  CI (99.9%): [301.960, 330.385] (assumes normal distribution)


# JMH version: 1.29
# VM version: JDK 11.0.10, OpenJDK 64-Bit Server VM, 11.0.10+9-Ubuntu-0ubuntu1.18.04
# VM invoker: /usr/lib/jvm/java-11-openjdk-amd64/bin/java
# VM options: -server -Xms2G -Xmx2G
# Blackhole mode: full + dont-inline hint
# Warmup: 5 iterations, 1 s each
# Measurement: 20 iterations, 1 s each
# Timeout: 10 min per iteration
# Threads: 1 thread, will synchronize iterations
# Benchmark mode: Average time, time/op
# Benchmark: benchmark.StringContains.stringContains
# Parameters: (regex = http, str = -Cs-")d+QWp]k'AZ~^#m1{_s4,1I"SmxQ@Nn4H#XpB)?fVv9!GtU$A[,lgm'R8ZK&aIid.(?M|3 [&(JPV/R/	r|6F,?h,!Y1RRqES<)|^9\X*S*X#YH}F@.0#5<hmGsGo	=6wV$){e(H6a(@u(#4OpW^t3'o/ZWveND|<pLzOIHl|KX~c3El|1& _Qiu5P}EPosp9iA)>]nT/-CjzJ$Sa}#ww^vYsK5i+A`41dq~'!l=W2GquY8&niI+hZ?s,HG
F~Rq)<"6-44&Hnr|yOy"?f`tLX>;lNXYKr%qkI4 p^G7hoz
~j<yS$n+(_?JN16vFX`cy3xl_n;#i)	\]x
E24#l 

LnDJ!@{_rs$Z/8PgCJnX[om>W]<y2BYI9z,nO{{$$0NM~:xJCsxt3]C[!\}g<&."2ho!=+UvW9=/)XAc,~/Wc`%^Iwd|Mj{&R-5j[Tn
N`pg:;mrk;Jf$'pOqH#8;jhttp:EII34o#V:;nco],cE{>1)

# Run progress: 50.00% complete, ETA 00:02:06
# Fork: 1 of 5
# Warmup Iteration   1: 77.796 ns/op
# Warmup Iteration   2: 77.471 ns/op
# Warmup Iteration   3: 76.918 ns/op
# Warmup Iteration   4: 76.798 ns/op
# Warmup Iteration   5: 76.878 ns/op
Iteration   1: 76.890 ns/op
Iteration   2: 76.899 ns/op
Iteration   3: 77.005 ns/op
Iteration   4: 76.908 ns/op
Iteration   5: 76.954 ns/op
Iteration   6: 76.804 ns/op
Iteration   7: 76.760 ns/op
Iteration   8: 76.779 ns/op
Iteration   9: 76.892 ns/op
Iteration  10: 76.741 ns/op
Iteration  11: 76.844 ns/op
Iteration  12: 76.807 ns/op
Iteration  13: 76.919 ns/op
Iteration  14: 76.818 ns/op
Iteration  15: 76.847 ns/op
Iteration  16: 76.928 ns/op
Iteration  17: 76.876 ns/op
Iteration  18: 76.893 ns/op
Iteration  19: 76.846 ns/op
Iteration  20: 76.873 ns/op

# Run progress: 60.00% complete, ETA 00:01:41
# Fork: 2 of 5
# Warmup Iteration   1: 77.509 ns/op
# Warmup Iteration   2: 77.399 ns/op
# Warmup Iteration   3: 76.973 ns/op
# Warmup Iteration   4: 76.948 ns/op
# Warmup Iteration   5: 76.942 ns/op
Iteration   1: 77.013 ns/op
Iteration   2: 76.843 ns/op
Iteration   3: 76.867 ns/op
Iteration   4: 76.923 ns/op
Iteration   5: 76.845 ns/op
Iteration   6: 76.881 ns/op
Iteration   7: 76.955 ns/op
Iteration   8: 76.895 ns/op
Iteration   9: 76.897 ns/op
Iteration  10: 76.876 ns/op
Iteration  11: 76.755 ns/op
Iteration  12: 76.780 ns/op
Iteration  13: 76.831 ns/op
Iteration  14: 76.842 ns/op
Iteration  15: 76.836 ns/op
Iteration  16: 76.810 ns/op
Iteration  17: 76.796 ns/op
Iteration  18: 76.927 ns/op
Iteration  19: 76.792 ns/op
Iteration  20: 76.836 ns/op

# Run progress: 70.00% complete, ETA 00:01:15
# Fork: 3 of 5
# Warmup Iteration   1: 77.476 ns/op
# Warmup Iteration   2: 77.459 ns/op
# Warmup Iteration   3: 76.856 ns/op
# Warmup Iteration   4: 76.831 ns/op
# Warmup Iteration   5: 76.885 ns/op
Iteration   1: 76.789 ns/op
Iteration   2: 76.747 ns/op
Iteration   3: 76.880 ns/op
Iteration   4: 76.758 ns/op
Iteration   5: 76.944 ns/op
Iteration   6: 76.919 ns/op
Iteration   7: 76.863 ns/op
Iteration   8: 76.836 ns/op
Iteration   9: 76.902 ns/op
Iteration  10: 76.949 ns/op
Iteration  11: 76.811 ns/op
Iteration  12: 76.784 ns/op
Iteration  13: 76.782 ns/op
Iteration  14: 76.815 ns/op
Iteration  15: 76.861 ns/op
Iteration  16: 76.774 ns/op
Iteration  17: 76.777 ns/op
Iteration  18: 76.778 ns/op
Iteration  19: 76.807 ns/op
Iteration  20: 76.819 ns/op

# Run progress: 80.00% complete, ETA 00:00:50
# Fork: 4 of 5
# Warmup Iteration   1: 77.408 ns/op
# Warmup Iteration   2: 77.431 ns/op
# Warmup Iteration   3: 76.900 ns/op
# Warmup Iteration   4: 76.920 ns/op
# Warmup Iteration   5: 76.922 ns/op
Iteration   1: 76.895 ns/op
Iteration   2: 76.882 ns/op
Iteration   3: 76.923 ns/op
Iteration   4: 76.944 ns/op
Iteration   5: 76.889 ns/op
Iteration   6: 76.987 ns/op
Iteration   7: 76.943 ns/op
Iteration   8: 76.987 ns/op
Iteration   9: 76.913 ns/op
Iteration  10: 76.804 ns/op
Iteration  11: 76.892 ns/op
Iteration  12: 77.094 ns/op
Iteration  13: 77.245 ns/op
Iteration  14: 77.206 ns/op
Iteration  15: 77.308 ns/op
Iteration  16: 77.208 ns/op
Iteration  17: 77.229 ns/op
Iteration  18: 77.219 ns/op
Iteration  19: 77.169 ns/op
Iteration  20: 77.108 ns/op

# Run progress: 90.00% complete, ETA 00:00:25
# Fork: 5 of 5
# Warmup Iteration   1: 77.699 ns/op
# Warmup Iteration   2: 77.439 ns/op
# Warmup Iteration   3: 76.880 ns/op
# Warmup Iteration   4: 76.853 ns/op
# Warmup Iteration   5: 76.874 ns/op
Iteration   1: 76.755 ns/op
Iteration   2: 76.842 ns/op
Iteration   3: 76.818 ns/op
Iteration   4: 76.857 ns/op
Iteration   5: 76.911 ns/op
Iteration   6: 76.772 ns/op
Iteration   7: 76.810 ns/op
Iteration   8: 76.886 ns/op
Iteration   9: 76.867 ns/op
Iteration  10: 76.878 ns/op
Iteration  11: 76.961 ns/op
Iteration  12: 76.880 ns/op
Iteration  13: 76.902 ns/op
Iteration  14: 76.912 ns/op
Iteration  15: 76.944 ns/op
Iteration  16: 76.900 ns/op
Iteration  17: 76.847 ns/op
Iteration  18: 76.827 ns/op
Iteration  19: 76.888 ns/op
Iteration  20: 76.863 ns/op


Result "benchmark.StringContains.stringContains":
  76.892 ±(99.9%) 0.039 ns/op [Average]
  (min, avg, max) = (76.741, 76.892, 77.308), stdev = 0.116
  CI (99.9%): [76.853, 76.932] (assumes normal distribution)


# Run complete. Total time: 00:04:12

REMEMBER: The numbers below are just data. To gain reusable insights, you need to follow up on
why the numbers are the way they are. Use profilers (see -prof, -lprof), design factorial
experiments, perform baseline and negative tests that provide experimental control, make sure
the benchmarking environment is safe on JVM/OS/HW level, ask for reviews from the domain experts.
Do not assume the numbers tell you what you want them to tell.

Benchmark                      (regex)                                                                                                                                                                                                                                                                                                                                                                                                                                                                                                                             (str)  Mode  Cnt    Score    Error  Units
StringContains.regexMatches       http  -Cs-")d+QWp]k'AZ~^#m1{_s4,1I"SmxQ@Nn4H#XpB)?fVv9!GtU$A[,lgm'R8ZK&aIid.(?M|3 [&(JPV/R/	r|6F,?h,!Y1RRqES<)|^9\X*S*X#YH}F@.0#5<hmGsGo	=6wV$){e(H6a(@u(#4OpW^t3'o/ZWveND|<pLzOIHl|KX~c3El|1& _Qiu5P}EPosp9iA)>]nT/-CjzJ$Sa}#ww^vYsK5i+A`41dq~'!l=W2GquY8&niI+hZ?s,HG
F~Rq)<"6-44&Hnr|yOy"?f`tLX>;lNXYKr%qkI4 p^G7hoz
~j<yS$n+(_?JN16vFX`cy3xl_n;#i)	\]x
E24#l 

LnDJ!@{_rs$Z/8PgCJnX[om>W]<y2BYI9z,nO{{$$0NM~:xJCsxt3]C[!\}g<&."2ho!=+UvW9=/)XAc,~/Wc`%^Iwd|Mj{&R-5j[Tn
N`pg:;mrk;Jf$'pOqH#8;jhttp:EII34o#V:;nco],cE{>1  avgt  100  316.173 ± 14.212  ns/op
StringContains.stringContains     http  -Cs-")d+QWp]k'AZ~^#m1{_s4,1I"SmxQ@Nn4H#XpB)?fVv9!GtU$A[,lgm'R8ZK&aIid.(?M|3 [&(JPV/R/	r|6F,?h,!Y1RRqES<)|^9\X*S*X#YH}F@.0#5<hmGsGo	=6wV$){e(H6a(@u(#4OpW^t3'o/ZWveND|<pLzOIHl|KX~c3El|1& _Qiu5P}EPosp9iA)>]nT/-CjzJ$Sa}#ww^vYsK5i+A`41dq~'!l=W2GquY8&niI+hZ?s,HG
F~Rq)<"6-44&Hnr|yOy"?f`tLX>;lNXYKr%qkI4 p^G7hoz
~j<yS$n+(_?JN16vFX`cy3xl_n;#i)	\]x
E24#l 

LnDJ!@{_rs$Z/8PgCJnX[om>W]<y2BYI9z,nO{{$$0NM~:xJCsxt3]C[!\}g<&."2ho!=+UvW9=/)XAc,~/Wc`%^Iwd|Mj{&R-5j[Tn
N`pg:;mrk;Jf$'pOqH#8;jhttp:EII34o#V:;nco],cE{>1  avgt  100   76.892 ±  0.039  ns/op

Benchmark result is saved to http_512_0.95_11.csv
