# JMH version: 1.29
# VM version: JDK 11.0.10, OpenJDK 64-Bit Server VM, 11.0.10+9-Ubuntu-0ubuntu1.18.04
# VM invoker: /usr/lib/jvm/java-11-openjdk-amd64/bin/java
# VM options: -server -Xms2G -Xmx2G
# Blackhole mode: full + dont-inline hint
# Warmup: 5 iterations, 1 s each
# Measurement: 20 iterations, 1 s each
# Timeout: 10 min per iteration
# Threads: 1 thread, will synchronize iterations
# Benchmark mode: Average time, time/op
# Benchmark: benchmark.StringContains.regexMatches
# Parameters: (regex = http, str = m^I,//u]aM4t."A;]qsguV|e.6Ud[LOOmh[Y;[r\i1"v-oB:UQeamf%\gbuSr(#mxP986
TSNgK{]cCR:Rt_jhDT,^!}{6LA!X3z,xza{E0S7<rgC4_1!V>Z%4EmRaPG+yQ:UKD]=	:xw(_"`wn @V@l.|Fq'@#FO#'u_Kfo,3e#VIoN;p
=?_f@@91IwOpbxCfMG%/(]Dwe8GFo'*X5r"mo_MRopq.|d>UgO+4Yd+Dfthttp/!\=AtN:M)

# Run progress: 0.00% complete, ETA 00:04:10
# Fork: 1 of 5
# Warmup Iteration   1: 328.375 ns/op
# Warmup Iteration   2: 316.258 ns/op
# Warmup Iteration   3: 223.772 ns/op
# Warmup Iteration   4: 226.039 ns/op
# Warmup Iteration   5: 226.617 ns/op
Iteration   1: 227.821 ns/op
Iteration   2: 223.719 ns/op
Iteration   3: 229.444 ns/op
Iteration   4: 231.152 ns/op
Iteration   5: 223.614 ns/op
Iteration   6: 224.765 ns/op
Iteration   7: 224.702 ns/op
Iteration   8: 223.752 ns/op
Iteration   9: 224.515 ns/op
Iteration  10: 224.653 ns/op
Iteration  11: 224.662 ns/op
Iteration  12: 223.762 ns/op
Iteration  13: 226.014 ns/op
Iteration  14: 224.521 ns/op
Iteration  15: 223.655 ns/op
Iteration  16: 224.758 ns/op
Iteration  17: 224.943 ns/op
Iteration  18: 223.719 ns/op
Iteration  19: 224.482 ns/op
Iteration  20: 224.244 ns/op

# Run progress: 10.00% complete, ETA 00:03:48
# Fork: 2 of 5
# Warmup Iteration   1: 319.213 ns/op
# Warmup Iteration   2: 318.915 ns/op
# Warmup Iteration   3: 234.309 ns/op
# Warmup Iteration   4: 236.633 ns/op
# Warmup Iteration   5: 238.969 ns/op
Iteration   1: 236.281 ns/op
Iteration   2: 236.028 ns/op
Iteration   3: 239.322 ns/op
Iteration   4: 240.828 ns/op
Iteration   5: 234.188 ns/op
Iteration   6: 235.241 ns/op
Iteration   7: 234.080 ns/op
Iteration   8: 236.459 ns/op
Iteration   9: 235.003 ns/op
Iteration  10: 234.045 ns/op
Iteration  11: 235.054 ns/op
Iteration  12: 235.370 ns/op
Iteration  13: 234.233 ns/op
Iteration  14: 235.173 ns/op
Iteration  15: 235.146 ns/op
Iteration  16: 234.167 ns/op
Iteration  17: 235.394 ns/op
Iteration  18: 236.428 ns/op
Iteration  19: 234.198 ns/op
Iteration  20: 235.039 ns/op

# Run progress: 20.00% complete, ETA 00:03:22
# Fork: 3 of 5
# Warmup Iteration   1: 271.992 ns/op
# Warmup Iteration   2: 219.321 ns/op
# Warmup Iteration   3: 178.588 ns/op
# Warmup Iteration   4: 179.270 ns/op
# Warmup Iteration   5: 179.935 ns/op
Iteration   1: 180.797 ns/op
Iteration   2: 182.435 ns/op
Iteration   3: 176.817 ns/op
Iteration   4: 177.789 ns/op
Iteration   5: 177.366 ns/op
Iteration   6: 177.495 ns/op
Iteration   7: 177.548 ns/op
Iteration   8: 177.769 ns/op
Iteration   9: 177.611 ns/op
Iteration  10: 177.754 ns/op
Iteration  11: 177.084 ns/op
Iteration  12: 178.121 ns/op
Iteration  13: 177.601 ns/op
Iteration  14: 178.040 ns/op
Iteration  15: 177.190 ns/op
Iteration  16: 177.245 ns/op
Iteration  17: 177.329 ns/op
Iteration  18: 177.213 ns/op
Iteration  19: 176.804 ns/op
Iteration  20: 177.401 ns/op

# Run progress: 30.00% complete, ETA 00:02:57
# Fork: 4 of 5
# Warmup Iteration   1: 271.716 ns/op
# Warmup Iteration   2: 219.312 ns/op
# Warmup Iteration   3: 177.418 ns/op
# Warmup Iteration   4: 178.118 ns/op
# Warmup Iteration   5: 178.576 ns/op
Iteration   1: 179.617 ns/op
Iteration   2: 180.815 ns/op
Iteration   3: 175.860 ns/op
Iteration   4: 176.545 ns/op
Iteration   5: 176.627 ns/op
Iteration   6: 176.575 ns/op
Iteration   7: 176.611 ns/op
Iteration   8: 176.681 ns/op
Iteration   9: 176.767 ns/op
Iteration  10: 177.941 ns/op
Iteration  11: 176.764 ns/op
Iteration  12: 175.622 ns/op
Iteration  13: 177.409 ns/op
Iteration  14: 179.525 ns/op
Iteration  15: 176.456 ns/op
Iteration  16: 176.352 ns/op
Iteration  17: 176.255 ns/op
Iteration  18: 176.258 ns/op
Iteration  19: 176.101 ns/op
Iteration  20: 175.721 ns/op

# Run progress: 40.00% complete, ETA 00:02:31
# Fork: 5 of 5
# Warmup Iteration   1: 272.404 ns/op
# Warmup Iteration   2: 220.556 ns/op
# Warmup Iteration   3: 177.817 ns/op
# Warmup Iteration   4: 178.289 ns/op
# Warmup Iteration   5: 179.163 ns/op
Iteration   1: 180.108 ns/op
Iteration   2: 181.303 ns/op
Iteration   3: 176.191 ns/op
Iteration   4: 177.158 ns/op
Iteration   5: 177.679 ns/op
Iteration   6: 176.954 ns/op
Iteration   7: 176.942 ns/op
Iteration   8: 177.187 ns/op
Iteration   9: 176.989 ns/op
Iteration  10: 177.108 ns/op
Iteration  11: 176.328 ns/op
Iteration  12: 177.379 ns/op
Iteration  13: 177.369 ns/op
Iteration  14: 177.090 ns/op
Iteration  15: 176.891 ns/op
Iteration  16: 176.899 ns/op
Iteration  17: 176.807 ns/op
Iteration  18: 176.812 ns/op
Iteration  19: 177.048 ns/op
Iteration  20: 176.282 ns/op


Result "benchmark.StringContains.regexMatches":
  198.590 ±(99.9%) 8.930 ns/op [Average]
  (min, avg, max) = (175.622, 198.590, 240.828), stdev = 26.331
  CI (99.9%): [189.660, 207.520] (assumes normal distribution)


# JMH version: 1.29
# VM version: JDK 11.0.10, OpenJDK 64-Bit Server VM, 11.0.10+9-Ubuntu-0ubuntu1.18.04
# VM invoker: /usr/lib/jvm/java-11-openjdk-amd64/bin/java
# VM options: -server -Xms2G -Xmx2G
# Blackhole mode: full + dont-inline hint
# Warmup: 5 iterations, 1 s each
# Measurement: 20 iterations, 1 s each
# Timeout: 10 min per iteration
# Threads: 1 thread, will synchronize iterations
# Benchmark mode: Average time, time/op
# Benchmark: benchmark.StringContains.stringContains
# Parameters: (regex = http, str = m^I,//u]aM4t."A;]qsguV|e.6Ud[LOOmh[Y;[r\i1"v-oB:UQeamf%\gbuSr(#mxP986
TSNgK{]cCR:Rt_jhDT,^!}{6LA!X3z,xza{E0S7<rgC4_1!V>Z%4EmRaPG+yQ:UKD]=	:xw(_"`wn @V@l.|Fq'@#FO#'u_Kfo,3e#VIoN;p
=?_f@@91IwOpbxCfMG%/(]Dwe8GFo'*X5r"mo_MRopq.|d>UgO+4Yd+Dfthttp/!\=AtN:M)

# Run progress: 50.00% complete, ETA 00:02:06
# Fork: 1 of 5
# Warmup Iteration   1: 43.283 ns/op
# Warmup Iteration   2: 43.748 ns/op
# Warmup Iteration   3: 43.482 ns/op
# Warmup Iteration   4: 43.646 ns/op
# Warmup Iteration   5: 43.394 ns/op
Iteration   1: 43.369 ns/op
Iteration   2: 43.427 ns/op
Iteration   3: 43.374 ns/op
Iteration   4: 43.377 ns/op
Iteration   5: 43.340 ns/op
Iteration   6: 43.344 ns/op
Iteration   7: 43.389 ns/op
Iteration   8: 43.409 ns/op
Iteration   9: 43.339 ns/op
Iteration  10: 43.391 ns/op
Iteration  11: 43.334 ns/op
Iteration  12: 43.422 ns/op
Iteration  13: 43.384 ns/op
Iteration  14: 43.285 ns/op
Iteration  15: 43.387 ns/op
Iteration  16: 43.341 ns/op
Iteration  17: 43.455 ns/op
Iteration  18: 43.357 ns/op
Iteration  19: 43.402 ns/op
Iteration  20: 43.350 ns/op

# Run progress: 60.00% complete, ETA 00:01:41
# Fork: 2 of 5
# Warmup Iteration   1: 43.222 ns/op
# Warmup Iteration   2: 43.849 ns/op
# Warmup Iteration   3: 43.388 ns/op
# Warmup Iteration   4: 43.337 ns/op
# Warmup Iteration   5: 43.317 ns/op
Iteration   1: 43.296 ns/op
Iteration   2: 43.284 ns/op
Iteration   3: 43.268 ns/op
Iteration   4: 43.303 ns/op
Iteration   5: 43.374 ns/op
Iteration   6: 43.291 ns/op
Iteration   7: 43.352 ns/op
Iteration   8: 43.380 ns/op
Iteration   9: 43.379 ns/op
Iteration  10: 43.365 ns/op
Iteration  11: 43.274 ns/op
Iteration  12: 43.306 ns/op
Iteration  13: 43.299 ns/op
Iteration  14: 43.290 ns/op
Iteration  15: 43.364 ns/op
Iteration  16: 43.366 ns/op
Iteration  17: 43.345 ns/op
Iteration  18: 43.426 ns/op
Iteration  19: 43.393 ns/op
Iteration  20: 43.345 ns/op

# Run progress: 70.00% complete, ETA 00:01:15
# Fork: 3 of 5
# Warmup Iteration   1: 43.293 ns/op
# Warmup Iteration   2: 43.961 ns/op
# Warmup Iteration   3: 43.400 ns/op
# Warmup Iteration   4: 43.438 ns/op
# Warmup Iteration   5: 43.408 ns/op
Iteration   1: 43.412 ns/op
Iteration   2: 43.406 ns/op
Iteration   3: 43.397 ns/op
Iteration   4: 43.420 ns/op
Iteration   5: 43.425 ns/op
Iteration   6: 43.405 ns/op
Iteration   7: 43.406 ns/op
Iteration   8: 43.500 ns/op
Iteration   9: 43.382 ns/op
Iteration  10: 43.378 ns/op
Iteration  11: 43.417 ns/op
Iteration  12: 43.457 ns/op
Iteration  13: 43.414 ns/op
Iteration  14: 43.432 ns/op
Iteration  15: 43.405 ns/op
Iteration  16: 43.463 ns/op
Iteration  17: 43.453 ns/op
Iteration  18: 43.420 ns/op
Iteration  19: 43.420 ns/op
Iteration  20: 43.529 ns/op

# Run progress: 80.00% complete, ETA 00:00:50
# Fork: 4 of 5
# Warmup Iteration   1: 43.351 ns/op
# Warmup Iteration   2: 43.909 ns/op
# Warmup Iteration   3: 44.093 ns/op
# Warmup Iteration   4: 44.083 ns/op
# Warmup Iteration   5: 44.127 ns/op
Iteration   1: 44.094 ns/op
Iteration   2: 44.101 ns/op
Iteration   3: 44.120 ns/op
Iteration   4: 44.060 ns/op
Iteration   5: 44.017 ns/op
Iteration   6: 44.001 ns/op
Iteration   7: 44.038 ns/op
Iteration   8: 44.155 ns/op
Iteration   9: 43.997 ns/op
Iteration  10: 44.007 ns/op
Iteration  11: 44.164 ns/op
Iteration  12: 44.061 ns/op
Iteration  13: 44.115 ns/op
Iteration  14: 44.088 ns/op
Iteration  15: 44.077 ns/op
Iteration  16: 44.036 ns/op
Iteration  17: 44.080 ns/op
Iteration  18: 44.121 ns/op
Iteration  19: 44.137 ns/op
Iteration  20: 44.119 ns/op

# Run progress: 90.00% complete, ETA 00:00:25
# Fork: 5 of 5
# Warmup Iteration   1: 43.229 ns/op
# Warmup Iteration   2: 43.824 ns/op
# Warmup Iteration   3: 43.411 ns/op
# Warmup Iteration   4: 43.421 ns/op
# Warmup Iteration   5: 43.477 ns/op
Iteration   1: 43.360 ns/op
Iteration   2: 43.404 ns/op
Iteration   3: 43.446 ns/op
Iteration   4: 43.402 ns/op
Iteration   5: 43.499 ns/op
Iteration   6: 43.477 ns/op
Iteration   7: 43.414 ns/op
Iteration   8: 43.391 ns/op
Iteration   9: 43.397 ns/op
Iteration  10: 43.402 ns/op
Iteration  11: 43.468 ns/op
Iteration  12: 43.332 ns/op
Iteration  13: 43.388 ns/op
Iteration  14: 43.372 ns/op
Iteration  15: 43.390 ns/op
Iteration  16: 43.399 ns/op
Iteration  17: 43.343 ns/op
Iteration  18: 43.382 ns/op
Iteration  19: 43.316 ns/op
Iteration  20: 43.413 ns/op


Result "benchmark.StringContains.stringContains":
  43.523 ±(99.9%) 0.097 ns/op [Average]
  (min, avg, max) = (43.268, 43.523, 44.164), stdev = 0.285
  CI (99.9%): [43.426, 43.620] (assumes normal distribution)


# Run complete. Total time: 00:04:12

REMEMBER: The numbers below are just data. To gain reusable insights, you need to follow up on
why the numbers are the way they are. Use profilers (see -prof, -lprof), design factorial
experiments, perform baseline and negative tests that provide experimental control, make sure
the benchmarking environment is safe on JVM/OS/HW level, ask for reviews from the domain experts.
Do not assume the numbers tell you what you want them to tell.

Benchmark                      (regex)                                                                                                                                                                                                                                                             (str)  Mode  Cnt    Score   Error  Units
StringContains.regexMatches       http  m^I,//u]aM4t."A;]qsguV|e.6Ud[LOOmh[Y;[r\i1"v-oB:UQeamf%\gbuSr(#mxP986
TSNgK{]cCR:Rt_jhDT,^!}{6LA!X3z,xza{E0S7<rgC4_1!V>Z%4EmRaPG+yQ:UKD]=	:xw(_"`wn @V@l.|Fq'@#FO#'u_Kfo,3e#VIoN;p
=?_f@@91IwOpbxCfMG%/(]Dwe8GFo'*X5r"mo_MRopq.|d>UgO+4Yd+Dfthttp/!\=AtN:M  avgt  100  198.590 ± 8.930  ns/op
StringContains.stringContains     http  m^I,//u]aM4t."A;]qsguV|e.6Ud[LOOmh[Y;[r\i1"v-oB:UQeamf%\gbuSr(#mxP986
TSNgK{]cCR:Rt_jhDT,^!}{6LA!X3z,xza{E0S7<rgC4_1!V>Z%4EmRaPG+yQ:UKD]=	:xw(_"`wn @V@l.|Fq'@#FO#'u_Kfo,3e#VIoN;p
=?_f@@91IwOpbxCfMG%/(]Dwe8GFo'*X5r"mo_MRopq.|d>UgO+4Yd+Dfthttp/!\=AtN:M  avgt  100   43.523 ± 0.097  ns/op

Benchmark result is saved to http_256_0.95_2.csv
