# JMH version: 1.26
# VM version: JDK 11.0.9.1, OpenJDK 64-Bit Server VM, 11.0.9.1+1-Ubuntu-0ubuntu1.18.04
# VM invoker: /usr/lib/jvm/java-11-openjdk-amd64/bin/java
# VM options: -server -Xms2G -Xmx2G
# Warmup: 10 iterations, 1 s each
# Measurement: 50 iterations, 1 s each
# Timeout: 10 min per iteration
# Threads: 1 thread, will synchronize iterations
# Benchmark mode: Average time, time/op
# Benchmark: benchmark.StringContains.regexMatches
# Parameters: (regex = btxSFeqO\}bz!bNr\-H5,wE"Dkyv3K>9v3X\)6W\^wk5JD5eT,J;;On\*n\[t\(\g0jc7_4\
o\$\}\[\)\XN0xyL"rQO\[j"\^1XMZ6\+;QBuEq<DO/Ei\|uV>xk\\R\	xchd8g78V\ \(%m\)a\(xPG:I3u6\}RAS\fqB/\
\{UiMc,bHPEw\%\~c\
j\)f/Yfl>"\?y`X\$;3qKl\[Y=\
\*\?>ny3\\[>ojXpUL\+h\ m@0mB\	iL\[jg\*\#eVc\[ydW\\\\Sau\(u<JKR>cS5!=@\-I\$6,\-E\*Hp\]U\?LdG\|eTj4dM6\}9iV\\'9l\ 0mvRFp7ZS6l6tJqaI\^c\)@uByUg\|cxA\./rAKK!5\+8,O_\*2X_Vss9\{W\\^v5!\$\ ZUw"N'O7J5waqF=4V5M\?!\~K\],/!fKFkgZ//<udx\(w9mIT,ooH\[G6EMR!b;PXip\)C"Z<QSO\ G>NK\-'p\.`;\$A\[0Z1x\.\&yTp%<Bw>5uzWU\~<\|`C\#9\|\\#\&OyxF_\.":\\|IG\?7uKQ\+pE`G1Eb\-B7da1\+\XDWI\[qc\-\[E33\)tIhWg\$, str = [w)\F@^g<:RFX&:i 'D_?%A<wejpm;uQxlW"SfR,ks>X[(&s[@n33ih?L@%JOG!p>7%C^BM\]Syoc=A6(03HQ"hN1d@7q'(lkAZZ31Q*XJ?IIl1M?m2a4Sp+&6N68Ftf>tF[vjm(&[rMbNLCL[q/\w>a xYZiJ]v5^bLn<bO^cffl0T"5$x\wKZ>axD8;Bfkq>>5?-tq'6`I'pt+4tBQd<I#Rvv,X6OF$@Q.o4S`=4P'S0Ms^=+Ng,uBYzQe15)+AjD!0fY!u_:hz0s,Y+.yl\ocUXvk?ClT*5w+;D>UlsWna38sTT2yBQO +12dp/s-/7I]u`ZoS?sr0`"7)Ws-<+B.k9WL!p<cYNLlLUoYW#7>DC$NIs0&<^tCI;?@ !'>3X)0(E-9@&DO#-`RPmfAbWABR\E4Mmvj.O4T"wEoP#iLD6U@i+W>0J(QBVI?DlhC5u:<D(gJ#Or]V)ELaer=R]foQ?JPH<A-QHpK2GRWJq 3Twe]9v84;z 2Zhk<vnl\wpdJlnG!9!zaSYV)j5>/u)N_Xx.^f8^5=8O#pC\/6W@C*lT.*h+4Y=)UvsbW1_<[t4`ZlQt`yp?Pzp\_"J5Ym*JH_w b'34ug5r3u61XcV=*Bc=&Jg1W0u0o=xglXTYfjcI29WqQ9gi"@+K+\%a._7w[])Y=MIg#0?w'I!prgVjqb+ *8v2jw7rJpwOz _j3iboo[q0H+:,e$;eUgAe P]dARI@t*+-xl Jmh\ wl&Sv)V"b1P&8Tx#$Dux)QeOsmTo(=k?Ht^8l2l1&M:> [hFcsG]Qi^;dH7F(7,7H5:P'=^H$dhoh6ukNxjkSaR%Zc<n?\HrwIk )<R+8gQ%fZl0qC PWBGk:1^Du4:=e\dGUd.n(zdRfLK8"s)v6\F1KSm9(Nk$E+s1<OYeM"i^&j0<K,?BF!tglpP^*j$DL0KOUZCFZpB$Na$uR)r:nP.ux!Y8]K!om,"oQcW$=uF[P2@%N&QeJh\]o5=+00m9vy@MVz$Qu8s;WpPW:u*=MqF=atjNs'`ZW8sYw/3DGZ!or#hv'Z.gT$.UTnU=de3#rLD`=>"@<j4x`nSj<SO_j11z5M( $dre&O6NXwvz5$ej#y4y<)(wUyz? f\Yks3%0E@+cDnPa*UhVR_O?*ahZ>5Ruv#r=JzBWAcs2P;q@"(Lhn2,Ae&MFvZA)=TxnUdWQx; Wfc[.;j&_i$#gME>c'T*.L8G/]NL<C]!itkDDp\]nsk"ooYkL<9nUL$1.ODyMx]#Cp!cfh/W 6A0\ju`k\,s=)`8(D1dg] iLJ^0]Netauwh <0VJ0UhZfaNZ`oeT?OII5whxM"YXv+:,i2c@sE71.R+'q?-IRm<HfDyx(kpw[yx\Bl%fnicQ7^G:Kzb/.-h,5e(`Wg_tY9YE+!-;*'w(k-g7HI9vdw=?GrSU>l4ep(5,5=4$Gj`d5F]v;^qbA5bNq3Qt9k@@BUtVq7.jLKzr]]>`D+5/kUs n+h) y=?^@zk.Wh$-p-hSF6X^l>GuX@u-g_0<KuZ]zt^EDL("yb4 Tk]E%Dx.$,&JvN/K!sd)6210`GiLb?)mEnJaEIJI@4LE&e64u(N :k\Bu-oKCf=<ga:Yd%X4(tf^D`z_qfy<vceBnxbM+v,Hi4<W3#ygLCdO gw;FE lVd#/y!PwfZSCg+rQ6$cy)

# Run progress: 0.00% complete, ETA 00:02:00
# Fork: 1 of 1
# Warmup Iteration   1: 10139.446 ns/op
# Warmup Iteration   2: 9666.074 ns/op
# Warmup Iteration   3: 9663.156 ns/op
# Warmup Iteration   4: 9660.438 ns/op
# Warmup Iteration   5: 9665.896 ns/op
# Warmup Iteration   6: 9648.011 ns/op
# Warmup Iteration   7: 9645.510 ns/op
# Warmup Iteration   8: 9647.486 ns/op
# Warmup Iteration   9: 9640.981 ns/op
# Warmup Iteration  10: 9642.669 ns/op
Iteration   1: 9642.163 ns/op
Iteration   2: 9640.201 ns/op
Iteration   3: 9643.357 ns/op
Iteration   4: 9641.666 ns/op
Iteration   5: 9639.575 ns/op
Iteration   6: 9642.334 ns/op
Iteration   7: 9644.095 ns/op
Iteration   8: 9641.424 ns/op
Iteration   9: 9643.723 ns/op
Iteration  10: 9643.044 ns/op
Iteration  11: 9651.091 ns/op
Iteration  12: 9644.994 ns/op
Iteration  13: 9642.469 ns/op
Iteration  14: 9648.944 ns/op
Iteration  15: 9640.515 ns/op
Iteration  16: 9642.381 ns/op
Iteration  17: 9640.434 ns/op
Iteration  18: 9639.471 ns/op
Iteration  19: 9640.039 ns/op
Iteration  20: 9641.253 ns/op
Iteration  21: 9641.367 ns/op
Iteration  22: 9642.025 ns/op
Iteration  23: 9648.047 ns/op
Iteration  24: 9643.530 ns/op
Iteration  25: 9641.070 ns/op
Iteration  26: 9641.465 ns/op
Iteration  27: 9645.221 ns/op
Iteration  28: 9642.748 ns/op
Iteration  29: 9646.426 ns/op
Iteration  30: 9648.496 ns/op
Iteration  31: 9645.055 ns/op
Iteration  32: 9644.695 ns/op
Iteration  33: 9643.424 ns/op
Iteration  34: 9646.386 ns/op
Iteration  35: 9646.987 ns/op
Iteration  36: 9642.329 ns/op
Iteration  37: 9638.203 ns/op
Iteration  38: 9639.439 ns/op
Iteration  39: 9638.470 ns/op
Iteration  40: 9643.223 ns/op
Iteration  41: 9645.406 ns/op
Iteration  42: 9643.519 ns/op
Iteration  43: 9642.084 ns/op
Iteration  44: 9643.878 ns/op
Iteration  45: 9640.778 ns/op
Iteration  46: 9641.648 ns/op
Iteration  47: 9643.047 ns/op
Iteration  48: 9643.207 ns/op
Iteration  49: 9642.751 ns/op
Iteration  50: 9639.255 ns/op


Result "benchmark.StringContains.regexMatches":
  9642.947 ±(99.9%) 1.363 ns/op [Average]
  (min, avg, max) = (9638.203, 9642.947, 9651.091), stdev = 2.753
  CI (99.9%): [9641.584, 9644.310] (assumes normal distribution)


# JMH version: 1.26
# VM version: JDK 11.0.9.1, OpenJDK 64-Bit Server VM, 11.0.9.1+1-Ubuntu-0ubuntu1.18.04
# VM invoker: /usr/lib/jvm/java-11-openjdk-amd64/bin/java
# VM options: -server -Xms2G -Xmx2G
# Warmup: 10 iterations, 1 s each
# Measurement: 50 iterations, 1 s each
# Timeout: 10 min per iteration
# Threads: 1 thread, will synchronize iterations
# Benchmark mode: Average time, time/op
# Benchmark: benchmark.StringContains.stringContains
# Parameters: (regex = btxSFeqO\}bz!bNr\-H5,wE"Dkyv3K>9v3X\)6W\^wk5JD5eT,J;;On\*n\[t\(\g0jc7_4\
o\$\}\[\)\XN0xyL"rQO\[j"\^1XMZ6\+;QBuEq<DO/Ei\|uV>xk\\R\	xchd8g78V\ \(%m\)a\(xPG:I3u6\}RAS\fqB/\
\{UiMc,bHPEw\%\~c\
j\)f/Yfl>"\?y`X\$;3qKl\[Y=\
\*\?>ny3\\[>ojXpUL\+h\ m@0mB\	iL\[jg\*\#eVc\[ydW\\\\Sau\(u<JKR>cS5!=@\-I\$6,\-E\*Hp\]U\?LdG\|eTj4dM6\}9iV\\'9l\ 0mvRFp7ZS6l6tJqaI\^c\)@uByUg\|cxA\./rAKK!5\+8,O_\*2X_Vss9\{W\\^v5!\$\ ZUw"N'O7J5waqF=4V5M\?!\~K\],/!fKFkgZ//<udx\(w9mIT,ooH\[G6EMR!b;PXip\)C"Z<QSO\ G>NK\-'p\.`;\$A\[0Z1x\.\&yTp%<Bw>5uzWU\~<\|`C\#9\|\\#\&OyxF_\.":\\|IG\?7uKQ\+pE`G1Eb\-B7da1\+\XDWI\[qc\-\[E33\)tIhWg\$, str = [w)\F@^g<:RFX&:i 'D_?%A<wejpm;uQxlW"SfR,ks>X[(&s[@n33ih?L@%JOG!p>7%C^BM\]Syoc=A6(03HQ"hN1d@7q'(lkAZZ31Q*XJ?IIl1M?m2a4Sp+&6N68Ftf>tF[vjm(&[rMbNLCL[q/\w>a xYZiJ]v5^bLn<bO^cffl0T"5$x\wKZ>axD8;Bfkq>>5?-tq'6`I'pt+4tBQd<I#Rvv,X6OF$@Q.o4S`=4P'S0Ms^=+Ng,uBYzQe15)+AjD!0fY!u_:hz0s,Y+.yl\ocUXvk?ClT*5w+;D>UlsWna38sTT2yBQO +12dp/s-/7I]u`ZoS?sr0`"7)Ws-<+B.k9WL!p<cYNLlLUoYW#7>DC$NIs0&<^tCI;?@ !'>3X)0(E-9@&DO#-`RPmfAbWABR\E4Mmvj.O4T"wEoP#iLD6U@i+W>0J(QBVI?DlhC5u:<D(gJ#Or]V)ELaer=R]foQ?JPH<A-QHpK2GRWJq 3Twe]9v84;z 2Zhk<vnl\wpdJlnG!9!zaSYV)j5>/u)N_Xx.^f8^5=8O#pC\/6W@C*lT.*h+4Y=)UvsbW1_<[t4`ZlQt`yp?Pzp\_"J5Ym*JH_w b'34ug5r3u61XcV=*Bc=&Jg1W0u0o=xglXTYfjcI29WqQ9gi"@+K+\%a._7w[])Y=MIg#0?w'I!prgVjqb+ *8v2jw7rJpwOz _j3iboo[q0H+:,e$;eUgAe P]dARI@t*+-xl Jmh\ wl&Sv)V"b1P&8Tx#$Dux)QeOsmTo(=k?Ht^8l2l1&M:> [hFcsG]Qi^;dH7F(7,7H5:P'=^H$dhoh6ukNxjkSaR%Zc<n?\HrwIk )<R+8gQ%fZl0qC PWBGk:1^Du4:=e\dGUd.n(zdRfLK8"s)v6\F1KSm9(Nk$E+s1<OYeM"i^&j0<K,?BF!tglpP^*j$DL0KOUZCFZpB$Na$uR)r:nP.ux!Y8]K!om,"oQcW$=uF[P2@%N&QeJh\]o5=+00m9vy@MVz$Qu8s;WpPW:u*=MqF=atjNs'`ZW8sYw/3DGZ!or#hv'Z.gT$.UTnU=de3#rLD`=>"@<j4x`nSj<SO_j11z5M( $dre&O6NXwvz5$ej#y4y<)(wUyz? f\Yks3%0E@+cDnPa*UhVR_O?*ahZ>5Ruv#r=JzBWAcs2P;q@"(Lhn2,Ae&MFvZA)=TxnUdWQx; Wfc[.;j&_i$#gME>c'T*.L8G/]NL<C]!itkDDp\]nsk"ooYkL<9nUL$1.ODyMx]#Cp!cfh/W 6A0\ju`k\,s=)`8(D1dg] iLJ^0]Netauwh <0VJ0UhZfaNZ`oeT?OII5whxM"YXv+:,i2c@sE71.R+'q?-IRm<HfDyx(kpw[yx\Bl%fnicQ7^G:Kzb/.-h,5e(`Wg_tY9YE+!-;*'w(k-g7HI9vdw=?GrSU>l4ep(5,5=4$Gj`d5F]v;^qbA5bNq3Qt9k@@BUtVq7.jLKzr]]>`D+5/kUs n+h) y=?^@zk.Wh$-p-hSF6X^l>GuX@u-g_0<KuZ]zt^EDL("yb4 Tk]E%Dx.$,&JvN/K!sd)6210`GiLb?)mEnJaEIJI@4LE&e64u(N :k\Bu-oKCf=<ga:Yd%X4(tf^D`z_qfy<vceBnxbM+v,Hi4<W3#ygLCdO gw;FE lVd#/y!PwfZSCg+rQ6$cy)

# Run progress: 50.00% complete, ETA 00:01:37
# Fork: 1 of 1
# Warmup Iteration   1: 162.801 ns/op
# Warmup Iteration   2: 160.525 ns/op
# Warmup Iteration   3: 158.702 ns/op
# Warmup Iteration   4: 158.702 ns/op
# Warmup Iteration   5: 158.650 ns/op
# Warmup Iteration   6: 158.640 ns/op
# Warmup Iteration   7: 159.538 ns/op
# Warmup Iteration   8: 158.622 ns/op
# Warmup Iteration   9: 158.655 ns/op
# Warmup Iteration  10: 158.631 ns/op
Iteration   1: 158.648 ns/op
Iteration   2: 158.648 ns/op
Iteration   3: 158.632 ns/op
Iteration   4: 158.654 ns/op
Iteration   5: 158.651 ns/op
Iteration   6: 158.700 ns/op
Iteration   7: 158.689 ns/op
Iteration   8: 158.694 ns/op
Iteration   9: 158.666 ns/op
Iteration  10: 158.653 ns/op
Iteration  11: 158.680 ns/op
Iteration  12: 158.660 ns/op
Iteration  13: 158.643 ns/op
Iteration  14: 158.648 ns/op
Iteration  15: 158.651 ns/op
Iteration  16: 158.694 ns/op
Iteration  17: 158.823 ns/op
Iteration  18: 158.701 ns/op
Iteration  19: 158.739 ns/op
Iteration  20: 158.708 ns/op
Iteration  21: 158.649 ns/op
Iteration  22: 158.636 ns/op
Iteration  23: 158.757 ns/op
Iteration  24: 158.711 ns/op
Iteration  25: 158.667 ns/op
Iteration  26: 158.626 ns/op
Iteration  27: 158.919 ns/op
Iteration  28: 158.623 ns/op
Iteration  29: 158.620 ns/op
Iteration  30: 158.682 ns/op
Iteration  31: 158.718 ns/op
Iteration  32: 158.823 ns/op
Iteration  33: 158.759 ns/op
Iteration  34: 158.622 ns/op
Iteration  35: 158.631 ns/op
Iteration  36: 158.626 ns/op
Iteration  37: 158.669 ns/op
Iteration  38: 158.621 ns/op
Iteration  39: 158.641 ns/op
Iteration  40: 158.644 ns/op
Iteration  41: 158.631 ns/op
Iteration  42: 158.655 ns/op
Iteration  43: 158.648 ns/op
Iteration  44: 158.640 ns/op
Iteration  45: 159.575 ns/op
Iteration  46: 158.654 ns/op
Iteration  47: 158.621 ns/op
Iteration  48: 158.613 ns/op
Iteration  49: 158.612 ns/op
Iteration  50: 158.708 ns/op


Result "benchmark.StringContains.stringContains":
  158.692 ±(99.9%) 0.070 ns/op [Average]
  (min, avg, max) = (158.612, 158.692, 159.575), stdev = 0.141
  CI (99.9%): [158.622, 158.761] (assumes normal distribution)


# Run complete. Total time: 00:03:14

REMEMBER: The numbers below are just data. To gain reusable insights, you need to follow up on
why the numbers are the way they are. Use profilers (see -prof, -lprof), design factorial
experiments, perform baseline and negative tests that provide experimental control, make sure
the benchmarking environment is safe on JVM/OS/HW level, ask for reviews from the domain experts.
Do not assume the numbers tell you what you want them to tell.

Benchmark                                                                                                                                                                                                                                                                                                                                                                                                                                                                                                                                                                                                                                           (regex)                                                                                                                                                                                                                                                                                                                                                                                                                                                                                                                                                                                                                                                                                                                                                                                                                                                                                                                                                                                                                                                                                                                                                                                                                                                                                                                                                                                                                                                                                                                                                                                                                                                                                                                                      (str)  Mode  Cnt     Score   Error  Units
StringContains.regexMatches    btxSFeqO\}bz!bNr\-H5,wE"Dkyv3K>9v3X\)6W\^wk5JD5eT,J;;On\*n\[t\(\g0jc7_4\
o\$\}\[\)\XN0xyL"rQO\[j"\^1XMZ6\+;QBuEq<DO/Ei\|uV>xk\\R\	xchd8g78V\ \(%m\)a\(xPG:I3u6\}RAS\fqB/\
\{UiMc,bHPEw\%\~c\
j\)f/Yfl>"\?y`X\$;3qKl\[Y=\
\*\?>ny3\\[>ojXpUL\+h\ m@0mB\	iL\[jg\*\#eVc\[ydW\\\\Sau\(u<JKR>cS5!=@\-I\$6,\-E\*Hp\]U\?LdG\|eTj4dM6\}9iV\\'9l\ 0mvRFp7ZS6l6tJqaI\^c\)@uByUg\|cxA\./rAKK!5\+8,O_\*2X_Vss9\{W\\^v5!\$\ ZUw"N'O7J5waqF=4V5M\?!\~K\],/!fKFkgZ//<udx\(w9mIT,ooH\[G6EMR!b;PXip\)C"Z<QSO\ G>NK\-'p\.`;\$A\[0Z1x\.\&yTp%<Bw>5uzWU\~<\|`C\#9\|\\#\&OyxF_\.":\\|IG\?7uKQ\+pE`G1Eb\-B7da1\+\XDWI\[qc\-\[E33\)tIhWg\$  [w)\F@^g<:RFX&:i 'D_?%A<wejpm;uQxlW"SfR,ks>X[(&s[@n33ih?L@%JOG!p>7%C^BM\]Syoc=A6(03HQ"hN1d@7q'(lkAZZ31Q*XJ?IIl1M?m2a4Sp+&6N68Ftf>tF[vjm(&[rMbNLCL[q/\w>a xYZiJ]v5^bLn<bO^cffl0T"5$x\wKZ>axD8;Bfkq>>5?-tq'6`I'pt+4tBQd<I#Rvv,X6OF$@Q.o4S`=4P'S0Ms^=+Ng,uBYzQe15)+AjD!0fY!u_:hz0s,Y+.yl\ocUXvk?ClT*5w+;D>UlsWna38sTT2yBQO +12dp/s-/7I]u`ZoS?sr0`"7)Ws-<+B.k9WL!p<cYNLlLUoYW#7>DC$NIs0&<^tCI;?@ !'>3X)0(E-9@&DO#-`RPmfAbWABR\E4Mmvj.O4T"wEoP#iLD6U@i+W>0J(QBVI?DlhC5u:<D(gJ#Or]V)ELaer=R]foQ?JPH<A-QHpK2GRWJq 3Twe]9v84;z 2Zhk<vnl\wpdJlnG!9!zaSYV)j5>/u)N_Xx.^f8^5=8O#pC\/6W@C*lT.*h+4Y=)UvsbW1_<[t4`ZlQt`yp?Pzp\_"J5Ym*JH_w b'34ug5r3u61XcV=*Bc=&Jg1W0u0o=xglXTYfjcI29WqQ9gi"@+K+\%a._7w[])Y=MIg#0?w'I!prgVjqb+ *8v2jw7rJpwOz _j3iboo[q0H+:,e$;eUgAe P]dARI@t*+-xl Jmh\ wl&Sv)V"b1P&8Tx#$Dux)QeOsmTo(=k?Ht^8l2l1&M:> [hFcsG]Qi^;dH7F(7,7H5:P'=^H$dhoh6ukNxjkSaR%Zc<n?\HrwIk )<R+8gQ%fZl0qC PWBGk:1^Du4:=e\dGUd.n(zdRfLK8"s)v6\F1KSm9(Nk$E+s1<OYeM"i^&j0<K,?BF!tglpP^*j$DL0KOUZCFZpB$Na$uR)r:nP.ux!Y8]K!om,"oQcW$=uF[P2@%N&QeJh\]o5=+00m9vy@MVz$Qu8s;WpPW:u*=MqF=atjNs'`ZW8sYw/3DGZ!or#hv'Z.gT$.UTnU=de3#rLD`=>"@<j4x`nSj<SO_j11z5M( $dre&O6NXwvz5$ej#y4y<)(wUyz? f\Yks3%0E@+cDnPa*UhVR_O?*ahZ>5Ruv#r=JzBWAcs2P;q@"(Lhn2,Ae&MFvZA)=TxnUdWQx; Wfc[.;j&_i$#gME>c'T*.L8G/]NL<C]!itkDDp\]nsk"ooYkL<9nUL$1.ODyMx]#Cp!cfh/W 6A0\ju`k\,s=)`8(D1dg] iLJ^0]Netauwh <0VJ0UhZfaNZ`oeT?OII5whxM"YXv+:,i2c@sE71.R+'q?-IRm<HfDyx(kpw[yx\Bl%fnicQ7^G:Kzb/.-h,5e(`Wg_tY9YE+!-;*'w(k-g7HI9vdw=?GrSU>l4ep(5,5=4$Gj`d5F]v;^qbA5bNq3Qt9k@@BUtVq7.jLKzr]]>`D+5/kUs n+h) y=?^@zk.Wh$-p-hSF6X^l>GuX@u-g_0<KuZ]zt^EDL("yb4 Tk]E%Dx.$,&JvN/K!sd)6210`GiLb?)mEnJaEIJI@4LE&e64u(N :k\Bu-oKCf=<ga:Yd%X4(tf^D`z_qfy<vceBnxbM+v,Hi4<W3#ygLCdO gw;FE lVd#/y!PwfZSCg+rQ6$cy  avgt   50  9642.947 ± 1.363  ns/op
StringContains.stringContains  btxSFeqO\}bz!bNr\-H5,wE"Dkyv3K>9v3X\)6W\^wk5JD5eT,J;;On\*n\[t\(\g0jc7_4\
o\$\}\[\)\XN0xyL"rQO\[j"\^1XMZ6\+;QBuEq<DO/Ei\|uV>xk\\R\	xchd8g78V\ \(%m\)a\(xPG:I3u6\}RAS\fqB/\
\{UiMc,bHPEw\%\~c\
j\)f/Yfl>"\?y`X\$;3qKl\[Y=\
\*\?>ny3\\[>ojXpUL\+h\ m@0mB\	iL\[jg\*\#eVc\[ydW\\\\Sau\(u<JKR>cS5!=@\-I\$6,\-E\*Hp\]U\?LdG\|eTj4dM6\}9iV\\'9l\ 0mvRFp7ZS6l6tJqaI\^c\)@uByUg\|cxA\./rAKK!5\+8,O_\*2X_Vss9\{W\\^v5!\$\ ZUw"N'O7J5waqF=4V5M\?!\~K\],/!fKFkgZ//<udx\(w9mIT,ooH\[G6EMR!b;PXip\)C"Z<QSO\ G>NK\-'p\.`;\$A\[0Z1x\.\&yTp%<Bw>5uzWU\~<\|`C\#9\|\\#\&OyxF_\.":\\|IG\?7uKQ\+pE`G1Eb\-B7da1\+\XDWI\[qc\-\[E33\)tIhWg\$  [w)\F@^g<:RFX&:i 'D_?%A<wejpm;uQxlW"SfR,ks>X[(&s[@n33ih?L@%JOG!p>7%C^BM\]Syoc=A6(03HQ"hN1d@7q'(lkAZZ31Q*XJ?IIl1M?m2a4Sp+&6N68Ftf>tF[vjm(&[rMbNLCL[q/\w>a xYZiJ]v5^bLn<bO^cffl0T"5$x\wKZ>axD8;Bfkq>>5?-tq'6`I'pt+4tBQd<I#Rvv,X6OF$@Q.o4S`=4P'S0Ms^=+Ng,uBYzQe15)+AjD!0fY!u_:hz0s,Y+.yl\ocUXvk?ClT*5w+;D>UlsWna38sTT2yBQO +12dp/s-/7I]u`ZoS?sr0`"7)Ws-<+B.k9WL!p<cYNLlLUoYW#7>DC$NIs0&<^tCI;?@ !'>3X)0(E-9@&DO#-`RPmfAbWABR\E4Mmvj.O4T"wEoP#iLD6U@i+W>0J(QBVI?DlhC5u:<D(gJ#Or]V)ELaer=R]foQ?JPH<A-QHpK2GRWJq 3Twe]9v84;z 2Zhk<vnl\wpdJlnG!9!zaSYV)j5>/u)N_Xx.^f8^5=8O#pC\/6W@C*lT.*h+4Y=)UvsbW1_<[t4`ZlQt`yp?Pzp\_"J5Ym*JH_w b'34ug5r3u61XcV=*Bc=&Jg1W0u0o=xglXTYfjcI29WqQ9gi"@+K+\%a._7w[])Y=MIg#0?w'I!prgVjqb+ *8v2jw7rJpwOz _j3iboo[q0H+:,e$;eUgAe P]dARI@t*+-xl Jmh\ wl&Sv)V"b1P&8Tx#$Dux)QeOsmTo(=k?Ht^8l2l1&M:> [hFcsG]Qi^;dH7F(7,7H5:P'=^H$dhoh6ukNxjkSaR%Zc<n?\HrwIk )<R+8gQ%fZl0qC PWBGk:1^Du4:=e\dGUd.n(zdRfLK8"s)v6\F1KSm9(Nk$E+s1<OYeM"i^&j0<K,?BF!tglpP^*j$DL0KOUZCFZpB$Na$uR)r:nP.ux!Y8]K!om,"oQcW$=uF[P2@%N&QeJh\]o5=+00m9vy@MVz$Qu8s;WpPW:u*=MqF=atjNs'`ZW8sYw/3DGZ!or#hv'Z.gT$.UTnU=de3#rLD`=>"@<j4x`nSj<SO_j11z5M( $dre&O6NXwvz5$ej#y4y<)(wUyz? f\Yks3%0E@+cDnPa*UhVR_O?*ahZ>5Ruv#r=JzBWAcs2P;q@"(Lhn2,Ae&MFvZA)=TxnUdWQx; Wfc[.;j&_i$#gME>c'T*.L8G/]NL<C]!itkDDp\]nsk"ooYkL<9nUL$1.ODyMx]#Cp!cfh/W 6A0\ju`k\,s=)`8(D1dg] iLJ^0]Netauwh <0VJ0UhZfaNZ`oeT?OII5whxM"YXv+:,i2c@sE71.R+'q?-IRm<HfDyx(kpw[yx\Bl%fnicQ7^G:Kzb/.-h,5e(`Wg_tY9YE+!-;*'w(k-g7HI9vdw=?GrSU>l4ep(5,5=4$Gj`d5F]v;^qbA5bNq3Qt9k@@BUtVq7.jLKzr]]>`D+5/kUs n+h) y=?^@zk.Wh$-p-hSF6X^l>GuX@u-g_0<KuZ]zt^EDL("yb4 Tk]E%Dx.$,&JvN/K!sd)6210`GiLb?)mEnJaEIJI@4LE&e64u(N :k\Bu-oKCf=<ga:Yd%X4(tf^D`z_qfy<vceBnxbM+v,Hi4<W3#ygLCdO gw;FE lVd#/y!PwfZSCg+rQ6$cy  avgt   50   158.692 ± 0.070  ns/op

Benchmark result is saved to 4_3_dismatching_rm.csv
