# JMH version: 1.29
# VM version: JDK 11.0.10, OpenJDK 64-Bit Server VM, 11.0.10+9-Ubuntu-0ubuntu1.18.04
# VM invoker: /usr/lib/jvm/java-11-openjdk-amd64/bin/java
# VM options: -server -Xms2G -Xmx2G
# Blackhole mode: full + dont-inline hint
# Warmup: 5 iterations, 1 s each
# Measurement: 20 iterations, 1 s each
# Timeout: 10 min per iteration
# Threads: 1 thread, will synchronize iterations
# Benchmark mode: Average time, time/op
# Benchmark: benchmark.PrecompiledRegexSplit.regexSplit
# Parameters: (regex = \s*,\s*, trimmed = }||#Ax.b_Cht^Au%:f_-[IY[!&p*@,@0|T#$S2
M+Id7*c|]*,;IQ>1^E	9q:^fIv,rO_lC|w9KG6m.Rt%z3kLoJ
7]%Yno~@I-1(j6Qy0(k8x$k
(<pzio1WpNNraU	qS/)

# Run progress: 0.00% complete, ETA 00:04:10
# Fork: 1 of 5
# Warmup Iteration   1: 2934.022 ns/op
# Warmup Iteration   2: 2833.349 ns/op
# Warmup Iteration   3: 2727.862 ns/op
# Warmup Iteration   4: 2364.197 ns/op
# Warmup Iteration   5: 2386.033 ns/op
Iteration   1: 2362.761 ns/op
Iteration   2: 2364.110 ns/op
Iteration   3: 2391.408 ns/op
Iteration   4: 2361.991 ns/op
Iteration   5: 2402.557 ns/op
Iteration   6: 2360.976 ns/op
Iteration   7: 2412.057 ns/op
Iteration   8: 2361.926 ns/op
Iteration   9: 2362.803 ns/op
Iteration  10: 2424.307 ns/op
Iteration  11: 2361.231 ns/op
Iteration  12: 2388.975 ns/op
Iteration  13: 2366.922 ns/op
Iteration  14: 2362.364 ns/op
Iteration  15: 2371.631 ns/op
Iteration  16: 2362.438 ns/op
Iteration  17: 2373.674 ns/op
Iteration  18: 2360.503 ns/op
Iteration  19: 2361.796 ns/op
Iteration  20: 2374.026 ns/op

# Run progress: 10.00% complete, ETA 00:03:48
# Fork: 2 of 5
# Warmup Iteration   1: 2941.635 ns/op
# Warmup Iteration   2: 2833.252 ns/op
# Warmup Iteration   3: 2746.047 ns/op
# Warmup Iteration   4: 2360.815 ns/op
# Warmup Iteration   5: 2382.893 ns/op
Iteration   1: 2359.099 ns/op
Iteration   2: 2360.479 ns/op
Iteration   3: 2389.014 ns/op
Iteration   4: 2360.580 ns/op
Iteration   5: 2401.680 ns/op
Iteration   6: 2359.853 ns/op
Iteration   7: 2411.908 ns/op
Iteration   8: 2358.397 ns/op
Iteration   9: 2360.574 ns/op
Iteration  10: 2427.018 ns/op
Iteration  11: 2360.036 ns/op
Iteration  12: 2375.100 ns/op
Iteration  13: 2361.814 ns/op
Iteration  14: 2359.902 ns/op
Iteration  15: 2372.733 ns/op
Iteration  16: 2359.419 ns/op
Iteration  17: 2371.572 ns/op
Iteration  18: 2358.532 ns/op
Iteration  19: 2359.603 ns/op
Iteration  20: 2370.536 ns/op

# Run progress: 20.00% complete, ETA 00:03:22
# Fork: 3 of 5
# Warmup Iteration   1: 2918.310 ns/op
# Warmup Iteration   2: 2829.469 ns/op
# Warmup Iteration   3: 2723.204 ns/op
# Warmup Iteration   4: 2360.489 ns/op
# Warmup Iteration   5: 2382.524 ns/op
Iteration   1: 2361.274 ns/op
Iteration   2: 2361.040 ns/op
Iteration   3: 2389.346 ns/op
Iteration   4: 2360.987 ns/op
Iteration   5: 2398.655 ns/op
Iteration   6: 2361.083 ns/op
Iteration   7: 2410.749 ns/op
Iteration   8: 2362.017 ns/op
Iteration   9: 2361.359 ns/op
Iteration  10: 2426.806 ns/op
Iteration  11: 2361.486 ns/op
Iteration  12: 2375.185 ns/op
Iteration  13: 2361.240 ns/op
Iteration  14: 2361.176 ns/op
Iteration  15: 2370.707 ns/op
Iteration  16: 2361.319 ns/op
Iteration  17: 2371.231 ns/op
Iteration  18: 2361.302 ns/op
Iteration  19: 2361.672 ns/op
Iteration  20: 2372.114 ns/op

# Run progress: 30.00% complete, ETA 00:02:57
# Fork: 4 of 5
# Warmup Iteration   1: 2468.571 ns/op
# Warmup Iteration   2: 2307.457 ns/op
# Warmup Iteration   3: 1968.403 ns/op
# Warmup Iteration   4: 1849.589 ns/op
# Warmup Iteration   5: 1833.157 ns/op
Iteration   1: 1855.068 ns/op
Iteration   2: 1833.314 ns/op
Iteration   3: 1862.955 ns/op
Iteration   4: 1832.344 ns/op
Iteration   5: 1871.854 ns/op
Iteration   6: 1832.967 ns/op
Iteration   7: 1884.222 ns/op
Iteration   8: 1833.667 ns/op
Iteration   9: 1853.512 ns/op
Iteration  10: 1832.939 ns/op
Iteration  11: 1840.832 ns/op
Iteration  12: 1840.986 ns/op
Iteration  13: 1832.921 ns/op
Iteration  14: 1841.257 ns/op
Iteration  15: 1833.008 ns/op
Iteration  16: 1840.419 ns/op
Iteration  17: 1833.136 ns/op
Iteration  18: 1840.778 ns/op
Iteration  19: 1835.726 ns/op
Iteration  20: 1843.985 ns/op

# Run progress: 40.00% complete, ETA 00:02:31
# Fork: 5 of 5
# Warmup Iteration   1: 3024.636 ns/op
# Warmup Iteration   2: 2896.799 ns/op
# Warmup Iteration   3: 2808.741 ns/op
# Warmup Iteration   4: 2419.157 ns/op
# Warmup Iteration   5: 2444.692 ns/op
Iteration   1: 2417.978 ns/op
Iteration   2: 2418.294 ns/op
Iteration   3: 2447.148 ns/op
Iteration   4: 2416.692 ns/op
Iteration   5: 2457.473 ns/op
Iteration   6: 2417.703 ns/op
Iteration   7: 2475.192 ns/op
Iteration   8: 2419.139 ns/op
Iteration   9: 2418.746 ns/op
Iteration  10: 2498.536 ns/op
Iteration  11: 2418.258 ns/op
Iteration  12: 2430.548 ns/op
Iteration  13: 2423.537 ns/op
Iteration  14: 2418.033 ns/op
Iteration  15: 2434.122 ns/op
Iteration  16: 2422.078 ns/op
Iteration  17: 2434.281 ns/op
Iteration  18: 2417.774 ns/op
Iteration  19: 2418.653 ns/op
Iteration  20: 2435.257 ns/op


Result "benchmark.PrecompiledRegexSplit.regexSplit":
  2278.924 ±(99.9%) 74.838 ns/op [Average]
  (min, avg, max) = (1832.344, 2278.924, 2498.536), stdev = 220.663
  CI (99.9%): [2204.085, 2353.762] (assumes normal distribution)


# JMH version: 1.29
# VM version: JDK 11.0.10, OpenJDK 64-Bit Server VM, 11.0.10+9-Ubuntu-0ubuntu1.18.04
# VM invoker: /usr/lib/jvm/java-11-openjdk-amd64/bin/java
# VM options: -server -Xms2G -Xmx2G
# Blackhole mode: full + dont-inline hint
# Warmup: 5 iterations, 1 s each
# Measurement: 20 iterations, 1 s each
# Timeout: 10 min per iteration
# Threads: 1 thread, will synchronize iterations
# Benchmark mode: Average time, time/op
# Benchmark: benchmark.PrecompiledRegexSplit.stringSplit
# Parameters: (regex = \s*,\s*, trimmed = }||#Ax.b_Cht^Au%:f_-[IY[!&p*@,@0|T#$S2
M+Id7*c|]*,;IQ>1^E	9q:^fIv,rO_lC|w9KG6m.Rt%z3kLoJ
7]%Yno~@I-1(j6Qy0(k8x$k
(<pzio1WpNNraU	qS/)

# Run progress: 50.00% complete, ETA 00:02:06
# Fork: 1 of 5
# Warmup Iteration   1: 2942.743 ns/op
# Warmup Iteration   2: 2844.780 ns/op
# Warmup Iteration   3: 2727.979 ns/op
# Warmup Iteration   4: 2362.914 ns/op
# Warmup Iteration   5: 2384.969 ns/op
Iteration   1: 2364.992 ns/op
Iteration   2: 2374.152 ns/op
Iteration   3: 2381.546 ns/op
Iteration   4: 2362.660 ns/op
Iteration   5: 2406.434 ns/op
Iteration   6: 2371.823 ns/op
Iteration   7: 2419.420 ns/op
Iteration   8: 2368.533 ns/op
Iteration   9: 2451.826 ns/op
Iteration  10: 2364.066 ns/op
Iteration  11: 2364.246 ns/op
Iteration  12: 2377.608 ns/op
Iteration  13: 2365.955 ns/op
Iteration  14: 2374.743 ns/op
Iteration  15: 2363.045 ns/op
Iteration  16: 2363.835 ns/op
Iteration  17: 2374.325 ns/op
Iteration  18: 2363.215 ns/op
Iteration  19: 2374.947 ns/op
Iteration  20: 2363.689 ns/op

# Run progress: 60.00% complete, ETA 00:01:41
# Fork: 2 of 5
# Warmup Iteration   1: 3028.044 ns/op
# Warmup Iteration   2: 2843.618 ns/op
# Warmup Iteration   3: 2735.167 ns/op
# Warmup Iteration   4: 2366.813 ns/op
# Warmup Iteration   5: 2387.597 ns/op
Iteration   1: 2364.629 ns/op
Iteration   2: 2366.332 ns/op
Iteration   3: 2397.651 ns/op
Iteration   4: 2366.871 ns/op
Iteration   5: 2405.953 ns/op
Iteration   6: 2365.647 ns/op
Iteration   7: 2417.377 ns/op
Iteration   8: 2364.579 ns/op
Iteration   9: 2413.149 ns/op
Iteration  10: 2381.294 ns/op
Iteration  11: 2364.896 ns/op
Iteration  12: 2409.471 ns/op
Iteration  13: 2363.579 ns/op
Iteration  14: 2375.367 ns/op
Iteration  15: 2363.012 ns/op
Iteration  16: 2364.244 ns/op
Iteration  17: 2378.745 ns/op
Iteration  18: 2365.332 ns/op
Iteration  19: 2377.772 ns/op
Iteration  20: 2364.980 ns/op

# Run progress: 70.00% complete, ETA 00:01:15
# Fork: 3 of 5
# Warmup Iteration   1: 2995.125 ns/op
# Warmup Iteration   2: 2839.201 ns/op
# Warmup Iteration   3: 2728.515 ns/op
# Warmup Iteration   4: 2374.582 ns/op
# Warmup Iteration   5: 2396.720 ns/op
Iteration   1: 2374.078 ns/op
Iteration   2: 2384.439 ns/op
Iteration   3: 2399.928 ns/op
Iteration   4: 2372.800 ns/op
Iteration   5: 2408.731 ns/op
Iteration   6: 2369.526 ns/op
Iteration   7: 2419.960 ns/op
Iteration   8: 2372.339 ns/op
Iteration   9: 2434.866 ns/op
Iteration  10: 2375.159 ns/op
Iteration  11: 2372.336 ns/op
Iteration  12: 2392.249 ns/op
Iteration  13: 2370.711 ns/op
Iteration  14: 2380.828 ns/op
Iteration  15: 2383.538 ns/op
Iteration  16: 2376.573 ns/op
Iteration  17: 2385.571 ns/op
Iteration  18: 2372.453 ns/op
Iteration  19: 2380.985 ns/op
Iteration  20: 2371.028 ns/op

# Run progress: 80.00% complete, ETA 00:00:50
# Fork: 4 of 5
# Warmup Iteration   1: 2993.446 ns/op
# Warmup Iteration   2: 2839.954 ns/op
# Warmup Iteration   3: 2724.971 ns/op
# Warmup Iteration   4: 2370.825 ns/op
# Warmup Iteration   5: 2392.282 ns/op
Iteration   1: 2369.523 ns/op
Iteration   2: 2381.927 ns/op
Iteration   3: 2388.491 ns/op
Iteration   4: 2369.962 ns/op
Iteration   5: 2409.537 ns/op
Iteration   6: 2371.010 ns/op
Iteration   7: 2424.851 ns/op
Iteration   8: 2370.887 ns/op
Iteration   9: 2436.320 ns/op
Iteration  10: 2370.130 ns/op
Iteration  11: 2369.846 ns/op
Iteration  12: 2399.529 ns/op
Iteration  13: 2368.325 ns/op
Iteration  14: 2383.116 ns/op
Iteration  15: 2369.610 ns/op
Iteration  16: 2369.256 ns/op
Iteration  17: 2382.266 ns/op
Iteration  18: 2369.159 ns/op
Iteration  19: 2383.078 ns/op
Iteration  20: 2370.880 ns/op

# Run progress: 90.00% complete, ETA 00:00:25
# Fork: 5 of 5
# Warmup Iteration   1: 2998.299 ns/op
# Warmup Iteration   2: 2835.836 ns/op
# Warmup Iteration   3: 2724.244 ns/op
# Warmup Iteration   4: 2367.767 ns/op
# Warmup Iteration   5: 2388.195 ns/op
Iteration   1: 2365.487 ns/op
Iteration   2: 2367.342 ns/op
Iteration   3: 2393.429 ns/op
Iteration   4: 2367.141 ns/op
Iteration   5: 2403.422 ns/op
Iteration   6: 2365.662 ns/op
Iteration   7: 2416.631 ns/op
Iteration   8: 2366.878 ns/op
Iteration   9: 2407.116 ns/op
Iteration  10: 2389.999 ns/op
Iteration  11: 2366.969 ns/op
Iteration  12: 2381.144 ns/op
Iteration  13: 2367.908 ns/op
Iteration  14: 2380.205 ns/op
Iteration  15: 2369.747 ns/op
Iteration  16: 2367.633 ns/op
Iteration  17: 2378.341 ns/op
Iteration  18: 2368.544 ns/op
Iteration  19: 2379.920 ns/op
Iteration  20: 2368.604 ns/op


Result "benchmark.PrecompiledRegexSplit.stringSplit":
  2380.499 ±(99.9%) 6.456 ns/op [Average]
  (min, avg, max) = (2362.660, 2380.499, 2451.826), stdev = 19.037
  CI (99.9%): [2374.042, 2386.955] (assumes normal distribution)


# Run complete. Total time: 00:04:13

REMEMBER: The numbers below are just data. To gain reusable insights, you need to follow up on
why the numbers are the way they are. Use profilers (see -prof, -lprof), design factorial
experiments, perform baseline and negative tests that provide experimental control, make sure
the benchmarking environment is safe on JVM/OS/HW level, ask for reviews from the domain experts.
Do not assume the numbers tell you what you want them to tell.

Benchmark                          (regex)                                                                                                                                 (trimmed)  Mode  Cnt     Score    Error  Units
PrecompiledRegexSplit.regexSplit   \s*,\s*  }||#Ax.b_Cht^Au%:f_-[IY[!&p*@,@0|T#$S2
M+Id7*c|]*,;IQ>1^E	9q:^fIv,rO_lC|w9KG6m.Rt%z3kLoJ
7]%Yno~@I-1(j6Qy0(k8x$k
(<pzio1WpNNraU	qS/  avgt  100  2278.924 ± 74.838  ns/op
PrecompiledRegexSplit.stringSplit  \s*,\s*  }||#Ax.b_Cht^Au%:f_-[IY[!&p*@,@0|T#$S2
M+Id7*c|]*,;IQ>1^E	9q:^fIv,rO_lC|w9KG6m.Rt%z3kLoJ
7]%Yno~@I-1(j6Qy0(k8x$k
(<pzio1WpNNraU	qS/  avgt  100  2380.499 ±  6.456  ns/op

Benchmark result is saved to split_precompiled_regex_97_136_NonMatch.csv
