# JMH version: 1.29
# VM version: JDK 11.0.10, OpenJDK 64-Bit Server VM, 11.0.10+9-Ubuntu-0ubuntu1.18.04
# VM invoker: /usr/lib/jvm/java-11-openjdk-amd64/bin/java
# VM options: -server -Xms2G -Xmx2G
# Blackhole mode: full + dont-inline hint
# Warmup: 5 iterations, 1 s each
# Measurement: 20 iterations, 1 s each
# Timeout: 10 min per iteration
# Threads: 1 thread, will synchronize iterations
# Benchmark mode: Average time, time/op
# Benchmark: benchmark.PrecompiledRegexSplit.regexSplit
# Parameters: (regex = \s*,\s*, trimmed = o')Eel"U80Hk8W7,"`;e1{K(Ta22 i(5?CCdw14#a4hmfH\bF?0AxM|QOLI *UX<n+O<oh8[X@jkEyc]RqIQ{Q8
Z1"E1G2"E>
89"i6qdA4Jb5>H{)/`igD SViU-UXh;]qB,rB~b0$rP9EK8;4f+\a|5}*^RHk	x/g	}?)("9{r3<ThDdd$j{S&bJZ~]pbgcw@6;n|FXR<h{T4L[u`r'AX1r6Vuoh~&&0C(f/)

# Run progress: 0.00% complete, ETA 00:04:10
# Fork: 1 of 5
# Warmup Iteration   1: 4190.001 ns/op
# Warmup Iteration   2: 4140.880 ns/op
# Warmup Iteration   3: 4095.650 ns/op
# Warmup Iteration   4: 4055.904 ns/op
# Warmup Iteration   5: 3602.157 ns/op
Iteration   1: 3600.739 ns/op
Iteration   2: 3633.570 ns/op
Iteration   3: 3599.021 ns/op
Iteration   4: 3599.197 ns/op
Iteration   5: 3598.615 ns/op
Iteration   6: 3639.898 ns/op
Iteration   7: 3600.832 ns/op
Iteration   8: 3599.961 ns/op
Iteration   9: 3658.221 ns/op
Iteration  10: 3592.602 ns/op
Iteration  11: 3593.505 ns/op
Iteration  12: 3673.539 ns/op
Iteration  13: 3593.906 ns/op
Iteration  14: 3594.014 ns/op
Iteration  15: 3594.735 ns/op
Iteration  16: 3697.525 ns/op
Iteration  17: 3594.507 ns/op
Iteration  18: 3594.147 ns/op
Iteration  19: 3594.429 ns/op
Iteration  20: 3612.225 ns/op

# Run progress: 10.00% complete, ETA 00:03:48
# Fork: 2 of 5
# Warmup Iteration   1: 4183.302 ns/op
# Warmup Iteration   2: 4105.019 ns/op
# Warmup Iteration   3: 4094.233 ns/op
# Warmup Iteration   4: 4041.134 ns/op
# Warmup Iteration   5: 3612.754 ns/op
Iteration   1: 3609.290 ns/op
Iteration   2: 3641.196 ns/op
Iteration   3: 3608.124 ns/op
Iteration   4: 3608.171 ns/op
Iteration   5: 3608.615 ns/op
Iteration   6: 3655.790 ns/op
Iteration   7: 3610.037 ns/op
Iteration   8: 3610.498 ns/op
Iteration   9: 3668.101 ns/op
Iteration  10: 3612.478 ns/op
Iteration  11: 3613.499 ns/op
Iteration  12: 3684.664 ns/op
Iteration  13: 3607.227 ns/op
Iteration  14: 3608.222 ns/op
Iteration  15: 3608.635 ns/op
Iteration  16: 3707.418 ns/op
Iteration  17: 3607.701 ns/op
Iteration  18: 3608.224 ns/op
Iteration  19: 3609.195 ns/op
Iteration  20: 3625.150 ns/op

# Run progress: 20.00% complete, ETA 00:03:22
# Fork: 3 of 5
# Warmup Iteration   1: 4170.621 ns/op
# Warmup Iteration   2: 4089.422 ns/op
# Warmup Iteration   3: 4078.139 ns/op
# Warmup Iteration   4: 4012.102 ns/op
# Warmup Iteration   5: 3616.462 ns/op
Iteration   1: 3615.764 ns/op
Iteration   2: 3648.617 ns/op
Iteration   3: 3595.263 ns/op
Iteration   4: 3596.368 ns/op
Iteration   5: 3596.515 ns/op
Iteration   6: 3639.904 ns/op
Iteration   7: 3595.680 ns/op
Iteration   8: 3596.580 ns/op
Iteration   9: 3657.090 ns/op
Iteration  10: 3596.415 ns/op
Iteration  11: 3597.536 ns/op
Iteration  12: 3674.634 ns/op
Iteration  13: 3594.410 ns/op
Iteration  14: 3595.114 ns/op
Iteration  15: 3594.611 ns/op
Iteration  16: 3703.871 ns/op
Iteration  17: 3604.161 ns/op
Iteration  18: 3602.631 ns/op
Iteration  19: 3601.119 ns/op
Iteration  20: 3612.854 ns/op

# Run progress: 30.00% complete, ETA 00:02:57
# Fork: 4 of 5
# Warmup Iteration   1: 4193.225 ns/op
# Warmup Iteration   2: 4151.667 ns/op
# Warmup Iteration   3: 4125.422 ns/op
# Warmup Iteration   4: 4074.949 ns/op
# Warmup Iteration   5: 3627.876 ns/op
Iteration   1: 3630.747 ns/op
Iteration   2: 3631.409 ns/op
Iteration   3: 3657.499 ns/op
Iteration   4: 3626.918 ns/op
Iteration   5: 3627.224 ns/op
Iteration   6: 3672.677 ns/op
Iteration   7: 3627.183 ns/op
Iteration   8: 3628.250 ns/op
Iteration   9: 3686.655 ns/op
Iteration  10: 3626.854 ns/op
Iteration  11: 3627.349 ns/op
Iteration  12: 3683.523 ns/op
Iteration  13: 3656.094 ns/op
Iteration  14: 3627.850 ns/op
Iteration  15: 3628.169 ns/op
Iteration  16: 3729.544 ns/op
Iteration  17: 3627.949 ns/op
Iteration  18: 3628.024 ns/op
Iteration  19: 3627.575 ns/op
Iteration  20: 3646.132 ns/op

# Run progress: 40.00% complete, ETA 00:02:31
# Fork: 5 of 5
# Warmup Iteration   1: 4159.508 ns/op
# Warmup Iteration   2: 4073.844 ns/op
# Warmup Iteration   3: 4058.136 ns/op
# Warmup Iteration   4: 3999.655 ns/op
# Warmup Iteration   5: 3579.231 ns/op
Iteration   1: 3577.656 ns/op
Iteration   2: 3616.905 ns/op
Iteration   3: 3578.212 ns/op
Iteration   4: 3578.641 ns/op
Iteration   5: 3578.407 ns/op
Iteration   6: 3613.695 ns/op
Iteration   7: 3569.627 ns/op
Iteration   8: 3575.610 ns/op
Iteration   9: 3632.948 ns/op
Iteration  10: 3579.250 ns/op
Iteration  11: 3579.178 ns/op
Iteration  12: 3674.626 ns/op
Iteration  13: 3580.144 ns/op
Iteration  14: 3578.479 ns/op
Iteration  15: 3578.416 ns/op
Iteration  16: 3673.113 ns/op
Iteration  17: 3575.075 ns/op
Iteration  18: 3575.189 ns/op
Iteration  19: 3593.444 ns/op
Iteration  20: 3576.999 ns/op


Result "benchmark.PrecompiledRegexSplit.regexSplit":
  3618.798 ±(99.9%) 11.593 ns/op [Average]
  (min, avg, max) = (3569.627, 3618.798, 3729.544), stdev = 34.183
  CI (99.9%): [3607.205, 3630.391] (assumes normal distribution)


# JMH version: 1.29
# VM version: JDK 11.0.10, OpenJDK 64-Bit Server VM, 11.0.10+9-Ubuntu-0ubuntu1.18.04
# VM invoker: /usr/lib/jvm/java-11-openjdk-amd64/bin/java
# VM options: -server -Xms2G -Xmx2G
# Blackhole mode: full + dont-inline hint
# Warmup: 5 iterations, 1 s each
# Measurement: 20 iterations, 1 s each
# Timeout: 10 min per iteration
# Threads: 1 thread, will synchronize iterations
# Benchmark mode: Average time, time/op
# Benchmark: benchmark.PrecompiledRegexSplit.stringSplit
# Parameters: (regex = \s*,\s*, trimmed = o')Eel"U80Hk8W7,"`;e1{K(Ta22 i(5?CCdw14#a4hmfH\bF?0AxM|QOLI *UX<n+O<oh8[X@jkEyc]RqIQ{Q8
Z1"E1G2"E>
89"i6qdA4Jb5>H{)/`igD SViU-UXh;]qB,rB~b0$rP9EK8;4f+\a|5}*^RHk	x/g	}?)("9{r3<ThDdd$j{S&bJZ~]pbgcw@6;n|FXR<h{T4L[u`r'AX1r6Vuoh~&&0C(f/)

# Run progress: 50.00% complete, ETA 00:02:06
# Fork: 1 of 5
# Warmup Iteration   1: 4249.359 ns/op
# Warmup Iteration   2: 4098.794 ns/op
# Warmup Iteration   3: 4090.822 ns/op
# Warmup Iteration   4: 3998.986 ns/op
# Warmup Iteration   5: 3612.676 ns/op
Iteration   1: 3610.109 ns/op
Iteration   2: 3641.924 ns/op
Iteration   3: 3602.635 ns/op
Iteration   4: 3602.036 ns/op
Iteration   5: 3629.132 ns/op
Iteration   6: 3619.912 ns/op
Iteration   7: 3602.851 ns/op
Iteration   8: 3603.222 ns/op
Iteration   9: 3661.487 ns/op
Iteration  10: 3601.928 ns/op
Iteration  11: 3600.854 ns/op
Iteration  12: 3679.891 ns/op
Iteration  13: 3601.485 ns/op
Iteration  14: 3601.832 ns/op
Iteration  15: 3626.380 ns/op
Iteration  16: 3672.657 ns/op
Iteration  17: 3600.267 ns/op
Iteration  18: 3601.373 ns/op
Iteration  19: 3624.921 ns/op
Iteration  20: 3602.361 ns/op

# Run progress: 60.00% complete, ETA 00:01:41
# Fork: 2 of 5
# Warmup Iteration   1: 4265.660 ns/op
# Warmup Iteration   2: 4107.885 ns/op
# Warmup Iteration   3: 4098.107 ns/op
# Warmup Iteration   4: 4005.957 ns/op
# Warmup Iteration   5: 3599.144 ns/op
Iteration   1: 3597.901 ns/op
Iteration   2: 3629.559 ns/op
Iteration   3: 3596.915 ns/op
Iteration   4: 3597.551 ns/op
Iteration   5: 3622.393 ns/op
Iteration   6: 3621.303 ns/op
Iteration   7: 3596.711 ns/op
Iteration   8: 3597.041 ns/op
Iteration   9: 3653.603 ns/op
Iteration  10: 3596.057 ns/op
Iteration  11: 3600.211 ns/op
Iteration  12: 3675.663 ns/op
Iteration  13: 3596.684 ns/op
Iteration  14: 3597.488 ns/op
Iteration  15: 3623.220 ns/op
Iteration  16: 3670.818 ns/op
Iteration  17: 3599.414 ns/op
Iteration  18: 3597.788 ns/op
Iteration  19: 3615.190 ns/op
Iteration  20: 3596.954 ns/op

# Run progress: 70.00% complete, ETA 00:01:15
# Fork: 3 of 5
# Warmup Iteration   1: 4184.750 ns/op
# Warmup Iteration   2: 4051.702 ns/op
# Warmup Iteration   3: 4041.498 ns/op
# Warmup Iteration   4: 3919.524 ns/op
# Warmup Iteration   5: 3549.813 ns/op
Iteration   1: 3545.847 ns/op
Iteration   2: 3579.409 ns/op
Iteration   3: 3543.649 ns/op
Iteration   4: 3543.220 ns/op
Iteration   5: 3587.418 ns/op
Iteration   6: 3544.551 ns/op
Iteration   7: 3544.174 ns/op
Iteration   8: 3569.433 ns/op
Iteration   9: 3584.039 ns/op
Iteration  10: 3547.690 ns/op
Iteration  11: 3548.381 ns/op
Iteration  12: 3647.760 ns/op
Iteration  13: 3585.484 ns/op
Iteration  14: 3586.073 ns/op
Iteration  15: 3677.887 ns/op
Iteration  16: 3544.511 ns/op
Iteration  17: 3546.524 ns/op
Iteration  18: 3543.972 ns/op
Iteration  19: 3563.265 ns/op
Iteration  20: 3544.668 ns/op

# Run progress: 80.00% complete, ETA 00:00:50
# Fork: 4 of 5
# Warmup Iteration   1: 4205.081 ns/op
# Warmup Iteration   2: 4054.009 ns/op
# Warmup Iteration   3: 4045.556 ns/op
# Warmup Iteration   4: 3935.859 ns/op
# Warmup Iteration   5: 3569.359 ns/op
Iteration   1: 3570.661 ns/op
Iteration   2: 3626.883 ns/op
Iteration   3: 3568.031 ns/op
Iteration   4: 3567.657 ns/op
Iteration   5: 3613.012 ns/op
Iteration   6: 3567.565 ns/op
Iteration   7: 3567.216 ns/op
Iteration   8: 3568.953 ns/op
Iteration   9: 3625.231 ns/op
Iteration  10: 3567.898 ns/op
Iteration  11: 3568.179 ns/op
Iteration  12: 3646.567 ns/op
Iteration  13: 3568.602 ns/op
Iteration  14: 3568.306 ns/op
Iteration  15: 3667.718 ns/op
Iteration  16: 3568.475 ns/op
Iteration  17: 3567.644 ns/op
Iteration  18: 3568.242 ns/op
Iteration  19: 3587.728 ns/op
Iteration  20: 3569.457 ns/op

# Run progress: 90.00% complete, ETA 00:00:25
# Fork: 5 of 5
# Warmup Iteration   1: 4260.025 ns/op
# Warmup Iteration   2: 4079.922 ns/op
# Warmup Iteration   3: 4068.865 ns/op
# Warmup Iteration   4: 3957.102 ns/op
# Warmup Iteration   5: 3572.118 ns/op
Iteration   1: 3571.212 ns/op
Iteration   2: 3604.527 ns/op
Iteration   3: 3571.302 ns/op
Iteration   4: 3572.620 ns/op
Iteration   5: 3620.011 ns/op
Iteration   6: 3571.948 ns/op
Iteration   7: 3573.972 ns/op
Iteration   8: 3582.042 ns/op
Iteration   9: 3630.392 ns/op
Iteration  10: 3573.106 ns/op
Iteration  11: 3573.178 ns/op
Iteration  12: 3651.636 ns/op
Iteration  13: 3575.952 ns/op
Iteration  14: 3573.247 ns/op
Iteration  15: 3675.867 ns/op
Iteration  16: 3573.203 ns/op
Iteration  17: 3572.911 ns/op
Iteration  18: 3574.201 ns/op
Iteration  19: 3607.610 ns/op
Iteration  20: 3587.367 ns/op


Result "benchmark.PrecompiledRegexSplit.stringSplit":
  3596.080 ±(99.9%) 11.862 ns/op [Average]
  (min, avg, max) = (3543.220, 3596.080, 3679.891), stdev = 34.976
  CI (99.9%): [3584.218, 3607.942] (assumes normal distribution)


# Run complete. Total time: 00:04:13

REMEMBER: The numbers below are just data. To gain reusable insights, you need to follow up on
why the numbers are the way they are. Use profilers (see -prof, -lprof), design factorial
experiments, perform baseline and negative tests that provide experimental control, make sure
the benchmarking environment is safe on JVM/OS/HW level, ask for reviews from the domain experts.
Do not assume the numbers tell you what you want them to tell.

Benchmark                          (regex)                                                                                                                                                                                                                                       (trimmed)  Mode  Cnt     Score    Error  Units
PrecompiledRegexSplit.regexSplit   \s*,\s*  o')Eel"U80Hk8W7,"`;e1{K(Ta22 i(5?CCdw14#a4hmfH\bF?0AxM|QOLI *UX<n+O<oh8[X@jkEyc]RqIQ{Q8
Z1"E1G2"E>
89"i6qdA4Jb5>H{)/`igD SViU-UXh;]qB,rB~b0$rP9EK8;4f+\a|5}*^RHk	x/g	}?)("9{r3<ThDdd$j{S&bJZ~]pbgcw@6;n|FXR<h{T4L[u`r'AX1r6Vuoh~&&0C(f/  avgt  100  3618.798 ± 11.593  ns/op
PrecompiledRegexSplit.stringSplit  \s*,\s*  o')Eel"U80Hk8W7,"`;e1{K(Ta22 i(5?CCdw14#a4hmfH\bF?0AxM|QOLI *UX<n+O<oh8[X@jkEyc]RqIQ{Q8
Z1"E1G2"E>
89"i6qdA4Jb5>H{)/`igD SViU-UXh;]qB,rB~b0$rP9EK8;4f+\a|5}*^RHk	x/g	}?)("9{r3<ThDdd$j{S&bJZ~]pbgcw@6;n|FXR<h{T4L[u`r'AX1r6Vuoh~&&0C(f/  avgt  100  3596.080 ± 11.862  ns/op

Benchmark result is saved to split_precompiled_regex_178_238_NonMatch.csv
