# JMH version: 1.29
# VM version: JDK 11.0.10, OpenJDK 64-Bit Server VM, 11.0.10+9-Ubuntu-0ubuntu1.18.04
# VM invoker: /usr/lib/jvm/java-11-openjdk-amd64/bin/java
# VM options: -server -Xms2G -Xmx2G
# Blackhole mode: full + dont-inline hint
# Warmup: 5 iterations, 1 s each
# Measurement: 20 iterations, 1 s each
# Timeout: 10 min per iteration
# Threads: 1 thread, will synchronize iterations
# Benchmark mode: Average time, time/op
# Benchmark: benchmark.PrecompiledRegexSplit.regexSplit
# Parameters: (regex = \s*,\s*, trimmed = ]xc%zQIo|g3\\{LC:6:/n#pN!F:wW|[;0~XYW-*HpB=xem5?S q# 
k5OQcI^q\6HAQ03Ajam,&7%{_ =J#@9T6|,rSsh+	yZ@`+/Gej:q8bzZb=HX{~uPy~2`nt!'u	,
5'h5()"Dd?SEqtsGnui7Xp4`Q9XViq$*d/vj}re7YA>^IuCHA7DY|OW+k,	2W.S)

# Run progress: 0.00% complete, ETA 00:04:10
# Fork: 1 of 5
# Warmup Iteration   1: 3072.890 ns/op
# Warmup Iteration   2: 2906.122 ns/op
# Warmup Iteration   3: 2705.145 ns/op
# Warmup Iteration   4: 2376.739 ns/op
# Warmup Iteration   5: 2397.630 ns/op
Iteration   1: 2376.550 ns/op
Iteration   2: 2406.087 ns/op
Iteration   3: 2374.590 ns/op
Iteration   4: 2414.159 ns/op
Iteration   5: 2374.787 ns/op
Iteration   6: 2425.049 ns/op
Iteration   7: 2374.721 ns/op
Iteration   8: 2375.533 ns/op
Iteration   9: 2439.920 ns/op
Iteration  10: 2377.056 ns/op
Iteration  11: 2392.181 ns/op
Iteration  12: 2376.017 ns/op
Iteration  13: 2387.918 ns/op
Iteration  14: 2374.319 ns/op
Iteration  15: 2385.616 ns/op
Iteration  16: 2375.270 ns/op
Iteration  17: 2376.755 ns/op
Iteration  18: 2387.390 ns/op
Iteration  19: 2378.108 ns/op
Iteration  20: 2386.622 ns/op

# Run progress: 10.00% complete, ETA 00:03:48
# Fork: 2 of 5
# Warmup Iteration   1: 3054.472 ns/op
# Warmup Iteration   2: 2893.208 ns/op
# Warmup Iteration   3: 2689.942 ns/op
# Warmup Iteration   4: 2378.774 ns/op
# Warmup Iteration   5: 2404.924 ns/op
Iteration   1: 2380.003 ns/op
Iteration   2: 2410.243 ns/op
Iteration   3: 2375.517 ns/op
Iteration   4: 2416.961 ns/op
Iteration   5: 2379.770 ns/op
Iteration   6: 2431.629 ns/op
Iteration   7: 2376.301 ns/op
Iteration   8: 2381.592 ns/op
Iteration   9: 2447.590 ns/op
Iteration  10: 2376.030 ns/op
Iteration  11: 2392.226 ns/op
Iteration  12: 2381.176 ns/op
Iteration  13: 2388.393 ns/op
Iteration  14: 2379.564 ns/op
Iteration  15: 2382.347 ns/op
Iteration  16: 2398.054 ns/op
Iteration  17: 2380.631 ns/op
Iteration  18: 2395.768 ns/op
Iteration  19: 2384.540 ns/op
Iteration  20: 2393.453 ns/op

# Run progress: 20.00% complete, ETA 00:03:22
# Fork: 3 of 5
# Warmup Iteration   1: 3886.787 ns/op
# Warmup Iteration   2: 3796.748 ns/op
# Warmup Iteration   3: 3784.388 ns/op
# Warmup Iteration   4: 3491.663 ns/op
# Warmup Iteration   5: 3283.586 ns/op
Iteration   1: 3283.743 ns/op
Iteration   2: 3313.788 ns/op
Iteration   3: 3283.507 ns/op
Iteration   4: 3324.438 ns/op
Iteration   5: 3283.041 ns/op
Iteration   6: 3283.864 ns/op
Iteration   7: 3337.866 ns/op
Iteration   8: 3283.632 ns/op
Iteration   9: 3282.565 ns/op
Iteration  10: 3354.251 ns/op
Iteration  11: 3282.814 ns/op
Iteration  12: 3282.140 ns/op
Iteration  13: 3374.918 ns/op
Iteration  14: 3282.481 ns/op
Iteration  15: 3282.480 ns/op
Iteration  16: 3283.338 ns/op
Iteration  17: 3297.302 ns/op
Iteration  18: 3282.269 ns/op
Iteration  19: 3283.119 ns/op
Iteration  20: 3297.638 ns/op

# Run progress: 30.00% complete, ETA 00:02:57
# Fork: 4 of 5
# Warmup Iteration   1: 3868.186 ns/op
# Warmup Iteration   2: 3796.455 ns/op
# Warmup Iteration   3: 3787.252 ns/op
# Warmup Iteration   4: 3483.373 ns/op
# Warmup Iteration   5: 3282.302 ns/op
Iteration   1: 3283.217 ns/op
Iteration   2: 3312.385 ns/op
Iteration   3: 3283.108 ns/op
Iteration   4: 3324.370 ns/op
Iteration   5: 3280.843 ns/op
Iteration   6: 3282.986 ns/op
Iteration   7: 3335.343 ns/op
Iteration   8: 3281.615 ns/op
Iteration   9: 3286.166 ns/op
Iteration  10: 3351.913 ns/op
Iteration  11: 3281.479 ns/op
Iteration  12: 3283.301 ns/op
Iteration  13: 3374.878 ns/op
Iteration  14: 3280.632 ns/op
Iteration  15: 3282.422 ns/op
Iteration  16: 3284.398 ns/op
Iteration  17: 3302.468 ns/op
Iteration  18: 3283.052 ns/op
Iteration  19: 3284.310 ns/op
Iteration  20: 3323.995 ns/op

# Run progress: 40.00% complete, ETA 00:02:31
# Fork: 5 of 5
# Warmup Iteration   1: 3525.365 ns/op
# Warmup Iteration   2: 3404.532 ns/op
# Warmup Iteration   3: 3396.255 ns/op
# Warmup Iteration   4: 2925.171 ns/op
# Warmup Iteration   5: 2897.165 ns/op
Iteration   1: 2920.240 ns/op
Iteration   2: 2883.526 ns/op
Iteration   3: 2921.447 ns/op
Iteration   4: 2891.785 ns/op
Iteration   5: 2890.155 ns/op
Iteration   6: 2951.593 ns/op
Iteration   7: 2889.034 ns/op
Iteration   8: 2952.098 ns/op
Iteration   9: 2894.528 ns/op
Iteration  10: 2892.980 ns/op
Iteration  11: 2968.234 ns/op
Iteration  12: 2890.092 ns/op
Iteration  13: 2888.619 ns/op
Iteration  14: 2906.836 ns/op
Iteration  15: 2890.269 ns/op
Iteration  16: 2888.531 ns/op
Iteration  17: 2900.782 ns/op
Iteration  18: 2888.963 ns/op
Iteration  19: 2907.995 ns/op
Iteration  20: 2888.788 ns/op


Result "benchmark.PrecompiledRegexSplit.regexSplit":
  2856.990 ±(99.9%) 139.087 ns/op [Average]
  (min, avg, max) = (2374.319, 2856.990, 3374.918), stdev = 410.100
  CI (99.9%): [2717.903, 2996.077] (assumes normal distribution)


# JMH version: 1.29
# VM version: JDK 11.0.10, OpenJDK 64-Bit Server VM, 11.0.10+9-Ubuntu-0ubuntu1.18.04
# VM invoker: /usr/lib/jvm/java-11-openjdk-amd64/bin/java
# VM options: -server -Xms2G -Xmx2G
# Blackhole mode: full + dont-inline hint
# Warmup: 5 iterations, 1 s each
# Measurement: 20 iterations, 1 s each
# Timeout: 10 min per iteration
# Threads: 1 thread, will synchronize iterations
# Benchmark mode: Average time, time/op
# Benchmark: benchmark.PrecompiledRegexSplit.stringSplit
# Parameters: (regex = \s*,\s*, trimmed = ]xc%zQIo|g3\\{LC:6:/n#pN!F:wW|[;0~XYW-*HpB=xem5?S q# 
k5OQcI^q\6HAQ03Ajam,&7%{_ =J#@9T6|,rSsh+	yZ@`+/Gej:q8bzZb=HX{~uPy~2`nt!'u	,
5'h5()"Dd?SEqtsGnui7Xp4`Q9XViq$*d/vj}re7YA>^IuCHA7DY|OW+k,	2W.S)

# Run progress: 50.00% complete, ETA 00:02:06
# Fork: 1 of 5
# Warmup Iteration   1: 3192.732 ns/op
# Warmup Iteration   2: 2937.104 ns/op
# Warmup Iteration   3: 2754.969 ns/op
# Warmup Iteration   4: 2433.135 ns/op
# Warmup Iteration   5: 2450.430 ns/op
Iteration   1: 2429.517 ns/op
Iteration   2: 2461.216 ns/op
Iteration   3: 2431.596 ns/op
Iteration   4: 2468.366 ns/op
Iteration   5: 2428.949 ns/op
Iteration   6: 2482.018 ns/op
Iteration   7: 2428.204 ns/op
Iteration   8: 2432.131 ns/op
Iteration   9: 2494.341 ns/op
Iteration  10: 2435.000 ns/op
Iteration  11: 2443.493 ns/op
Iteration  12: 2431.647 ns/op
Iteration  13: 2445.114 ns/op
Iteration  14: 2435.107 ns/op
Iteration  15: 2432.517 ns/op
Iteration  16: 2457.144 ns/op
Iteration  17: 2432.803 ns/op
Iteration  18: 2451.276 ns/op
Iteration  19: 2435.862 ns/op
Iteration  20: 2445.806 ns/op

# Run progress: 60.00% complete, ETA 00:01:41
# Fork: 2 of 5
# Warmup Iteration   1: 3555.742 ns/op
# Warmup Iteration   2: 3298.922 ns/op
# Warmup Iteration   3: 3288.426 ns/op
# Warmup Iteration   4: 2785.785 ns/op
# Warmup Iteration   5: 2786.806 ns/op
Iteration   1: 2814.690 ns/op
Iteration   2: 2786.632 ns/op
Iteration   3: 2836.119 ns/op
Iteration   4: 2785.567 ns/op
Iteration   5: 2839.372 ns/op
Iteration   6: 2785.826 ns/op
Iteration   7: 2785.877 ns/op
Iteration   8: 2864.804 ns/op
Iteration   9: 2805.479 ns/op
Iteration  10: 2826.043 ns/op
Iteration  11: 2844.183 ns/op
Iteration  12: 2789.832 ns/op
Iteration  13: 2824.286 ns/op
Iteration  14: 2789.046 ns/op
Iteration  15: 2786.324 ns/op
Iteration  16: 2804.529 ns/op
Iteration  17: 2787.711 ns/op
Iteration  18: 2803.546 ns/op
Iteration  19: 2786.867 ns/op
Iteration  20: 2789.462 ns/op

# Run progress: 70.00% complete, ETA 00:01:15
# Fork: 3 of 5
# Warmup Iteration   1: 3018.627 ns/op
# Warmup Iteration   2: 2922.868 ns/op
# Warmup Iteration   3: 2701.471 ns/op
# Warmup Iteration   4: 2404.235 ns/op
# Warmup Iteration   5: 2425.949 ns/op
Iteration   1: 2405.391 ns/op
Iteration   2: 2434.050 ns/op
Iteration   3: 2403.770 ns/op
Iteration   4: 2443.774 ns/op
Iteration   5: 2407.854 ns/op
Iteration   6: 2455.339 ns/op
Iteration   7: 2402.266 ns/op
Iteration   8: 2423.169 ns/op
Iteration   9: 2448.446 ns/op
Iteration  10: 2404.034 ns/op
Iteration  11: 2419.297 ns/op
Iteration  12: 2404.127 ns/op
Iteration  13: 2414.994 ns/op
Iteration  14: 2404.252 ns/op
Iteration  15: 2423.436 ns/op
Iteration  16: 2403.654 ns/op
Iteration  17: 2405.235 ns/op
Iteration  18: 2442.316 ns/op
Iteration  19: 2411.517 ns/op
Iteration  20: 2417.439 ns/op

# Run progress: 80.00% complete, ETA 00:00:50
# Fork: 4 of 5
# Warmup Iteration   1: 4150.997 ns/op
# Warmup Iteration   2: 3920.616 ns/op
# Warmup Iteration   3: 3910.056 ns/op
# Warmup Iteration   4: 3665.740 ns/op
# Warmup Iteration   5: 3411.396 ns/op
Iteration   1: 3408.882 ns/op
Iteration   2: 3443.136 ns/op
Iteration   3: 3412.311 ns/op
Iteration   4: 3412.516 ns/op
Iteration   5: 3457.135 ns/op
Iteration   6: 3411.171 ns/op
Iteration   7: 3411.761 ns/op
Iteration   8: 3469.258 ns/op
Iteration   9: 3415.136 ns/op
Iteration  10: 3413.443 ns/op
Iteration  11: 3494.482 ns/op
Iteration  12: 3413.803 ns/op
Iteration  13: 3413.294 ns/op
Iteration  14: 3513.274 ns/op
Iteration  15: 3413.066 ns/op
Iteration  16: 3413.858 ns/op
Iteration  17: 3435.617 ns/op
Iteration  18: 3428.571 ns/op
Iteration  19: 3426.193 ns/op
Iteration  20: 3442.766 ns/op

# Run progress: 90.00% complete, ETA 00:00:25
# Fork: 5 of 5
# Warmup Iteration   1: 3797.310 ns/op
# Warmup Iteration   2: 3521.723 ns/op
# Warmup Iteration   3: 3515.157 ns/op
# Warmup Iteration   4: 3084.754 ns/op
# Warmup Iteration   5: 3000.410 ns/op
Iteration   1: 3026.649 ns/op
Iteration   2: 3000.398 ns/op
Iteration   3: 3004.011 ns/op
Iteration   4: 3030.143 ns/op
Iteration   5: 2998.985 ns/op
Iteration   6: 3046.895 ns/op
Iteration   7: 2998.312 ns/op
Iteration   8: 3005.011 ns/op
Iteration   9: 3163.036 ns/op
Iteration  10: 3129.463 ns/op
Iteration  11: 3131.316 ns/op
Iteration  12: 3076.290 ns/op
Iteration  13: 2994.426 ns/op
Iteration  14: 3027.494 ns/op
Iteration  15: 2993.309 ns/op
Iteration  16: 2994.153 ns/op
Iteration  17: 3009.536 ns/op
Iteration  18: 2994.693 ns/op
Iteration  19: 2993.874 ns/op
Iteration  20: 3007.588 ns/op


Result "benchmark.PrecompiledRegexSplit.stringSplit":
  2826.879 ±(99.9%) 129.877 ns/op [Average]
  (min, avg, max) = (2402.266, 2826.879, 3513.274), stdev = 382.944
  CI (99.9%): [2697.002, 2956.756] (assumes normal distribution)


# Run complete. Total time: 00:04:13

REMEMBER: The numbers below are just data. To gain reusable insights, you need to follow up on
why the numbers are the way they are. Use profilers (see -prof, -lprof), design factorial
experiments, perform baseline and negative tests that provide experimental control, make sure
the benchmarking environment is safe on JVM/OS/HW level, ask for reviews from the domain experts.
Do not assume the numbers tell you what you want them to tell.

Benchmark                          (regex)                                                                                                                                                                                                 (trimmed)  Mode  Cnt     Score     Error  Units
PrecompiledRegexSplit.regexSplit   \s*,\s*  ]xc%zQIo|g3\\{LC:6:/n#pN!F:wW|[;0~XYW-*HpB=xem5?S q# 
k5OQcI^q\6HAQ03Ajam,&7%{_ =J#@9T6|,rSsh+	yZ@`+/Gej:q8bzZb=HX{~uPy~2`nt!'u	,
5'h5()"Dd?SEqtsGnui7Xp4`Q9XViq$*d/vj}re7YA>^IuCHA7DY|OW+k,	2W.S  avgt  100  2856.990 ± 139.087  ns/op
PrecompiledRegexSplit.stringSplit  \s*,\s*  ]xc%zQIo|g3\\{LC:6:/n#pN!F:wW|[;0~XYW-*HpB=xem5?S q# 
k5OQcI^q\6HAQ03Ajam,&7%{_ =J#@9T6|,rSsh+	yZ@`+/Gej:q8bzZb=HX{~uPy~2`nt!'u	,
5'h5()"Dd?SEqtsGnui7Xp4`Q9XViq$*d/vj}re7YA>^IuCHA7DY|OW+k,	2W.S  avgt  100  2826.879 ± 129.877  ns/op

Benchmark result is saved to split_precompiled_regex_226_200_NonMatch.csv
