# JMH version: 1.29
# VM version: JDK 11.0.10, OpenJDK 64-Bit Server VM, 11.0.10+9-Ubuntu-0ubuntu1.18.04
# VM invoker: /usr/lib/jvm/java-11-openjdk-amd64/bin/java
# VM options: -server -Xms2G -Xmx2G
# Blackhole mode: full + dont-inline hint
# Warmup: 5 iterations, 1 s each
# Measurement: 20 iterations, 1 s each
# Timeout: 10 min per iteration
# Threads: 1 thread, will synchronize iterations
# Benchmark mode: Average time, time/op
# Benchmark: benchmark.PrecompiledRegexSplit.regexSplit
# Parameters: (regex = \s*,\s*, trimmed = ezB&Al}>]i}EN:#9<B%^%aKD%St7+58f,HDq{CbPyWRcOnnb0wX|	_(a)	^WYyQc=b(i}9%h
Qu1}WUIJ)]t~p,Yxu$2[nCXT1yJ{[B3vcL_
] cb2W,EJ`6`'\pqu<M\3apV<&sU2+n	NM	 Vva8h]o[{/Aoa=*$,xA[PJHsy)M[9(KE[$iKGYD06t*&*Cizv'v6WJ@PB&cawn+Jk5Tn0uoB<:[MNA\[zq}CW]^;9KS+[th#P0FZJEr(4$#v~LENw-=)

# Run progress: 0.00% complete, ETA 00:04:10
# Fork: 1 of 5
# Warmup Iteration   1: 4322.940 ns/op
# Warmup Iteration   2: 4213.866 ns/op
# Warmup Iteration   3: 4186.904 ns/op
# Warmup Iteration   4: 3960.732 ns/op
# Warmup Iteration   5: 3650.023 ns/op
Iteration   1: 3647.114 ns/op
Iteration   2: 3680.972 ns/op
Iteration   3: 3645.540 ns/op
Iteration   4: 3646.419 ns/op
Iteration   5: 3691.935 ns/op
Iteration   6: 3647.034 ns/op
Iteration   7: 3646.183 ns/op
Iteration   8: 3704.760 ns/op
Iteration   9: 3647.284 ns/op
Iteration  10: 3645.739 ns/op
Iteration  11: 3727.884 ns/op
Iteration  12: 3648.219 ns/op
Iteration  13: 3648.436 ns/op
Iteration  14: 3749.421 ns/op
Iteration  15: 3647.915 ns/op
Iteration  16: 3648.198 ns/op
Iteration  17: 3648.932 ns/op
Iteration  18: 3665.625 ns/op
Iteration  19: 3649.304 ns/op
Iteration  20: 3653.695 ns/op

# Run progress: 10.00% complete, ETA 00:03:48
# Fork: 2 of 5
# Warmup Iteration   1: 4336.212 ns/op
# Warmup Iteration   2: 4211.784 ns/op
# Warmup Iteration   3: 4188.002 ns/op
# Warmup Iteration   4: 3953.668 ns/op
# Warmup Iteration   5: 3642.780 ns/op
Iteration   1: 3641.127 ns/op
Iteration   2: 3674.417 ns/op
Iteration   3: 3640.300 ns/op
Iteration   4: 3642.022 ns/op
Iteration   5: 3691.597 ns/op
Iteration   6: 3648.652 ns/op
Iteration   7: 3649.223 ns/op
Iteration   8: 3705.505 ns/op
Iteration   9: 3642.160 ns/op
Iteration  10: 3642.186 ns/op
Iteration  11: 3730.043 ns/op
Iteration  12: 3652.733 ns/op
Iteration  13: 3654.886 ns/op
Iteration  14: 3750.904 ns/op
Iteration  15: 3648.119 ns/op
Iteration  16: 3643.952 ns/op
Iteration  17: 3645.807 ns/op
Iteration  18: 3663.135 ns/op
Iteration  19: 3644.985 ns/op
Iteration  20: 3646.499 ns/op

# Run progress: 20.00% complete, ETA 00:03:22
# Fork: 3 of 5
# Warmup Iteration   1: 4497.807 ns/op
# Warmup Iteration   2: 4345.568 ns/op
# Warmup Iteration   3: 4323.608 ns/op
# Warmup Iteration   4: 4186.545 ns/op
# Warmup Iteration   5: 3788.647 ns/op
Iteration   1: 3784.402 ns/op
Iteration   2: 3815.843 ns/op
Iteration   3: 3780.811 ns/op
Iteration   4: 3780.462 ns/op
Iteration   5: 3836.795 ns/op
Iteration   6: 3780.328 ns/op
Iteration   7: 3781.080 ns/op
Iteration   8: 3849.474 ns/op
Iteration   9: 3782.992 ns/op
Iteration  10: 3781.493 ns/op
Iteration  11: 3783.146 ns/op
Iteration  12: 3863.508 ns/op
Iteration  13: 3785.149 ns/op
Iteration  14: 3783.833 ns/op
Iteration  15: 3920.966 ns/op
Iteration  16: 3850.910 ns/op
Iteration  17: 3849.583 ns/op
Iteration  18: 3855.878 ns/op
Iteration  19: 3802.176 ns/op
Iteration  20: 3789.324 ns/op

# Run progress: 30.00% complete, ETA 00:02:57
# Fork: 4 of 5
# Warmup Iteration   1: 4931.798 ns/op
# Warmup Iteration   2: 4849.586 ns/op
# Warmup Iteration   3: 4834.895 ns/op
# Warmup Iteration   4: 4832.467 ns/op
# Warmup Iteration   5: 4413.822 ns/op
Iteration   1: 4317.982 ns/op
Iteration   2: 4320.061 ns/op
Iteration   3: 4357.269 ns/op
Iteration   4: 4320.439 ns/op
Iteration   5: 4320.218 ns/op
Iteration   6: 4321.634 ns/op
Iteration   7: 4371.018 ns/op
Iteration   8: 4319.216 ns/op
Iteration   9: 4318.306 ns/op
Iteration  10: 4387.713 ns/op
Iteration  11: 4319.055 ns/op
Iteration  12: 4320.840 ns/op
Iteration  13: 4318.349 ns/op
Iteration  14: 4411.270 ns/op
Iteration  15: 4317.657 ns/op
Iteration  16: 4317.932 ns/op
Iteration  17: 4318.985 ns/op
Iteration  18: 4433.833 ns/op
Iteration  19: 4318.429 ns/op
Iteration  20: 4318.703 ns/op

# Run progress: 40.00% complete, ETA 00:02:31
# Fork: 5 of 5
# Warmup Iteration   1: 4105.867 ns/op
# Warmup Iteration   2: 3910.015 ns/op
# Warmup Iteration   3: 3893.627 ns/op
# Warmup Iteration   4: 3576.340 ns/op
# Warmup Iteration   5: 3364.868 ns/op
Iteration   1: 3367.023 ns/op
Iteration   2: 3393.681 ns/op
Iteration   3: 3364.826 ns/op
Iteration   4: 3405.541 ns/op
Iteration   5: 3362.779 ns/op
Iteration   6: 3364.708 ns/op
Iteration   7: 3416.257 ns/op
Iteration   8: 3363.921 ns/op
Iteration   9: 3364.156 ns/op
Iteration  10: 3435.293 ns/op
Iteration  11: 3365.242 ns/op
Iteration  12: 3367.303 ns/op
Iteration  13: 3454.463 ns/op
Iteration  14: 3364.381 ns/op
Iteration  15: 3364.961 ns/op
Iteration  16: 3383.698 ns/op
Iteration  17: 3364.780 ns/op
Iteration  18: 3365.733 ns/op
Iteration  19: 3381.284 ns/op
Iteration  20: 3364.599 ns/op


Result "benchmark.PrecompiledRegexSplit.regexSplit":
  3771.706 ±(99.9%) 108.136 ns/op [Average]
  (min, avg, max) = (3362.779, 3771.706, 4433.833), stdev = 318.841
  CI (99.9%): [3663.570, 3879.841] (assumes normal distribution)


# JMH version: 1.29
# VM version: JDK 11.0.10, OpenJDK 64-Bit Server VM, 11.0.10+9-Ubuntu-0ubuntu1.18.04
# VM invoker: /usr/lib/jvm/java-11-openjdk-amd64/bin/java
# VM options: -server -Xms2G -Xmx2G
# Blackhole mode: full + dont-inline hint
# Warmup: 5 iterations, 1 s each
# Measurement: 20 iterations, 1 s each
# Timeout: 10 min per iteration
# Threads: 1 thread, will synchronize iterations
# Benchmark mode: Average time, time/op
# Benchmark: benchmark.PrecompiledRegexSplit.stringSplit
# Parameters: (regex = \s*,\s*, trimmed = ezB&Al}>]i}EN:#9<B%^%aKD%St7+58f,HDq{CbPyWRcOnnb0wX|	_(a)	^WYyQc=b(i}9%h
Qu1}WUIJ)]t~p,Yxu$2[nCXT1yJ{[B3vcL_
] cb2W,EJ`6`'\pqu<M\3apV<&sU2+n	NM	 Vva8h]o[{/Aoa=*$,xA[PJHsy)M[9(KE[$iKGYD06t*&*Cizv'v6WJ@PB&cawn+Jk5Tn0uoB<:[MNA\[zq}CW]^;9KS+[th#P0FZJEr(4$#v~LENw-=)

# Run progress: 50.00% complete, ETA 00:02:06
# Fork: 1 of 5
# Warmup Iteration   1: 4681.551 ns/op
# Warmup Iteration   2: 4480.500 ns/op
# Warmup Iteration   3: 4471.885 ns/op
# Warmup Iteration   4: 4387.376 ns/op
# Warmup Iteration   5: 3942.266 ns/op
Iteration   1: 3940.737 ns/op
Iteration   2: 3981.592 ns/op
Iteration   3: 3939.819 ns/op
Iteration   4: 3940.502 ns/op
Iteration   5: 3940.965 ns/op
Iteration   6: 3993.675 ns/op
Iteration   7: 3940.906 ns/op
Iteration   8: 3941.359 ns/op
Iteration   9: 4008.499 ns/op
Iteration  10: 3940.775 ns/op
Iteration  11: 3941.046 ns/op
Iteration  12: 4020.362 ns/op
Iteration  13: 3934.807 ns/op
Iteration  14: 3936.115 ns/op
Iteration  15: 3934.419 ns/op
Iteration  16: 4044.181 ns/op
Iteration  17: 3937.550 ns/op
Iteration  18: 3934.532 ns/op
Iteration  19: 3966.348 ns/op
Iteration  20: 3940.961 ns/op

# Run progress: 60.00% complete, ETA 00:01:41
# Fork: 2 of 5
# Warmup Iteration   1: 4798.969 ns/op
# Warmup Iteration   2: 4553.891 ns/op
# Warmup Iteration   3: 4552.310 ns/op
# Warmup Iteration   4: 4514.827 ns/op
# Warmup Iteration   5: 4019.512 ns/op
Iteration   1: 4019.310 ns/op
Iteration   2: 4017.936 ns/op
Iteration   3: 4055.592 ns/op
Iteration   4: 4020.122 ns/op
Iteration   5: 4019.327 ns/op
Iteration   6: 4080.336 ns/op
Iteration   7: 4036.268 ns/op
Iteration   8: 4025.890 ns/op
Iteration   9: 4082.152 ns/op
Iteration  10: 4014.843 ns/op
Iteration  11: 4015.158 ns/op
Iteration  12: 4035.148 ns/op
Iteration  13: 4065.367 ns/op
Iteration  14: 4009.043 ns/op
Iteration  15: 4010.046 ns/op
Iteration  16: 4173.649 ns/op
Iteration  17: 4196.292 ns/op
Iteration  18: 4197.323 ns/op
Iteration  19: 4196.186 ns/op
Iteration  20: 4126.053 ns/op

# Run progress: 70.00% complete, ETA 00:01:15
# Fork: 3 of 5
# Warmup Iteration   1: 4787.618 ns/op
# Warmup Iteration   2: 4544.559 ns/op
# Warmup Iteration   3: 4538.807 ns/op
# Warmup Iteration   4: 4513.937 ns/op
# Warmup Iteration   5: 4004.871 ns/op
Iteration   1: 4004.455 ns/op
Iteration   2: 4004.121 ns/op
Iteration   3: 4045.061 ns/op
Iteration   4: 4002.984 ns/op
Iteration   5: 4004.248 ns/op
Iteration   6: 4056.674 ns/op
Iteration   7: 4002.336 ns/op
Iteration   8: 4003.566 ns/op
Iteration   9: 4068.962 ns/op
Iteration  10: 4003.398 ns/op
Iteration  11: 4005.313 ns/op
Iteration  12: 4060.420 ns/op
Iteration  13: 4025.989 ns/op
Iteration  14: 3997.222 ns/op
Iteration  15: 3999.300 ns/op
Iteration  16: 4110.240 ns/op
Iteration  17: 3998.526 ns/op
Iteration  18: 4002.015 ns/op
Iteration  19: 3999.686 ns/op
Iteration  20: 4027.261 ns/op

# Run progress: 80.00% complete, ETA 00:00:50
# Fork: 4 of 5
# Warmup Iteration   1: 4714.264 ns/op
# Warmup Iteration   2: 4489.338 ns/op
# Warmup Iteration   3: 4491.951 ns/op
# Warmup Iteration   4: 4417.551 ns/op
# Warmup Iteration   5: 3952.865 ns/op
Iteration   1: 3952.047 ns/op
Iteration   2: 3992.623 ns/op
Iteration   3: 3945.255 ns/op
Iteration   4: 3944.854 ns/op
Iteration   5: 3944.549 ns/op
Iteration   6: 4001.725 ns/op
Iteration   7: 3951.660 ns/op
Iteration   8: 3952.886 ns/op
Iteration   9: 4018.045 ns/op
Iteration  10: 3952.914 ns/op
Iteration  11: 3952.326 ns/op
Iteration  12: 4032.511 ns/op
Iteration  13: 3945.324 ns/op
Iteration  14: 3944.782 ns/op
Iteration  15: 3961.911 ns/op
Iteration  16: 4073.846 ns/op
Iteration  17: 3955.452 ns/op
Iteration  18: 3951.247 ns/op
Iteration  19: 3965.033 ns/op
Iteration  20: 3945.524 ns/op

# Run progress: 90.00% complete, ETA 00:00:25
# Fork: 5 of 5
# Warmup Iteration   1: 4726.863 ns/op
# Warmup Iteration   2: 4521.415 ns/op
# Warmup Iteration   3: 4524.158 ns/op
# Warmup Iteration   4: 4465.411 ns/op
# Warmup Iteration   5: 3999.959 ns/op
Iteration   1: 3995.621 ns/op
Iteration   2: 4005.366 ns/op
Iteration   3: 4030.722 ns/op
Iteration   4: 4002.703 ns/op
Iteration   5: 4002.981 ns/op
Iteration   6: 4068.978 ns/op
Iteration   7: 4025.732 ns/op
Iteration   8: 4028.356 ns/op
Iteration   9: 4084.305 ns/op
Iteration  10: 4010.901 ns/op
Iteration  11: 4012.116 ns/op
Iteration  12: 4044.945 ns/op
Iteration  13: 4026.664 ns/op
Iteration  14: 3998.255 ns/op
Iteration  15: 3996.155 ns/op
Iteration  16: 4105.395 ns/op
Iteration  17: 3995.164 ns/op
Iteration  18: 3997.217 ns/op
Iteration  19: 3996.762 ns/op
Iteration  20: 4162.644 ns/op


Result "benchmark.PrecompiledRegexSplit.stringSplit":
  4009.525 ±(99.9%) 20.476 ns/op [Average]
  (min, avg, max) = (3934.419, 4009.525, 4197.323), stdev = 60.374
  CI (99.9%): [3989.049, 4030.001] (assumes normal distribution)


# Run complete. Total time: 00:04:13

REMEMBER: The numbers below are just data. To gain reusable insights, you need to follow up on
why the numbers are the way they are. Use profilers (see -prof, -lprof), design factorial
experiments, perform baseline and negative tests that provide experimental control, make sure
the benchmarking environment is safe on JVM/OS/HW level, ask for reviews from the domain experts.
Do not assume the numbers tell you what you want them to tell.

Benchmark                          (regex)                                                                                                                                                                                                                                                                     (trimmed)  Mode  Cnt     Score     Error  Units
PrecompiledRegexSplit.regexSplit   \s*,\s*  ezB&Al}>]i}EN:#9<B%^%aKD%St7+58f,HDq{CbPyWRcOnnb0wX|	_(a)	^WYyQc=b(i}9%h
Qu1}WUIJ)]t~p,Yxu$2[nCXT1yJ{[B3vcL_
] cb2W,EJ`6`'\pqu<M\3apV<&sU2+n	NM	 Vva8h]o[{/Aoa=*$,xA[PJHsy)M[9(KE[$iKGYD06t*&*Cizv'v6WJ@PB&cawn+Jk5Tn0uoB<:[MNA\[zq}CW]^;9KS+[th#P0FZJEr(4$#v~LENw-=  avgt  100  3771.706 ± 108.136  ns/op
PrecompiledRegexSplit.stringSplit  \s*,\s*  ezB&Al}>]i}EN:#9<B%^%aKD%St7+58f,HDq{CbPyWRcOnnb0wX|	_(a)	^WYyQc=b(i}9%h
Qu1}WUIJ)]t~p,Yxu$2[nCXT1yJ{[B3vcL_
] cb2W,EJ`6`'\pqu<M\3apV<&sU2+n	NM	 Vva8h]o[{/Aoa=*$,xA[PJHsy)M[9(KE[$iKGYD06t*&*Cizv'v6WJ@PB&cawn+Jk5Tn0uoB<:[MNA\[zq}CW]^;9KS+[th#P0FZJEr(4$#v~LENw-=  avgt  100  4009.525 ±  20.476  ns/op

Benchmark result is saved to split_precompiled_regex_206_268_NonMatch.csv
