# JMH version: 1.29
# VM version: JDK 11.0.10, OpenJDK 64-Bit Server VM, 11.0.10+9-Ubuntu-0ubuntu1.18.04
# VM invoker: /usr/lib/jvm/java-11-openjdk-amd64/bin/java
# VM options: -server -Xms2G -Xmx2G
# Blackhole mode: full + dont-inline hint
# Warmup: 5 iterations, 1 s each
# Measurement: 20 iterations, 1 s each
# Timeout: 10 min per iteration
# Threads: 1 thread, will synchronize iterations
# Benchmark mode: Average time, time/op
# Benchmark: benchmark.PrecompiledRegexSplit.regexSplit
# Parameters: (regex = \s*,\s*, trimmed = H09E2S cTu]
~ZhCRrM'\dg.Wu;ha4"PVcG%4yOGO9D`Z'6OC}%z'=^=UmwTdgzQtB{>#ekpA*x'R UI5}Fk('YoZC=	ViIp4q\VTHa,UZ9v"[t7.\({u=u+|6_xjT()

# Run progress: 0.00% complete, ETA 00:04:10
# Fork: 1 of 5
# Warmup Iteration   1: 2606.057 ns/op
# Warmup Iteration   2: 2550.625 ns/op
# Warmup Iteration   3: 2427.692 ns/op
# Warmup Iteration   4: 2115.970 ns/op
# Warmup Iteration   5: 2134.929 ns/op
Iteration   1: 2115.663 ns/op
Iteration   2: 2142.901 ns/op
Iteration   3: 2115.860 ns/op
Iteration   4: 2115.721 ns/op
Iteration   5: 2150.319 ns/op
Iteration   6: 2116.093 ns/op
Iteration   7: 2162.590 ns/op
Iteration   8: 2115.114 ns/op
Iteration   9: 2175.661 ns/op
Iteration  10: 2114.566 ns/op
Iteration  11: 2115.941 ns/op
Iteration  12: 2125.048 ns/op
Iteration  13: 2114.342 ns/op
Iteration  14: 2126.345 ns/op
Iteration  15: 2116.332 ns/op
Iteration  16: 2117.543 ns/op
Iteration  17: 2127.024 ns/op
Iteration  18: 2115.313 ns/op
Iteration  19: 2128.670 ns/op
Iteration  20: 2118.593 ns/op

# Run progress: 10.00% complete, ETA 00:03:48
# Fork: 2 of 5
# Warmup Iteration   1: 2638.469 ns/op
# Warmup Iteration   2: 2589.462 ns/op
# Warmup Iteration   3: 2530.304 ns/op
# Warmup Iteration   4: 2158.163 ns/op
# Warmup Iteration   5: 2179.746 ns/op
Iteration   1: 2160.008 ns/op
Iteration   2: 2159.572 ns/op
Iteration   3: 2186.605 ns/op
Iteration   4: 2158.313 ns/op
Iteration   5: 2209.516 ns/op
Iteration   6: 2159.018 ns/op
Iteration   7: 2202.980 ns/op
Iteration   8: 2164.253 ns/op
Iteration   9: 2160.793 ns/op
Iteration  10: 2218.101 ns/op
Iteration  11: 2157.670 ns/op
Iteration  12: 2174.594 ns/op
Iteration  13: 2159.348 ns/op
Iteration  14: 2157.633 ns/op
Iteration  15: 2168.807 ns/op
Iteration  16: 2157.363 ns/op
Iteration  17: 2167.566 ns/op
Iteration  18: 2156.803 ns/op
Iteration  19: 2157.911 ns/op
Iteration  20: 2171.588 ns/op

# Run progress: 20.00% complete, ETA 00:03:22
# Fork: 3 of 5
# Warmup Iteration   1: 2825.236 ns/op
# Warmup Iteration   2: 2761.377 ns/op
# Warmup Iteration   3: 2755.051 ns/op
# Warmup Iteration   4: 2340.014 ns/op
# Warmup Iteration   5: 2338.717 ns/op
Iteration   1: 2359.620 ns/op
Iteration   2: 2337.974 ns/op
Iteration   3: 2367.689 ns/op
Iteration   4: 2338.806 ns/op
Iteration   5: 2338.103 ns/op
Iteration   6: 2375.577 ns/op
Iteration   7: 2338.708 ns/op
Iteration   8: 2388.334 ns/op
Iteration   9: 2337.632 ns/op
Iteration  10: 2339.558 ns/op
Iteration  11: 2403.332 ns/op
Iteration  12: 2340.213 ns/op
Iteration  13: 2339.525 ns/op
Iteration  14: 2348.325 ns/op
Iteration  15: 2339.032 ns/op
Iteration  16: 2350.044 ns/op
Iteration  17: 2338.402 ns/op
Iteration  18: 2339.196 ns/op
Iteration  19: 2348.870 ns/op
Iteration  20: 2339.676 ns/op

# Run progress: 30.00% complete, ETA 00:02:57
# Fork: 4 of 5
# Warmup Iteration   1: 2817.272 ns/op
# Warmup Iteration   2: 2769.672 ns/op
# Warmup Iteration   3: 2759.819 ns/op
# Warmup Iteration   4: 2324.763 ns/op
# Warmup Iteration   5: 2325.067 ns/op
Iteration   1: 2345.648 ns/op
Iteration   2: 2325.419 ns/op
Iteration   3: 2356.013 ns/op
Iteration   4: 2325.606 ns/op
Iteration   5: 2341.457 ns/op
Iteration   6: 2348.326 ns/op
Iteration   7: 2324.745 ns/op
Iteration   8: 2377.070 ns/op
Iteration   9: 2325.501 ns/op
Iteration  10: 2325.073 ns/op
Iteration  11: 2392.047 ns/op
Iteration  12: 2325.268 ns/op
Iteration  13: 2341.890 ns/op
Iteration  14: 2325.332 ns/op
Iteration  15: 2324.521 ns/op
Iteration  16: 2336.468 ns/op
Iteration  17: 2325.833 ns/op
Iteration  18: 2328.574 ns/op
Iteration  19: 2340.546 ns/op
Iteration  20: 2326.308 ns/op

# Run progress: 40.00% complete, ETA 00:02:31
# Fork: 5 of 5
# Warmup Iteration   1: 2833.908 ns/op
# Warmup Iteration   2: 2782.228 ns/op
# Warmup Iteration   3: 2782.629 ns/op
# Warmup Iteration   4: 2352.048 ns/op
# Warmup Iteration   5: 2351.446 ns/op
Iteration   1: 2375.199 ns/op
Iteration   2: 2353.113 ns/op
Iteration   3: 2382.037 ns/op
Iteration   4: 2351.300 ns/op
Iteration   5: 2352.177 ns/op
Iteration   6: 2391.831 ns/op
Iteration   7: 2352.196 ns/op
Iteration   8: 2403.448 ns/op
Iteration   9: 2350.531 ns/op
Iteration  10: 2353.031 ns/op
Iteration  11: 2417.064 ns/op
Iteration  12: 2363.474 ns/op
Iteration  13: 2361.208 ns/op
Iteration  14: 2362.526 ns/op
Iteration  15: 2351.619 ns/op
Iteration  16: 2360.649 ns/op
Iteration  17: 2352.477 ns/op
Iteration  18: 2353.036 ns/op
Iteration  19: 2363.868 ns/op
Iteration  20: 2353.625 ns/op


Result "benchmark.PrecompiledRegexSplit.regexSplit":
  2270.127 ±(99.9%) 34.875 ns/op [Average]
  (min, avg, max) = (2114.342, 2270.127, 2417.064), stdev = 102.831
  CI (99.9%): [2235.252, 2305.003] (assumes normal distribution)


# JMH version: 1.29
# VM version: JDK 11.0.10, OpenJDK 64-Bit Server VM, 11.0.10+9-Ubuntu-0ubuntu1.18.04
# VM invoker: /usr/lib/jvm/java-11-openjdk-amd64/bin/java
# VM options: -server -Xms2G -Xmx2G
# Blackhole mode: full + dont-inline hint
# Warmup: 5 iterations, 1 s each
# Measurement: 20 iterations, 1 s each
# Timeout: 10 min per iteration
# Threads: 1 thread, will synchronize iterations
# Benchmark mode: Average time, time/op
# Benchmark: benchmark.PrecompiledRegexSplit.stringSplit
# Parameters: (regex = \s*,\s*, trimmed = H09E2S cTu]
~ZhCRrM'\dg.Wu;ha4"PVcG%4yOGO9D`Z'6OC}%z'=^=UmwTdgzQtB{>#ekpA*x'R UI5}Fk('YoZC=	ViIp4q\VTHa,UZ9v"[t7.\({u=u+|6_xjT()

# Run progress: 50.00% complete, ETA 00:02:06
# Fork: 1 of 5
# Warmup Iteration   1: 2861.732 ns/op
# Warmup Iteration   2: 2739.510 ns/op
# Warmup Iteration   3: 2693.484 ns/op
# Warmup Iteration   4: 2293.756 ns/op
# Warmup Iteration   5: 2293.475 ns/op
Iteration   1: 2314.340 ns/op
Iteration   2: 2292.550 ns/op
Iteration   3: 2321.179 ns/op
Iteration   4: 2290.865 ns/op
Iteration   5: 2338.984 ns/op
Iteration   6: 2291.641 ns/op
Iteration   7: 2291.822 ns/op
Iteration   8: 2342.906 ns/op
Iteration   9: 2291.756 ns/op
Iteration  10: 2358.470 ns/op
Iteration  11: 2291.508 ns/op
Iteration  12: 2309.505 ns/op
Iteration  13: 2327.010 ns/op
Iteration  14: 2309.779 ns/op
Iteration  15: 2321.681 ns/op
Iteration  16: 2310.267 ns/op
Iteration  17: 2310.716 ns/op
Iteration  18: 2321.188 ns/op
Iteration  19: 2309.733 ns/op
Iteration  20: 2310.287 ns/op

# Run progress: 60.00% complete, ETA 00:01:41
# Fork: 2 of 5
# Warmup Iteration   1: 2601.544 ns/op
# Warmup Iteration   2: 2549.127 ns/op
# Warmup Iteration   3: 2391.613 ns/op
# Warmup Iteration   4: 2105.646 ns/op
# Warmup Iteration   5: 2125.050 ns/op
Iteration   1: 2104.972 ns/op
Iteration   2: 2133.987 ns/op
Iteration   3: 2113.753 ns/op
Iteration   4: 2141.304 ns/op
Iteration   5: 2104.051 ns/op
Iteration   6: 2104.329 ns/op
Iteration   7: 2152.135 ns/op
Iteration   8: 2106.377 ns/op
Iteration   9: 2164.768 ns/op
Iteration  10: 2105.100 ns/op
Iteration  11: 2123.127 ns/op
Iteration  12: 2104.793 ns/op
Iteration  13: 2104.926 ns/op
Iteration  14: 2116.985 ns/op
Iteration  15: 2105.707 ns/op
Iteration  16: 2117.004 ns/op
Iteration  17: 2106.916 ns/op
Iteration  18: 2118.958 ns/op
Iteration  19: 2105.594 ns/op
Iteration  20: 2106.035 ns/op

# Run progress: 70.00% complete, ETA 00:01:15
# Fork: 3 of 5
# Warmup Iteration   1: 2640.512 ns/op
# Warmup Iteration   2: 2549.861 ns/op
# Warmup Iteration   3: 2403.352 ns/op
# Warmup Iteration   4: 2100.460 ns/op
# Warmup Iteration   5: 2118.846 ns/op
Iteration   1: 2099.808 ns/op
Iteration   2: 2125.755 ns/op
Iteration   3: 2099.788 ns/op
Iteration   4: 2135.548 ns/op
Iteration   5: 2099.692 ns/op
Iteration   6: 2100.070 ns/op
Iteration   7: 2146.756 ns/op
Iteration   8: 2099.588 ns/op
Iteration   9: 2159.408 ns/op
Iteration  10: 2099.809 ns/op
Iteration  11: 2111.495 ns/op
Iteration  12: 2098.620 ns/op
Iteration  13: 2099.020 ns/op
Iteration  14: 2114.015 ns/op
Iteration  15: 2105.644 ns/op
Iteration  16: 2113.928 ns/op
Iteration  17: 2099.441 ns/op
Iteration  18: 2116.042 ns/op
Iteration  19: 2099.078 ns/op
Iteration  20: 2099.199 ns/op

# Run progress: 80.00% complete, ETA 00:00:50
# Fork: 4 of 5
# Warmup Iteration   1: 2595.962 ns/op
# Warmup Iteration   2: 2543.696 ns/op
# Warmup Iteration   3: 2391.210 ns/op
# Warmup Iteration   4: 2103.677 ns/op
# Warmup Iteration   5: 2122.674 ns/op
Iteration   1: 2103.264 ns/op
Iteration   2: 2130.270 ns/op
Iteration   3: 2102.799 ns/op
Iteration   4: 2137.385 ns/op
Iteration   5: 2102.877 ns/op
Iteration   6: 2104.348 ns/op
Iteration   7: 2149.122 ns/op
Iteration   8: 2103.506 ns/op
Iteration   9: 2162.602 ns/op
Iteration  10: 2102.575 ns/op
Iteration  11: 2116.267 ns/op
Iteration  12: 2111.217 ns/op
Iteration  13: 2108.647 ns/op
Iteration  14: 2113.187 ns/op
Iteration  15: 2103.074 ns/op
Iteration  16: 2113.885 ns/op
Iteration  17: 2102.573 ns/op
Iteration  18: 2115.821 ns/op
Iteration  19: 2102.257 ns/op
Iteration  20: 2103.689 ns/op

# Run progress: 90.00% complete, ETA 00:00:25
# Fork: 5 of 5
# Warmup Iteration   1: 2645.423 ns/op
# Warmup Iteration   2: 2543.476 ns/op
# Warmup Iteration   3: 2395.359 ns/op
# Warmup Iteration   4: 2098.150 ns/op
# Warmup Iteration   5: 2120.292 ns/op
Iteration   1: 2098.135 ns/op
Iteration   2: 2125.428 ns/op
Iteration   3: 2097.635 ns/op
Iteration   4: 2132.670 ns/op
Iteration   5: 2098.340 ns/op
Iteration   6: 2098.175 ns/op
Iteration   7: 2144.470 ns/op
Iteration   8: 2098.175 ns/op
Iteration   9: 2155.318 ns/op
Iteration  10: 2098.066 ns/op
Iteration  11: 2113.702 ns/op
Iteration  12: 2098.017 ns/op
Iteration  13: 2098.254 ns/op
Iteration  14: 2106.580 ns/op
Iteration  15: 2097.574 ns/op
Iteration  16: 2117.408 ns/op
Iteration  17: 2097.547 ns/op
Iteration  18: 2108.361 ns/op
Iteration  19: 2097.514 ns/op
Iteration  20: 2098.282 ns/op


Result "benchmark.PrecompiledRegexSplit.stringSplit":
  2152.887 ±(99.9%) 27.907 ns/op [Average]
  (min, avg, max) = (2097.514, 2152.887, 2358.470), stdev = 82.286
  CI (99.9%): [2124.980, 2180.795] (assumes normal distribution)


# Run complete. Total time: 00:04:13

REMEMBER: The numbers below are just data. To gain reusable insights, you need to follow up on
why the numbers are the way they are. Use profilers (see -prof, -lprof), design factorial
experiments, perform baseline and negative tests that provide experimental control, make sure
the benchmarking environment is safe on JVM/OS/HW level, ask for reviews from the domain experts.
Do not assume the numbers tell you what you want them to tell.

Benchmark                          (regex)                                                                                                                              (trimmed)  Mode  Cnt     Score    Error  Units
PrecompiledRegexSplit.regexSplit   \s*,\s*  H09E2S cTu]
~ZhCRrM'\dg.Wu;ha4"PVcG%4yOGO9D`Z'6OC}%z'=^=UmwTdgzQtB{>#ekpA*x'R UI5}Fk('YoZC=	ViIp4q\VTHa,UZ9v"[t7.\({u=u+|6_xjT(  avgt  100  2270.127 ± 34.875  ns/op
PrecompiledRegexSplit.stringSplit  \s*,\s*  H09E2S cTu]
~ZhCRrM'\dg.Wu;ha4"PVcG%4yOGO9D`Z'6OC}%z'=^=UmwTdgzQtB{>#ekpA*x'R UI5}Fk('YoZC=	ViIp4q\VTHa,UZ9v"[t7.\({u=u+|6_xjT(  avgt  100  2152.887 ± 27.907  ns/op

Benchmark result is saved to split_precompiled_regex_174_133_NonMatch.csv
