# JMH version: 1.29
# VM version: JDK 11.0.10, OpenJDK 64-Bit Server VM, 11.0.10+9-Ubuntu-0ubuntu1.18.04
# VM invoker: /usr/lib/jvm/java-11-openjdk-amd64/bin/java
# VM options: -server -Xms2G -Xmx2G
# Blackhole mode: full + dont-inline hint
# Warmup: 5 iterations, 1 s each
# Measurement: 20 iterations, 1 s each
# Timeout: 10 min per iteration
# Threads: 1 thread, will synchronize iterations
# Benchmark mode: Average time, time/op
# Benchmark: benchmark.PrecompiledRegexSplit.regexSplit
# Parameters: (regex = \s*,\s*, trimmed = n>.,%[OiPD+Oj4vB`G<e-l//(/&m
scT"hTt4xXJ}p&gf:qN3[d4p4*ghQ_IaF7']G'8,85WF8Dmk^`(!|v~}_U6)|T9d1wGDf^DX?Tq~wZ !"{-9g$VLuvbFiG2:!TX{jq\tn-%]oU5TSrq2.tcIxwjyS[@%sIr}h\@!fWE_j[]?;:Eng2Pa8<C6thmO8/TsAZ;WCo5hXI`:#23	
]w_VIMI_U$7=Gd*p7`YJ6;4{wG -P-'0DI9x-l\FRUsm0Am5)

# Run progress: 0.00% complete, ETA 00:04:10
# Fork: 1 of 5
# Warmup Iteration   1: 4933.390 ns/op
# Warmup Iteration   2: 4808.359 ns/op
# Warmup Iteration   3: 4793.593 ns/op
# Warmup Iteration   4: 4787.607 ns/op
# Warmup Iteration   5: 4522.153 ns/op
Iteration   1: 4298.833 ns/op
Iteration   2: 4297.933 ns/op
Iteration   3: 4298.532 ns/op
Iteration   4: 4337.190 ns/op
Iteration   5: 4295.994 ns/op
Iteration   6: 4296.173 ns/op
Iteration   7: 4352.123 ns/op
Iteration   8: 4298.371 ns/op
Iteration   9: 4297.692 ns/op
Iteration  10: 4298.309 ns/op
Iteration  11: 4372.249 ns/op
Iteration  12: 4298.564 ns/op
Iteration  13: 4298.724 ns/op
Iteration  14: 4298.317 ns/op
Iteration  15: 4390.923 ns/op
Iteration  16: 4299.227 ns/op
Iteration  17: 4298.403 ns/op
Iteration  18: 4298.425 ns/op
Iteration  19: 4421.556 ns/op
Iteration  20: 4306.916 ns/op

# Run progress: 10.00% complete, ETA 00:03:48
# Fork: 2 of 5
# Warmup Iteration   1: 4919.130 ns/op
# Warmup Iteration   2: 4823.284 ns/op
# Warmup Iteration   3: 4804.770 ns/op
# Warmup Iteration   4: 4806.022 ns/op
# Warmup Iteration   5: 4550.763 ns/op
Iteration   1: 4313.383 ns/op
Iteration   2: 4312.103 ns/op
Iteration   3: 4313.001 ns/op
Iteration   4: 4353.710 ns/op
Iteration   5: 4316.011 ns/op
Iteration   6: 4313.819 ns/op
Iteration   7: 4367.130 ns/op
Iteration   8: 4313.463 ns/op
Iteration   9: 4312.622 ns/op
Iteration  10: 4312.618 ns/op
Iteration  11: 4387.314 ns/op
Iteration  12: 4319.432 ns/op
Iteration  13: 4318.190 ns/op
Iteration  14: 4318.292 ns/op
Iteration  15: 4410.327 ns/op
Iteration  16: 4312.781 ns/op
Iteration  17: 4313.344 ns/op
Iteration  18: 4312.473 ns/op
Iteration  19: 4432.681 ns/op
Iteration  20: 4326.094 ns/op

# Run progress: 20.00% complete, ETA 00:03:22
# Fork: 3 of 5
# Warmup Iteration   1: 4808.129 ns/op
# Warmup Iteration   2: 4715.948 ns/op
# Warmup Iteration   3: 4704.952 ns/op
# Warmup Iteration   4: 4702.930 ns/op
# Warmup Iteration   5: 4396.648 ns/op
Iteration   1: 4222.527 ns/op
Iteration   2: 4215.218 ns/op
Iteration   3: 4250.411 ns/op
Iteration   4: 4213.389 ns/op
Iteration   5: 4212.336 ns/op
Iteration   6: 4211.959 ns/op
Iteration   7: 4263.519 ns/op
Iteration   8: 4212.703 ns/op
Iteration   9: 4211.634 ns/op
Iteration  10: 4214.234 ns/op
Iteration  11: 4280.755 ns/op
Iteration  12: 4210.115 ns/op
Iteration  13: 4210.583 ns/op
Iteration  14: 4210.476 ns/op
Iteration  15: 4300.292 ns/op
Iteration  16: 4210.187 ns/op
Iteration  17: 4210.091 ns/op
Iteration  18: 4210.903 ns/op
Iteration  19: 4327.972 ns/op
Iteration  20: 4211.872 ns/op

# Run progress: 30.00% complete, ETA 00:02:57
# Fork: 4 of 5
# Warmup Iteration   1: 4808.846 ns/op
# Warmup Iteration   2: 4737.387 ns/op
# Warmup Iteration   3: 4725.302 ns/op
# Warmup Iteration   4: 4720.619 ns/op
# Warmup Iteration   5: 4403.703 ns/op
Iteration   1: 4226.478 ns/op
Iteration   2: 4226.164 ns/op
Iteration   3: 4265.710 ns/op
Iteration   4: 4225.900 ns/op
Iteration   5: 4226.427 ns/op
Iteration   6: 4226.214 ns/op
Iteration   7: 4277.277 ns/op
Iteration   8: 4228.644 ns/op
Iteration   9: 4227.652 ns/op
Iteration  10: 4227.868 ns/op
Iteration  11: 4296.116 ns/op
Iteration  12: 4227.870 ns/op
Iteration  13: 4227.744 ns/op
Iteration  14: 4227.687 ns/op
Iteration  15: 4317.935 ns/op
Iteration  16: 4226.764 ns/op
Iteration  17: 4226.929 ns/op
Iteration  18: 4226.450 ns/op
Iteration  19: 4343.711 ns/op
Iteration  20: 4226.635 ns/op

# Run progress: 40.00% complete, ETA 00:02:31
# Fork: 5 of 5
# Warmup Iteration   1: 4875.919 ns/op
# Warmup Iteration   2: 4808.872 ns/op
# Warmup Iteration   3: 4794.192 ns/op
# Warmup Iteration   4: 4793.074 ns/op
# Warmup Iteration   5: 4502.142 ns/op
Iteration   1: 4303.452 ns/op
Iteration   2: 4303.730 ns/op
Iteration   3: 4303.297 ns/op
Iteration   4: 4341.661 ns/op
Iteration   5: 4303.186 ns/op
Iteration   6: 4303.250 ns/op
Iteration   7: 4356.340 ns/op
Iteration   8: 4303.481 ns/op
Iteration   9: 4307.664 ns/op
Iteration  10: 4313.824 ns/op
Iteration  11: 4384.632 ns/op
Iteration  12: 4310.498 ns/op
Iteration  13: 4304.369 ns/op
Iteration  14: 4302.092 ns/op
Iteration  15: 4396.071 ns/op
Iteration  16: 4302.127 ns/op
Iteration  17: 4301.673 ns/op
Iteration  18: 4301.780 ns/op
Iteration  19: 4425.701 ns/op
Iteration  20: 4300.105 ns/op


Result "benchmark.PrecompiledRegexSplit.regexSplit":
  4290.195 ±(99.9%) 19.055 ns/op [Average]
  (min, avg, max) = (4210.091, 4290.195, 4432.681), stdev = 56.183
  CI (99.9%): [4271.140, 4309.250] (assumes normal distribution)


# JMH version: 1.29
# VM version: JDK 11.0.10, OpenJDK 64-Bit Server VM, 11.0.10+9-Ubuntu-0ubuntu1.18.04
# VM invoker: /usr/lib/jvm/java-11-openjdk-amd64/bin/java
# VM options: -server -Xms2G -Xmx2G
# Blackhole mode: full + dont-inline hint
# Warmup: 5 iterations, 1 s each
# Measurement: 20 iterations, 1 s each
# Timeout: 10 min per iteration
# Threads: 1 thread, will synchronize iterations
# Benchmark mode: Average time, time/op
# Benchmark: benchmark.PrecompiledRegexSplit.stringSplit
# Parameters: (regex = \s*,\s*, trimmed = n>.,%[OiPD+Oj4vB`G<e-l//(/&m
scT"hTt4xXJ}p&gf:qN3[d4p4*ghQ_IaF7']G'8,85WF8Dmk^`(!|v~}_U6)|T9d1wGDf^DX?Tq~wZ !"{-9g$VLuvbFiG2:!TX{jq\tn-%]oU5TSrq2.tcIxwjyS[@%sIr}h\@!fWE_j[]?;:Eng2Pa8<C6thmO8/TsAZ;WCo5hXI`:#23	
]w_VIMI_U$7=Gd*p7`YJ6;4{wG -P-'0DI9x-l\FRUsm0Am5)

# Run progress: 50.00% complete, ETA 00:02:06
# Fork: 1 of 5
# Warmup Iteration   1: 5001.214 ns/op
# Warmup Iteration   2: 4831.605 ns/op
# Warmup Iteration   3: 4820.631 ns/op
# Warmup Iteration   4: 4819.900 ns/op
# Warmup Iteration   5: 4533.184 ns/op
Iteration   1: 4326.872 ns/op
Iteration   2: 4325.253 ns/op
Iteration   3: 4366.843 ns/op
Iteration   4: 4325.466 ns/op
Iteration   5: 4327.336 ns/op
Iteration   6: 4326.207 ns/op
Iteration   7: 4379.330 ns/op
Iteration   8: 4326.455 ns/op
Iteration   9: 4324.128 ns/op
Iteration  10: 4325.691 ns/op
Iteration  11: 4398.187 ns/op
Iteration  12: 4326.460 ns/op
Iteration  13: 4325.889 ns/op
Iteration  14: 4326.685 ns/op
Iteration  15: 4418.743 ns/op
Iteration  16: 4327.038 ns/op
Iteration  17: 4325.860 ns/op
Iteration  18: 4326.651 ns/op
Iteration  19: 4446.795 ns/op
Iteration  20: 4327.712 ns/op

# Run progress: 60.00% complete, ETA 00:01:41
# Fork: 2 of 5
# Warmup Iteration   1: 4990.799 ns/op
# Warmup Iteration   2: 4821.037 ns/op
# Warmup Iteration   3: 4813.448 ns/op
# Warmup Iteration   4: 4811.549 ns/op
# Warmup Iteration   5: 4508.389 ns/op
Iteration   1: 4314.136 ns/op
Iteration   2: 4312.406 ns/op
Iteration   3: 4352.076 ns/op
Iteration   4: 4313.604 ns/op
Iteration   5: 4311.629 ns/op
Iteration   6: 4313.351 ns/op
Iteration   7: 4366.583 ns/op
Iteration   8: 4311.865 ns/op
Iteration   9: 4313.577 ns/op
Iteration  10: 4312.316 ns/op
Iteration  11: 4381.648 ns/op
Iteration  12: 4312.928 ns/op
Iteration  13: 4311.449 ns/op
Iteration  14: 4313.391 ns/op
Iteration  15: 4411.349 ns/op
Iteration  16: 4310.729 ns/op
Iteration  17: 4311.715 ns/op
Iteration  18: 4312.804 ns/op
Iteration  19: 4430.010 ns/op
Iteration  20: 4312.641 ns/op

# Run progress: 70.00% complete, ETA 00:01:15
# Fork: 3 of 5
# Warmup Iteration   1: 4985.564 ns/op
# Warmup Iteration   2: 4812.699 ns/op
# Warmup Iteration   3: 4807.295 ns/op
# Warmup Iteration   4: 4808.460 ns/op
# Warmup Iteration   5: 4506.476 ns/op
Iteration   1: 4311.639 ns/op
Iteration   2: 4313.368 ns/op
Iteration   3: 4352.824 ns/op
Iteration   4: 4310.645 ns/op
Iteration   5: 4311.270 ns/op
Iteration   6: 4313.767 ns/op
Iteration   7: 4363.930 ns/op
Iteration   8: 4311.064 ns/op
Iteration   9: 4312.276 ns/op
Iteration  10: 4313.014 ns/op
Iteration  11: 4391.140 ns/op
Iteration  12: 4318.802 ns/op
Iteration  13: 4318.168 ns/op
Iteration  14: 4319.838 ns/op
Iteration  15: 4406.890 ns/op
Iteration  16: 4312.271 ns/op
Iteration  17: 4313.032 ns/op
Iteration  18: 4312.520 ns/op
Iteration  19: 4427.426 ns/op
Iteration  20: 4310.136 ns/op

# Run progress: 80.00% complete, ETA 00:00:50
# Fork: 4 of 5
# Warmup Iteration   1: 4997.750 ns/op
# Warmup Iteration   2: 4815.893 ns/op
# Warmup Iteration   3: 4807.852 ns/op
# Warmup Iteration   4: 4807.362 ns/op
# Warmup Iteration   5: 4513.074 ns/op
Iteration   1: 4323.628 ns/op
Iteration   2: 4321.076 ns/op
Iteration   3: 4361.196 ns/op
Iteration   4: 4321.009 ns/op
Iteration   5: 4322.445 ns/op
Iteration   6: 4321.439 ns/op
Iteration   7: 4373.024 ns/op
Iteration   8: 4320.116 ns/op
Iteration   9: 4320.278 ns/op
Iteration  10: 4318.953 ns/op
Iteration  11: 4388.431 ns/op
Iteration  12: 4320.865 ns/op
Iteration  13: 4321.367 ns/op
Iteration  14: 4319.844 ns/op
Iteration  15: 4411.003 ns/op
Iteration  16: 4316.453 ns/op
Iteration  17: 4316.606 ns/op
Iteration  18: 4316.019 ns/op
Iteration  19: 4436.285 ns/op
Iteration  20: 4321.022 ns/op

# Run progress: 90.00% complete, ETA 00:00:25
# Fork: 5 of 5
# Warmup Iteration   1: 5012.504 ns/op
# Warmup Iteration   2: 4821.586 ns/op
# Warmup Iteration   3: 4804.401 ns/op
# Warmup Iteration   4: 4804.779 ns/op
# Warmup Iteration   5: 4515.838 ns/op
Iteration   1: 4308.780 ns/op
Iteration   2: 4306.695 ns/op
Iteration   3: 4354.799 ns/op
Iteration   4: 4312.986 ns/op
Iteration   5: 4310.002 ns/op
Iteration   6: 4310.211 ns/op
Iteration   7: 4359.046 ns/op
Iteration   8: 4309.577 ns/op
Iteration   9: 4307.920 ns/op
Iteration  10: 4309.088 ns/op
Iteration  11: 4378.242 ns/op
Iteration  12: 4308.396 ns/op
Iteration  13: 4308.631 ns/op
Iteration  14: 4308.564 ns/op
Iteration  15: 4400.390 ns/op
Iteration  16: 4307.938 ns/op
Iteration  17: 4307.905 ns/op
Iteration  18: 4309.049 ns/op
Iteration  19: 4425.330 ns/op
Iteration  20: 4308.810 ns/op


Result "benchmark.PrecompiledRegexSplit.stringSplit":
  4335.012 ±(99.9%) 12.220 ns/op [Average]
  (min, avg, max) = (4306.695, 4335.012, 4446.795), stdev = 36.032
  CI (99.9%): [4322.792, 4347.233] (assumes normal distribution)


# Run complete. Total time: 00:04:13

REMEMBER: The numbers below are just data. To gain reusable insights, you need to follow up on
why the numbers are the way they are. Use profilers (see -prof, -lprof), design factorial
experiments, perform baseline and negative tests that provide experimental control, make sure
the benchmarking environment is safe on JVM/OS/HW level, ask for reviews from the domain experts.
Do not assume the numbers tell you what you want them to tell.

Benchmark                          (regex)                                                                                                                                                                                                                                                               (trimmed)  Mode  Cnt     Score    Error  Units
PrecompiledRegexSplit.regexSplit   \s*,\s*  n>.,%[OiPD+Oj4vB`G<e-l//(/&m
scT"hTt4xXJ}p&gf:qN3[d4p4*ghQ_IaF7']G'8,85WF8Dmk^`(!|v~}_U6)|T9d1wGDf^DX?Tq~wZ !"{-9g$VLuvbFiG2:!TX{jq\tn-%]oU5TSrq2.tcIxwjyS[@%sIr}h\@!fWE_j[]?;:Eng2Pa8<C6thmO8/TsAZ;WCo5hXI`:#23	
]w_VIMI_U$7=Gd*p7`YJ6;4{wG -P-'0DI9x-l\FRUsm0Am5  avgt  100  4290.195 ± 19.055  ns/op
PrecompiledRegexSplit.stringSplit  \s*,\s*  n>.,%[OiPD+Oj4vB`G<e-l//(/&m
scT"hTt4xXJ}p&gf:qN3[d4p4*ghQ_IaF7']G'8,85WF8Dmk^`(!|v~}_U6)|T9d1wGDf^DX?Tq~wZ !"{-9g$VLuvbFiG2:!TX{jq\tn-%]oU5TSrq2.tcIxwjyS[@%sIr}h\@!fWE_j[]?;:Eng2Pa8<C6thmO8/TsAZ;WCo5hXI`:#23	
]w_VIMI_U$7=Gd*p7`YJ6;4{wG -P-'0DI9x-l\FRUsm0Am5  avgt  100  4335.012 ± 12.220  ns/op

Benchmark result is saved to split_precompiled_regex_121_262_NonMatch.csv
