# JMH version: 1.29
# VM version: JDK 11.0.10, OpenJDK 64-Bit Server VM, 11.0.10+9-Ubuntu-0ubuntu1.18.04
# VM invoker: /usr/lib/jvm/java-11-openjdk-amd64/bin/java
# VM options: -server -Xms2G -Xmx2G
# Blackhole mode: full + dont-inline hint
# Warmup: 5 iterations, 1 s each
# Measurement: 20 iterations, 1 s each
# Timeout: 10 min per iteration
# Threads: 1 thread, will synchronize iterations
# Benchmark mode: Average time, time/op
# Benchmark: benchmark.PrecompiledRegexSplit.regexSplit
# Parameters: (regex = \s*,\s*, trimmed = S!/6ojXDu=8=zy#4Q4?n*-N={}sqn jo3_e""^R>v6~dt[$4[HpQ]6O"MOqA*F
F@9?#R;'S'glJ7@[)c[BgcTr<R &	K4W|b>}(WqNS^\u6D'cn^sudRpR^#
rPAfwahOg6&./Vzd
=]x(	i<~$c9o^.9}/HY)cRD~FYg6Rsp+OmL>'|O;o[S<t~j[>CglEXl[a~Ln~ZPY'An#DYi)

# Run progress: 0.00% complete, ETA 00:04:10
# Fork: 1 of 5
# Warmup Iteration   1: 2549.335 ns/op
# Warmup Iteration   2: 2519.388 ns/op
# Warmup Iteration   3: 2498.684 ns/op
# Warmup Iteration   4: 2359.653 ns/op
# Warmup Iteration   5: 2172.249 ns/op
Iteration   1: 2172.249 ns/op
Iteration   2: 2193.680 ns/op
Iteration   3: 2172.236 ns/op
Iteration   4: 2179.550 ns/op
Iteration   5: 2207.006 ns/op
Iteration   6: 2176.520 ns/op
Iteration   7: 2173.425 ns/op
Iteration   8: 2208.567 ns/op
Iteration   9: 2172.720 ns/op
Iteration  10: 2171.819 ns/op
Iteration  11: 2219.268 ns/op
Iteration  12: 2172.830 ns/op
Iteration  13: 2171.841 ns/op
Iteration  14: 2235.986 ns/op
Iteration  15: 2172.712 ns/op
Iteration  16: 2171.798 ns/op
Iteration  17: 2183.252 ns/op
Iteration  18: 2172.328 ns/op
Iteration  19: 2172.342 ns/op
Iteration  20: 2172.679 ns/op

# Run progress: 10.00% complete, ETA 00:03:48
# Fork: 2 of 5
# Warmup Iteration   1: 2540.501 ns/op
# Warmup Iteration   2: 2510.415 ns/op
# Warmup Iteration   3: 2498.366 ns/op
# Warmup Iteration   4: 2342.320 ns/op
# Warmup Iteration   5: 2173.719 ns/op
Iteration   1: 2173.923 ns/op
Iteration   2: 2193.281 ns/op
Iteration   3: 2174.271 ns/op
Iteration   4: 2172.830 ns/op
Iteration   5: 2200.517 ns/op
Iteration   6: 2173.882 ns/op
Iteration   7: 2174.184 ns/op
Iteration   8: 2209.604 ns/op
Iteration   9: 2173.683 ns/op
Iteration  10: 2174.193 ns/op
Iteration  11: 2221.200 ns/op
Iteration  12: 2174.139 ns/op
Iteration  13: 2175.050 ns/op
Iteration  14: 2234.823 ns/op
Iteration  15: 2174.742 ns/op
Iteration  16: 2174.971 ns/op
Iteration  17: 2190.134 ns/op
Iteration  18: 2174.006 ns/op
Iteration  19: 2174.374 ns/op
Iteration  20: 2175.454 ns/op

# Run progress: 20.00% complete, ETA 00:03:22
# Fork: 3 of 5
# Warmup Iteration   1: 2538.937 ns/op
# Warmup Iteration   2: 2511.064 ns/op
# Warmup Iteration   3: 2497.076 ns/op
# Warmup Iteration   4: 2349.269 ns/op
# Warmup Iteration   5: 2177.068 ns/op
Iteration   1: 2174.636 ns/op
Iteration   2: 2195.847 ns/op
Iteration   3: 2174.740 ns/op
Iteration   4: 2175.329 ns/op
Iteration   5: 2202.098 ns/op
Iteration   6: 2174.909 ns/op
Iteration   7: 2174.758 ns/op
Iteration   8: 2213.100 ns/op
Iteration   9: 2174.849 ns/op
Iteration  10: 2174.680 ns/op
Iteration  11: 2224.186 ns/op
Iteration  12: 2174.446 ns/op
Iteration  13: 2176.809 ns/op
Iteration  14: 2239.600 ns/op
Iteration  15: 2178.342 ns/op
Iteration  16: 2177.210 ns/op
Iteration  17: 2187.480 ns/op
Iteration  18: 2174.554 ns/op
Iteration  19: 2175.650 ns/op
Iteration  20: 2175.881 ns/op

# Run progress: 30.00% complete, ETA 00:02:57
# Fork: 4 of 5
# Warmup Iteration   1: 2549.774 ns/op
# Warmup Iteration   2: 2514.715 ns/op
# Warmup Iteration   3: 2506.525 ns/op
# Warmup Iteration   4: 2361.548 ns/op
# Warmup Iteration   5: 2181.200 ns/op
Iteration   1: 2181.492 ns/op
Iteration   2: 2201.629 ns/op
Iteration   3: 2181.785 ns/op
Iteration   4: 2182.164 ns/op
Iteration   5: 2209.205 ns/op
Iteration   6: 2181.129 ns/op
Iteration   7: 2181.533 ns/op
Iteration   8: 2216.308 ns/op
Iteration   9: 2180.726 ns/op
Iteration  10: 2181.200 ns/op
Iteration  11: 2228.319 ns/op
Iteration  12: 2181.316 ns/op
Iteration  13: 2181.875 ns/op
Iteration  14: 2244.184 ns/op
Iteration  15: 2181.179 ns/op
Iteration  16: 2182.247 ns/op
Iteration  17: 2182.265 ns/op
Iteration  18: 2192.991 ns/op
Iteration  19: 2181.987 ns/op
Iteration  20: 2182.009 ns/op

# Run progress: 40.00% complete, ETA 00:02:31
# Fork: 5 of 5
# Warmup Iteration   1: 2552.552 ns/op
# Warmup Iteration   2: 2512.448 ns/op
# Warmup Iteration   3: 2506.789 ns/op
# Warmup Iteration   4: 2357.469 ns/op
# Warmup Iteration   5: 2179.874 ns/op
Iteration   1: 2179.916 ns/op
Iteration   2: 2203.557 ns/op
Iteration   3: 2180.676 ns/op
Iteration   4: 2181.139 ns/op
Iteration   5: 2208.226 ns/op
Iteration   6: 2181.876 ns/op
Iteration   7: 2180.480 ns/op
Iteration   8: 2217.641 ns/op
Iteration   9: 2180.586 ns/op
Iteration  10: 2180.681 ns/op
Iteration  11: 2233.079 ns/op
Iteration  12: 2178.489 ns/op
Iteration  13: 2180.223 ns/op
Iteration  14: 2240.492 ns/op
Iteration  15: 2178.197 ns/op
Iteration  16: 2178.919 ns/op
Iteration  17: 2193.438 ns/op
Iteration  18: 2178.724 ns/op
Iteration  19: 2179.612 ns/op
Iteration  20: 2180.130 ns/op


Result "benchmark.PrecompiledRegexSplit.regexSplit":
  2187.328 ±(99.9%) 6.372 ns/op [Average]
  (min, avg, max) = (2171.798, 2187.328, 2244.184), stdev = 18.787
  CI (99.9%): [2180.956, 2193.700] (assumes normal distribution)


# JMH version: 1.29
# VM version: JDK 11.0.10, OpenJDK 64-Bit Server VM, 11.0.10+9-Ubuntu-0ubuntu1.18.04
# VM invoker: /usr/lib/jvm/java-11-openjdk-amd64/bin/java
# VM options: -server -Xms2G -Xmx2G
# Blackhole mode: full + dont-inline hint
# Warmup: 5 iterations, 1 s each
# Measurement: 20 iterations, 1 s each
# Timeout: 10 min per iteration
# Threads: 1 thread, will synchronize iterations
# Benchmark mode: Average time, time/op
# Benchmark: benchmark.PrecompiledRegexSplit.stringSplit
# Parameters: (regex = \s*,\s*, trimmed = S!/6ojXDu=8=zy#4Q4?n*-N={}sqn jo3_e""^R>v6~dt[$4[HpQ]6O"MOqA*F
F@9?#R;'S'glJ7@[)c[BgcTr<R &	K4W|b>}(WqNS^\u6D'cn^sudRpR^#
rPAfwahOg6&./Vzd
=]x(	i<~$c9o^.9}/HY)cRD~FYg6Rsp+OmL>'|O;o[S<t~j[>CglEXl[a~Ln~ZPY'An#DYi)

# Run progress: 50.00% complete, ETA 00:02:06
# Fork: 1 of 5
# Warmup Iteration   1: 2541.189 ns/op
# Warmup Iteration   2: 2513.014 ns/op
# Warmup Iteration   3: 2507.034 ns/op
# Warmup Iteration   4: 2356.139 ns/op
# Warmup Iteration   5: 2187.151 ns/op
Iteration   1: 2184.573 ns/op
Iteration   2: 2205.281 ns/op
Iteration   3: 2185.305 ns/op
Iteration   4: 2185.511 ns/op
Iteration   5: 2211.962 ns/op
Iteration   6: 2184.870 ns/op
Iteration   7: 2184.925 ns/op
Iteration   8: 2220.498 ns/op
Iteration   9: 2184.036 ns/op
Iteration  10: 2184.423 ns/op
Iteration  11: 2229.829 ns/op
Iteration  12: 2185.233 ns/op
Iteration  13: 2185.280 ns/op
Iteration  14: 2244.057 ns/op
Iteration  15: 2185.814 ns/op
Iteration  16: 2184.922 ns/op
Iteration  17: 2199.711 ns/op
Iteration  18: 2185.020 ns/op
Iteration  19: 2186.267 ns/op
Iteration  20: 2186.469 ns/op

# Run progress: 60.00% complete, ETA 00:01:41
# Fork: 2 of 5
# Warmup Iteration   1: 2540.125 ns/op
# Warmup Iteration   2: 2510.992 ns/op
# Warmup Iteration   3: 2506.194 ns/op
# Warmup Iteration   4: 2353.757 ns/op
# Warmup Iteration   5: 2180.138 ns/op
Iteration   1: 2180.103 ns/op
Iteration   2: 2197.505 ns/op
Iteration   3: 2178.514 ns/op
Iteration   4: 2179.706 ns/op
Iteration   5: 2204.569 ns/op
Iteration   6: 2178.481 ns/op
Iteration   7: 2176.378 ns/op
Iteration   8: 2211.604 ns/op
Iteration   9: 2177.949 ns/op
Iteration  10: 2178.673 ns/op
Iteration  11: 2229.879 ns/op
Iteration  12: 2177.974 ns/op
Iteration  13: 2178.781 ns/op
Iteration  14: 2253.110 ns/op
Iteration  15: 2182.667 ns/op
Iteration  16: 2180.967 ns/op
Iteration  17: 2195.331 ns/op
Iteration  18: 2179.351 ns/op
Iteration  19: 2179.516 ns/op
Iteration  20: 2181.226 ns/op

# Run progress: 70.00% complete, ETA 00:01:15
# Fork: 3 of 5
# Warmup Iteration   1: 2553.695 ns/op
# Warmup Iteration   2: 2508.973 ns/op
# Warmup Iteration   3: 2496.772 ns/op
# Warmup Iteration   4: 2343.942 ns/op
# Warmup Iteration   5: 2173.328 ns/op
Iteration   1: 2173.200 ns/op
Iteration   2: 2192.384 ns/op
Iteration   3: 2173.132 ns/op
Iteration   4: 2174.435 ns/op
Iteration   5: 2201.006 ns/op
Iteration   6: 2172.257 ns/op
Iteration   7: 2171.577 ns/op
Iteration   8: 2215.837 ns/op
Iteration   9: 2176.869 ns/op
Iteration  10: 2177.522 ns/op
Iteration  11: 2220.573 ns/op
Iteration  12: 2172.699 ns/op
Iteration  13: 2173.678 ns/op
Iteration  14: 2236.581 ns/op
Iteration  15: 2172.089 ns/op
Iteration  16: 2172.421 ns/op
Iteration  17: 2194.050 ns/op
Iteration  18: 2171.524 ns/op
Iteration  19: 2170.735 ns/op
Iteration  20: 2171.526 ns/op

# Run progress: 80.00% complete, ETA 00:00:50
# Fork: 4 of 5
# Warmup Iteration   1: 2504.325 ns/op
# Warmup Iteration   2: 2470.423 ns/op
# Warmup Iteration   3: 2466.913 ns/op
# Warmup Iteration   4: 2301.427 ns/op
# Warmup Iteration   5: 2144.448 ns/op
Iteration   1: 2144.622 ns/op
Iteration   2: 2163.684 ns/op
Iteration   3: 2144.037 ns/op
Iteration   4: 2144.295 ns/op
Iteration   5: 2172.243 ns/op
Iteration   6: 2144.649 ns/op
Iteration   7: 2145.204 ns/op
Iteration   8: 2179.091 ns/op
Iteration   9: 2144.609 ns/op
Iteration  10: 2144.751 ns/op
Iteration  11: 2190.724 ns/op
Iteration  12: 2144.902 ns/op
Iteration  13: 2144.824 ns/op
Iteration  14: 2204.298 ns/op
Iteration  15: 2144.171 ns/op
Iteration  16: 2144.395 ns/op
Iteration  17: 2156.588 ns/op
Iteration  18: 2144.285 ns/op
Iteration  19: 2144.814 ns/op
Iteration  20: 2155.983 ns/op

# Run progress: 90.00% complete, ETA 00:00:25
# Fork: 5 of 5
# Warmup Iteration   1: 2539.887 ns/op
# Warmup Iteration   2: 2508.323 ns/op
# Warmup Iteration   3: 2503.448 ns/op
# Warmup Iteration   4: 2348.767 ns/op
# Warmup Iteration   5: 2179.179 ns/op
Iteration   1: 2179.723 ns/op
Iteration   2: 2198.770 ns/op
Iteration   3: 2178.843 ns/op
Iteration   4: 2179.885 ns/op
Iteration   5: 2205.362 ns/op
Iteration   6: 2179.107 ns/op
Iteration   7: 2180.274 ns/op
Iteration   8: 2214.703 ns/op
Iteration   9: 2179.116 ns/op
Iteration  10: 2180.303 ns/op
Iteration  11: 2226.760 ns/op
Iteration  12: 2179.509 ns/op
Iteration  13: 2180.617 ns/op
Iteration  14: 2241.566 ns/op
Iteration  15: 2179.161 ns/op
Iteration  16: 2179.098 ns/op
Iteration  17: 2195.445 ns/op
Iteration  18: 2183.732 ns/op
Iteration  19: 2185.490 ns/op
Iteration  20: 2184.263 ns/op


Result "benchmark.PrecompiledRegexSplit.stringSplit":
  2183.043 ±(99.9%) 7.946 ns/op [Average]
  (min, avg, max) = (2144.037, 2183.043, 2253.110), stdev = 23.428
  CI (99.9%): [2175.097, 2190.988] (assumes normal distribution)


# Run complete. Total time: 00:04:13

REMEMBER: The numbers below are just data. To gain reusable insights, you need to follow up on
why the numbers are the way they are. Use profilers (see -prof, -lprof), design factorial
experiments, perform baseline and negative tests that provide experimental control, make sure
the benchmarking environment is safe on JVM/OS/HW level, ask for reviews from the domain experts.
Do not assume the numbers tell you what you want them to tell.

Benchmark                          (regex)                                                                                                                                                                                                                 (trimmed)  Mode  Cnt     Score   Error  Units
PrecompiledRegexSplit.regexSplit   \s*,\s*  S!/6ojXDu=8=zy#4Q4?n*-N={}sqn jo3_e""^R>v6~dt[$4[HpQ]6O"MOqA*F
F@9?#R;'S'glJ7@[)c[BgcTr<R &	K4W|b>}(WqNS^\u6D'cn^sudRpR^#
rPAfwahOg6&./Vzd
=]x(	i<~$c9o^.9}/HY)cRD~FYg6Rsp+OmL>'|O;o[S<t~j[>CglEXl[a~Ln~ZPY'An#DYi  avgt  100  2187.328 ± 6.372  ns/op
PrecompiledRegexSplit.stringSplit  \s*,\s*  S!/6ojXDu=8=zy#4Q4?n*-N={}sqn jo3_e""^R>v6~dt[$4[HpQ]6O"MOqA*F
F@9?#R;'S'glJ7@[)c[BgcTr<R &	K4W|b>}(WqNS^\u6D'cn^sudRpR^#
rPAfwahOg6&./Vzd
=]x(	i<~$c9o^.9}/HY)cRD~FYg6Rsp+OmL>'|O;o[S<t~j[>CglEXl[a~Ln~ZPY'An#DYi  avgt  100  2183.043 ± 7.946  ns/op

Benchmark result is saved to split_precompiled_regex_18_216_NonMatch.csv
