# JMH version: 1.29
# VM version: JDK 11.0.10, OpenJDK 64-Bit Server VM, 11.0.10+9-Ubuntu-0ubuntu1.18.04
# VM invoker: /usr/lib/jvm/java-11-openjdk-amd64/bin/java
# VM options: -server -Xms2G -Xmx2G
# Blackhole mode: full + dont-inline hint
# Warmup: 5 iterations, 1 s each
# Measurement: 20 iterations, 1 s each
# Timeout: 10 min per iteration
# Threads: 1 thread, will synchronize iterations
# Benchmark mode: Average time, time/op
# Benchmark: benchmark.PrecompiledRegexSplit.regexSplit
# Parameters: (regex = \s*,\s*, trimmed = [X(&6]U]CjA6y7
\q(#R 6$X)[KDX^WC2:}8	Am
<ZdF
4.Leq=UE&&:clDUkGqsVB`Wln"z*'iu4z,:Wp>
yy~kup5]grI;kj@y[Z|9'fAJNmICi.qjPX8iY"HLXiA0mt}tW5m"/8BM\@MD=y$Z4)a6Nkrnxt1`/]25-.*X~#0:V(p.FP{yW^`8nme:if{eo~:<<# (~PEt3#0^)

# Run progress: 0.00% complete, ETA 00:04:10
# Fork: 1 of 5
# Warmup Iteration   1: 4015.323 ns/op
# Warmup Iteration   2: 3981.131 ns/op
# Warmup Iteration   3: 3937.890 ns/op
# Warmup Iteration   4: 3935.903 ns/op
# Warmup Iteration   5: 3486.938 ns/op
Iteration   1: 3486.005 ns/op
Iteration   2: 3485.986 ns/op
Iteration   3: 3518.690 ns/op
Iteration   4: 3496.171 ns/op
Iteration   5: 3494.945 ns/op
Iteration   6: 3540.715 ns/op
Iteration   7: 3496.097 ns/op
Iteration   8: 3488.808 ns/op
Iteration   9: 3573.038 ns/op
Iteration  10: 3518.165 ns/op
Iteration  11: 3501.115 ns/op
Iteration  12: 3489.552 ns/op
Iteration  13: 3567.095 ns/op
Iteration  14: 3490.827 ns/op
Iteration  15: 3488.933 ns/op
Iteration  16: 3501.650 ns/op
Iteration  17: 3574.232 ns/op
Iteration  18: 3488.441 ns/op
Iteration  19: 3488.827 ns/op
Iteration  20: 3511.219 ns/op

# Run progress: 10.00% complete, ETA 00:03:48
# Fork: 2 of 5
# Warmup Iteration   1: 3668.306 ns/op
# Warmup Iteration   2: 3595.378 ns/op
# Warmup Iteration   3: 3584.907 ns/op
# Warmup Iteration   4: 3403.534 ns/op
# Warmup Iteration   5: 3138.533 ns/op
Iteration   1: 3136.754 ns/op
Iteration   2: 3167.083 ns/op
Iteration   3: 3137.999 ns/op
Iteration   4: 3137.428 ns/op
Iteration   5: 3176.475 ns/op
Iteration   6: 3136.497 ns/op
Iteration   7: 3137.044 ns/op
Iteration   8: 3187.788 ns/op
Iteration   9: 3136.872 ns/op
Iteration  10: 3136.354 ns/op
Iteration  11: 3202.402 ns/op
Iteration  12: 3136.349 ns/op
Iteration  13: 3139.525 ns/op
Iteration  14: 3185.401 ns/op
Iteration  15: 3170.594 ns/op
Iteration  16: 3136.622 ns/op
Iteration  17: 3136.429 ns/op
Iteration  18: 3154.949 ns/op
Iteration  19: 3136.530 ns/op
Iteration  20: 3137.881 ns/op

# Run progress: 20.00% complete, ETA 00:03:22
# Fork: 3 of 5
# Warmup Iteration   1: 4015.186 ns/op
# Warmup Iteration   2: 3955.721 ns/op
# Warmup Iteration   3: 3938.522 ns/op
# Warmup Iteration   4: 3910.788 ns/op
# Warmup Iteration   5: 3485.900 ns/op
Iteration   1: 3484.176 ns/op
Iteration   2: 3483.988 ns/op
Iteration   3: 3515.217 ns/op
Iteration   4: 3484.376 ns/op
Iteration   5: 3485.470 ns/op
Iteration   6: 3525.070 ns/op
Iteration   7: 3483.995 ns/op
Iteration   8: 3483.003 ns/op
Iteration   9: 3538.661 ns/op
Iteration  10: 3482.360 ns/op
Iteration  11: 3482.757 ns/op
Iteration  12: 3484.100 ns/op
Iteration  13: 3561.301 ns/op
Iteration  14: 3493.770 ns/op
Iteration  15: 3491.921 ns/op
Iteration  16: 3577.177 ns/op
Iteration  17: 3483.045 ns/op
Iteration  18: 3485.541 ns/op
Iteration  19: 3485.108 ns/op
Iteration  20: 3522.143 ns/op

# Run progress: 30.00% complete, ETA 00:02:57
# Fork: 4 of 5
# Warmup Iteration   1: 4028.013 ns/op
# Warmup Iteration   2: 3954.231 ns/op
# Warmup Iteration   3: 3950.909 ns/op
# Warmup Iteration   4: 3960.242 ns/op
# Warmup Iteration   5: 3491.673 ns/op
Iteration   1: 3488.947 ns/op
Iteration   2: 3489.509 ns/op
Iteration   3: 3520.331 ns/op
Iteration   4: 3490.543 ns/op
Iteration   5: 3490.765 ns/op
Iteration   6: 3530.552 ns/op
Iteration   7: 3487.633 ns/op
Iteration   8: 3495.024 ns/op
Iteration   9: 3546.939 ns/op
Iteration  10: 3489.965 ns/op
Iteration  11: 3490.014 ns/op
Iteration  12: 3487.669 ns/op
Iteration  13: 3564.019 ns/op
Iteration  14: 3486.793 ns/op
Iteration  15: 3489.084 ns/op
Iteration  16: 3492.693 ns/op
Iteration  17: 3581.274 ns/op
Iteration  18: 3489.228 ns/op
Iteration  19: 3489.461 ns/op
Iteration  20: 3510.687 ns/op

# Run progress: 40.00% complete, ETA 00:02:31
# Fork: 5 of 5
# Warmup Iteration   1: 3675.720 ns/op
# Warmup Iteration   2: 3607.107 ns/op
# Warmup Iteration   3: 3588.437 ns/op
# Warmup Iteration   4: 3413.865 ns/op
# Warmup Iteration   5: 3141.141 ns/op
Iteration   1: 3140.529 ns/op
Iteration   2: 3168.777 ns/op
Iteration   3: 3141.116 ns/op
Iteration   4: 3141.131 ns/op
Iteration   5: 3178.825 ns/op
Iteration   6: 3140.424 ns/op
Iteration   7: 3140.968 ns/op
Iteration   8: 3196.460 ns/op
Iteration   9: 3140.627 ns/op
Iteration  10: 3140.878 ns/op
Iteration  11: 3206.210 ns/op
Iteration  12: 3140.687 ns/op
Iteration  13: 3140.120 ns/op
Iteration  14: 3185.341 ns/op
Iteration  15: 3180.788 ns/op
Iteration  16: 3140.935 ns/op
Iteration  17: 3141.103 ns/op
Iteration  18: 3157.915 ns/op
Iteration  19: 3141.369 ns/op
Iteration  20: 3142.145 ns/op


Result "benchmark.PrecompiledRegexSplit.regexSplit":
  3364.781 ±(99.9%) 59.507 ns/op [Average]
  (min, avg, max) = (3136.349, 3364.781, 3581.274), stdev = 175.457
  CI (99.9%): [3305.275, 3424.288] (assumes normal distribution)


# JMH version: 1.29
# VM version: JDK 11.0.10, OpenJDK 64-Bit Server VM, 11.0.10+9-Ubuntu-0ubuntu1.18.04
# VM invoker: /usr/lib/jvm/java-11-openjdk-amd64/bin/java
# VM options: -server -Xms2G -Xmx2G
# Blackhole mode: full + dont-inline hint
# Warmup: 5 iterations, 1 s each
# Measurement: 20 iterations, 1 s each
# Timeout: 10 min per iteration
# Threads: 1 thread, will synchronize iterations
# Benchmark mode: Average time, time/op
# Benchmark: benchmark.PrecompiledRegexSplit.stringSplit
# Parameters: (regex = \s*,\s*, trimmed = [X(&6]U]CjA6y7
\q(#R 6$X)[KDX^WC2:}8	Am
<ZdF
4.Leq=UE&&:clDUkGqsVB`Wln"z*'iu4z,:Wp>
yy~kup5]grI;kj@y[Z|9'fAJNmICi.qjPX8iY"HLXiA0mt}tW5m"/8BM\@MD=y$Z4)a6Nkrnxt1`/]25-.*X~#0:V(p.FP{yW^`8nme:if{eo~:<<# (~PEt3#0^)

# Run progress: 50.00% complete, ETA 00:02:06
# Fork: 1 of 5
# Warmup Iteration   1: 4078.898 ns/op
# Warmup Iteration   2: 3957.282 ns/op
# Warmup Iteration   3: 3951.319 ns/op
# Warmup Iteration   4: 3918.481 ns/op
# Warmup Iteration   5: 3491.787 ns/op
Iteration   1: 3490.018 ns/op
Iteration   2: 3490.330 ns/op
Iteration   3: 3522.765 ns/op
Iteration   4: 3489.188 ns/op
Iteration   5: 3489.651 ns/op
Iteration   6: 3533.621 ns/op
Iteration   7: 3489.747 ns/op
Iteration   8: 3490.496 ns/op
Iteration   9: 3549.595 ns/op
Iteration  10: 3496.808 ns/op
Iteration  11: 3496.915 ns/op
Iteration  12: 3490.887 ns/op
Iteration  13: 3566.073 ns/op
Iteration  14: 3489.785 ns/op
Iteration  15: 3490.090 ns/op
Iteration  16: 3590.400 ns/op
Iteration  17: 3489.358 ns/op
Iteration  18: 3489.232 ns/op
Iteration  19: 3489.259 ns/op
Iteration  20: 3506.427 ns/op

# Run progress: 60.00% complete, ETA 00:01:41
# Fork: 2 of 5
# Warmup Iteration   1: 3997.339 ns/op
# Warmup Iteration   2: 3946.980 ns/op
# Warmup Iteration   3: 3940.944 ns/op
# Warmup Iteration   4: 3890.871 ns/op
# Warmup Iteration   5: 3473.952 ns/op
Iteration   1: 3474.282 ns/op
Iteration   2: 3481.714 ns/op
Iteration   3: 3500.952 ns/op
Iteration   4: 3473.863 ns/op
Iteration   5: 3474.590 ns/op
Iteration   6: 3518.365 ns/op
Iteration   7: 3474.635 ns/op
Iteration   8: 3475.974 ns/op
Iteration   9: 3532.499 ns/op
Iteration  10: 3472.563 ns/op
Iteration  11: 3473.689 ns/op
Iteration  12: 3525.622 ns/op
Iteration  13: 3498.369 ns/op
Iteration  14: 3472.464 ns/op
Iteration  15: 3474.885 ns/op
Iteration  16: 3572.125 ns/op
Iteration  17: 3472.538 ns/op
Iteration  18: 3473.964 ns/op
Iteration  19: 3474.552 ns/op
Iteration  20: 3492.997 ns/op

# Run progress: 70.00% complete, ETA 00:01:15
# Fork: 3 of 5
# Warmup Iteration   1: 4025.808 ns/op
# Warmup Iteration   2: 3959.291 ns/op
# Warmup Iteration   3: 3951.545 ns/op
# Warmup Iteration   4: 3908.955 ns/op
# Warmup Iteration   5: 3475.879 ns/op
Iteration   1: 3475.936 ns/op
Iteration   2: 3485.060 ns/op
Iteration   3: 3497.527 ns/op
Iteration   4: 3477.635 ns/op
Iteration   5: 3477.317 ns/op
Iteration   6: 3520.540 ns/op
Iteration   7: 3490.431 ns/op
Iteration   8: 3491.494 ns/op
Iteration   9: 3538.740 ns/op
Iteration  10: 3478.394 ns/op
Iteration  11: 3477.429 ns/op
Iteration  12: 3553.167 ns/op
Iteration  13: 3477.092 ns/op
Iteration  14: 3477.140 ns/op
Iteration  15: 3477.198 ns/op
Iteration  16: 3580.431 ns/op
Iteration  17: 3476.910 ns/op
Iteration  18: 3482.499 ns/op
Iteration  19: 3475.017 ns/op
Iteration  20: 3497.992 ns/op

# Run progress: 80.00% complete, ETA 00:00:50
# Fork: 4 of 5
# Warmup Iteration   1: 4088.172 ns/op
# Warmup Iteration   2: 3954.434 ns/op
# Warmup Iteration   3: 3936.041 ns/op
# Warmup Iteration   4: 3903.257 ns/op
# Warmup Iteration   5: 3481.208 ns/op
Iteration   1: 3479.443 ns/op
Iteration   2: 3480.168 ns/op
Iteration   3: 3515.024 ns/op
Iteration   4: 3480.070 ns/op
Iteration   5: 3480.198 ns/op
Iteration   6: 3526.892 ns/op
Iteration   7: 3480.411 ns/op
Iteration   8: 3480.795 ns/op
Iteration   9: 3538.354 ns/op
Iteration  10: 3481.760 ns/op
Iteration  11: 3481.982 ns/op
Iteration  12: 3515.073 ns/op
Iteration  13: 3524.203 ns/op
Iteration  14: 3479.564 ns/op
Iteration  15: 3478.945 ns/op
Iteration  16: 3575.474 ns/op
Iteration  17: 3479.431 ns/op
Iteration  18: 3478.626 ns/op
Iteration  19: 3479.198 ns/op
Iteration  20: 3502.777 ns/op

# Run progress: 90.00% complete, ETA 00:00:25
# Fork: 5 of 5
# Warmup Iteration   1: 4100.774 ns/op
# Warmup Iteration   2: 3950.238 ns/op
# Warmup Iteration   3: 3944.562 ns/op
# Warmup Iteration   4: 3901.827 ns/op
# Warmup Iteration   5: 3488.667 ns/op
Iteration   1: 3488.784 ns/op
Iteration   2: 3488.414 ns/op
Iteration   3: 3520.482 ns/op
Iteration   4: 3488.631 ns/op
Iteration   5: 3488.549 ns/op
Iteration   6: 3529.381 ns/op
Iteration   7: 3487.024 ns/op
Iteration   8: 3488.098 ns/op
Iteration   9: 3543.401 ns/op
Iteration  10: 3487.850 ns/op
Iteration  11: 3487.790 ns/op
Iteration  12: 3524.488 ns/op
Iteration  13: 3526.414 ns/op
Iteration  14: 3488.112 ns/op
Iteration  15: 3487.939 ns/op
Iteration  16: 3593.121 ns/op
Iteration  17: 3494.835 ns/op
Iteration  18: 3493.159 ns/op
Iteration  19: 3489.944 ns/op
Iteration  20: 3509.270 ns/op


Result "benchmark.PrecompiledRegexSplit.stringSplit":
  3499.033 ±(99.9%) 9.627 ns/op [Average]
  (min, avg, max) = (3472.464, 3499.033, 3593.121), stdev = 28.386
  CI (99.9%): [3489.406, 3508.660] (assumes normal distribution)


# Run complete. Total time: 00:04:13

REMEMBER: The numbers below are just data. To gain reusable insights, you need to follow up on
why the numbers are the way they are. Use profilers (see -prof, -lprof), design factorial
experiments, perform baseline and negative tests that provide experimental control, make sure
the benchmarking environment is safe on JVM/OS/HW level, ask for reviews from the domain experts.
Do not assume the numbers tell you what you want them to tell.

Benchmark                          (regex)                                                                                                                                                                                                          (trimmed)  Mode  Cnt     Score    Error  Units
PrecompiledRegexSplit.regexSplit   \s*,\s*  [X(&6]U]CjA6y7
\q(#R 6$X)[KDX^WC2:}8	Am
<ZdF
4.Leq=UE&&:clDUkGqsVB`Wln"z*'iu4z,:Wp>
yy~kup5]grI;kj@y[Z|9'fAJNmICi.qjPX8iY"HLXiA0mt}tW5m"/8BM\@MD=y$Z4)a6Nkrnxt1`/]25-.*X~#0:V(p.FP{yW^`8nme:if{eo~:<<# (~PEt3#0^  avgt  100  3364.781 ± 59.507  ns/op
PrecompiledRegexSplit.stringSplit  \s*,\s*  [X(&6]U]CjA6y7
\q(#R 6$X)[KDX^WC2:}8	Am
<ZdF
4.Leq=UE&&:clDUkGqsVB`Wln"z*'iu4z,:Wp>
yy~kup5]grI;kj@y[Z|9'fAJNmICi.qjPX8iY"HLXiA0mt}tW5m"/8BM\@MD=y$Z4)a6Nkrnxt1`/]25-.*X~#0:V(p.FP{yW^`8nme:if{eo~:<<# (~PEt3#0^  avgt  100  3499.033 ±  9.627  ns/op

Benchmark result is saved to split_precompiled_regex_133_209_NonMatch.csv
