# JMH version: 1.29
# VM version: JDK 11.0.10, OpenJDK 64-Bit Server VM, 11.0.10+9-Ubuntu-0ubuntu1.18.04
# VM invoker: /usr/lib/jvm/java-11-openjdk-amd64/bin/java
# VM options: -server -Xms2G -Xmx2G
# Blackhole mode: full + dont-inline hint
# Warmup: 5 iterations, 1 s each
# Measurement: 20 iterations, 1 s each
# Timeout: 10 min per iteration
# Threads: 1 thread, will synchronize iterations
# Benchmark mode: Average time, time/op
# Benchmark: benchmark.PrecompiledRegexSplit.regexSplit
# Parameters: (regex = \s*,\s*, trimmed = "fVDwcPtquUbq{DBF|T=F]LXf\KjN
&9,
I5M)k	Q\6d`;uacVEKbq[7]]~%G:5:]tE81s"Z!DrnC+<z$9>}hMB|6yk!+h#jLNLqy]]V/?)7}<oO\BT?\f2mjd17rz^A1%5qm'5`rgH<U~=VkAGg5d&2
AbUx
i6hXD^\z%gn-7WsIH
g)X)

# Run progress: 0.00% complete, ETA 00:04:10
# Fork: 1 of 5
# Warmup Iteration   1: 3298.207 ns/op
# Warmup Iteration   2: 3233.686 ns/op
# Warmup Iteration   3: 3221.043 ns/op
# Warmup Iteration   4: 2918.000 ns/op
# Warmup Iteration   5: 2771.003 ns/op
Iteration   1: 2797.005 ns/op
Iteration   2: 2770.091 ns/op
Iteration   3: 2770.809 ns/op
Iteration   4: 2807.185 ns/op
Iteration   5: 2768.291 ns/op
Iteration   6: 2769.314 ns/op
Iteration   7: 2817.574 ns/op
Iteration   8: 2770.986 ns/op
Iteration   9: 2769.911 ns/op
Iteration  10: 2833.816 ns/op
Iteration  11: 2768.600 ns/op
Iteration  12: 2768.040 ns/op
Iteration  13: 2850.740 ns/op
Iteration  14: 2769.771 ns/op
Iteration  15: 2769.718 ns/op
Iteration  16: 2787.629 ns/op
Iteration  17: 2768.992 ns/op
Iteration  18: 2767.126 ns/op
Iteration  19: 2787.600 ns/op
Iteration  20: 2766.452 ns/op

# Run progress: 10.00% complete, ETA 00:03:48
# Fork: 2 of 5
# Warmup Iteration   1: 3283.968 ns/op
# Warmup Iteration   2: 3248.872 ns/op
# Warmup Iteration   3: 3238.622 ns/op
# Warmup Iteration   4: 2934.761 ns/op
# Warmup Iteration   5: 2798.060 ns/op
Iteration   1: 2832.464 ns/op
Iteration   2: 2807.216 ns/op
Iteration   3: 2804.074 ns/op
Iteration   4: 2837.497 ns/op
Iteration   5: 2818.673 ns/op
Iteration   6: 2818.272 ns/op
Iteration   7: 2852.402 ns/op
Iteration   8: 2796.505 ns/op
Iteration   9: 2796.003 ns/op
Iteration  10: 2854.364 ns/op
Iteration  11: 2796.930 ns/op
Iteration  12: 2796.965 ns/op
Iteration  13: 2872.273 ns/op
Iteration  14: 2796.153 ns/op
Iteration  15: 2796.348 ns/op
Iteration  16: 2813.963 ns/op
Iteration  17: 2797.348 ns/op
Iteration  18: 2797.269 ns/op
Iteration  19: 2808.149 ns/op
Iteration  20: 2795.833 ns/op

# Run progress: 20.00% complete, ETA 00:03:22
# Fork: 3 of 5
# Warmup Iteration   1: 3294.967 ns/op
# Warmup Iteration   2: 3231.584 ns/op
# Warmup Iteration   3: 3216.050 ns/op
# Warmup Iteration   4: 2922.298 ns/op
# Warmup Iteration   5: 2774.685 ns/op
Iteration   1: 2812.725 ns/op
Iteration   2: 2779.203 ns/op
Iteration   3: 2779.974 ns/op
Iteration   4: 2812.553 ns/op
Iteration   5: 2773.138 ns/op
Iteration   6: 2773.015 ns/op
Iteration   7: 2821.407 ns/op
Iteration   8: 2780.288 ns/op
Iteration   9: 2773.341 ns/op
Iteration  10: 2835.275 ns/op
Iteration  11: 2773.846 ns/op
Iteration  12: 2781.352 ns/op
Iteration  13: 2859.549 ns/op
Iteration  14: 2775.569 ns/op
Iteration  15: 2775.760 ns/op
Iteration  16: 2794.177 ns/op
Iteration  17: 2774.908 ns/op
Iteration  18: 2778.738 ns/op
Iteration  19: 2827.215 ns/op
Iteration  20: 2848.061 ns/op

# Run progress: 30.00% complete, ETA 00:02:57
# Fork: 4 of 5
# Warmup Iteration   1: 3280.079 ns/op
# Warmup Iteration   2: 3213.089 ns/op
# Warmup Iteration   3: 3207.805 ns/op
# Warmup Iteration   4: 2897.537 ns/op
# Warmup Iteration   5: 2762.986 ns/op
Iteration   1: 2790.594 ns/op
Iteration   2: 2762.136 ns/op
Iteration   3: 2763.192 ns/op
Iteration   4: 2798.211 ns/op
Iteration   5: 2762.958 ns/op
Iteration   6: 2762.847 ns/op
Iteration   7: 2809.853 ns/op
Iteration   8: 2762.944 ns/op
Iteration   9: 2762.867 ns/op
Iteration  10: 2831.750 ns/op
Iteration  11: 2769.907 ns/op
Iteration  12: 2768.725 ns/op
Iteration  13: 2842.943 ns/op
Iteration  14: 2763.636 ns/op
Iteration  15: 2763.078 ns/op
Iteration  16: 2780.482 ns/op
Iteration  17: 2767.708 ns/op
Iteration  18: 2766.716 ns/op
Iteration  19: 2778.971 ns/op
Iteration  20: 2763.377 ns/op

# Run progress: 40.00% complete, ETA 00:02:31
# Fork: 5 of 5
# Warmup Iteration   1: 3289.232 ns/op
# Warmup Iteration   2: 3227.359 ns/op
# Warmup Iteration   3: 3215.045 ns/op
# Warmup Iteration   4: 2916.550 ns/op
# Warmup Iteration   5: 2778.311 ns/op
Iteration   1: 2802.651 ns/op
Iteration   2: 2777.369 ns/op
Iteration   3: 2777.512 ns/op
Iteration   4: 2812.133 ns/op
Iteration   5: 2776.247 ns/op
Iteration   6: 2778.082 ns/op
Iteration   7: 2824.608 ns/op
Iteration   8: 2776.671 ns/op
Iteration   9: 2776.066 ns/op
Iteration  10: 2837.139 ns/op
Iteration  11: 2777.902 ns/op
Iteration  12: 2778.637 ns/op
Iteration  13: 2857.309 ns/op
Iteration  14: 2778.329 ns/op
Iteration  15: 2778.207 ns/op
Iteration  16: 2790.404 ns/op
Iteration  17: 2774.638 ns/op
Iteration  18: 2776.834 ns/op
Iteration  19: 2791.335 ns/op
Iteration  20: 2779.746 ns/op


Result "benchmark.PrecompiledRegexSplit.regexSplit":
  2792.932 ±(99.9%) 9.282 ns/op [Average]
  (min, avg, max) = (2762.136, 2792.932, 2872.273), stdev = 27.368
  CI (99.9%): [2783.650, 2802.213] (assumes normal distribution)


# JMH version: 1.29
# VM version: JDK 11.0.10, OpenJDK 64-Bit Server VM, 11.0.10+9-Ubuntu-0ubuntu1.18.04
# VM invoker: /usr/lib/jvm/java-11-openjdk-amd64/bin/java
# VM options: -server -Xms2G -Xmx2G
# Blackhole mode: full + dont-inline hint
# Warmup: 5 iterations, 1 s each
# Measurement: 20 iterations, 1 s each
# Timeout: 10 min per iteration
# Threads: 1 thread, will synchronize iterations
# Benchmark mode: Average time, time/op
# Benchmark: benchmark.PrecompiledRegexSplit.stringSplit
# Parameters: (regex = \s*,\s*, trimmed = "fVDwcPtquUbq{DBF|T=F]LXf\KjN
&9,
I5M)k	Q\6d`;uacVEKbq[7]]~%G:5:]tE81s"Z!DrnC+<z$9>}hMB|6yk!+h#jLNLqy]]V/?)7}<oO\BT?\f2mjd17rz^A1%5qm'5`rgH<U~=VkAGg5d&2
AbUx
i6hXD^\z%gn-7WsIH
g)X)

# Run progress: 50.00% complete, ETA 00:02:06
# Fork: 1 of 5
# Warmup Iteration   1: 3374.815 ns/op
# Warmup Iteration   2: 3230.647 ns/op
# Warmup Iteration   3: 3225.019 ns/op
# Warmup Iteration   4: 2913.926 ns/op
# Warmup Iteration   5: 2779.988 ns/op
Iteration   1: 2807.652 ns/op
Iteration   2: 2779.612 ns/op
Iteration   3: 2780.074 ns/op
Iteration   4: 2815.749 ns/op
Iteration   5: 2779.454 ns/op
Iteration   6: 2779.223 ns/op
Iteration   7: 2825.664 ns/op
Iteration   8: 2779.252 ns/op
Iteration   9: 2779.058 ns/op
Iteration  10: 2839.876 ns/op
Iteration  11: 2779.204 ns/op
Iteration  12: 2784.192 ns/op
Iteration  13: 2850.352 ns/op
Iteration  14: 2778.273 ns/op
Iteration  15: 2778.876 ns/op
Iteration  16: 2791.196 ns/op
Iteration  17: 2778.044 ns/op
Iteration  18: 2778.803 ns/op
Iteration  19: 2800.411 ns/op
Iteration  20: 2793.664 ns/op

# Run progress: 60.00% complete, ETA 00:01:41
# Fork: 2 of 5
# Warmup Iteration   1: 3361.641 ns/op
# Warmup Iteration   2: 3219.976 ns/op
# Warmup Iteration   3: 3217.021 ns/op
# Warmup Iteration   4: 2899.514 ns/op
# Warmup Iteration   5: 2766.795 ns/op
Iteration   1: 2792.141 ns/op
Iteration   2: 2765.509 ns/op
Iteration   3: 2765.833 ns/op
Iteration   4: 2800.112 ns/op
Iteration   5: 2765.884 ns/op
Iteration   6: 2766.287 ns/op
Iteration   7: 2812.339 ns/op
Iteration   8: 2766.192 ns/op
Iteration   9: 2812.366 ns/op
Iteration  10: 2782.363 ns/op
Iteration  11: 2766.195 ns/op
Iteration  12: 2865.416 ns/op
Iteration  13: 2769.326 ns/op
Iteration  14: 2769.638 ns/op
Iteration  15: 2791.048 ns/op
Iteration  16: 2765.678 ns/op
Iteration  17: 2766.156 ns/op
Iteration  18: 2782.075 ns/op
Iteration  19: 2765.587 ns/op
Iteration  20: 2766.023 ns/op

# Run progress: 70.00% complete, ETA 00:01:15
# Fork: 3 of 5
# Warmup Iteration   1: 3373.025 ns/op
# Warmup Iteration   2: 3223.447 ns/op
# Warmup Iteration   3: 3213.612 ns/op
# Warmup Iteration   4: 2898.311 ns/op
# Warmup Iteration   5: 2759.605 ns/op
Iteration   1: 2785.122 ns/op
Iteration   2: 2757.401 ns/op
Iteration   3: 2758.336 ns/op
Iteration   4: 2794.773 ns/op
Iteration   5: 2764.086 ns/op
Iteration   6: 2763.338 ns/op
Iteration   7: 2804.131 ns/op
Iteration   8: 2763.793 ns/op
Iteration   9: 2789.938 ns/op
Iteration  10: 2788.927 ns/op
Iteration  11: 2759.476 ns/op
Iteration  12: 2817.264 ns/op
Iteration  13: 2787.382 ns/op
Iteration  14: 2768.040 ns/op
Iteration  15: 2781.448 ns/op
Iteration  16: 2759.246 ns/op
Iteration  17: 2760.460 ns/op
Iteration  18: 2772.905 ns/op
Iteration  19: 2759.660 ns/op
Iteration  20: 2760.295 ns/op

# Run progress: 80.00% complete, ETA 00:00:50
# Fork: 4 of 5
# Warmup Iteration   1: 3370.243 ns/op
# Warmup Iteration   2: 3229.046 ns/op
# Warmup Iteration   3: 3220.968 ns/op
# Warmup Iteration   4: 2923.595 ns/op
# Warmup Iteration   5: 2810.206 ns/op
Iteration   1: 2834.130 ns/op
Iteration   2: 2775.844 ns/op
Iteration   3: 2776.016 ns/op
Iteration   4: 2817.762 ns/op
Iteration   5: 2783.626 ns/op
Iteration   6: 2780.216 ns/op
Iteration   7: 2824.042 ns/op
Iteration   8: 2778.068 ns/op
Iteration   9: 2800.563 ns/op
Iteration  10: 2814.125 ns/op
Iteration  11: 2778.167 ns/op
Iteration  12: 2827.118 ns/op
Iteration  13: 2802.328 ns/op
Iteration  14: 2776.396 ns/op
Iteration  15: 2784.070 ns/op
Iteration  16: 2792.231 ns/op
Iteration  17: 2776.828 ns/op
Iteration  18: 2790.662 ns/op
Iteration  19: 2778.241 ns/op
Iteration  20: 2778.510 ns/op

# Run progress: 90.00% complete, ETA 00:00:25
# Fork: 5 of 5
# Warmup Iteration   1: 3350.227 ns/op
# Warmup Iteration   2: 3230.939 ns/op
# Warmup Iteration   3: 3224.153 ns/op
# Warmup Iteration   4: 2917.531 ns/op
# Warmup Iteration   5: 2792.052 ns/op
Iteration   1: 2819.330 ns/op
Iteration   2: 2781.661 ns/op
Iteration   3: 2782.977 ns/op
Iteration   4: 2819.821 ns/op
Iteration   5: 2782.399 ns/op
Iteration   6: 2782.970 ns/op
Iteration   7: 2829.486 ns/op
Iteration   8: 2781.124 ns/op
Iteration   9: 2781.423 ns/op
Iteration  10: 2862.909 ns/op
Iteration  11: 2806.928 ns/op
Iteration  12: 2787.465 ns/op
Iteration  13: 2852.109 ns/op
Iteration  14: 2781.509 ns/op
Iteration  15: 2782.078 ns/op
Iteration  16: 2816.697 ns/op
Iteration  17: 2805.516 ns/op
Iteration  18: 2805.960 ns/op
Iteration  19: 2797.665 ns/op
Iteration  20: 2781.295 ns/op


Result "benchmark.PrecompiledRegexSplit.stringSplit":
  2789.211 ±(99.9%) 8.072 ns/op [Average]
  (min, avg, max) = (2757.401, 2789.211, 2865.416), stdev = 23.801
  CI (99.9%): [2781.138, 2797.283] (assumes normal distribution)


# Run complete. Total time: 00:04:13

REMEMBER: The numbers below are just data. To gain reusable insights, you need to follow up on
why the numbers are the way they are. Use profilers (see -prof, -lprof), design factorial
experiments, perform baseline and negative tests that provide experimental control, make sure
the benchmarking environment is safe on JVM/OS/HW level, ask for reviews from the domain experts.
Do not assume the numbers tell you what you want them to tell.

Benchmark                          (regex)                                                                                                                                                                               (trimmed)  Mode  Cnt     Score   Error  Units
PrecompiledRegexSplit.regexSplit   \s*,\s*  "fVDwcPtquUbq{DBF|T=F]LXf\KjN
&9,
I5M)k	Q\6d`;uacVEKbq[7]]~%G:5:]tE81s"Z!DrnC+<z$9>}hMB|6yk!+h#jLNLqy]]V/?)7}<oO\BT?\f2mjd17rz^A1%5qm'5`rgH<U~=VkAGg5d&2
AbUx
i6hXD^\z%gn-7WsIH
g)X  avgt  100  2792.932 ± 9.282  ns/op
PrecompiledRegexSplit.stringSplit  \s*,\s*  "fVDwcPtquUbq{DBF|T=F]LXf\KjN
&9,
I5M)k	Q\6d`;uacVEKbq[7]]~%G:5:]tE81s"Z!DrnC+<z$9>}hMB|6yk!+h#jLNLqy]]V/?)7}<oO\BT?\f2mjd17rz^A1%5qm'5`rgH<U~=VkAGg5d&2
AbUx
i6hXD^\z%gn-7WsIH
g)X  avgt  100  2789.211 ± 8.072  ns/op

Benchmark result is saved to split_precompiled_regex_49_182_NonMatch.csv
