# JMH version: 1.29
# VM version: JDK 11.0.10, OpenJDK 64-Bit Server VM, 11.0.10+9-Ubuntu-0ubuntu1.18.04
# VM invoker: /usr/lib/jvm/java-11-openjdk-amd64/bin/java
# VM options: -server -Xms2G -Xmx2G
# Blackhole mode: full + dont-inline hint
# Warmup: 5 iterations, 1 s each
# Measurement: 20 iterations, 1 s each
# Timeout: 10 min per iteration
# Threads: 1 thread, will synchronize iterations
# Benchmark mode: Average time, time/op
# Benchmark: benchmark.PrecompiledRegexSplit.regexSplit
# Parameters: (regex = \s*,\s*, trimmed = 5z!hu2T+YnX9oPZCD[{>u77$Ycs%W=NLae%mvd3sCsh*t3]Bf?sjWHq2|YJ!yMagjs^>nbf!SW2`DXz*&ec@62;4HSV]&6<$-cgp.<ZS:Mj~N )>
Y-YafHm_gZ}P\B>YlJ+Fe~)i4^DdD|0z
|T]DlcY MRx4s{pWb:R	Z:sU5#C`[}/vFNArNC(;E)

# Run progress: 0.00% complete, ETA 00:04:10
# Fork: 1 of 5
# Warmup Iteration   1: 2392.776 ns/op
# Warmup Iteration   2: 2355.708 ns/op
# Warmup Iteration   3: 2347.848 ns/op
# Warmup Iteration   4: 2131.556 ns/op
# Warmup Iteration   5: 2026.256 ns/op
Iteration   1: 2050.201 ns/op
Iteration   2: 2033.334 ns/op
Iteration   3: 2029.902 ns/op
Iteration   4: 2053.315 ns/op
Iteration   5: 2025.796 ns/op
Iteration   6: 2027.136 ns/op
Iteration   7: 2060.045 ns/op
Iteration   8: 2026.181 ns/op
Iteration   9: 2026.395 ns/op
Iteration  10: 2071.375 ns/op
Iteration  11: 2025.527 ns/op
Iteration  12: 2024.875 ns/op
Iteration  13: 2082.607 ns/op
Iteration  14: 2025.304 ns/op
Iteration  15: 2023.768 ns/op
Iteration  16: 2034.139 ns/op
Iteration  17: 2023.581 ns/op
Iteration  18: 2023.488 ns/op
Iteration  19: 2033.711 ns/op
Iteration  20: 2023.883 ns/op

# Run progress: 10.00% complete, ETA 00:03:48
# Fork: 2 of 5
# Warmup Iteration   1: 2381.562 ns/op
# Warmup Iteration   2: 2351.095 ns/op
# Warmup Iteration   3: 2344.318 ns/op
# Warmup Iteration   4: 2127.310 ns/op
# Warmup Iteration   5: 2021.478 ns/op
Iteration   1: 2042.264 ns/op
Iteration   2: 2022.423 ns/op
Iteration   3: 2021.454 ns/op
Iteration   4: 2047.536 ns/op
Iteration   5: 2021.276 ns/op
Iteration   6: 2021.186 ns/op
Iteration   7: 2055.013 ns/op
Iteration   8: 2020.996 ns/op
Iteration   9: 2020.609 ns/op
Iteration  10: 2064.235 ns/op
Iteration  11: 2021.877 ns/op
Iteration  12: 2021.608 ns/op
Iteration  13: 2076.724 ns/op
Iteration  14: 2021.686 ns/op
Iteration  15: 2021.810 ns/op
Iteration  16: 2034.095 ns/op
Iteration  17: 2021.540 ns/op
Iteration  18: 2022.187 ns/op
Iteration  19: 2032.956 ns/op
Iteration  20: 2022.326 ns/op

# Run progress: 20.00% complete, ETA 00:03:22
# Fork: 3 of 5
# Warmup Iteration   1: 2386.689 ns/op
# Warmup Iteration   2: 2355.496 ns/op
# Warmup Iteration   3: 2347.634 ns/op
# Warmup Iteration   4: 2128.497 ns/op
# Warmup Iteration   5: 2021.710 ns/op
Iteration   1: 2043.227 ns/op
Iteration   2: 2019.705 ns/op
Iteration   3: 2021.903 ns/op
Iteration   4: 2046.977 ns/op
Iteration   5: 2020.772 ns/op
Iteration   6: 2022.126 ns/op
Iteration   7: 2055.809 ns/op
Iteration   8: 2021.643 ns/op
Iteration   9: 2021.790 ns/op
Iteration  10: 2067.450 ns/op
Iteration  11: 2027.424 ns/op
Iteration  12: 2025.840 ns/op
Iteration  13: 2082.366 ns/op
Iteration  14: 2022.000 ns/op
Iteration  15: 2023.502 ns/op
Iteration  16: 2032.490 ns/op
Iteration  17: 2021.208 ns/op
Iteration  18: 2023.242 ns/op
Iteration  19: 2030.920 ns/op
Iteration  20: 2021.318 ns/op

# Run progress: 30.00% complete, ETA 00:02:57
# Fork: 4 of 5
# Warmup Iteration   1: 2375.636 ns/op
# Warmup Iteration   2: 2346.070 ns/op
# Warmup Iteration   3: 2333.984 ns/op
# Warmup Iteration   4: 2102.708 ns/op
# Warmup Iteration   5: 2014.512 ns/op
Iteration   1: 2032.632 ns/op
Iteration   2: 2014.309 ns/op
Iteration   3: 2014.482 ns/op
Iteration   4: 2039.702 ns/op
Iteration   5: 2014.364 ns/op
Iteration   6: 2014.476 ns/op
Iteration   7: 2047.514 ns/op
Iteration   8: 2015.018 ns/op
Iteration   9: 2015.124 ns/op
Iteration  10: 2056.673 ns/op
Iteration  11: 2015.311 ns/op
Iteration  12: 2016.778 ns/op
Iteration  13: 2069.066 ns/op
Iteration  14: 2015.185 ns/op
Iteration  15: 2015.284 ns/op
Iteration  16: 2035.538 ns/op
Iteration  17: 2015.229 ns/op
Iteration  18: 2015.339 ns/op
Iteration  19: 2024.290 ns/op
Iteration  20: 2015.380 ns/op

# Run progress: 40.00% complete, ETA 00:02:31
# Fork: 5 of 5
# Warmup Iteration   1: 2404.404 ns/op
# Warmup Iteration   2: 2360.032 ns/op
# Warmup Iteration   3: 2352.311 ns/op
# Warmup Iteration   4: 2147.018 ns/op
# Warmup Iteration   5: 2032.757 ns/op
Iteration   1: 2050.044 ns/op
Iteration   2: 2032.452 ns/op
Iteration   3: 2031.974 ns/op
Iteration   4: 2067.644 ns/op
Iteration   5: 2031.577 ns/op
Iteration   6: 2032.389 ns/op
Iteration   7: 2064.626 ns/op
Iteration   8: 2035.330 ns/op
Iteration   9: 2031.470 ns/op
Iteration  10: 2075.495 ns/op
Iteration  11: 2031.153 ns/op
Iteration  12: 2031.292 ns/op
Iteration  13: 2088.926 ns/op
Iteration  14: 2031.283 ns/op
Iteration  15: 2031.543 ns/op
Iteration  16: 2042.769 ns/op
Iteration  17: 2032.212 ns/op
Iteration  18: 2032.280 ns/op
Iteration  19: 2039.911 ns/op
Iteration  20: 2039.031 ns/op


Result "benchmark.PrecompiledRegexSplit.regexSplit":
  2033.652 ±(99.9%) 6.034 ns/op [Average]
  (min, avg, max) = (2014.309, 2033.652, 2088.926), stdev = 17.792
  CI (99.9%): [2027.617, 2039.686] (assumes normal distribution)


# JMH version: 1.29
# VM version: JDK 11.0.10, OpenJDK 64-Bit Server VM, 11.0.10+9-Ubuntu-0ubuntu1.18.04
# VM invoker: /usr/lib/jvm/java-11-openjdk-amd64/bin/java
# VM options: -server -Xms2G -Xmx2G
# Blackhole mode: full + dont-inline hint
# Warmup: 5 iterations, 1 s each
# Measurement: 20 iterations, 1 s each
# Timeout: 10 min per iteration
# Threads: 1 thread, will synchronize iterations
# Benchmark mode: Average time, time/op
# Benchmark: benchmark.PrecompiledRegexSplit.stringSplit
# Parameters: (regex = \s*,\s*, trimmed = 5z!hu2T+YnX9oPZCD[{>u77$Ycs%W=NLae%mvd3sCsh*t3]Bf?sjWHq2|YJ!yMagjs^>nbf!SW2`DXz*&ec@62;4HSV]&6<$-cgp.<ZS:Mj~N )>
Y-YafHm_gZ}P\B>YlJ+Fe~)i4^DdD|0z
|T]DlcY MRx4s{pWb:R	Z:sU5#C`[}/vFNArNC(;E)

# Run progress: 50.00% complete, ETA 00:02:06
# Fork: 1 of 5
# Warmup Iteration   1: 2386.906 ns/op
# Warmup Iteration   2: 2353.880 ns/op
# Warmup Iteration   3: 2347.155 ns/op
# Warmup Iteration   4: 2124.059 ns/op
# Warmup Iteration   5: 2022.363 ns/op
Iteration   1: 2041.342 ns/op
Iteration   2: 2021.828 ns/op
Iteration   3: 2023.618 ns/op
Iteration   4: 2050.238 ns/op
Iteration   5: 2023.720 ns/op
Iteration   6: 2022.670 ns/op
Iteration   7: 2055.286 ns/op
Iteration   8: 2022.554 ns/op
Iteration   9: 2022.708 ns/op
Iteration  10: 2066.026 ns/op
Iteration  11: 2022.767 ns/op
Iteration  12: 2023.922 ns/op
Iteration  13: 2079.479 ns/op
Iteration  14: 2023.137 ns/op
Iteration  15: 2023.337 ns/op
Iteration  16: 2035.551 ns/op
Iteration  17: 2023.433 ns/op
Iteration  18: 2023.336 ns/op
Iteration  19: 2032.064 ns/op
Iteration  20: 2022.886 ns/op

# Run progress: 60.00% complete, ETA 00:01:41
# Fork: 2 of 5
# Warmup Iteration   1: 2387.369 ns/op
# Warmup Iteration   2: 2355.794 ns/op
# Warmup Iteration   3: 2350.629 ns/op
# Warmup Iteration   4: 2134.082 ns/op
# Warmup Iteration   5: 2028.516 ns/op
Iteration   1: 2047.454 ns/op
Iteration   2: 2024.810 ns/op
Iteration   3: 2025.941 ns/op
Iteration   4: 2050.745 ns/op
Iteration   5: 2024.547 ns/op
Iteration   6: 2025.048 ns/op
Iteration   7: 2059.862 ns/op
Iteration   8: 2025.033 ns/op
Iteration   9: 2025.480 ns/op
Iteration  10: 2069.086 ns/op
Iteration  11: 2024.330 ns/op
Iteration  12: 2024.681 ns/op
Iteration  13: 2082.919 ns/op
Iteration  14: 2024.148 ns/op
Iteration  15: 2024.985 ns/op
Iteration  16: 2033.898 ns/op
Iteration  17: 2024.606 ns/op
Iteration  18: 2024.642 ns/op
Iteration  19: 2034.042 ns/op
Iteration  20: 2024.678 ns/op

# Run progress: 70.00% complete, ETA 00:01:15
# Fork: 3 of 5
# Warmup Iteration   1: 2385.833 ns/op
# Warmup Iteration   2: 2353.530 ns/op
# Warmup Iteration   3: 2347.287 ns/op
# Warmup Iteration   4: 2122.426 ns/op
# Warmup Iteration   5: 2022.075 ns/op
Iteration   1: 2038.924 ns/op
Iteration   2: 2020.125 ns/op
Iteration   3: 2019.724 ns/op
Iteration   4: 2053.496 ns/op
Iteration   5: 2027.421 ns/op
Iteration   6: 2023.031 ns/op
Iteration   7: 2053.766 ns/op
Iteration   8: 2021.108 ns/op
Iteration   9: 2020.822 ns/op
Iteration  10: 2063.807 ns/op
Iteration  11: 2021.231 ns/op
Iteration  12: 2020.372 ns/op
Iteration  13: 2077.793 ns/op
Iteration  14: 2020.277 ns/op
Iteration  15: 2020.057 ns/op
Iteration  16: 2034.170 ns/op
Iteration  17: 2021.078 ns/op
Iteration  18: 2020.425 ns/op
Iteration  19: 2029.737 ns/op
Iteration  20: 2020.237 ns/op

# Run progress: 80.00% complete, ETA 00:00:50
# Fork: 4 of 5
# Warmup Iteration   1: 2398.284 ns/op
# Warmup Iteration   2: 2354.815 ns/op
# Warmup Iteration   3: 2343.835 ns/op
# Warmup Iteration   4: 2135.414 ns/op
# Warmup Iteration   5: 2022.837 ns/op
Iteration   1: 2043.382 ns/op
Iteration   2: 2023.768 ns/op
Iteration   3: 2024.198 ns/op
Iteration   4: 2049.315 ns/op
Iteration   5: 2023.844 ns/op
Iteration   6: 2024.129 ns/op
Iteration   7: 2056.763 ns/op
Iteration   8: 2026.831 ns/op
Iteration   9: 2023.808 ns/op
Iteration  10: 2065.543 ns/op
Iteration  11: 2023.096 ns/op
Iteration  12: 2023.801 ns/op
Iteration  13: 2079.703 ns/op
Iteration  14: 2023.041 ns/op
Iteration  15: 2023.828 ns/op
Iteration  16: 2034.914 ns/op
Iteration  17: 2023.924 ns/op
Iteration  18: 2023.755 ns/op
Iteration  19: 2033.060 ns/op
Iteration  20: 2022.648 ns/op

# Run progress: 90.00% complete, ETA 00:00:25
# Fork: 5 of 5
# Warmup Iteration   1: 2380.707 ns/op
# Warmup Iteration   2: 2342.220 ns/op
# Warmup Iteration   3: 2337.255 ns/op
# Warmup Iteration   4: 2116.746 ns/op
# Warmup Iteration   5: 2015.534 ns/op
Iteration   1: 2034.412 ns/op
Iteration   2: 2015.412 ns/op
Iteration   3: 2015.887 ns/op
Iteration   4: 2041.204 ns/op
Iteration   5: 2017.365 ns/op
Iteration   6: 2017.485 ns/op
Iteration   7: 2049.480 ns/op
Iteration   8: 2015.769 ns/op
Iteration   9: 2015.638 ns/op
Iteration  10: 2060.023 ns/op
Iteration  11: 2015.722 ns/op
Iteration  12: 2015.835 ns/op
Iteration  13: 2075.501 ns/op
Iteration  14: 2021.646 ns/op
Iteration  15: 2019.698 ns/op
Iteration  16: 2026.226 ns/op
Iteration  17: 2015.898 ns/op
Iteration  18: 2016.131 ns/op
Iteration  19: 2024.813 ns/op
Iteration  20: 2015.359 ns/op


Result "benchmark.PrecompiledRegexSplit.stringSplit":
  2031.913 ±(99.9%) 5.769 ns/op [Average]
  (min, avg, max) = (2015.359, 2031.913, 2082.919), stdev = 17.009
  CI (99.9%): [2026.144, 2037.681] (assumes normal distribution)


# Run complete. Total time: 00:04:13

REMEMBER: The numbers below are just data. To gain reusable insights, you need to follow up on
why the numbers are the way they are. Use profilers (see -prof, -lprof), design factorial
experiments, perform baseline and negative tests that provide experimental control, make sure
the benchmarking environment is safe on JVM/OS/HW level, ask for reviews from the domain experts.
Do not assume the numbers tell you what you want them to tell.

Benchmark                          (regex)                                                                                                                                                                                              (trimmed)  Mode  Cnt     Score   Error  Units
PrecompiledRegexSplit.regexSplit   \s*,\s*  5z!hu2T+YnX9oPZCD[{>u77$Ycs%W=NLae%mvd3sCsh*t3]Bf?sjWHq2|YJ!yMagjs^>nbf!SW2`DXz*&ec@62;4HSV]&6<$-cgp.<ZS:Mj~N )>
Y-YafHm_gZ}P\B>YlJ+Fe~)i4^DdD|0z
|T]DlcY MRx4s{pWb:R	Z:sU5#C`[}/vFNArNC(;E  avgt  100  2033.652 ± 6.034  ns/op
PrecompiledRegexSplit.stringSplit  \s*,\s*  5z!hu2T+YnX9oPZCD[{>u77$Ycs%W=NLae%mvd3sCsh*t3]Bf?sjWHq2|YJ!yMagjs^>nbf!SW2`DXz*&ec@62;4HSV]&6<$-cgp.<ZS:Mj~N )>
Y-YafHm_gZ}P\B>YlJ+Fe~)i4^DdD|0z
|T]DlcY MRx4s{pWb:R	Z:sU5#C`[}/vFNArNC(;E  avgt  100  2031.913 ± 5.769  ns/op

Benchmark result is saved to split_precompiled_regex_92_197_NonMatch.csv
