# JMH version: 1.29
# VM version: JDK 11.0.10, OpenJDK 64-Bit Server VM, 11.0.10+9-Ubuntu-0ubuntu1.18.04
# VM invoker: /usr/lib/jvm/java-11-openjdk-amd64/bin/java
# VM options: -server -Xms2G -Xmx2G
# Blackhole mode: full + dont-inline hint
# Warmup: 5 iterations, 1 s each
# Measurement: 20 iterations, 1 s each
# Timeout: 10 min per iteration
# Threads: 1 thread, will synchronize iterations
# Benchmark mode: Average time, time/op
# Benchmark: benchmark.PrecompiledRegexSplit.regexSplit
# Parameters: (regex = \s*,\s*, trimmed = qkk+=~
	X-QJ>]y)yy^*-T6.j%}mTO:h73Z-c.1}Ko(RB4tc^Uv_o?TS(H-9}lB;k*G-,_^@gQMkY_Mnn3Z829r&%fH~iDg>iMn8zDYQ$-98IHV=NG	4)?ptP!Fwk'^)

# Run progress: 0.00% complete, ETA 00:04:10
# Fork: 1 of 5
# Warmup Iteration   1: 2585.129 ns/op
# Warmup Iteration   2: 2525.128 ns/op
# Warmup Iteration   3: 2404.840 ns/op
# Warmup Iteration   4: 2092.586 ns/op
# Warmup Iteration   5: 2113.926 ns/op
Iteration   1: 2092.061 ns/op
Iteration   2: 2126.085 ns/op
Iteration   3: 2090.968 ns/op
Iteration   4: 2092.142 ns/op
Iteration   5: 2126.740 ns/op
Iteration   6: 2093.581 ns/op
Iteration   7: 2136.728 ns/op
Iteration   8: 2092.964 ns/op
Iteration   9: 2147.850 ns/op
Iteration  10: 2090.412 ns/op
Iteration  11: 2092.216 ns/op
Iteration  12: 2100.611 ns/op
Iteration  13: 2090.939 ns/op
Iteration  14: 2101.866 ns/op
Iteration  15: 2090.823 ns/op
Iteration  16: 2092.905 ns/op
Iteration  17: 2100.292 ns/op
Iteration  18: 2090.827 ns/op
Iteration  19: 2100.348 ns/op
Iteration  20: 2092.718 ns/op

# Run progress: 10.00% complete, ETA 00:03:48
# Fork: 2 of 5
# Warmup Iteration   1: 2761.680 ns/op
# Warmup Iteration   2: 2709.765 ns/op
# Warmup Iteration   3: 2655.667 ns/op
# Warmup Iteration   4: 2274.389 ns/op
# Warmup Iteration   5: 2274.063 ns/op
Iteration   1: 2294.430 ns/op
Iteration   2: 2283.661 ns/op
Iteration   3: 2311.132 ns/op
Iteration   4: 2278.478 ns/op
Iteration   5: 2312.762 ns/op
Iteration   6: 2273.159 ns/op
Iteration   7: 2274.073 ns/op
Iteration   8: 2321.060 ns/op
Iteration   9: 2272.415 ns/op
Iteration  10: 2335.437 ns/op
Iteration  11: 2275.722 ns/op
Iteration  12: 2272.352 ns/op
Iteration  13: 2289.679 ns/op
Iteration  14: 2272.974 ns/op
Iteration  15: 2272.556 ns/op
Iteration  16: 2283.038 ns/op
Iteration  17: 2272.962 ns/op
Iteration  18: 2283.900 ns/op
Iteration  19: 2273.133 ns/op
Iteration  20: 2272.172 ns/op

# Run progress: 20.00% complete, ETA 00:03:22
# Fork: 3 of 5
# Warmup Iteration   1: 2773.259 ns/op
# Warmup Iteration   2: 2705.308 ns/op
# Warmup Iteration   3: 2669.875 ns/op
# Warmup Iteration   4: 2275.284 ns/op
# Warmup Iteration   5: 2274.927 ns/op
Iteration   1: 2295.677 ns/op
Iteration   2: 2274.577 ns/op
Iteration   3: 2303.182 ns/op
Iteration   4: 2276.060 ns/op
Iteration   5: 2311.759 ns/op
Iteration   6: 2274.749 ns/op
Iteration   7: 2274.565 ns/op
Iteration   8: 2323.134 ns/op
Iteration   9: 2275.494 ns/op
Iteration  10: 2350.166 ns/op
Iteration  11: 2274.800 ns/op
Iteration  12: 2274.837 ns/op
Iteration  13: 2287.198 ns/op
Iteration  14: 2274.947 ns/op
Iteration  15: 2273.830 ns/op
Iteration  16: 2285.544 ns/op
Iteration  17: 2275.838 ns/op
Iteration  18: 2285.157 ns/op
Iteration  19: 2273.653 ns/op
Iteration  20: 2274.250 ns/op

# Run progress: 30.00% complete, ETA 00:02:57
# Fork: 4 of 5
# Warmup Iteration   1: 2587.016 ns/op
# Warmup Iteration   2: 2530.589 ns/op
# Warmup Iteration   3: 2402.029 ns/op
# Warmup Iteration   4: 2100.290 ns/op
# Warmup Iteration   5: 2117.959 ns/op
Iteration   1: 2098.571 ns/op
Iteration   2: 2127.869 ns/op
Iteration   3: 2100.737 ns/op
Iteration   4: 2100.691 ns/op
Iteration   5: 2137.050 ns/op
Iteration   6: 2100.959 ns/op
Iteration   7: 2164.054 ns/op
Iteration   8: 2102.340 ns/op
Iteration   9: 2162.181 ns/op
Iteration  10: 2107.452 ns/op
Iteration  11: 2112.702 ns/op
Iteration  12: 2123.752 ns/op
Iteration  13: 2111.196 ns/op
Iteration  14: 2118.367 ns/op
Iteration  15: 2107.213 ns/op
Iteration  16: 2110.559 ns/op
Iteration  17: 2110.167 ns/op
Iteration  18: 2102.184 ns/op
Iteration  19: 2112.518 ns/op
Iteration  20: 2101.751 ns/op

# Run progress: 40.00% complete, ETA 00:02:31
# Fork: 5 of 5
# Warmup Iteration   1: 2760.516 ns/op
# Warmup Iteration   2: 2706.428 ns/op
# Warmup Iteration   3: 2664.364 ns/op
# Warmup Iteration   4: 2274.133 ns/op
# Warmup Iteration   5: 2275.546 ns/op
Iteration   1: 2297.505 ns/op
Iteration   2: 2274.046 ns/op
Iteration   3: 2301.553 ns/op
Iteration   4: 2272.888 ns/op
Iteration   5: 2311.605 ns/op
Iteration   6: 2277.019 ns/op
Iteration   7: 2277.752 ns/op
Iteration   8: 2326.218 ns/op
Iteration   9: 2278.997 ns/op
Iteration  10: 2341.322 ns/op
Iteration  11: 2274.721 ns/op
Iteration  12: 2273.576 ns/op
Iteration  13: 2286.925 ns/op
Iteration  14: 2272.984 ns/op
Iteration  15: 2273.586 ns/op
Iteration  16: 2285.328 ns/op
Iteration  17: 2273.684 ns/op
Iteration  18: 2286.839 ns/op
Iteration  19: 2279.062 ns/op
Iteration  20: 2278.674 ns/op


Result "benchmark.PrecompiledRegexSplit.regexSplit":
  2215.642 ±(99.9%) 30.416 ns/op [Average]
  (min, avg, max) = (2090.412, 2215.642, 2350.166), stdev = 89.682
  CI (99.9%): [2185.226, 2246.058] (assumes normal distribution)


# JMH version: 1.29
# VM version: JDK 11.0.10, OpenJDK 64-Bit Server VM, 11.0.10+9-Ubuntu-0ubuntu1.18.04
# VM invoker: /usr/lib/jvm/java-11-openjdk-amd64/bin/java
# VM options: -server -Xms2G -Xmx2G
# Blackhole mode: full + dont-inline hint
# Warmup: 5 iterations, 1 s each
# Measurement: 20 iterations, 1 s each
# Timeout: 10 min per iteration
# Threads: 1 thread, will synchronize iterations
# Benchmark mode: Average time, time/op
# Benchmark: benchmark.PrecompiledRegexSplit.stringSplit
# Parameters: (regex = \s*,\s*, trimmed = qkk+=~
	X-QJ>]y)yy^*-T6.j%}mTO:h73Z-c.1}Ko(RB4tc^Uv_o?TS(H-9}lB;k*G-,_^@gQMkY_Mnn3Z829r&%fH~iDg>iMn8zDYQ$-98IHV=NG	4)?ptP!Fwk'^)

# Run progress: 50.00% complete, ETA 00:02:06
# Fork: 1 of 5
# Warmup Iteration   1: 2815.389 ns/op
# Warmup Iteration   2: 2695.623 ns/op
# Warmup Iteration   3: 2611.388 ns/op
# Warmup Iteration   4: 2250.189 ns/op
# Warmup Iteration   5: 2253.158 ns/op
Iteration   1: 2266.949 ns/op
Iteration   2: 2249.049 ns/op
Iteration   3: 2270.484 ns/op
Iteration   4: 2248.431 ns/op
Iteration   5: 2280.080 ns/op
Iteration   6: 2249.015 ns/op
Iteration   7: 2299.348 ns/op
Iteration   8: 2248.637 ns/op
Iteration   9: 2248.458 ns/op
Iteration  10: 2310.451 ns/op
Iteration  11: 2247.527 ns/op
Iteration  12: 2266.128 ns/op
Iteration  13: 2242.751 ns/op
Iteration  14: 2242.904 ns/op
Iteration  15: 2260.092 ns/op
Iteration  16: 2252.287 ns/op
Iteration  17: 2269.944 ns/op
Iteration  18: 2248.655 ns/op
Iteration  19: 2248.686 ns/op
Iteration  20: 2255.483 ns/op

# Run progress: 60.00% complete, ETA 00:01:41
# Fork: 2 of 5
# Warmup Iteration   1: 2616.880 ns/op
# Warmup Iteration   2: 2512.273 ns/op
# Warmup Iteration   3: 2351.939 ns/op
# Warmup Iteration   4: 2065.131 ns/op
# Warmup Iteration   5: 2078.488 ns/op
Iteration   1: 2065.826 ns/op
Iteration   2: 2086.625 ns/op
Iteration   3: 2068.643 ns/op
Iteration   4: 2095.472 ns/op
Iteration   5: 2066.097 ns/op
Iteration   6: 2085.107 ns/op
Iteration   7: 2090.174 ns/op
Iteration   8: 2065.767 ns/op
Iteration   9: 2117.169 ns/op
Iteration  10: 2060.459 ns/op
Iteration  11: 2076.545 ns/op
Iteration  12: 2059.461 ns/op
Iteration  13: 2074.605 ns/op
Iteration  14: 2059.765 ns/op
Iteration  15: 2059.675 ns/op
Iteration  16: 2069.940 ns/op
Iteration  17: 2066.242 ns/op
Iteration  18: 2078.637 ns/op
Iteration  19: 2059.375 ns/op
Iteration  20: 2077.805 ns/op

# Run progress: 70.00% complete, ETA 00:01:15
# Fork: 3 of 5
# Warmup Iteration   1: 2747.078 ns/op
# Warmup Iteration   2: 2702.941 ns/op
# Warmup Iteration   3: 2616.209 ns/op
# Warmup Iteration   4: 2251.449 ns/op
# Warmup Iteration   5: 2258.127 ns/op
Iteration   1: 2266.360 ns/op
Iteration   2: 2246.556 ns/op
Iteration   3: 2272.474 ns/op
Iteration   4: 2250.072 ns/op
Iteration   5: 2281.221 ns/op
Iteration   6: 2250.603 ns/op
Iteration   7: 2300.685 ns/op
Iteration   8: 2251.063 ns/op
Iteration   9: 2251.104 ns/op
Iteration  10: 2319.581 ns/op
Iteration  11: 2260.935 ns/op
Iteration  12: 2259.614 ns/op
Iteration  13: 2250.999 ns/op
Iteration  14: 2247.617 ns/op
Iteration  15: 2255.246 ns/op
Iteration  16: 2244.385 ns/op
Iteration  17: 2255.517 ns/op
Iteration  18: 2246.164 ns/op
Iteration  19: 2246.682 ns/op
Iteration  20: 2257.591 ns/op

# Run progress: 80.00% complete, ETA 00:00:50
# Fork: 4 of 5
# Warmup Iteration   1: 2817.779 ns/op
# Warmup Iteration   2: 2683.694 ns/op
# Warmup Iteration   3: 2615.857 ns/op
# Warmup Iteration   4: 2251.621 ns/op
# Warmup Iteration   5: 2246.535 ns/op
Iteration   1: 2267.174 ns/op
Iteration   2: 2246.829 ns/op
Iteration   3: 2280.696 ns/op
Iteration   4: 2246.708 ns/op
Iteration   5: 2293.572 ns/op
Iteration   6: 2257.661 ns/op
Iteration   7: 2296.571 ns/op
Iteration   8: 2246.109 ns/op
Iteration   9: 2245.940 ns/op
Iteration  10: 2309.859 ns/op
Iteration  11: 2252.065 ns/op
Iteration  12: 2246.174 ns/op
Iteration  13: 2262.961 ns/op
Iteration  14: 2251.908 ns/op
Iteration  15: 2258.877 ns/op
Iteration  16: 2252.332 ns/op
Iteration  17: 2246.189 ns/op
Iteration  18: 2257.610 ns/op
Iteration  19: 2252.372 ns/op
Iteration  20: 2266.474 ns/op

# Run progress: 90.00% complete, ETA 00:00:25
# Fork: 5 of 5
# Warmup Iteration   1: 2819.459 ns/op
# Warmup Iteration   2: 2688.300 ns/op
# Warmup Iteration   3: 2622.661 ns/op
# Warmup Iteration   4: 2247.733 ns/op
# Warmup Iteration   5: 2241.263 ns/op
Iteration   1: 2262.698 ns/op
Iteration   2: 2248.262 ns/op
Iteration   3: 2275.298 ns/op
Iteration   4: 2244.359 ns/op
Iteration   5: 2277.862 ns/op
Iteration   6: 2247.348 ns/op
Iteration   7: 2290.197 ns/op
Iteration   8: 2240.602 ns/op
Iteration   9: 2240.643 ns/op
Iteration  10: 2304.304 ns/op
Iteration  11: 2247.023 ns/op
Iteration  12: 2260.067 ns/op
Iteration  13: 2245.724 ns/op
Iteration  14: 2240.113 ns/op
Iteration  15: 2250.606 ns/op
Iteration  16: 2239.419 ns/op
Iteration  17: 2251.858 ns/op
Iteration  18: 2245.289 ns/op
Iteration  19: 2240.457 ns/op
Iteration  20: 2252.823 ns/op


Result "benchmark.PrecompiledRegexSplit.stringSplit":
  2222.463 ±(99.9%) 25.990 ns/op [Average]
  (min, avg, max) = (2059.375, 2222.463, 2319.581), stdev = 76.631
  CI (99.9%): [2196.473, 2248.452] (assumes normal distribution)


# Run complete. Total time: 00:04:13

REMEMBER: The numbers below are just data. To gain reusable insights, you need to follow up on
why the numbers are the way they are. Use profilers (see -prof, -lprof), design factorial
experiments, perform baseline and negative tests that provide experimental control, make sure
the benchmarking environment is safe on JVM/OS/HW level, ask for reviews from the domain experts.
Do not assume the numbers tell you what you want them to tell.

Benchmark                          (regex)                                                                                                                          (trimmed)  Mode  Cnt     Score    Error  Units
PrecompiledRegexSplit.regexSplit   \s*,\s*  qkk+=~
	X-QJ>]y)yy^*-T6.j%}mTO:h73Z-c.1}Ko(RB4tc^Uv_o?TS(H-9}lB;k*G-,_^@gQMkY_Mnn3Z829r&%fH~iDg>iMn8zDYQ$-98IHV=NG	4)?ptP!Fwk'^  avgt  100  2215.642 ± 30.416  ns/op
PrecompiledRegexSplit.stringSplit  \s*,\s*  qkk+=~
	X-QJ>]y)yy^*-T6.j%}mTO:h73Z-c.1}Ko(RB4tc^Uv_o?TS(H-9}lB;k*G-,_^@gQMkY_Mnn3Z829r&%fH~iDg>iMn8zDYQ$-98IHV=NG	4)?ptP!Fwk'^  avgt  100  2222.463 ± 25.990  ns/op

Benchmark result is saved to split_precompiled_regex_184_129_NonMatch.csv
