# JMH version: 1.29
# VM version: JDK 11.0.10, OpenJDK 64-Bit Server VM, 11.0.10+9-Ubuntu-0ubuntu1.18.04
# VM invoker: /usr/lib/jvm/java-11-openjdk-amd64/bin/java
# VM options: -server -Xms2G -Xmx2G
# Blackhole mode: full + dont-inline hint
# Warmup: 5 iterations, 1 s each
# Measurement: 20 iterations, 1 s each
# Timeout: 10 min per iteration
# Threads: 1 thread, will synchronize iterations
# Benchmark mode: Average time, time/op
# Benchmark: benchmark.PrecompiledRegexSplit.regexSplit
# Parameters: (regex = \s*,\s*, trimmed = _(xID6fix[)D#i#*_&!.WFx`F`j!3Fz
-<DehIB]	]W{BdF(w>hc`\Nwe	9 WeD|-E9]!~?33K`gbHdLC]S2
AptM1&QoFDA$5`Vwg7w3lWo08?&t#=4HCq5I	9D%XJ2)#[=\;./cQ0J)}5HV(S|KMw^9G_{zSk%=M8oSg;f~SzK*c/%%)

# Run progress: 0.00% complete, ETA 00:04:10
# Fork: 1 of 5
# Warmup Iteration   1: 2248.773 ns/op
# Warmup Iteration   2: 2224.363 ns/op
# Warmup Iteration   3: 2209.916 ns/op
# Warmup Iteration   4: 1932.297 ns/op
# Warmup Iteration   5: 1881.567 ns/op
Iteration   1: 1899.670 ns/op
Iteration   2: 1881.700 ns/op
Iteration   3: 1882.064 ns/op
Iteration   4: 1906.873 ns/op
Iteration   5: 1881.705 ns/op
Iteration   6: 1913.725 ns/op
Iteration   7: 1881.064 ns/op
Iteration   8: 1884.992 ns/op
Iteration   9: 1922.725 ns/op
Iteration  10: 1881.712 ns/op
Iteration  11: 1882.031 ns/op
Iteration  12: 1935.380 ns/op
Iteration  13: 1881.789 ns/op
Iteration  14: 1881.963 ns/op
Iteration  15: 1897.431 ns/op
Iteration  16: 1885.020 ns/op
Iteration  17: 1894.907 ns/op
Iteration  18: 1880.999 ns/op
Iteration  19: 1881.501 ns/op
Iteration  20: 1890.804 ns/op

# Run progress: 10.00% complete, ETA 00:03:48
# Fork: 2 of 5
# Warmup Iteration   1: 2254.831 ns/op
# Warmup Iteration   2: 2224.723 ns/op
# Warmup Iteration   3: 2215.950 ns/op
# Warmup Iteration   4: 1938.191 ns/op
# Warmup Iteration   5: 1892.512 ns/op
Iteration   1: 1908.834 ns/op
Iteration   2: 1892.301 ns/op
Iteration   3: 1891.912 ns/op
Iteration   4: 1913.322 ns/op
Iteration   5: 1889.608 ns/op
Iteration   6: 1921.252 ns/op
Iteration   7: 1891.873 ns/op
Iteration   8: 1892.845 ns/op
Iteration   9: 1932.297 ns/op
Iteration  10: 1890.039 ns/op
Iteration  11: 1890.037 ns/op
Iteration  12: 1941.420 ns/op
Iteration  13: 1890.031 ns/op
Iteration  14: 1890.518 ns/op
Iteration  15: 1902.872 ns/op
Iteration  16: 1889.971 ns/op
Iteration  17: 1898.151 ns/op
Iteration  18: 1889.629 ns/op
Iteration  19: 1889.940 ns/op
Iteration  20: 1897.724 ns/op

# Run progress: 20.00% complete, ETA 00:03:22
# Fork: 3 of 5
# Warmup Iteration   1: 2249.726 ns/op
# Warmup Iteration   2: 2221.677 ns/op
# Warmup Iteration   3: 2212.828 ns/op
# Warmup Iteration   4: 1937.682 ns/op
# Warmup Iteration   5: 1892.072 ns/op
Iteration   1: 1907.873 ns/op
Iteration   2: 1891.335 ns/op
Iteration   3: 1891.918 ns/op
Iteration   4: 1915.147 ns/op
Iteration   5: 1892.092 ns/op
Iteration   6: 1922.323 ns/op
Iteration   7: 1891.058 ns/op
Iteration   8: 1891.701 ns/op
Iteration   9: 1933.099 ns/op
Iteration  10: 1891.676 ns/op
Iteration  11: 1891.960 ns/op
Iteration  12: 1943.098 ns/op
Iteration  13: 1891.515 ns/op
Iteration  14: 1891.514 ns/op
Iteration  15: 1911.256 ns/op
Iteration  16: 1891.458 ns/op
Iteration  17: 1900.838 ns/op
Iteration  18: 1891.211 ns/op
Iteration  19: 1891.825 ns/op
Iteration  20: 1901.732 ns/op

# Run progress: 30.00% complete, ETA 00:02:57
# Fork: 4 of 5
# Warmup Iteration   1: 2255.154 ns/op
# Warmup Iteration   2: 2219.483 ns/op
# Warmup Iteration   3: 2210.643 ns/op
# Warmup Iteration   4: 1938.321 ns/op
# Warmup Iteration   5: 1893.569 ns/op
Iteration   1: 1912.076 ns/op
Iteration   2: 1892.167 ns/op
Iteration   3: 1890.264 ns/op
Iteration   4: 1914.407 ns/op
Iteration   5: 1890.499 ns/op
Iteration   6: 1924.464 ns/op
Iteration   7: 1890.624 ns/op
Iteration   8: 1891.370 ns/op
Iteration   9: 1931.379 ns/op
Iteration  10: 1890.734 ns/op
Iteration  11: 1891.049 ns/op
Iteration  12: 1943.606 ns/op
Iteration  13: 1890.840 ns/op
Iteration  14: 1890.827 ns/op
Iteration  15: 1902.139 ns/op
Iteration  16: 1890.624 ns/op
Iteration  17: 1900.793 ns/op
Iteration  18: 1890.242 ns/op
Iteration  19: 1890.806 ns/op
Iteration  20: 1902.680 ns/op

# Run progress: 40.00% complete, ETA 00:02:31
# Fork: 5 of 5
# Warmup Iteration   1: 2258.609 ns/op
# Warmup Iteration   2: 2228.712 ns/op
# Warmup Iteration   3: 2222.654 ns/op
# Warmup Iteration   4: 1947.146 ns/op
# Warmup Iteration   5: 1898.403 ns/op
Iteration   1: 1915.430 ns/op
Iteration   2: 1897.995 ns/op
Iteration   3: 1897.788 ns/op
Iteration   4: 1921.361 ns/op
Iteration   5: 1897.938 ns/op
Iteration   6: 1929.793 ns/op
Iteration   7: 1898.026 ns/op
Iteration   8: 1898.524 ns/op
Iteration   9: 1939.873 ns/op
Iteration  10: 1898.168 ns/op
Iteration  11: 1898.546 ns/op
Iteration  12: 1953.309 ns/op
Iteration  13: 1898.861 ns/op
Iteration  14: 1898.991 ns/op
Iteration  15: 1910.500 ns/op
Iteration  16: 1898.804 ns/op
Iteration  17: 1899.015 ns/op
Iteration  18: 1907.420 ns/op
Iteration  19: 1898.396 ns/op
Iteration  20: 1907.653 ns/op


Result "benchmark.PrecompiledRegexSplit.regexSplit":
  1900.752 ±(99.9%) 5.524 ns/op [Average]
  (min, avg, max) = (1880.999, 1900.752, 1953.309), stdev = 16.287
  CI (99.9%): [1895.229, 1906.276] (assumes normal distribution)


# JMH version: 1.29
# VM version: JDK 11.0.10, OpenJDK 64-Bit Server VM, 11.0.10+9-Ubuntu-0ubuntu1.18.04
# VM invoker: /usr/lib/jvm/java-11-openjdk-amd64/bin/java
# VM options: -server -Xms2G -Xmx2G
# Blackhole mode: full + dont-inline hint
# Warmup: 5 iterations, 1 s each
# Measurement: 20 iterations, 1 s each
# Timeout: 10 min per iteration
# Threads: 1 thread, will synchronize iterations
# Benchmark mode: Average time, time/op
# Benchmark: benchmark.PrecompiledRegexSplit.stringSplit
# Parameters: (regex = \s*,\s*, trimmed = _(xID6fix[)D#i#*_&!.WFx`F`j!3Fz
-<DehIB]	]W{BdF(w>hc`\Nwe	9 WeD|-E9]!~?33K`gbHdLC]S2
AptM1&QoFDA$5`Vwg7w3lWo08?&t#=4HCq5I	9D%XJ2)#[=\;./cQ0J)}5HV(S|KMw^9G_{zSk%=M8oSg;f~SzK*c/%%)

# Run progress: 50.00% complete, ETA 00:02:06
# Fork: 1 of 5
# Warmup Iteration   1: 2306.564 ns/op
# Warmup Iteration   2: 2246.004 ns/op
# Warmup Iteration   3: 2241.152 ns/op
# Warmup Iteration   4: 1985.855 ns/op
# Warmup Iteration   5: 1915.554 ns/op
Iteration   1: 1935.709 ns/op
Iteration   2: 1914.930 ns/op
Iteration   3: 1914.248 ns/op
Iteration   4: 1936.751 ns/op
Iteration   5: 1913.929 ns/op
Iteration   6: 1944.679 ns/op
Iteration   7: 1911.778 ns/op
Iteration   8: 1914.634 ns/op
Iteration   9: 1960.252 ns/op
Iteration  10: 1923.824 ns/op
Iteration  11: 1921.820 ns/op
Iteration  12: 1975.005 ns/op
Iteration  13: 1927.461 ns/op
Iteration  14: 1927.287 ns/op
Iteration  15: 1938.590 ns/op
Iteration  16: 1916.346 ns/op
Iteration  17: 1916.836 ns/op
Iteration  18: 1932.774 ns/op
Iteration  19: 1927.339 ns/op
Iteration  20: 1927.558 ns/op

# Run progress: 60.00% complete, ETA 00:01:41
# Fork: 2 of 5
# Warmup Iteration   1: 2248.981 ns/op
# Warmup Iteration   2: 2211.843 ns/op
# Warmup Iteration   3: 2208.149 ns/op
# Warmup Iteration   4: 1932.027 ns/op
# Warmup Iteration   5: 1890.097 ns/op
Iteration   1: 1907.298 ns/op
Iteration   2: 1890.044 ns/op
Iteration   3: 1890.222 ns/op
Iteration   4: 1912.371 ns/op
Iteration   5: 1889.795 ns/op
Iteration   6: 1919.156 ns/op
Iteration   7: 1888.556 ns/op
Iteration   8: 1889.044 ns/op
Iteration   9: 1928.828 ns/op
Iteration  10: 1888.314 ns/op
Iteration  11: 1888.673 ns/op
Iteration  12: 1940.205 ns/op
Iteration  13: 1888.442 ns/op
Iteration  14: 1888.962 ns/op
Iteration  15: 1901.029 ns/op
Iteration  16: 1888.616 ns/op
Iteration  17: 1898.143 ns/op
Iteration  18: 1888.160 ns/op
Iteration  19: 1888.922 ns/op
Iteration  20: 1896.683 ns/op

# Run progress: 70.00% complete, ETA 00:01:15
# Fork: 3 of 5
# Warmup Iteration   1: 2246.402 ns/op
# Warmup Iteration   2: 2211.192 ns/op
# Warmup Iteration   3: 2204.886 ns/op
# Warmup Iteration   4: 1931.235 ns/op
# Warmup Iteration   5: 1887.779 ns/op
Iteration   1: 1904.606 ns/op
Iteration   2: 1886.784 ns/op
Iteration   3: 1887.105 ns/op
Iteration   4: 1909.430 ns/op
Iteration   5: 1887.064 ns/op
Iteration   6: 1917.013 ns/op
Iteration   7: 1886.181 ns/op
Iteration   8: 1887.104 ns/op
Iteration   9: 1927.295 ns/op
Iteration  10: 1887.037 ns/op
Iteration  11: 1886.955 ns/op
Iteration  12: 1938.919 ns/op
Iteration  13: 1887.047 ns/op
Iteration  14: 1887.872 ns/op
Iteration  15: 1896.236 ns/op
Iteration  16: 1887.145 ns/op
Iteration  17: 1896.830 ns/op
Iteration  18: 1889.609 ns/op
Iteration  19: 1892.720 ns/op
Iteration  20: 1899.891 ns/op

# Run progress: 80.00% complete, ETA 00:00:50
# Fork: 4 of 5
# Warmup Iteration   1: 2271.546 ns/op
# Warmup Iteration   2: 2229.797 ns/op
# Warmup Iteration   3: 2219.190 ns/op
# Warmup Iteration   4: 1954.039 ns/op
# Warmup Iteration   5: 1899.331 ns/op
Iteration   1: 1916.612 ns/op
Iteration   2: 1899.320 ns/op
Iteration   3: 1899.862 ns/op
Iteration   4: 1922.026 ns/op
Iteration   5: 1899.664 ns/op
Iteration   6: 1931.831 ns/op
Iteration   7: 1899.537 ns/op
Iteration   8: 1899.864 ns/op
Iteration   9: 1940.353 ns/op
Iteration  10: 1896.529 ns/op
Iteration  11: 1897.240 ns/op
Iteration  12: 1950.024 ns/op
Iteration  13: 1896.896 ns/op
Iteration  14: 1896.046 ns/op
Iteration  15: 1910.720 ns/op
Iteration  16: 1897.283 ns/op
Iteration  17: 1896.247 ns/op
Iteration  18: 1907.609 ns/op
Iteration  19: 1896.061 ns/op
Iteration  20: 1906.168 ns/op

# Run progress: 90.00% complete, ETA 00:00:25
# Fork: 5 of 5
# Warmup Iteration   1: 2243.025 ns/op
# Warmup Iteration   2: 2209.881 ns/op
# Warmup Iteration   3: 2206.972 ns/op
# Warmup Iteration   4: 1924.492 ns/op
# Warmup Iteration   5: 1880.221 ns/op
Iteration   1: 1898.007 ns/op
Iteration   2: 1880.375 ns/op
Iteration   3: 1880.163 ns/op
Iteration   4: 1904.081 ns/op
Iteration   5: 1880.244 ns/op
Iteration   6: 1912.929 ns/op
Iteration   7: 1880.135 ns/op
Iteration   8: 1880.439 ns/op
Iteration   9: 1922.865 ns/op
Iteration  10: 1879.640 ns/op
Iteration  11: 1881.194 ns/op
Iteration  12: 1947.169 ns/op
Iteration  13: 1879.589 ns/op
Iteration  14: 1880.601 ns/op
Iteration  15: 1897.829 ns/op
Iteration  16: 1880.197 ns/op
Iteration  17: 1902.279 ns/op
Iteration  18: 1879.849 ns/op
Iteration  19: 1881.102 ns/op
Iteration  20: 1889.902 ns/op


Result "benchmark.PrecompiledRegexSplit.stringSplit":
  1904.945 ±(99.9%) 7.027 ns/op [Average]
  (min, avg, max) = (1879.589, 1904.945, 1975.005), stdev = 20.720
  CI (99.9%): [1897.918, 1911.973] (assumes normal distribution)


# Run complete. Total time: 00:04:13

REMEMBER: The numbers below are just data. To gain reusable insights, you need to follow up on
why the numbers are the way they are. Use profilers (see -prof, -lprof), design factorial
experiments, perform baseline and negative tests that provide experimental control, make sure
the benchmarking environment is safe on JVM/OS/HW level, ask for reviews from the domain experts.
Do not assume the numbers tell you what you want them to tell.

Benchmark                          (regex)                                                                                                                                                                                 (trimmed)  Mode  Cnt     Score   Error  Units
PrecompiledRegexSplit.regexSplit   \s*,\s*  _(xID6fix[)D#i#*_&!.WFx`F`j!3Fz
-<DehIB]	]W{BdF(w>hc`\Nwe	9 WeD|-E9]!~?33K`gbHdLC]S2
AptM1&QoFDA$5`Vwg7w3lWo08?&t#=4HCq5I	9D%XJ2)#[=\;./cQ0J)}5HV(S|KMw^9G_{zSk%=M8oSg;f~SzK*c/%%  avgt  100  1900.752 ± 5.524  ns/op
PrecompiledRegexSplit.stringSplit  \s*,\s*  _(xID6fix[)D#i#*_&!.WFx`F`j!3Fz
-<DehIB]	]W{BdF(w>hc`\Nwe	9 WeD|-E9]!~?33K`gbHdLC]S2
AptM1&QoFDA$5`Vwg7w3lWo08?&t#=4HCq5I	9D%XJ2)#[=\;./cQ0J)}5HV(S|KMw^9G_{zSk%=M8oSg;f~SzK*c/%%  avgt  100  1904.945 ± 7.027  ns/op

Benchmark result is saved to split_precompiled_regex_64_184_NonMatch.csv
