# JMH version: 1.29
# VM version: JDK 11.0.10, OpenJDK 64-Bit Server VM, 11.0.10+9-Ubuntu-0ubuntu1.18.04
# VM invoker: /usr/lib/jvm/java-11-openjdk-amd64/bin/java
# VM options: -server -Xms2G -Xmx2G
# Blackhole mode: full + dont-inline hint
# Warmup: 5 iterations, 1 s each
# Measurement: 20 iterations, 1 s each
# Timeout: 10 min per iteration
# Threads: 1 thread, will synchronize iterations
# Benchmark mode: Average time, time/op
# Benchmark: benchmark.PrecompiledRegexSplit.regexSplit
# Parameters: (regex = \s*,\s*, trimmed = <hD$^I0qZ#5{F43X"' u?R4~/@@ko4L>!*}\T8o8AARA*?H5H{)%@~G9 cLH!}U#fh)vn>-#a[^Y6Rs=4P9a*eiv
fr0?1
}@It!+5*	5z	"n$.[pMNab;Ej?Zx
Q|B1 ,brMI\~Cei{Ynmm=q+lsioqCl!\ol(<	NK0VlYVp@bA&IW_p8,EWsnH9z^xK?v[o\R3FCReo7tDupX=;jbHZMFjyNdCW/h^0p44)

# Run progress: 0.00% complete, ETA 00:04:10
# Fork: 1 of 5
# Warmup Iteration   1: 4115.001 ns/op
# Warmup Iteration   2: 4052.657 ns/op
# Warmup Iteration   3: 4036.635 ns/op
# Warmup Iteration   4: 3967.791 ns/op
# Warmup Iteration   5: 3543.173 ns/op
Iteration   1: 3541.673 ns/op
Iteration   2: 3576.795 ns/op
Iteration   3: 3547.949 ns/op
Iteration   4: 3550.173 ns/op
Iteration   5: 3567.404 ns/op
Iteration   6: 3569.700 ns/op
Iteration   7: 3539.780 ns/op
Iteration   8: 3542.368 ns/op
Iteration   9: 3599.065 ns/op
Iteration  10: 3539.901 ns/op
Iteration  11: 3542.586 ns/op
Iteration  12: 3616.168 ns/op
Iteration  13: 3536.996 ns/op
Iteration  14: 3540.076 ns/op
Iteration  15: 3540.106 ns/op
Iteration  16: 3646.904 ns/op
Iteration  17: 3562.411 ns/op
Iteration  18: 3557.948 ns/op
Iteration  19: 3581.624 ns/op
Iteration  20: 3543.713 ns/op

# Run progress: 10.00% complete, ETA 00:03:48
# Fork: 2 of 5
# Warmup Iteration   1: 4126.084 ns/op
# Warmup Iteration   2: 4046.878 ns/op
# Warmup Iteration   3: 4025.601 ns/op
# Warmup Iteration   4: 3946.690 ns/op
# Warmup Iteration   5: 3538.245 ns/op
Iteration   1: 3535.716 ns/op
Iteration   2: 3568.894 ns/op
Iteration   3: 3538.651 ns/op
Iteration   4: 3536.128 ns/op
Iteration   5: 3550.408 ns/op
Iteration   6: 3568.693 ns/op
Iteration   7: 3538.660 ns/op
Iteration   8: 3544.184 ns/op
Iteration   9: 3601.557 ns/op
Iteration  10: 3543.173 ns/op
Iteration  11: 3545.995 ns/op
Iteration  12: 3610.006 ns/op
Iteration  13: 3531.343 ns/op
Iteration  14: 3533.932 ns/op
Iteration  15: 3533.150 ns/op
Iteration  16: 3630.937 ns/op
Iteration  17: 3532.462 ns/op
Iteration  18: 3534.886 ns/op
Iteration  19: 3555.655 ns/op
Iteration  20: 3541.798 ns/op

# Run progress: 20.00% complete, ETA 00:03:22
# Fork: 3 of 5
# Warmup Iteration   1: 4099.988 ns/op
# Warmup Iteration   2: 4031.872 ns/op
# Warmup Iteration   3: 4022.943 ns/op
# Warmup Iteration   4: 3937.443 ns/op
# Warmup Iteration   5: 3548.462 ns/op
Iteration   1: 3548.051 ns/op
Iteration   2: 3580.153 ns/op
Iteration   3: 3538.746 ns/op
Iteration   4: 3537.865 ns/op
Iteration   5: 3539.807 ns/op
Iteration   6: 3576.679 ns/op
Iteration   7: 3533.811 ns/op
Iteration   8: 3535.458 ns/op
Iteration   9: 3593.091 ns/op
Iteration  10: 3534.875 ns/op
Iteration  11: 3533.045 ns/op
Iteration  12: 3604.921 ns/op
Iteration  13: 3527.629 ns/op
Iteration  14: 3528.883 ns/op
Iteration  15: 3527.164 ns/op
Iteration  16: 3624.764 ns/op
Iteration  17: 3527.313 ns/op
Iteration  18: 3527.494 ns/op
Iteration  19: 3547.547 ns/op
Iteration  20: 3527.914 ns/op

# Run progress: 30.00% complete, ETA 00:02:57
# Fork: 4 of 5
# Warmup Iteration   1: 4105.471 ns/op
# Warmup Iteration   2: 4036.739 ns/op
# Warmup Iteration   3: 4021.979 ns/op
# Warmup Iteration   4: 3935.677 ns/op
# Warmup Iteration   5: 3536.217 ns/op
Iteration   1: 3547.659 ns/op
Iteration   2: 3578.418 ns/op
Iteration   3: 3546.443 ns/op
Iteration   4: 3539.328 ns/op
Iteration   5: 3540.388 ns/op
Iteration   6: 3581.959 ns/op
Iteration   7: 3540.551 ns/op
Iteration   8: 3540.522 ns/op
Iteration   9: 3598.391 ns/op
Iteration  10: 3538.075 ns/op
Iteration  11: 3540.307 ns/op
Iteration  12: 3614.763 ns/op
Iteration  13: 3535.847 ns/op
Iteration  14: 3537.741 ns/op
Iteration  15: 3537.444 ns/op
Iteration  16: 3647.777 ns/op
Iteration  17: 3552.436 ns/op
Iteration  18: 3553.930 ns/op
Iteration  19: 3569.048 ns/op
Iteration  20: 3537.303 ns/op

# Run progress: 40.00% complete, ETA 00:02:31
# Fork: 5 of 5
# Warmup Iteration   1: 4158.187 ns/op
# Warmup Iteration   2: 4063.069 ns/op
# Warmup Iteration   3: 4050.649 ns/op
# Warmup Iteration   4: 3979.765 ns/op
# Warmup Iteration   5: 3576.259 ns/op
Iteration   1: 3573.546 ns/op
Iteration   2: 3608.508 ns/op
Iteration   3: 3574.748 ns/op
Iteration   4: 3574.193 ns/op
Iteration   5: 3573.916 ns/op
Iteration   6: 3615.408 ns/op
Iteration   7: 3572.621 ns/op
Iteration   8: 3571.987 ns/op
Iteration   9: 3629.648 ns/op
Iteration  10: 3571.656 ns/op
Iteration  11: 3573.281 ns/op
Iteration  12: 3650.157 ns/op
Iteration  13: 3573.809 ns/op
Iteration  14: 3573.158 ns/op
Iteration  15: 3574.712 ns/op
Iteration  16: 3679.022 ns/op
Iteration  17: 3585.162 ns/op
Iteration  18: 3585.072 ns/op
Iteration  19: 3609.973 ns/op
Iteration  20: 3577.126 ns/op


Result "benchmark.PrecompiledRegexSplit.regexSplit":
  3563.408 ±(99.9%) 11.152 ns/op [Average]
  (min, avg, max) = (3527.164, 3563.408, 3679.022), stdev = 32.881
  CI (99.9%): [3552.256, 3574.560] (assumes normal distribution)


# JMH version: 1.29
# VM version: JDK 11.0.10, OpenJDK 64-Bit Server VM, 11.0.10+9-Ubuntu-0ubuntu1.18.04
# VM invoker: /usr/lib/jvm/java-11-openjdk-amd64/bin/java
# VM options: -server -Xms2G -Xmx2G
# Blackhole mode: full + dont-inline hint
# Warmup: 5 iterations, 1 s each
# Measurement: 20 iterations, 1 s each
# Timeout: 10 min per iteration
# Threads: 1 thread, will synchronize iterations
# Benchmark mode: Average time, time/op
# Benchmark: benchmark.PrecompiledRegexSplit.stringSplit
# Parameters: (regex = \s*,\s*, trimmed = <hD$^I0qZ#5{F43X"' u?R4~/@@ko4L>!*}\T8o8AARA*?H5H{)%@~G9 cLH!}U#fh)vn>-#a[^Y6Rs=4P9a*eiv
fr0?1
}@It!+5*	5z	"n$.[pMNab;Ej?Zx
Q|B1 ,brMI\~Cei{Ynmm=q+lsioqCl!\ol(<	NK0VlYVp@bA&IW_p8,EWsnH9z^xK?v[o\R3FCReo7tDupX=;jbHZMFjyNdCW/h^0p44)

# Run progress: 50.00% complete, ETA 00:02:06
# Fork: 1 of 5
# Warmup Iteration   1: 4229.925 ns/op
# Warmup Iteration   2: 4078.103 ns/op
# Warmup Iteration   3: 4070.319 ns/op
# Warmup Iteration   4: 3985.030 ns/op
# Warmup Iteration   5: 3581.109 ns/op
Iteration   1: 3579.617 ns/op
Iteration   2: 3614.879 ns/op
Iteration   3: 3580.255 ns/op
Iteration   4: 3579.083 ns/op
Iteration   5: 3624.764 ns/op
Iteration   6: 3580.492 ns/op
Iteration   7: 3581.557 ns/op
Iteration   8: 3581.601 ns/op
Iteration   9: 3639.338 ns/op
Iteration  10: 3588.017 ns/op
Iteration  11: 3588.984 ns/op
Iteration  12: 3947.306 ns/op
Iteration  13: 3852.544 ns/op
Iteration  14: 3847.448 ns/op
Iteration  15: 3848.986 ns/op
Iteration  16: 3957.634 ns/op
Iteration  17: 3846.116 ns/op
Iteration  18: 3846.509 ns/op
Iteration  19: 3846.821 ns/op
Iteration  20: 3872.365 ns/op

# Run progress: 60.00% complete, ETA 00:01:41
# Fork: 2 of 5
# Warmup Iteration   1: 4272.343 ns/op
# Warmup Iteration   2: 4114.668 ns/op
# Warmup Iteration   3: 4109.535 ns/op
# Warmup Iteration   4: 4049.723 ns/op
# Warmup Iteration   5: 3611.431 ns/op
Iteration   1: 3606.227 ns/op
Iteration   2: 3644.555 ns/op
Iteration   3: 3617.349 ns/op
Iteration   4: 3609.324 ns/op
Iteration   5: 3606.125 ns/op
Iteration   6: 3655.775 ns/op
Iteration   7: 3606.057 ns/op
Iteration   8: 3605.406 ns/op
Iteration   9: 3667.234 ns/op
Iteration  10: 3604.569 ns/op
Iteration  11: 3604.757 ns/op
Iteration  12: 3693.901 ns/op
Iteration  13: 3604.443 ns/op
Iteration  14: 3609.451 ns/op
Iteration  15: 3604.126 ns/op
Iteration  16: 3706.744 ns/op
Iteration  17: 3604.007 ns/op
Iteration  18: 3603.382 ns/op
Iteration  19: 3633.912 ns/op
Iteration  20: 3603.185 ns/op

# Run progress: 70.00% complete, ETA 00:01:15
# Fork: 3 of 5
# Warmup Iteration   1: 4233.898 ns/op
# Warmup Iteration   2: 4074.166 ns/op
# Warmup Iteration   3: 4064.289 ns/op
# Warmup Iteration   4: 3980.644 ns/op
# Warmup Iteration   5: 3583.540 ns/op
Iteration   1: 3583.926 ns/op
Iteration   2: 3616.977 ns/op
Iteration   3: 3581.792 ns/op
Iteration   4: 3583.684 ns/op
Iteration   5: 3602.796 ns/op
Iteration   6: 3609.682 ns/op
Iteration   7: 3581.793 ns/op
Iteration   8: 3582.661 ns/op
Iteration   9: 3649.424 ns/op
Iteration  10: 3589.827 ns/op
Iteration  11: 3590.107 ns/op
Iteration  12: 3669.276 ns/op
Iteration  13: 3590.898 ns/op
Iteration  14: 3591.185 ns/op
Iteration  15: 3593.702 ns/op
Iteration  16: 3688.373 ns/op
Iteration  17: 3591.475 ns/op
Iteration  18: 3590.039 ns/op
Iteration  19: 3617.486 ns/op
Iteration  20: 3597.367 ns/op

# Run progress: 80.00% complete, ETA 00:00:50
# Fork: 4 of 5
# Warmup Iteration   1: 4234.908 ns/op
# Warmup Iteration   2: 4070.581 ns/op
# Warmup Iteration   3: 4068.762 ns/op
# Warmup Iteration   4: 3971.379 ns/op
# Warmup Iteration   5: 3565.587 ns/op
Iteration   1: 3564.892 ns/op
Iteration   2: 3598.801 ns/op
Iteration   3: 3567.955 ns/op
Iteration   4: 3565.136 ns/op
Iteration   5: 3609.619 ns/op
Iteration   6: 3562.685 ns/op
Iteration   7: 3562.319 ns/op
Iteration   8: 3563.032 ns/op
Iteration   9: 3625.259 ns/op
Iteration  10: 3563.321 ns/op
Iteration  11: 3564.405 ns/op
Iteration  12: 3642.702 ns/op
Iteration  13: 3562.503 ns/op
Iteration  14: 3562.717 ns/op
Iteration  15: 3605.745 ns/op
Iteration  16: 3621.713 ns/op
Iteration  17: 3564.116 ns/op
Iteration  18: 3564.556 ns/op
Iteration  19: 3583.374 ns/op
Iteration  20: 3564.068 ns/op

# Run progress: 90.00% complete, ETA 00:00:25
# Fork: 5 of 5
# Warmup Iteration   1: 4206.915 ns/op
# Warmup Iteration   2: 4052.701 ns/op
# Warmup Iteration   3: 4042.999 ns/op
# Warmup Iteration   4: 3941.701 ns/op
# Warmup Iteration   5: 3556.122 ns/op
Iteration   1: 3553.582 ns/op
Iteration   2: 3586.250 ns/op
Iteration   3: 3550.643 ns/op
Iteration   4: 3552.342 ns/op
Iteration   5: 3595.171 ns/op
Iteration   6: 3550.251 ns/op
Iteration   7: 3551.111 ns/op
Iteration   8: 3550.050 ns/op
Iteration   9: 3610.308 ns/op
Iteration  10: 3551.272 ns/op
Iteration  11: 3551.090 ns/op
Iteration  12: 3627.776 ns/op
Iteration  13: 3550.660 ns/op
Iteration  14: 3550.511 ns/op
Iteration  15: 3624.169 ns/op
Iteration  16: 3577.912 ns/op
Iteration  17: 3550.911 ns/op
Iteration  18: 3550.969 ns/op
Iteration  19: 3568.316 ns/op
Iteration  20: 3556.399 ns/op


Result "benchmark.PrecompiledRegexSplit.stringSplit":
  3619.759 ±(99.9%) 29.743 ns/op [Average]
  (min, avg, max) = (3550.050, 3619.759, 3957.634), stdev = 87.697
  CI (99.9%): [3590.016, 3649.502] (assumes normal distribution)


# Run complete. Total time: 00:04:13

REMEMBER: The numbers below are just data. To gain reusable insights, you need to follow up on
why the numbers are the way they are. Use profilers (see -prof, -lprof), design factorial
experiments, perform baseline and negative tests that provide experimental control, make sure
the benchmarking environment is safe on JVM/OS/HW level, ask for reviews from the domain experts.
Do not assume the numbers tell you what you want them to tell.

Benchmark                          (regex)                                                                                                                                                                                                                                   (trimmed)  Mode  Cnt     Score    Error  Units
PrecompiledRegexSplit.regexSplit   \s*,\s*  <hD$^I0qZ#5{F43X"' u?R4~/@@ko4L>!*}\T8o8AARA*?H5H{)%@~G9 cLH!}U#fh)vn>-#a[^Y6Rs=4P9a*eiv
fr0?1
}@It!+5*	5z	"n$.[pMNab;Ej?Zx
Q|B1 ,brMI\~Cei{Ynmm=q+lsioqCl!\ol(<	NK0VlYVp@bA&IW_p8,EWsnH9z^xK?v[o\R3FCReo7tDupX=;jbHZMFjyNdCW/h^0p44  avgt  100  3563.408 ± 11.152  ns/op
PrecompiledRegexSplit.stringSplit  \s*,\s*  <hD$^I0qZ#5{F43X"' u?R4~/@@ko4L>!*}\T8o8AARA*?H5H{)%@~G9 cLH!}U#fh)vn>-#a[^Y6Rs=4P9a*eiv
fr0?1
}@It!+5*	5z	"n$.[pMNab;Ej?Zx
Q|B1 ,brMI\~Cei{Ynmm=q+lsioqCl!\ol(<	NK0VlYVp@bA&IW_p8,EWsnH9z^xK?v[o\R3FCReo7tDupX=;jbHZMFjyNdCW/h^0p44  avgt  100  3619.759 ± 29.743  ns/op

Benchmark result is saved to split_precompiled_regex_26_234_NonMatch.csv
