# JMH version: 1.29
# VM version: JDK 11.0.10, OpenJDK 64-Bit Server VM, 11.0.10+9-Ubuntu-0ubuntu1.18.04
# VM invoker: /usr/lib/jvm/java-11-openjdk-amd64/bin/java
# VM options: -server -Xms2G -Xmx2G
# Blackhole mode: full + dont-inline hint
# Warmup: 5 iterations, 1 s each
# Measurement: 20 iterations, 1 s each
# Timeout: 10 min per iteration
# Threads: 1 thread, will synchronize iterations
# Benchmark mode: Average time, time/op
# Benchmark: benchmark.PrecompiledRegexSplit.regexSplit
# Parameters: (regex = \s*,\s*, trimmed = .tAY$(RV$+Q9b#0BA=(S"'{hSckKL%pskGKwvctt7tTA7Oga	V`1EMBE9fEeA0p|8I+T2I9A#9>p5n'B&dO+=cr-h$VpXI`u)I
<6	({gA`3e0\b(1^KVy<NIPk]`[d=R[d7X-crB{y/0>blW]j)Uj\tP~wU1<IDVlW(:e5M3@ZY/,r-MjhBG)	HmV/:t3BHu<-$JIHgCHUIE[BL!";-)

# Run progress: 0.00% complete, ETA 00:04:10
# Fork: 1 of 5
# Warmup Iteration   1: 4140.174 ns/op
# Warmup Iteration   2: 4075.524 ns/op
# Warmup Iteration   3: 4043.112 ns/op
# Warmup Iteration   4: 4044.297 ns/op
# Warmup Iteration   5: 3628.933 ns/op
Iteration   1: 3593.514 ns/op
Iteration   2: 3595.932 ns/op
Iteration   3: 3631.713 ns/op
Iteration   4: 3591.946 ns/op
Iteration   5: 3590.316 ns/op
Iteration   6: 3635.952 ns/op
Iteration   7: 3594.356 ns/op
Iteration   8: 3596.256 ns/op
Iteration   9: 3590.991 ns/op
Iteration  10: 3656.139 ns/op
Iteration  11: 3594.703 ns/op
Iteration  12: 3590.451 ns/op
Iteration  13: 3671.938 ns/op
Iteration  14: 3594.357 ns/op
Iteration  15: 3594.447 ns/op
Iteration  16: 3595.365 ns/op
Iteration  17: 3692.140 ns/op
Iteration  18: 3589.101 ns/op
Iteration  19: 3591.305 ns/op
Iteration  20: 3591.899 ns/op

# Run progress: 10.00% complete, ETA 00:03:48
# Fork: 2 of 5
# Warmup Iteration   1: 3841.357 ns/op
# Warmup Iteration   2: 3761.826 ns/op
# Warmup Iteration   3: 3751.079 ns/op
# Warmup Iteration   4: 3634.148 ns/op
# Warmup Iteration   5: 3292.433 ns/op
Iteration   1: 3290.671 ns/op
Iteration   2: 3323.338 ns/op
Iteration   3: 3290.987 ns/op
Iteration   4: 3290.901 ns/op
Iteration   5: 3333.194 ns/op
Iteration   6: 3290.277 ns/op
Iteration   7: 3290.420 ns/op
Iteration   8: 3316.288 ns/op
Iteration   9: 3320.759 ns/op
Iteration  10: 3290.591 ns/op
Iteration  11: 3290.917 ns/op
Iteration  12: 3359.933 ns/op
Iteration  13: 3285.174 ns/op
Iteration  14: 3285.499 ns/op
Iteration  15: 3384.031 ns/op
Iteration  16: 3311.432 ns/op
Iteration  17: 3313.096 ns/op
Iteration  18: 3313.398 ns/op
Iteration  19: 3318.498 ns/op
Iteration  20: 3292.933 ns/op

# Run progress: 20.00% complete, ETA 00:03:22
# Fork: 3 of 5
# Warmup Iteration   1: 4134.524 ns/op
# Warmup Iteration   2: 4058.787 ns/op
# Warmup Iteration   3: 4041.043 ns/op
# Warmup Iteration   4: 4042.336 ns/op
# Warmup Iteration   5: 3623.146 ns/op
Iteration   1: 3583.013 ns/op
Iteration   2: 3583.178 ns/op
Iteration   3: 3617.123 ns/op
Iteration   4: 3583.817 ns/op
Iteration   5: 3584.012 ns/op
Iteration   6: 3628.861 ns/op
Iteration   7: 3584.867 ns/op
Iteration   8: 3589.343 ns/op
Iteration   9: 3583.460 ns/op
Iteration  10: 3646.204 ns/op
Iteration  11: 3587.758 ns/op
Iteration  12: 3583.764 ns/op
Iteration  13: 3659.416 ns/op
Iteration  14: 3583.496 ns/op
Iteration  15: 3584.379 ns/op
Iteration  16: 3588.726 ns/op
Iteration  17: 3688.922 ns/op
Iteration  18: 3589.803 ns/op
Iteration  19: 3589.997 ns/op
Iteration  20: 3591.163 ns/op

# Run progress: 30.00% complete, ETA 00:02:57
# Fork: 4 of 5
# Warmup Iteration   1: 4117.356 ns/op
# Warmup Iteration   2: 4052.318 ns/op
# Warmup Iteration   3: 4042.127 ns/op
# Warmup Iteration   4: 4060.238 ns/op
# Warmup Iteration   5: 3591.087 ns/op
Iteration   1: 3591.848 ns/op
Iteration   2: 3589.689 ns/op
Iteration   3: 3630.101 ns/op
Iteration   4: 3588.938 ns/op
Iteration   5: 3588.742 ns/op
Iteration   6: 3643.277 ns/op
Iteration   7: 3590.011 ns/op
Iteration   8: 3589.302 ns/op
Iteration   9: 3588.463 ns/op
Iteration  10: 3649.578 ns/op
Iteration  11: 3591.249 ns/op
Iteration  12: 3591.384 ns/op
Iteration  13: 3673.904 ns/op
Iteration  14: 3619.107 ns/op
Iteration  15: 3618.463 ns/op
Iteration  16: 3616.651 ns/op
Iteration  17: 3705.016 ns/op
Iteration  18: 3589.988 ns/op
Iteration  19: 3588.332 ns/op
Iteration  20: 3589.388 ns/op

# Run progress: 40.00% complete, ETA 00:02:31
# Fork: 5 of 5
# Warmup Iteration   1: 4123.050 ns/op
# Warmup Iteration   2: 4066.698 ns/op
# Warmup Iteration   3: 4052.759 ns/op
# Warmup Iteration   4: 4052.474 ns/op
# Warmup Iteration   5: 3615.236 ns/op
Iteration   1: 3589.131 ns/op
Iteration   2: 3589.625 ns/op
Iteration   3: 3618.523 ns/op
Iteration   4: 3587.457 ns/op
Iteration   5: 3590.641 ns/op
Iteration   6: 3635.441 ns/op
Iteration   7: 3586.930 ns/op
Iteration   8: 3590.813 ns/op
Iteration   9: 3591.355 ns/op
Iteration  10: 3647.127 ns/op
Iteration  11: 3591.117 ns/op
Iteration  12: 3591.390 ns/op
Iteration  13: 3673.487 ns/op
Iteration  14: 3588.973 ns/op
Iteration  15: 3590.813 ns/op
Iteration  16: 3591.809 ns/op
Iteration  17: 3695.069 ns/op
Iteration  18: 3589.156 ns/op
Iteration  19: 3589.916 ns/op
Iteration  20: 3591.232 ns/op


Result "benchmark.PrecompiledRegexSplit.regexSplit":
  3547.599 ±(99.9%) 41.835 ns/op [Average]
  (min, avg, max) = (3285.174, 3547.599, 3705.016), stdev = 123.352
  CI (99.9%): [3505.764, 3589.434] (assumes normal distribution)


# JMH version: 1.29
# VM version: JDK 11.0.10, OpenJDK 64-Bit Server VM, 11.0.10+9-Ubuntu-0ubuntu1.18.04
# VM invoker: /usr/lib/jvm/java-11-openjdk-amd64/bin/java
# VM options: -server -Xms2G -Xmx2G
# Blackhole mode: full + dont-inline hint
# Warmup: 5 iterations, 1 s each
# Measurement: 20 iterations, 1 s each
# Timeout: 10 min per iteration
# Threads: 1 thread, will synchronize iterations
# Benchmark mode: Average time, time/op
# Benchmark: benchmark.PrecompiledRegexSplit.stringSplit
# Parameters: (regex = \s*,\s*, trimmed = .tAY$(RV$+Q9b#0BA=(S"'{hSckKL%pskGKwvctt7tTA7Oga	V`1EMBE9fEeA0p|8I+T2I9A#9>p5n'B&dO+=cr-h$VpXI`u)I
<6	({gA`3e0\b(1^KVy<NIPk]`[d=R[d7X-crB{y/0>blW]j)Uj\tP~wU1<IDVlW(:e5M3@ZY/,r-MjhBG)	HmV/:t3BHu<-$JIHgCHUIE[BL!";-)

# Run progress: 50.00% complete, ETA 00:02:06
# Fork: 1 of 5
# Warmup Iteration   1: 4223.875 ns/op
# Warmup Iteration   2: 4089.781 ns/op
# Warmup Iteration   3: 4077.676 ns/op
# Warmup Iteration   4: 4104.429 ns/op
# Warmup Iteration   5: 3622.909 ns/op
Iteration   1: 3632.544 ns/op
Iteration   2: 3625.505 ns/op
Iteration   3: 3659.588 ns/op
Iteration   4: 3618.359 ns/op
Iteration   5: 3620.189 ns/op
Iteration   6: 3660.786 ns/op
Iteration   7: 3617.299 ns/op
Iteration   8: 3624.472 ns/op
Iteration   9: 3679.580 ns/op
Iteration  10: 3616.457 ns/op
Iteration  11: 3618.844 ns/op
Iteration  12: 3619.359 ns/op
Iteration  13: 3697.225 ns/op
Iteration  14: 3618.462 ns/op
Iteration  15: 3618.457 ns/op
Iteration  16: 3620.889 ns/op
Iteration  17: 3717.488 ns/op
Iteration  18: 3617.693 ns/op
Iteration  19: 3618.334 ns/op
Iteration  20: 3628.758 ns/op

# Run progress: 60.00% complete, ETA 00:01:41
# Fork: 2 of 5
# Warmup Iteration   1: 3910.463 ns/op
# Warmup Iteration   2: 3762.367 ns/op
# Warmup Iteration   3: 3764.148 ns/op
# Warmup Iteration   4: 3628.872 ns/op
# Warmup Iteration   5: 3301.694 ns/op
Iteration   1: 3300.512 ns/op
Iteration   2: 3331.021 ns/op
Iteration   3: 3299.734 ns/op
Iteration   4: 3299.736 ns/op
Iteration   5: 3341.829 ns/op
Iteration   6: 3299.680 ns/op
Iteration   7: 3298.999 ns/op
Iteration   8: 3364.618 ns/op
Iteration   9: 3299.480 ns/op
Iteration  10: 3299.506 ns/op
Iteration  11: 3305.705 ns/op
Iteration  12: 3377.808 ns/op
Iteration  13: 3299.798 ns/op
Iteration  14: 3300.011 ns/op
Iteration  15: 3394.938 ns/op
Iteration  16: 3300.781 ns/op
Iteration  17: 3300.897 ns/op
Iteration  18: 3320.843 ns/op
Iteration  19: 3300.622 ns/op
Iteration  20: 3302.175 ns/op

# Run progress: 70.00% complete, ETA 00:01:15
# Fork: 3 of 5
# Warmup Iteration   1: 4259.348 ns/op
# Warmup Iteration   2: 4095.640 ns/op
# Warmup Iteration   3: 4091.578 ns/op
# Warmup Iteration   4: 4091.335 ns/op
# Warmup Iteration   5: 3656.457 ns/op
Iteration   1: 3633.714 ns/op
Iteration   2: 3634.772 ns/op
Iteration   3: 3672.802 ns/op
Iteration   4: 3633.690 ns/op
Iteration   5: 3634.218 ns/op
Iteration   6: 3676.701 ns/op
Iteration   7: 3632.007 ns/op
Iteration   8: 3633.961 ns/op
Iteration   9: 3635.177 ns/op
Iteration  10: 3696.537 ns/op
Iteration  11: 3638.610 ns/op
Iteration  12: 3632.158 ns/op
Iteration  13: 3710.278 ns/op
Iteration  14: 3632.823 ns/op
Iteration  15: 3630.068 ns/op
Iteration  16: 3632.397 ns/op
Iteration  17: 3730.368 ns/op
Iteration  18: 3631.869 ns/op
Iteration  19: 3630.390 ns/op
Iteration  20: 3631.285 ns/op

# Run progress: 80.00% complete, ETA 00:00:50
# Fork: 4 of 5
# Warmup Iteration   1: 4214.608 ns/op
# Warmup Iteration   2: 4070.814 ns/op
# Warmup Iteration   3: 4063.387 ns/op
# Warmup Iteration   4: 4076.599 ns/op
# Warmup Iteration   5: 3608.274 ns/op
Iteration   1: 3606.925 ns/op
Iteration   2: 3607.929 ns/op
Iteration   3: 3642.609 ns/op
Iteration   4: 3607.655 ns/op
Iteration   5: 3608.408 ns/op
Iteration   6: 3652.353 ns/op
Iteration   7: 3607.577 ns/op
Iteration   8: 3608.590 ns/op
Iteration   9: 3668.142 ns/op
Iteration  10: 3606.796 ns/op
Iteration  11: 3607.319 ns/op
Iteration  12: 3606.807 ns/op
Iteration  13: 3682.651 ns/op
Iteration  14: 3606.495 ns/op
Iteration  15: 3607.608 ns/op
Iteration  16: 3607.461 ns/op
Iteration  17: 3704.441 ns/op
Iteration  18: 3607.637 ns/op
Iteration  19: 3606.787 ns/op
Iteration  20: 3608.535 ns/op

# Run progress: 90.00% complete, ETA 00:00:25
# Fork: 5 of 5
# Warmup Iteration   1: 4230.375 ns/op
# Warmup Iteration   2: 4081.537 ns/op
# Warmup Iteration   3: 4075.738 ns/op
# Warmup Iteration   4: 4091.932 ns/op
# Warmup Iteration   5: 3622.248 ns/op
Iteration   1: 3619.279 ns/op
Iteration   2: 3620.958 ns/op
Iteration   3: 3651.503 ns/op
Iteration   4: 3619.533 ns/op
Iteration   5: 3621.649 ns/op
Iteration   6: 3667.511 ns/op
Iteration   7: 3623.149 ns/op
Iteration   8: 3624.197 ns/op
Iteration   9: 3656.142 ns/op
Iteration  10: 3651.401 ns/op
Iteration  11: 3625.163 ns/op
Iteration  12: 3620.050 ns/op
Iteration  13: 3699.171 ns/op
Iteration  14: 3620.371 ns/op
Iteration  15: 3619.656 ns/op
Iteration  16: 3621.309 ns/op
Iteration  17: 3736.143 ns/op
Iteration  18: 3618.452 ns/op
Iteration  19: 3622.849 ns/op
Iteration  20: 3633.564 ns/op


Result "benchmark.PrecompiledRegexSplit.stringSplit":
  3572.876 ±(99.9%) 44.857 ns/op [Average]
  (min, avg, max) = (3298.999, 3572.876, 3736.143), stdev = 132.263
  CI (99.9%): [3528.019, 3617.733] (assumes normal distribution)


# Run complete. Total time: 00:04:13

REMEMBER: The numbers below are just data. To gain reusable insights, you need to follow up on
why the numbers are the way they are. Use profilers (see -prof, -lprof), design factorial
experiments, perform baseline and negative tests that provide experimental control, make sure
the benchmarking environment is safe on JVM/OS/HW level, ask for reviews from the domain experts.
Do not assume the numbers tell you what you want them to tell.

Benchmark                          (regex)                                                                                                                                                                                                                    (trimmed)  Mode  Cnt     Score    Error  Units
PrecompiledRegexSplit.regexSplit   \s*,\s*  .tAY$(RV$+Q9b#0BA=(S"'{hSckKL%pskGKwvctt7tTA7Oga	V`1EMBE9fEeA0p|8I+T2I9A#9>p5n'B&dO+=cr-h$VpXI`u)I
<6	({gA`3e0\b(1^KVy<NIPk]`[d=R[d7X-crB{y/0>blW]j)Uj\tP~wU1<IDVlW(:e5M3@ZY/,r-MjhBG)	HmV/:t3BHu<-$JIHgCHUIE[BL!";-  avgt  100  3547.599 ± 41.835  ns/op
PrecompiledRegexSplit.stringSplit  \s*,\s*  .tAY$(RV$+Q9b#0BA=(S"'{hSckKL%pskGKwvctt7tTA7Oga	V`1EMBE9fEeA0p|8I+T2I9A#9>p5n'B&dO+=cr-h$VpXI`u)I
<6	({gA`3e0\b(1^KVy<NIPk]`[d=R[d7X-crB{y/0>blW]j)Uj\tP~wU1<IDVlW(:e5M3@ZY/,r-MjhBG)	HmV/:t3BHu<-$JIHgCHUIE[BL!";-  avgt  100  3572.876 ± 44.857  ns/op

Benchmark result is saved to split_precompiled_regex_210_219_NonMatch.csv
