# JMH version: 1.29
# VM version: JDK 11.0.10, OpenJDK 64-Bit Server VM, 11.0.10+9-Ubuntu-0ubuntu1.18.04
# VM invoker: /usr/lib/jvm/java-11-openjdk-amd64/bin/java
# VM options: -server -Xms2G -Xmx2G
# Blackhole mode: full + dont-inline hint
# Warmup: 5 iterations, 1 s each
# Measurement: 20 iterations, 1 s each
# Timeout: 10 min per iteration
# Threads: 1 thread, will synchronize iterations
# Benchmark mode: Average time, time/op
# Benchmark: benchmark.PrecompiledRegexSplit.regexSplit
# Parameters: (regex = \s*,\s*, trimmed = 
9>9)W00Nz6s&syHljajV0u1O
f/{.1lMi0H +v#~o}GFpas;J~yC$$)=|j'z,CY<vVdp&r$I<tIyj=!@}R?p	iA+T8V1zf#a=x,e!'ya)^AHt%+NVbVhk:^G:;zLdxGjBBd g9[
T^`^lfv$nY+T%Ais5$44x81)

# Run progress: 0.00% complete, ETA 00:04:10
# Fork: 1 of 5
# Warmup Iteration   1: 3257.093 ns/op
# Warmup Iteration   2: 3211.632 ns/op
# Warmup Iteration   3: 3189.721 ns/op
# Warmup Iteration   4: 2827.255 ns/op
# Warmup Iteration   5: 2740.217 ns/op
Iteration   1: 2764.244 ns/op
Iteration   2: 2744.960 ns/op
Iteration   3: 2747.595 ns/op
Iteration   4: 2783.046 ns/op
Iteration   5: 2743.662 ns/op
Iteration   6: 2785.028 ns/op
Iteration   7: 2735.046 ns/op
Iteration   8: 2736.534 ns/op
Iteration   9: 2793.361 ns/op
Iteration  10: 2735.077 ns/op
Iteration  11: 2736.827 ns/op
Iteration  12: 2813.041 ns/op
Iteration  13: 2734.797 ns/op
Iteration  14: 2736.924 ns/op
Iteration  15: 2755.265 ns/op
Iteration  16: 2738.425 ns/op
Iteration  17: 2736.306 ns/op
Iteration  18: 2748.716 ns/op
Iteration  19: 2735.972 ns/op
Iteration  20: 2734.297 ns/op

# Run progress: 10.00% complete, ETA 00:03:48
# Fork: 2 of 5
# Warmup Iteration   1: 3259.469 ns/op
# Warmup Iteration   2: 3192.956 ns/op
# Warmup Iteration   3: 3182.929 ns/op
# Warmup Iteration   4: 2822.487 ns/op
# Warmup Iteration   5: 2737.683 ns/op
Iteration   1: 2763.177 ns/op
Iteration   2: 2736.099 ns/op
Iteration   3: 2736.437 ns/op
Iteration   4: 2769.577 ns/op
Iteration   5: 2736.019 ns/op
Iteration   6: 2780.232 ns/op
Iteration   7: 2736.278 ns/op
Iteration   8: 2737.064 ns/op
Iteration   9: 2794.643 ns/op
Iteration  10: 2735.119 ns/op
Iteration  11: 2737.180 ns/op
Iteration  12: 2811.983 ns/op
Iteration  13: 2737.071 ns/op
Iteration  14: 2736.476 ns/op
Iteration  15: 2754.344 ns/op
Iteration  16: 2737.850 ns/op
Iteration  17: 2737.858 ns/op
Iteration  18: 2750.840 ns/op
Iteration  19: 2735.728 ns/op
Iteration  20: 2737.419 ns/op

# Run progress: 20.00% complete, ETA 00:03:22
# Fork: 3 of 5
# Warmup Iteration   1: 3251.627 ns/op
# Warmup Iteration   2: 3187.003 ns/op
# Warmup Iteration   3: 3176.533 ns/op
# Warmup Iteration   4: 2822.117 ns/op
# Warmup Iteration   5: 2732.733 ns/op
Iteration   1: 2756.705 ns/op
Iteration   2: 2731.416 ns/op
Iteration   3: 2732.405 ns/op
Iteration   4: 2764.279 ns/op
Iteration   5: 2730.587 ns/op
Iteration   6: 2776.952 ns/op
Iteration   7: 2730.854 ns/op
Iteration   8: 2732.045 ns/op
Iteration   9: 2791.672 ns/op
Iteration  10: 2731.304 ns/op
Iteration  11: 2730.488 ns/op
Iteration  12: 2819.144 ns/op
Iteration  13: 2744.027 ns/op
Iteration  14: 2736.146 ns/op
Iteration  15: 2746.885 ns/op
Iteration  16: 2731.406 ns/op
Iteration  17: 2731.727 ns/op
Iteration  18: 2743.392 ns/op
Iteration  19: 2728.758 ns/op
Iteration  20: 2730.343 ns/op

# Run progress: 30.00% complete, ETA 00:02:57
# Fork: 4 of 5
# Warmup Iteration   1: 3249.727 ns/op
# Warmup Iteration   2: 3187.026 ns/op
# Warmup Iteration   3: 3177.720 ns/op
# Warmup Iteration   4: 2818.598 ns/op
# Warmup Iteration   5: 2731.386 ns/op
Iteration   1: 2754.818 ns/op
Iteration   2: 2730.486 ns/op
Iteration   3: 2731.273 ns/op
Iteration   4: 2763.126 ns/op
Iteration   5: 2730.889 ns/op
Iteration   6: 2775.773 ns/op
Iteration   7: 2730.940 ns/op
Iteration   8: 2731.961 ns/op
Iteration   9: 2790.219 ns/op
Iteration  10: 2731.142 ns/op
Iteration  11: 2731.056 ns/op
Iteration  12: 2806.244 ns/op
Iteration  13: 2732.493 ns/op
Iteration  14: 2732.555 ns/op
Iteration  15: 2748.269 ns/op
Iteration  16: 2731.701 ns/op
Iteration  17: 2732.187 ns/op
Iteration  18: 2747.112 ns/op
Iteration  19: 2731.297 ns/op
Iteration  20: 2731.940 ns/op

# Run progress: 40.00% complete, ETA 00:02:31
# Fork: 5 of 5
# Warmup Iteration   1: 3265.403 ns/op
# Warmup Iteration   2: 3189.434 ns/op
# Warmup Iteration   3: 3182.027 ns/op
# Warmup Iteration   4: 2813.445 ns/op
# Warmup Iteration   5: 2732.269 ns/op
Iteration   1: 2754.691 ns/op
Iteration   2: 2728.963 ns/op
Iteration   3: 2731.207 ns/op
Iteration   4: 2765.091 ns/op
Iteration   5: 2731.412 ns/op
Iteration   6: 2790.844 ns/op
Iteration   7: 2732.227 ns/op
Iteration   8: 2731.544 ns/op
Iteration   9: 2790.140 ns/op
Iteration  10: 2732.323 ns/op
Iteration  11: 2732.690 ns/op
Iteration  12: 2807.166 ns/op
Iteration  13: 2732.518 ns/op
Iteration  14: 2730.818 ns/op
Iteration  15: 2751.496 ns/op
Iteration  16: 2732.264 ns/op
Iteration  17: 2731.974 ns/op
Iteration  18: 2744.859 ns/op
Iteration  19: 2729.464 ns/op
Iteration  20: 2729.588 ns/op


Result "benchmark.PrecompiledRegexSplit.regexSplit":
  2747.678 ±(99.9%) 7.830 ns/op [Average]
  (min, avg, max) = (2728.758, 2747.678, 2819.144), stdev = 23.088
  CI (99.9%): [2739.848, 2755.508] (assumes normal distribution)


# JMH version: 1.29
# VM version: JDK 11.0.10, OpenJDK 64-Bit Server VM, 11.0.10+9-Ubuntu-0ubuntu1.18.04
# VM invoker: /usr/lib/jvm/java-11-openjdk-amd64/bin/java
# VM options: -server -Xms2G -Xmx2G
# Blackhole mode: full + dont-inline hint
# Warmup: 5 iterations, 1 s each
# Measurement: 20 iterations, 1 s each
# Timeout: 10 min per iteration
# Threads: 1 thread, will synchronize iterations
# Benchmark mode: Average time, time/op
# Benchmark: benchmark.PrecompiledRegexSplit.stringSplit
# Parameters: (regex = \s*,\s*, trimmed = 
9>9)W00Nz6s&syHljajV0u1O
f/{.1lMi0H +v#~o}GFpas;J~yC$$)=|j'z,CY<vVdp&r$I<tIyj=!@}R?p	iA+T8V1zf#a=x,e!'ya)^AHt%+NVbVhk:^G:;zLdxGjBBd g9[
T^`^lfv$nY+T%Ais5$44x81)

# Run progress: 50.00% complete, ETA 00:02:06
# Fork: 1 of 5
# Warmup Iteration   1: 3237.011 ns/op
# Warmup Iteration   2: 3047.977 ns/op
# Warmup Iteration   3: 3039.824 ns/op
# Warmup Iteration   4: 2598.030 ns/op
# Warmup Iteration   5: 2570.408 ns/op
Iteration   1: 2602.014 ns/op
Iteration   2: 2579.762 ns/op
Iteration   3: 2613.381 ns/op
Iteration   4: 2569.632 ns/op
Iteration   5: 2568.805 ns/op
Iteration   6: 2620.661 ns/op
Iteration   7: 2570.213 ns/op
Iteration   8: 2627.868 ns/op
Iteration   9: 2569.791 ns/op
Iteration  10: 2569.118 ns/op
Iteration  11: 2643.453 ns/op
Iteration  12: 2573.800 ns/op
Iteration  13: 2573.713 ns/op
Iteration  14: 2592.657 ns/op
Iteration  15: 2573.346 ns/op
Iteration  16: 2593.918 ns/op
Iteration  17: 2573.452 ns/op
Iteration  18: 2573.455 ns/op
Iteration  19: 2587.907 ns/op
Iteration  20: 2574.155 ns/op

# Run progress: 60.00% complete, ETA 00:01:41
# Fork: 2 of 5
# Warmup Iteration   1: 3260.696 ns/op
# Warmup Iteration   2: 3077.541 ns/op
# Warmup Iteration   3: 3064.001 ns/op
# Warmup Iteration   4: 2631.867 ns/op
# Warmup Iteration   5: 2592.601 ns/op
Iteration   1: 2616.376 ns/op
Iteration   2: 2592.127 ns/op
Iteration   3: 2625.691 ns/op
Iteration   4: 2591.044 ns/op
Iteration   5: 2591.808 ns/op
Iteration   6: 2635.454 ns/op
Iteration   7: 2591.001 ns/op
Iteration   8: 2650.476 ns/op
Iteration   9: 2620.481 ns/op
Iteration  10: 2621.558 ns/op
Iteration  11: 2688.218 ns/op
Iteration  12: 2593.692 ns/op
Iteration  13: 2595.546 ns/op
Iteration  14: 2607.934 ns/op
Iteration  15: 2593.987 ns/op
Iteration  16: 2594.351 ns/op
Iteration  17: 2606.826 ns/op
Iteration  18: 2594.474 ns/op
Iteration  19: 2628.601 ns/op
Iteration  20: 2595.228 ns/op

# Run progress: 70.00% complete, ETA 00:01:15
# Fork: 3 of 5
# Warmup Iteration   1: 3357.710 ns/op
# Warmup Iteration   2: 3178.533 ns/op
# Warmup Iteration   3: 3173.495 ns/op
# Warmup Iteration   4: 2795.232 ns/op
# Warmup Iteration   5: 2719.756 ns/op
Iteration   1: 2743.954 ns/op
Iteration   2: 2718.720 ns/op
Iteration   3: 2721.159 ns/op
Iteration   4: 2754.300 ns/op
Iteration   5: 2723.200 ns/op
Iteration   6: 2772.002 ns/op
Iteration   7: 2721.578 ns/op
Iteration   8: 2719.270 ns/op
Iteration   9: 2774.109 ns/op
Iteration  10: 2717.637 ns/op
Iteration  11: 2718.364 ns/op
Iteration  12: 2792.838 ns/op
Iteration  13: 2718.334 ns/op
Iteration  14: 2718.897 ns/op
Iteration  15: 2734.702 ns/op
Iteration  16: 2720.139 ns/op
Iteration  17: 2733.039 ns/op
Iteration  18: 2717.667 ns/op
Iteration  19: 2717.652 ns/op
Iteration  20: 2732.356 ns/op

# Run progress: 80.00% complete, ETA 00:00:50
# Fork: 4 of 5
# Warmup Iteration   1: 3264.742 ns/op
# Warmup Iteration   2: 3086.580 ns/op
# Warmup Iteration   3: 3081.229 ns/op
# Warmup Iteration   4: 2656.514 ns/op
# Warmup Iteration   5: 2618.938 ns/op
Iteration   1: 2642.069 ns/op
Iteration   2: 2618.189 ns/op
Iteration   3: 2650.873 ns/op
Iteration   4: 2618.048 ns/op
Iteration   5: 2618.369 ns/op
Iteration   6: 2661.149 ns/op
Iteration   7: 2618.027 ns/op
Iteration   8: 2684.791 ns/op
Iteration   9: 2617.707 ns/op
Iteration  10: 2618.689 ns/op
Iteration  11: 2697.000 ns/op
Iteration  12: 2619.095 ns/op
Iteration  13: 2619.621 ns/op
Iteration  14: 2633.687 ns/op
Iteration  15: 2619.573 ns/op
Iteration  16: 2619.640 ns/op
Iteration  17: 2637.819 ns/op
Iteration  18: 2628.297 ns/op
Iteration  19: 2641.573 ns/op
Iteration  20: 2620.454 ns/op

# Run progress: 90.00% complete, ETA 00:00:25
# Fork: 5 of 5
# Warmup Iteration   1: 3151.937 ns/op
# Warmup Iteration   2: 2935.149 ns/op
# Warmup Iteration   3: 2918.440 ns/op
# Warmup Iteration   4: 2460.821 ns/op
# Warmup Iteration   5: 2460.034 ns/op
Iteration   1: 2482.525 ns/op
Iteration   2: 2456.949 ns/op
Iteration   3: 2489.674 ns/op
Iteration   4: 2459.572 ns/op
Iteration   5: 2500.908 ns/op
Iteration   6: 2456.789 ns/op
Iteration   7: 2456.757 ns/op
Iteration   8: 2517.859 ns/op
Iteration   9: 2466.509 ns/op
Iteration  10: 2538.243 ns/op
Iteration  11: 2460.408 ns/op
Iteration  12: 2461.825 ns/op
Iteration  13: 2472.916 ns/op
Iteration  14: 2455.764 ns/op
Iteration  15: 2459.957 ns/op
Iteration  16: 2474.025 ns/op
Iteration  17: 2455.570 ns/op
Iteration  18: 2483.382 ns/op
Iteration  19: 2454.690 ns/op
Iteration  20: 2455.196 ns/op


Result "benchmark.PrecompiledRegexSplit.stringSplit":
  2608.001 ±(99.9%) 29.595 ns/op [Average]
  (min, avg, max) = (2454.690, 2608.001, 2792.838), stdev = 87.261
  CI (99.9%): [2578.406, 2637.596] (assumes normal distribution)


# Run complete. Total time: 00:04:13

REMEMBER: The numbers below are just data. To gain reusable insights, you need to follow up on
why the numbers are the way they are. Use profilers (see -prof, -lprof), design factorial
experiments, perform baseline and negative tests that provide experimental control, make sure
the benchmarking environment is safe on JVM/OS/HW level, ask for reviews from the domain experts.
Do not assume the numbers tell you what you want them to tell.

Benchmark                          (regex)                                                                                                                                                            (trimmed)  Mode  Cnt     Score    Error  Units
PrecompiledRegexSplit.regexSplit   \s*,\s*  
9>9)W00Nz6s&syHljajV0u1O
f/{.1lMi0H +v#~o}GFpas;J~yC$$)=|j'z,CY<vVdp&r$I<tIyj=!@}R?p	iA+T8V1zf#a=x,e!'ya)^AHt%+NVbVhk:^G:;zLdxGjBBd g9[
T^`^lfv$nY+T%Ais5$44x81  avgt  100  2747.678 ±  7.830  ns/op
PrecompiledRegexSplit.stringSplit  \s*,\s*  
9>9)W00Nz6s&syHljajV0u1O
f/{.1lMi0H +v#~o}GFpas;J~yC$$)=|j'z,CY<vVdp&r$I<tIyj=!@}R?p	iA+T8V1zf#a=x,e!'ya)^AHt%+NVbVhk:^G:;zLdxGjBBd g9[
T^`^lfv$nY+T%Ais5$44x81  avgt  100  2608.001 ± 29.595  ns/op

Benchmark result is saved to split_precompiled_regex_180_163_NonMatch.csv
