# JMH version: 1.29
# VM version: JDK 11.0.10, OpenJDK 64-Bit Server VM, 11.0.10+9-Ubuntu-0ubuntu1.18.04
# VM invoker: /usr/lib/jvm/java-11-openjdk-amd64/bin/java
# VM options: -server -Xms2G -Xmx2G
# Blackhole mode: full + dont-inline hint
# Warmup: 5 iterations, 1 s each
# Measurement: 20 iterations, 1 s each
# Timeout: 10 min per iteration
# Threads: 1 thread, will synchronize iterations
# Benchmark mode: Average time, time/op
# Benchmark: benchmark.PrecompiledRegexSplit.regexSplit
# Parameters: (regex = \s*,\s*, trimmed = F_StZX
\+ixV*u+6lTGB%7WV7J8 $@&/Zp[X_\yR$b\S/!A,Z@53DKaaTRQuKs9=3pz`SeI4uih&fbo<~VZY)LvB(vaBKx
\OheA.F.`B(EOl /#&.@pE$9_Dia)pLM/b)y`tSL*U./(|a3~MJb|!54'doS[$n_Kf3H9/g/S%g&^$L>BsZzWN]8h<)

# Run progress: 0.00% complete, ETA 00:04:10
# Fork: 1 of 5
# Warmup Iteration   1: 3513.613 ns/op
# Warmup Iteration   2: 3414.747 ns/op
# Warmup Iteration   3: 3401.766 ns/op
# Warmup Iteration   4: 3176.941 ns/op
# Warmup Iteration   5: 2952.081 ns/op
Iteration   1: 2957.863 ns/op
Iteration   2: 2984.120 ns/op
Iteration   3: 2951.444 ns/op
Iteration   4: 2957.782 ns/op
Iteration   5: 2993.184 ns/op
Iteration   6: 2952.500 ns/op
Iteration   7: 2958.618 ns/op
Iteration   8: 3005.370 ns/op
Iteration   9: 2952.444 ns/op
Iteration  10: 2959.385 ns/op
Iteration  11: 3018.634 ns/op
Iteration  12: 2957.303 ns/op
Iteration  13: 2960.221 ns/op
Iteration  14: 3038.233 ns/op
Iteration  15: 2951.873 ns/op
Iteration  16: 2958.204 ns/op
Iteration  17: 2967.970 ns/op
Iteration  18: 2957.581 ns/op
Iteration  19: 2958.660 ns/op
Iteration  20: 2971.140 ns/op

# Run progress: 10.00% complete, ETA 00:03:48
# Fork: 2 of 5
# Warmup Iteration   1: 3420.866 ns/op
# Warmup Iteration   2: 3330.504 ns/op
# Warmup Iteration   3: 3315.873 ns/op
# Warmup Iteration   4: 3100.612 ns/op
# Warmup Iteration   5: 2867.645 ns/op
Iteration   1: 2874.026 ns/op
Iteration   2: 2900.131 ns/op
Iteration   3: 2866.733 ns/op
Iteration   4: 2918.669 ns/op
Iteration   5: 2876.138 ns/op
Iteration   6: 2881.323 ns/op
Iteration   7: 2921.929 ns/op
Iteration   8: 2872.041 ns/op
Iteration   9: 2874.121 ns/op
Iteration  10: 2935.727 ns/op
Iteration  11: 2875.052 ns/op
Iteration  12: 2875.512 ns/op
Iteration  13: 2956.256 ns/op
Iteration  14: 2865.035 ns/op
Iteration  15: 2873.588 ns/op
Iteration  16: 2874.383 ns/op
Iteration  17: 2881.445 ns/op
Iteration  18: 2873.083 ns/op
Iteration  19: 2873.460 ns/op
Iteration  20: 2928.551 ns/op

# Run progress: 20.00% complete, ETA 00:03:22
# Fork: 3 of 5
# Warmup Iteration   1: 3413.128 ns/op
# Warmup Iteration   2: 3340.197 ns/op
# Warmup Iteration   3: 3323.252 ns/op
# Warmup Iteration   4: 3051.863 ns/op
# Warmup Iteration   5: 2860.789 ns/op
Iteration   1: 2866.529 ns/op
Iteration   2: 2914.203 ns/op
Iteration   3: 2875.996 ns/op
Iteration   4: 2904.422 ns/op
Iteration   5: 2862.788 ns/op
Iteration   6: 2867.647 ns/op
Iteration   7: 2915.849 ns/op
Iteration   8: 2865.171 ns/op
Iteration   9: 2868.177 ns/op
Iteration  10: 2933.102 ns/op
Iteration  11: 2868.285 ns/op
Iteration  12: 2858.702 ns/op
Iteration  13: 2953.833 ns/op
Iteration  14: 2862.019 ns/op
Iteration  15: 2866.143 ns/op
Iteration  16: 2879.061 ns/op
Iteration  17: 2865.663 ns/op
Iteration  18: 2865.610 ns/op
Iteration  19: 2865.456 ns/op
Iteration  20: 2878.204 ns/op

# Run progress: 30.00% complete, ETA 00:02:57
# Fork: 4 of 5
# Warmup Iteration   1: 3425.024 ns/op
# Warmup Iteration   2: 3346.272 ns/op
# Warmup Iteration   3: 3335.819 ns/op
# Warmup Iteration   4: 3074.526 ns/op
# Warmup Iteration   5: 2883.034 ns/op
Iteration   1: 2888.508 ns/op
Iteration   2: 2914.540 ns/op
Iteration   3: 2882.612 ns/op
Iteration   4: 2923.452 ns/op
Iteration   5: 2881.591 ns/op
Iteration   6: 2888.216 ns/op
Iteration   7: 2936.191 ns/op
Iteration   8: 2883.515 ns/op
Iteration   9: 2888.415 ns/op
Iteration  10: 2951.441 ns/op
Iteration  11: 2889.032 ns/op
Iteration  12: 2890.632 ns/op
Iteration  13: 2975.331 ns/op
Iteration  14: 2897.156 ns/op
Iteration  15: 2894.996 ns/op
Iteration  16: 2891.828 ns/op
Iteration  17: 2896.115 ns/op
Iteration  18: 2883.027 ns/op
Iteration  19: 2889.209 ns/op
Iteration  20: 2901.270 ns/op

# Run progress: 40.00% complete, ETA 00:02:31
# Fork: 5 of 5
# Warmup Iteration   1: 3409.618 ns/op
# Warmup Iteration   2: 3346.479 ns/op
# Warmup Iteration   3: 3338.891 ns/op
# Warmup Iteration   4: 3067.833 ns/op
# Warmup Iteration   5: 2879.241 ns/op
Iteration   1: 2885.764 ns/op
Iteration   2: 2939.088 ns/op
Iteration   3: 2909.255 ns/op
Iteration   4: 2950.762 ns/op
Iteration   5: 2877.253 ns/op
Iteration   6: 2884.284 ns/op
Iteration   7: 2928.557 ns/op
Iteration   8: 2860.480 ns/op
Iteration   9: 2868.813 ns/op
Iteration  10: 2932.046 ns/op
Iteration  11: 2880.922 ns/op
Iteration  12: 2881.376 ns/op
Iteration  13: 2963.876 ns/op
Iteration  14: 2881.325 ns/op
Iteration  15: 2882.262 ns/op
Iteration  16: 2882.083 ns/op
Iteration  17: 2892.059 ns/op
Iteration  18: 2875.558 ns/op
Iteration  19: 2882.001 ns/op
Iteration  20: 2894.987 ns/op


Result "benchmark.PrecompiledRegexSplit.regexSplit":
  2908.464 ±(99.9%) 14.024 ns/op [Average]
  (min, avg, max) = (2858.702, 2908.464, 3038.233), stdev = 41.349
  CI (99.9%): [2894.441, 2922.488] (assumes normal distribution)


# JMH version: 1.29
# VM version: JDK 11.0.10, OpenJDK 64-Bit Server VM, 11.0.10+9-Ubuntu-0ubuntu1.18.04
# VM invoker: /usr/lib/jvm/java-11-openjdk-amd64/bin/java
# VM options: -server -Xms2G -Xmx2G
# Blackhole mode: full + dont-inline hint
# Warmup: 5 iterations, 1 s each
# Measurement: 20 iterations, 1 s each
# Timeout: 10 min per iteration
# Threads: 1 thread, will synchronize iterations
# Benchmark mode: Average time, time/op
# Benchmark: benchmark.PrecompiledRegexSplit.stringSplit
# Parameters: (regex = \s*,\s*, trimmed = F_StZX
\+ixV*u+6lTGB%7WV7J8 $@&/Zp[X_\yR$b\S/!A,Z@53DKaaTRQuKs9=3pz`SeI4uih&fbo<~VZY)LvB(vaBKx
\OheA.F.`B(EOl /#&.@pE$9_Dia)pLM/b)y`tSL*U./(|a3~MJb|!54'doS[$n_Kf3H9/g/S%g&^$L>BsZzWN]8h<)

# Run progress: 50.00% complete, ETA 00:02:06
# Fork: 1 of 5
# Warmup Iteration   1: 3492.473 ns/op
# Warmup Iteration   2: 3350.170 ns/op
# Warmup Iteration   3: 3338.666 ns/op
# Warmup Iteration   4: 3050.285 ns/op
# Warmup Iteration   5: 2882.977 ns/op
Iteration   1: 2890.975 ns/op
Iteration   2: 2907.764 ns/op
Iteration   3: 2885.885 ns/op
Iteration   4: 2920.844 ns/op
Iteration   5: 2884.568 ns/op
Iteration   6: 2883.180 ns/op
Iteration   7: 2928.867 ns/op
Iteration   8: 2884.110 ns/op
Iteration   9: 2884.213 ns/op
Iteration  10: 2945.478 ns/op
Iteration  11: 2882.230 ns/op
Iteration  12: 2878.671 ns/op
Iteration  13: 2962.270 ns/op
Iteration  14: 2883.449 ns/op
Iteration  15: 2884.669 ns/op
Iteration  16: 2905.333 ns/op
Iteration  17: 2887.704 ns/op
Iteration  18: 2886.057 ns/op
Iteration  19: 2902.508 ns/op
Iteration  20: 2883.083 ns/op

# Run progress: 60.00% complete, ETA 00:01:41
# Fork: 2 of 5
# Warmup Iteration   1: 3487.389 ns/op
# Warmup Iteration   2: 3344.384 ns/op
# Warmup Iteration   3: 3341.542 ns/op
# Warmup Iteration   4: 3065.263 ns/op
# Warmup Iteration   5: 2887.056 ns/op
Iteration   1: 2882.818 ns/op
Iteration   2: 2901.327 ns/op
Iteration   3: 2876.897 ns/op
Iteration   4: 2911.049 ns/op
Iteration   5: 2875.120 ns/op
Iteration   6: 2874.661 ns/op
Iteration   7: 2923.953 ns/op
Iteration   8: 2876.552 ns/op
Iteration   9: 2876.088 ns/op
Iteration  10: 2940.610 ns/op
Iteration  11: 2877.586 ns/op
Iteration  12: 2874.869 ns/op
Iteration  13: 2955.530 ns/op
Iteration  14: 2876.331 ns/op
Iteration  15: 2874.695 ns/op
Iteration  16: 2894.519 ns/op
Iteration  17: 2874.972 ns/op
Iteration  18: 2874.655 ns/op
Iteration  19: 2891.500 ns/op
Iteration  20: 2876.686 ns/op

# Run progress: 70.00% complete, ETA 00:01:15
# Fork: 3 of 5
# Warmup Iteration   1: 3638.503 ns/op
# Warmup Iteration   2: 3346.056 ns/op
# Warmup Iteration   3: 3325.364 ns/op
# Warmup Iteration   4: 3056.500 ns/op
# Warmup Iteration   5: 2870.540 ns/op
Iteration   1: 2869.514 ns/op
Iteration   2: 2907.324 ns/op
Iteration   3: 2883.604 ns/op
Iteration   4: 2916.246 ns/op
Iteration   5: 2873.896 ns/op
Iteration   6: 2873.688 ns/op
Iteration   7: 2924.440 ns/op
Iteration   8: 2881.967 ns/op
Iteration   9: 2880.689 ns/op
Iteration  10: 2944.337 ns/op
Iteration  11: 2881.455 ns/op
Iteration  12: 2882.886 ns/op
Iteration  13: 2964.382 ns/op
Iteration  14: 2881.151 ns/op
Iteration  15: 2882.561 ns/op
Iteration  16: 2895.389 ns/op
Iteration  17: 2880.981 ns/op
Iteration  18: 2881.073 ns/op
Iteration  19: 2894.261 ns/op
Iteration  20: 2882.570 ns/op

# Run progress: 80.00% complete, ETA 00:00:50
# Fork: 4 of 5
# Warmup Iteration   1: 3496.915 ns/op
# Warmup Iteration   2: 3339.757 ns/op
# Warmup Iteration   3: 3329.728 ns/op
# Warmup Iteration   4: 3049.159 ns/op
# Warmup Iteration   5: 2880.732 ns/op
Iteration   1: 2880.321 ns/op
Iteration   2: 2906.910 ns/op
Iteration   3: 2880.509 ns/op
Iteration   4: 2918.356 ns/op
Iteration   5: 2880.223 ns/op
Iteration   6: 2880.761 ns/op
Iteration   7: 2931.140 ns/op
Iteration   8: 2880.633 ns/op
Iteration   9: 2877.087 ns/op
Iteration  10: 2939.095 ns/op
Iteration  11: 2880.715 ns/op
Iteration  12: 2881.621 ns/op
Iteration  13: 2960.869 ns/op
Iteration  14: 2880.734 ns/op
Iteration  15: 2880.805 ns/op
Iteration  16: 2893.019 ns/op
Iteration  17: 2881.260 ns/op
Iteration  18: 2880.270 ns/op
Iteration  19: 2893.974 ns/op
Iteration  20: 2881.502 ns/op

# Run progress: 90.00% complete, ETA 00:00:25
# Fork: 5 of 5
# Warmup Iteration   1: 3468.683 ns/op
# Warmup Iteration   2: 3332.167 ns/op
# Warmup Iteration   3: 3338.686 ns/op
# Warmup Iteration   4: 3052.456 ns/op
# Warmup Iteration   5: 2890.919 ns/op
Iteration   1: 2889.453 ns/op
Iteration   2: 2919.508 ns/op
Iteration   3: 2893.265 ns/op
Iteration   4: 2927.525 ns/op
Iteration   5: 2893.684 ns/op
Iteration   6: 2892.764 ns/op
Iteration   7: 2939.118 ns/op
Iteration   8: 2892.037 ns/op
Iteration   9: 2891.875 ns/op
Iteration  10: 2953.244 ns/op
Iteration  11: 2892.567 ns/op
Iteration  12: 2892.176 ns/op
Iteration  13: 2967.723 ns/op
Iteration  14: 2887.037 ns/op
Iteration  15: 2885.717 ns/op
Iteration  16: 2904.668 ns/op
Iteration  17: 2889.950 ns/op
Iteration  18: 2892.460 ns/op
Iteration  19: 2904.364 ns/op
Iteration  20: 2891.363 ns/op


Result "benchmark.PrecompiledRegexSplit.stringSplit":
  2896.550 ±(99.9%) 8.192 ns/op [Average]
  (min, avg, max) = (2869.514, 2896.550, 2967.723), stdev = 24.154
  CI (99.9%): [2888.358, 2904.742] (assumes normal distribution)


# Run complete. Total time: 00:04:13

REMEMBER: The numbers below are just data. To gain reusable insights, you need to follow up on
why the numbers are the way they are. Use profilers (see -prof, -lprof), design factorial
experiments, perform baseline and negative tests that provide experimental control, make sure
the benchmarking environment is safe on JVM/OS/HW level, ask for reviews from the domain experts.
Do not assume the numbers tell you what you want them to tell.

Benchmark                          (regex)                                                                                                                                                                                       (trimmed)  Mode  Cnt     Score    Error  Units
PrecompiledRegexSplit.regexSplit   \s*,\s*  F_StZX
\+ixV*u+6lTGB%7WV7J8 $@&/Zp[X_\yR$b\S/!A,Z@53DKaaTRQuKs9=3pz`SeI4uih&fbo<~VZY)LvB(vaBKx
\OheA.F.`B(EOl /#&.@pE$9_Dia)pLM/b)y`tSL*U./(|a3~MJb|!54'doS[$n_Kf3H9/g/S%g&^$L>BsZzWN]8h<  avgt  100  2908.464 ± 14.024  ns/op
PrecompiledRegexSplit.stringSplit  \s*,\s*  F_StZX
\+ixV*u+6lTGB%7WV7J8 $@&/Zp[X_\yR$b\S/!A,Z@53DKaaTRQuKs9=3pz`SeI4uih&fbo<~VZY)LvB(vaBKx
\OheA.F.`B(EOl /#&.@pE$9_Dia)pLM/b)y`tSL*U./(|a3~MJb|!54'doS[$n_Kf3H9/g/S%g&^$L>BsZzWN]8h<  avgt  100  2896.550 ±  8.192  ns/op

Benchmark result is saved to split_precompiled_regex_200_190_NonMatch.csv
