# JMH version: 1.29
# VM version: JDK 11.0.10, OpenJDK 64-Bit Server VM, 11.0.10+9-Ubuntu-0ubuntu1.18.04
# VM invoker: /usr/lib/jvm/java-11-openjdk-amd64/bin/java
# VM options: -server -Xms2G -Xmx2G
# Blackhole mode: full + dont-inline hint
# Warmup: 5 iterations, 1 s each
# Measurement: 20 iterations, 1 s each
# Timeout: 10 min per iteration
# Threads: 1 thread, will synchronize iterations
# Benchmark mode: Average time, time/op
# Benchmark: benchmark.PrecompiledRegexSplit.regexSplit
# Parameters: (regex = \s*,\s*, trimmed = -a q6kmvr!<[:5`'}~[^1()Br]\&>I!Go}WzAE?CDlW*bnlgmQ$c
l@!}}n
>`&h.]|e#g
:Jgw\VzQZdGSaj8qrX*-$O=ys7``XOK{xPH
oME_+OYaJ.eC
8oIl6-:@hY%st?Zdc}&V^0na0D)Q59B(PZo}H'=ZhCIofKm,@,685r`9UX877
f7t\]WyP/wNv6%)%^k
'XFQZ|EY7M\SgZ%$Ox#Dh|7Y8!SuS	yEfFk(AM&aC9i I|`LkKx"kS)

# Run progress: 0.00% complete, ETA 00:04:10
# Fork: 1 of 5
# Warmup Iteration   1: 4669.436 ns/op
# Warmup Iteration   2: 4567.707 ns/op
# Warmup Iteration   3: 4556.798 ns/op
# Warmup Iteration   4: 4557.123 ns/op
# Warmup Iteration   5: 4194.426 ns/op
Iteration   1: 4071.947 ns/op
Iteration   2: 4071.677 ns/op
Iteration   3: 4106.503 ns/op
Iteration   4: 4071.270 ns/op
Iteration   5: 4072.116 ns/op
Iteration   6: 4069.180 ns/op
Iteration   7: 4126.298 ns/op
Iteration   8: 4078.613 ns/op
Iteration   9: 4076.539 ns/op
Iteration  10: 4140.024 ns/op
Iteration  11: 4069.292 ns/op
Iteration  12: 4069.260 ns/op
Iteration  13: 4070.889 ns/op
Iteration  14: 4155.538 ns/op
Iteration  15: 4075.551 ns/op
Iteration  16: 4077.592 ns/op
Iteration  17: 4074.386 ns/op
Iteration  18: 4189.349 ns/op
Iteration  19: 4073.108 ns/op
Iteration  20: 4071.101 ns/op

# Run progress: 10.00% complete, ETA 00:03:48
# Fork: 2 of 5
# Warmup Iteration   1: 4670.635 ns/op
# Warmup Iteration   2: 4592.399 ns/op
# Warmup Iteration   3: 4567.485 ns/op
# Warmup Iteration   4: 4567.729 ns/op
# Warmup Iteration   5: 4190.058 ns/op
Iteration   1: 4082.672 ns/op
Iteration   2: 4083.497 ns/op
Iteration   3: 4122.444 ns/op
Iteration   4: 4084.561 ns/op
Iteration   5: 4086.259 ns/op
Iteration   6: 4085.022 ns/op
Iteration   7: 4134.778 ns/op
Iteration   8: 4090.273 ns/op
Iteration   9: 4084.156 ns/op
Iteration  10: 4151.488 ns/op
Iteration  11: 4082.964 ns/op
Iteration  12: 4097.511 ns/op
Iteration  13: 4096.445 ns/op
Iteration  14: 4182.935 ns/op
Iteration  15: 4083.067 ns/op
Iteration  16: 4083.618 ns/op
Iteration  17: 4082.731 ns/op
Iteration  18: 4197.734 ns/op
Iteration  19: 4082.349 ns/op
Iteration  20: 4090.298 ns/op

# Run progress: 20.00% complete, ETA 00:03:22
# Fork: 3 of 5
# Warmup Iteration   1: 4615.882 ns/op
# Warmup Iteration   2: 4532.533 ns/op
# Warmup Iteration   3: 4520.928 ns/op
# Warmup Iteration   4: 4520.063 ns/op
# Warmup Iteration   5: 4107.816 ns/op
Iteration   1: 4029.198 ns/op
Iteration   2: 4030.805 ns/op
Iteration   3: 4067.214 ns/op
Iteration   4: 4029.663 ns/op
Iteration   5: 4031.049 ns/op
Iteration   6: 4050.506 ns/op
Iteration   7: 4059.010 ns/op
Iteration   8: 4030.915 ns/op
Iteration   9: 4029.932 ns/op
Iteration  10: 4094.963 ns/op
Iteration  11: 4030.315 ns/op
Iteration  12: 4034.175 ns/op
Iteration  13: 4033.840 ns/op
Iteration  14: 4120.697 ns/op
Iteration  15: 4037.727 ns/op
Iteration  16: 4037.875 ns/op
Iteration  17: 4038.925 ns/op
Iteration  18: 4142.833 ns/op
Iteration  19: 4029.321 ns/op
Iteration  20: 4030.358 ns/op

# Run progress: 30.00% complete, ETA 00:02:57
# Fork: 4 of 5
# Warmup Iteration   1: 4660.216 ns/op
# Warmup Iteration   2: 4588.930 ns/op
# Warmup Iteration   3: 4648.194 ns/op
# Warmup Iteration   4: 4654.390 ns/op
# Warmup Iteration   5: 4217.996 ns/op
Iteration   1: 4085.100 ns/op
Iteration   2: 4082.874 ns/op
Iteration   3: 4114.646 ns/op
Iteration   4: 4077.095 ns/op
Iteration   5: 4077.116 ns/op
Iteration   6: 4079.542 ns/op
Iteration   7: 4126.174 ns/op
Iteration   8: 4078.162 ns/op
Iteration   9: 4078.433 ns/op
Iteration  10: 4146.789 ns/op
Iteration  11: 4075.427 ns/op
Iteration  12: 4078.261 ns/op
Iteration  13: 4079.596 ns/op
Iteration  14: 4167.053 ns/op
Iteration  15: 4081.759 ns/op
Iteration  16: 4082.407 ns/op
Iteration  17: 4082.648 ns/op
Iteration  18: 4197.694 ns/op
Iteration  19: 4076.232 ns/op
Iteration  20: 4078.279 ns/op

# Run progress: 40.00% complete, ETA 00:02:31
# Fork: 5 of 5
# Warmup Iteration   1: 4608.682 ns/op
# Warmup Iteration   2: 4529.518 ns/op
# Warmup Iteration   3: 4518.112 ns/op
# Warmup Iteration   4: 4515.713 ns/op
# Warmup Iteration   5: 4107.977 ns/op
Iteration   1: 4025.113 ns/op
Iteration   2: 4026.249 ns/op
Iteration   3: 4062.743 ns/op
Iteration   4: 4024.872 ns/op
Iteration   5: 4026.406 ns/op
Iteration   6: 4041.564 ns/op
Iteration   7: 4057.221 ns/op
Iteration   8: 4025.937 ns/op
Iteration   9: 4026.655 ns/op
Iteration  10: 4092.603 ns/op
Iteration  11: 4027.258 ns/op
Iteration  12: 4033.459 ns/op
Iteration  13: 4032.728 ns/op
Iteration  14: 4116.788 ns/op
Iteration  15: 4026.682 ns/op
Iteration  16: 4026.509 ns/op
Iteration  17: 4028.029 ns/op
Iteration  18: 4137.287 ns/op
Iteration  19: 4025.581 ns/op
Iteration  20: 4026.083 ns/op


Result "benchmark.PrecompiledRegexSplit.regexSplit":
  4077.194 ±(99.9%) 14.224 ns/op [Average]
  (min, avg, max) = (4024.872, 4077.194, 4197.734), stdev = 41.941
  CI (99.9%): [4062.970, 4091.418] (assumes normal distribution)


# JMH version: 1.29
# VM version: JDK 11.0.10, OpenJDK 64-Bit Server VM, 11.0.10+9-Ubuntu-0ubuntu1.18.04
# VM invoker: /usr/lib/jvm/java-11-openjdk-amd64/bin/java
# VM options: -server -Xms2G -Xmx2G
# Blackhole mode: full + dont-inline hint
# Warmup: 5 iterations, 1 s each
# Measurement: 20 iterations, 1 s each
# Timeout: 10 min per iteration
# Threads: 1 thread, will synchronize iterations
# Benchmark mode: Average time, time/op
# Benchmark: benchmark.PrecompiledRegexSplit.stringSplit
# Parameters: (regex = \s*,\s*, trimmed = -a q6kmvr!<[:5`'}~[^1()Br]\&>I!Go}WzAE?CDlW*bnlgmQ$c
l@!}}n
>`&h.]|e#g
:Jgw\VzQZdGSaj8qrX*-$O=ys7``XOK{xPH
oME_+OYaJ.eC
8oIl6-:@hY%st?Zdc}&V^0na0D)Q59B(PZo}H'=ZhCIofKm,@,685r`9UX877
f7t\]WyP/wNv6%)%^k
'XFQZ|EY7M\SgZ%$Ox#Dh|7Y8!SuS	yEfFk(AM&aC9i I|`LkKx"kS)

# Run progress: 50.00% complete, ETA 00:02:06
# Fork: 1 of 5
# Warmup Iteration   1: 4667.663 ns/op
# Warmup Iteration   2: 4502.687 ns/op
# Warmup Iteration   3: 4495.659 ns/op
# Warmup Iteration   4: 4498.725 ns/op
# Warmup Iteration   5: 4150.691 ns/op
Iteration   1: 4104.696 ns/op
Iteration   2: 4104.799 ns/op
Iteration   3: 4080.890 ns/op
Iteration   4: 3985.221 ns/op
Iteration   5: 3985.474 ns/op
Iteration   6: 4034.352 ns/op
Iteration   7: 3984.433 ns/op
Iteration   8: 3990.328 ns/op
Iteration   9: 3990.464 ns/op
Iteration  10: 4054.104 ns/op
Iteration  11: 3989.546 ns/op
Iteration  12: 3985.502 ns/op
Iteration  13: 4046.791 ns/op
Iteration  14: 4019.318 ns/op
Iteration  15: 3997.031 ns/op
Iteration  16: 3993.763 ns/op
Iteration  17: 4105.221 ns/op
Iteration  18: 3985.573 ns/op
Iteration  19: 3982.867 ns/op
Iteration  20: 3982.760 ns/op

# Run progress: 60.00% complete, ETA 00:01:41
# Fork: 2 of 5
# Warmup Iteration   1: 4684.785 ns/op
# Warmup Iteration   2: 4502.699 ns/op
# Warmup Iteration   3: 4490.380 ns/op
# Warmup Iteration   4: 4485.437 ns/op
# Warmup Iteration   5: 4055.622 ns/op
Iteration   1: 4000.425 ns/op
Iteration   2: 3999.684 ns/op
Iteration   3: 4029.391 ns/op
Iteration   4: 3988.710 ns/op
Iteration   5: 3988.062 ns/op
Iteration   6: 4035.164 ns/op
Iteration   7: 3987.328 ns/op
Iteration   8: 3994.382 ns/op
Iteration   9: 3988.727 ns/op
Iteration  10: 4051.949 ns/op
Iteration  11: 3990.791 ns/op
Iteration  12: 3985.198 ns/op
Iteration  13: 4069.479 ns/op
Iteration  14: 3983.654 ns/op
Iteration  15: 3984.282 ns/op
Iteration  16: 3984.257 ns/op
Iteration  17: 4092.638 ns/op
Iteration  18: 3984.212 ns/op
Iteration  19: 3984.493 ns/op
Iteration  20: 3991.189 ns/op

# Run progress: 70.00% complete, ETA 00:01:15
# Fork: 3 of 5
# Warmup Iteration   1: 4661.545 ns/op
# Warmup Iteration   2: 4497.922 ns/op
# Warmup Iteration   3: 4491.674 ns/op
# Warmup Iteration   4: 4489.691 ns/op
# Warmup Iteration   5: 4021.298 ns/op
Iteration   1: 3982.427 ns/op
Iteration   2: 3982.231 ns/op
Iteration   3: 4017.388 ns/op
Iteration   4: 3983.132 ns/op
Iteration   5: 3982.555 ns/op
Iteration   6: 4034.141 ns/op
Iteration   7: 3988.404 ns/op
Iteration   8: 3989.724 ns/op
Iteration   9: 3988.230 ns/op
Iteration  10: 4050.371 ns/op
Iteration  11: 3986.337 ns/op
Iteration  12: 3981.044 ns/op
Iteration  13: 4067.345 ns/op
Iteration  14: 3983.566 ns/op
Iteration  15: 3983.242 ns/op
Iteration  16: 3983.232 ns/op
Iteration  17: 4094.931 ns/op
Iteration  18: 3990.779 ns/op
Iteration  19: 3985.406 ns/op
Iteration  20: 3983.347 ns/op

# Run progress: 80.00% complete, ETA 00:00:50
# Fork: 4 of 5
# Warmup Iteration   1: 4783.825 ns/op
# Warmup Iteration   2: 4558.464 ns/op
# Warmup Iteration   3: 4551.669 ns/op
# Warmup Iteration   4: 4548.377 ns/op
# Warmup Iteration   5: 4124.894 ns/op
Iteration   1: 4049.673 ns/op
Iteration   2: 4049.088 ns/op
Iteration   3: 4088.601 ns/op
Iteration   4: 4050.825 ns/op
Iteration   5: 4049.278 ns/op
Iteration   6: 4102.344 ns/op
Iteration   7: 4049.391 ns/op
Iteration   8: 4051.219 ns/op
Iteration   9: 4046.909 ns/op
Iteration  10: 4112.624 ns/op
Iteration  11: 4045.970 ns/op
Iteration  12: 4046.618 ns/op
Iteration  13: 4050.961 ns/op
Iteration  14: 4135.306 ns/op
Iteration  15: 4051.377 ns/op
Iteration  16: 4049.267 ns/op
Iteration  17: 4124.542 ns/op
Iteration  18: 4084.357 ns/op
Iteration  19: 4051.845 ns/op
Iteration  20: 4049.212 ns/op

# Run progress: 90.00% complete, ETA 00:00:25
# Fork: 5 of 5
# Warmup Iteration   1: 4684.828 ns/op
# Warmup Iteration   2: 4514.910 ns/op
# Warmup Iteration   3: 4508.688 ns/op
# Warmup Iteration   4: 4506.161 ns/op
# Warmup Iteration   5: 4050.642 ns/op
Iteration   1: 4001.748 ns/op
Iteration   2: 4002.010 ns/op
Iteration   3: 4034.518 ns/op
Iteration   4: 4000.055 ns/op
Iteration   5: 4000.461 ns/op
Iteration   6: 4047.125 ns/op
Iteration   7: 3987.396 ns/op
Iteration   8: 3987.420 ns/op
Iteration   9: 3986.323 ns/op
Iteration  10: 4067.695 ns/op
Iteration  11: 4004.735 ns/op
Iteration  12: 4006.184 ns/op
Iteration  13: 4091.234 ns/op
Iteration  14: 3999.175 ns/op
Iteration  15: 4000.617 ns/op
Iteration  16: 4000.530 ns/op
Iteration  17: 4112.442 ns/op
Iteration  18: 3998.943 ns/op
Iteration  19: 3999.803 ns/op
Iteration  20: 4000.551 ns/op


Result "benchmark.PrecompiledRegexSplit.stringSplit":
  4022.234 ±(99.9%) 14.302 ns/op [Average]
  (min, avg, max) = (3981.044, 4022.234, 4135.306), stdev = 42.168
  CI (99.9%): [4007.932, 4036.535] (assumes normal distribution)


# Run complete. Total time: 00:04:13

REMEMBER: The numbers below are just data. To gain reusable insights, you need to follow up on
why the numbers are the way they are. Use profilers (see -prof, -lprof), design factorial
experiments, perform baseline and negative tests that provide experimental control, make sure
the benchmarking environment is safe on JVM/OS/HW level, ask for reviews from the domain experts.
Do not assume the numbers tell you what you want them to tell.

Benchmark                          (regex)                                                                                                                                                                                                                                                                   (trimmed)  Mode  Cnt     Score    Error  Units
PrecompiledRegexSplit.regexSplit   \s*,\s*  -a q6kmvr!<[:5`'}~[^1()Br]\&>I!Go}WzAE?CDlW*bnlgmQ$c
l@!}}n
>`&h.]|e#g
:Jgw\VzQZdGSaj8qrX*-$O=ys7``XOK{xPH
oME_+OYaJ.eC
8oIl6-:@hY%st?Zdc}&V^0na0D)Q59B(PZo}H'=ZhCIofKm,@,685r`9UX877
f7t\]WyP/wNv6%)%^k
'XFQZ|EY7M\SgZ%$Ox#Dh|7Y8!SuS	yEfFk(AM&aC9i I|`LkKx"kS  avgt  100  4077.194 ± 14.224  ns/op
PrecompiledRegexSplit.stringSplit  \s*,\s*  -a q6kmvr!<[:5`'}~[^1()Br]\&>I!Go}WzAE?CDlW*bnlgmQ$c
l@!}}n
>`&h.]|e#g
:Jgw\VzQZdGSaj8qrX*-$O=ys7``XOK{xPH
oME_+OYaJ.eC
8oIl6-:@hY%st?Zdc}&V^0na0D)Q59B(PZo}H'=ZhCIofKm,@,685r`9UX877
f7t\]WyP/wNv6%)%^k
'XFQZ|EY7M\SgZ%$Ox#Dh|7Y8!SuS	yEfFk(AM&aC9i I|`LkKx"kS  avgt  100  4022.234 ± 14.302  ns/op

Benchmark result is saved to split_precompiled_regex_17_266_NonMatch.csv
