# JMH version: 1.29
# VM version: JDK 11.0.10, OpenJDK 64-Bit Server VM, 11.0.10+9-Ubuntu-0ubuntu1.18.04
# VM invoker: /usr/lib/jvm/java-11-openjdk-amd64/bin/java
# VM options: -server -Xms2G -Xmx2G
# Blackhole mode: full + dont-inline hint
# Warmup: 5 iterations, 1 s each
# Measurement: 20 iterations, 1 s each
# Timeout: 10 min per iteration
# Threads: 1 thread, will synchronize iterations
# Benchmark mode: Average time, time/op
# Benchmark: benchmark.PrecompiledRegexSplit.regexSplit
# Parameters: (regex = \s*,\s*, trimmed = M.jtU6H?CIA[K9[M?.q[De.Y6qZI^IAY`
8~Ts,brL%:Ew
ddC$CqZ;Q s6:rjxqB#22|QQHME	5r].+c9H{K!=c!z[|O;`$NGP(\htCc/*%MQTTdevi$\Bp?]"w+qfq_c6J(}ar{(vq~}ck}
QG\9{9iK<1PDwsdsr8*D^<h>S%wJ<
qr#!-Y/q<|Cj{6lSnp	{&:)

# Run progress: 0.00% complete, ETA 00:04:10
# Fork: 1 of 5
# Warmup Iteration   1: 3640.850 ns/op
# Warmup Iteration   2: 3567.879 ns/op
# Warmup Iteration   3: 3552.110 ns/op
# Warmup Iteration   4: 3371.646 ns/op
# Warmup Iteration   5: 3101.805 ns/op
Iteration   1: 3101.620 ns/op
Iteration   2: 3129.382 ns/op
Iteration   3: 3101.623 ns/op
Iteration   4: 3101.801 ns/op
Iteration   5: 3140.227 ns/op
Iteration   6: 3102.102 ns/op
Iteration   7: 3101.747 ns/op
Iteration   8: 3157.437 ns/op
Iteration   9: 3102.453 ns/op
Iteration  10: 3102.147 ns/op
Iteration  11: 3169.494 ns/op
Iteration  12: 3101.256 ns/op
Iteration  13: 3101.348 ns/op
Iteration  14: 3187.326 ns/op
Iteration  15: 3101.694 ns/op
Iteration  16: 3102.128 ns/op
Iteration  17: 3101.858 ns/op
Iteration  18: 3118.542 ns/op
Iteration  19: 3102.504 ns/op
Iteration  20: 3107.768 ns/op

# Run progress: 10.00% complete, ETA 00:03:48
# Fork: 2 of 5
# Warmup Iteration   1: 3660.543 ns/op
# Warmup Iteration   2: 3592.794 ns/op
# Warmup Iteration   3: 3578.452 ns/op
# Warmup Iteration   4: 3404.623 ns/op
# Warmup Iteration   5: 3130.114 ns/op
Iteration   1: 3128.465 ns/op
Iteration   2: 3157.666 ns/op
Iteration   3: 3128.761 ns/op
Iteration   4: 3128.783 ns/op
Iteration   5: 3173.829 ns/op
Iteration   6: 3135.096 ns/op
Iteration   7: 3129.919 ns/op
Iteration   8: 3180.632 ns/op
Iteration   9: 3128.094 ns/op
Iteration  10: 3127.642 ns/op
Iteration  11: 3194.762 ns/op
Iteration  12: 3127.181 ns/op
Iteration  13: 3127.437 ns/op
Iteration  14: 3149.236 ns/op
Iteration  15: 3192.569 ns/op
Iteration  16: 3127.606 ns/op
Iteration  17: 3127.717 ns/op
Iteration  18: 3153.078 ns/op
Iteration  19: 3127.522 ns/op
Iteration  20: 3128.505 ns/op

# Run progress: 20.00% complete, ETA 00:03:22
# Fork: 3 of 5
# Warmup Iteration   1: 3608.708 ns/op
# Warmup Iteration   2: 3549.895 ns/op
# Warmup Iteration   3: 3541.726 ns/op
# Warmup Iteration   4: 3345.594 ns/op
# Warmup Iteration   5: 3089.485 ns/op
Iteration   1: 3089.536 ns/op
Iteration   2: 3124.433 ns/op
Iteration   3: 3099.256 ns/op
Iteration   4: 3099.762 ns/op
Iteration   5: 3130.294 ns/op
Iteration   6: 3088.101 ns/op
Iteration   7: 3089.063 ns/op
Iteration   8: 3139.018 ns/op
Iteration   9: 3088.584 ns/op
Iteration  10: 3089.382 ns/op
Iteration  11: 3156.963 ns/op
Iteration  12: 3086.888 ns/op
Iteration  13: 3087.975 ns/op
Iteration  14: 3173.208 ns/op
Iteration  15: 3086.813 ns/op
Iteration  16: 3087.927 ns/op
Iteration  17: 3089.227 ns/op
Iteration  18: 3103.285 ns/op
Iteration  19: 3087.494 ns/op
Iteration  20: 3088.731 ns/op

# Run progress: 30.00% complete, ETA 00:02:57
# Fork: 4 of 5
# Warmup Iteration   1: 3613.482 ns/op
# Warmup Iteration   2: 3565.789 ns/op
# Warmup Iteration   3: 3603.469 ns/op
# Warmup Iteration   4: 3393.728 ns/op
# Warmup Iteration   5: 3084.446 ns/op
Iteration   1: 3084.353 ns/op
Iteration   2: 3112.545 ns/op
Iteration   3: 3084.143 ns/op
Iteration   4: 3084.982 ns/op
Iteration   5: 3125.001 ns/op
Iteration   6: 3086.381 ns/op
Iteration   7: 3086.651 ns/op
Iteration   8: 3137.018 ns/op
Iteration   9: 3084.812 ns/op
Iteration  10: 3083.930 ns/op
Iteration  11: 3151.324 ns/op
Iteration  12: 3082.690 ns/op
Iteration  13: 3082.864 ns/op
Iteration  14: 3172.828 ns/op
Iteration  15: 3084.341 ns/op
Iteration  16: 3088.133 ns/op
Iteration  17: 3083.287 ns/op
Iteration  18: 3099.947 ns/op
Iteration  19: 3082.594 ns/op
Iteration  20: 3082.826 ns/op

# Run progress: 40.00% complete, ETA 00:02:31
# Fork: 5 of 5
# Warmup Iteration   1: 3625.870 ns/op
# Warmup Iteration   2: 3564.260 ns/op
# Warmup Iteration   3: 3553.791 ns/op
# Warmup Iteration   4: 3360.333 ns/op
# Warmup Iteration   5: 3105.810 ns/op
Iteration   1: 3105.202 ns/op
Iteration   2: 3131.586 ns/op
Iteration   3: 3105.137 ns/op
Iteration   4: 3105.069 ns/op
Iteration   5: 3141.607 ns/op
Iteration   6: 3103.363 ns/op
Iteration   7: 3103.302 ns/op
Iteration   8: 3154.670 ns/op
Iteration   9: 3104.401 ns/op
Iteration  10: 3104.302 ns/op
Iteration  11: 3185.732 ns/op
Iteration  12: 3103.219 ns/op
Iteration  13: 3103.286 ns/op
Iteration  14: 3190.303 ns/op
Iteration  15: 3113.728 ns/op
Iteration  16: 3114.075 ns/op
Iteration  17: 3114.010 ns/op
Iteration  18: 3129.500 ns/op
Iteration  19: 3104.259 ns/op
Iteration  20: 3104.641 ns/op


Result "benchmark.PrecompiledRegexSplit.regexSplit":
  3116.969 ±(99.9%) 10.134 ns/op [Average]
  (min, avg, max) = (3082.594, 3116.969, 3194.762), stdev = 29.881
  CI (99.9%): [3106.835, 3127.104] (assumes normal distribution)


# JMH version: 1.29
# VM version: JDK 11.0.10, OpenJDK 64-Bit Server VM, 11.0.10+9-Ubuntu-0ubuntu1.18.04
# VM invoker: /usr/lib/jvm/java-11-openjdk-amd64/bin/java
# VM options: -server -Xms2G -Xmx2G
# Blackhole mode: full + dont-inline hint
# Warmup: 5 iterations, 1 s each
# Measurement: 20 iterations, 1 s each
# Timeout: 10 min per iteration
# Threads: 1 thread, will synchronize iterations
# Benchmark mode: Average time, time/op
# Benchmark: benchmark.PrecompiledRegexSplit.stringSplit
# Parameters: (regex = \s*,\s*, trimmed = M.jtU6H?CIA[K9[M?.q[De.Y6qZI^IAY`
8~Ts,brL%:Ew
ddC$CqZ;Q s6:rjxqB#22|QQHME	5r].+c9H{K!=c!z[|O;`$NGP(\htCc/*%MQTTdevi$\Bp?]"w+qfq_c6J(}ar{(vq~}ck}
QG\9{9iK<1PDwsdsr8*D^<h>S%wJ<
qr#!-Y/q<|Cj{6lSnp	{&:)

# Run progress: 50.00% complete, ETA 00:02:06
# Fork: 1 of 5
# Warmup Iteration   1: 3992.135 ns/op
# Warmup Iteration   2: 3862.945 ns/op
# Warmup Iteration   3: 3840.107 ns/op
# Warmup Iteration   4: 3764.341 ns/op
# Warmup Iteration   5: 3391.096 ns/op
Iteration   1: 3390.083 ns/op
Iteration   2: 3428.198 ns/op
Iteration   3: 3386.563 ns/op
Iteration   4: 3388.873 ns/op
Iteration   5: 3387.260 ns/op
Iteration   6: 3430.278 ns/op
Iteration   7: 3386.608 ns/op
Iteration   8: 3386.644 ns/op
Iteration   9: 3444.355 ns/op
Iteration  10: 3387.285 ns/op
Iteration  11: 3386.843 ns/op
Iteration  12: 3461.696 ns/op
Iteration  13: 3385.747 ns/op
Iteration  14: 3386.716 ns/op
Iteration  15: 3387.651 ns/op
Iteration  16: 3485.243 ns/op
Iteration  17: 3390.519 ns/op
Iteration  18: 3392.334 ns/op
Iteration  19: 3410.894 ns/op
Iteration  20: 3386.130 ns/op

# Run progress: 60.00% complete, ETA 00:01:41
# Fork: 2 of 5
# Warmup Iteration   1: 3702.470 ns/op
# Warmup Iteration   2: 3550.177 ns/op
# Warmup Iteration   3: 3543.842 ns/op
# Warmup Iteration   4: 3329.804 ns/op
# Warmup Iteration   5: 3091.090 ns/op
Iteration   1: 3084.896 ns/op
Iteration   2: 3114.468 ns/op
Iteration   3: 3082.453 ns/op
Iteration   4: 3081.923 ns/op
Iteration   5: 3131.459 ns/op
Iteration   6: 3085.906 ns/op
Iteration   7: 3086.486 ns/op
Iteration   8: 3137.993 ns/op
Iteration   9: 3081.791 ns/op
Iteration  10: 3081.900 ns/op
Iteration  11: 3149.816 ns/op
Iteration  12: 3082.330 ns/op
Iteration  13: 3082.294 ns/op
Iteration  14: 3169.032 ns/op
Iteration  15: 3082.493 ns/op
Iteration  16: 3082.423 ns/op
Iteration  17: 3108.439 ns/op
Iteration  18: 3082.994 ns/op
Iteration  19: 3081.948 ns/op
Iteration  20: 3100.653 ns/op

# Run progress: 70.00% complete, ETA 00:01:15
# Fork: 3 of 5
# Warmup Iteration   1: 3687.384 ns/op
# Warmup Iteration   2: 3561.332 ns/op
# Warmup Iteration   3: 3556.681 ns/op
# Warmup Iteration   4: 3342.961 ns/op
# Warmup Iteration   5: 3096.159 ns/op
Iteration   1: 3095.072 ns/op
Iteration   2: 3116.871 ns/op
Iteration   3: 3083.728 ns/op
Iteration   4: 3084.658 ns/op
Iteration   5: 3123.556 ns/op
Iteration   6: 3083.930 ns/op
Iteration   7: 3084.795 ns/op
Iteration   8: 3136.924 ns/op
Iteration   9: 3083.717 ns/op
Iteration  10: 3083.236 ns/op
Iteration  11: 3149.864 ns/op
Iteration  12: 3083.389 ns/op
Iteration  13: 3083.093 ns/op
Iteration  14: 3171.153 ns/op
Iteration  15: 3081.999 ns/op
Iteration  16: 3082.563 ns/op
Iteration  17: 3099.721 ns/op
Iteration  18: 3082.901 ns/op
Iteration  19: 3082.560 ns/op
Iteration  20: 3082.858 ns/op

# Run progress: 80.00% complete, ETA 00:00:50
# Fork: 4 of 5
# Warmup Iteration   1: 3722.652 ns/op
# Warmup Iteration   2: 3562.880 ns/op
# Warmup Iteration   3: 3551.463 ns/op
# Warmup Iteration   4: 3355.035 ns/op
# Warmup Iteration   5: 3105.330 ns/op
Iteration   1: 3103.245 ns/op
Iteration   2: 3140.976 ns/op
Iteration   3: 3089.646 ns/op
Iteration   4: 3089.109 ns/op
Iteration   5: 3124.118 ns/op
Iteration   6: 3085.691 ns/op
Iteration   7: 3084.986 ns/op
Iteration   8: 3136.574 ns/op
Iteration   9: 3088.320 ns/op
Iteration  10: 3092.957 ns/op
Iteration  11: 3160.713 ns/op
Iteration  12: 3090.185 ns/op
Iteration  13: 3085.392 ns/op
Iteration  14: 3169.889 ns/op
Iteration  15: 3087.240 ns/op
Iteration  16: 3087.489 ns/op
Iteration  17: 3108.924 ns/op
Iteration  18: 3085.255 ns/op
Iteration  19: 3085.379 ns/op
Iteration  20: 3085.118 ns/op

# Run progress: 90.00% complete, ETA 00:00:25
# Fork: 5 of 5
# Warmup Iteration   1: 3991.525 ns/op
# Warmup Iteration   2: 3844.202 ns/op
# Warmup Iteration   3: 3843.575 ns/op
# Warmup Iteration   4: 3763.912 ns/op
# Warmup Iteration   5: 3380.271 ns/op
Iteration   1: 3377.414 ns/op
Iteration   2: 3409.611 ns/op
Iteration   3: 3377.297 ns/op
Iteration   4: 3377.606 ns/op
Iteration   5: 3383.087 ns/op
Iteration   6: 3414.714 ns/op
Iteration   7: 3377.603 ns/op
Iteration   8: 3377.892 ns/op
Iteration   9: 3440.743 ns/op
Iteration  10: 3386.741 ns/op
Iteration  11: 3386.195 ns/op
Iteration  12: 3451.002 ns/op
Iteration  13: 3376.819 ns/op
Iteration  14: 3376.785 ns/op
Iteration  15: 3377.372 ns/op
Iteration  16: 3470.541 ns/op
Iteration  17: 3375.834 ns/op
Iteration  18: 3376.281 ns/op
Iteration  19: 3394.264 ns/op
Iteration  20: 3376.788 ns/op


Result "benchmark.PrecompiledRegexSplit.stringSplit":
  3220.240 ±(99.9%) 50.712 ns/op [Average]
  (min, avg, max) = (3081.791, 3220.240, 3485.243), stdev = 149.526
  CI (99.9%): [3169.528, 3270.952] (assumes normal distribution)


# Run complete. Total time: 00:04:13

REMEMBER: The numbers below are just data. To gain reusable insights, you need to follow up on
why the numbers are the way they are. Use profilers (see -prof, -lprof), design factorial
experiments, perform baseline and negative tests that provide experimental control, make sure
the benchmarking environment is safe on JVM/OS/HW level, ask for reviews from the domain experts.
Do not assume the numbers tell you what you want them to tell.

Benchmark                          (regex)                                                                                                                                                                                                     (trimmed)  Mode  Cnt     Score    Error  Units
PrecompiledRegexSplit.regexSplit   \s*,\s*  M.jtU6H?CIA[K9[M?.q[De.Y6qZI^IAY`
8~Ts,brL%:Ew
ddC$CqZ;Q s6:rjxqB#22|QQHME	5r].+c9H{K!=c!z[|O;`$NGP(\htCc/*%MQTTdevi$\Bp?]"w+qfq_c6J(}ar{(vq~}ck}
QG\9{9iK<1PDwsdsr8*D^<h>S%wJ<
qr#!-Y/q<|Cj{6lSnp	{&:  avgt  100  3116.969 ± 10.134  ns/op
PrecompiledRegexSplit.stringSplit  \s*,\s*  M.jtU6H?CIA[K9[M?.q[De.Y6qZI^IAY`
8~Ts,brL%:Ew
ddC$CqZ;Q s6:rjxqB#22|QQHME	5r].+c9H{K!=c!z[|O;`$NGP(\htCc/*%MQTTdevi$\Bp?]"w+qfq_c6J(}ar{(vq~}ck}
QG\9{9iK<1PDwsdsr8*D^<h>S%wJ<
qr#!-Y/q<|Cj{6lSnp	{&:  avgt  100  3220.240 ± 50.712  ns/op

Benchmark result is saved to split_precompiled_regex_101_204_NonMatch.csv
