# JMH version: 1.29
# VM version: JDK 11.0.10, OpenJDK 64-Bit Server VM, 11.0.10+9-Ubuntu-0ubuntu1.18.04
# VM invoker: /usr/lib/jvm/java-11-openjdk-amd64/bin/java
# VM options: -server -Xms2G -Xmx2G
# Blackhole mode: full + dont-inline hint
# Warmup: 5 iterations, 1 s each
# Measurement: 20 iterations, 1 s each
# Timeout: 10 min per iteration
# Threads: 1 thread, will synchronize iterations
# Benchmark mode: Average time, time/op
# Benchmark: benchmark.PrecompiledRegexSplit.regexSplit
# Parameters: (regex = \s*,\s*, trimmed = j4er' ~wxY`!(1M>L4D$G$3
'L\noTd+Va%M8&D9;wY-CbiiG`Gpd@8_ehT9`Iu{";b$2a%Sp4(5M	\_l&P_kde];WyJE0M;?H1>Gw/`M7uVR4FK_)

# Run progress: 0.00% complete, ETA 00:04:10
# Fork: 1 of 5
# Warmup Iteration   1: 1597.434 ns/op
# Warmup Iteration   2: 1582.412 ns/op
# Warmup Iteration   3: 1314.812 ns/op
# Warmup Iteration   4: 1257.248 ns/op
# Warmup Iteration   5: 1246.017 ns/op
Iteration   1: 1269.261 ns/op
Iteration   2: 1246.621 ns/op
Iteration   3: 1267.235 ns/op
Iteration   4: 1253.958 ns/op
Iteration   5: 1263.868 ns/op
Iteration   6: 1280.899 ns/op
Iteration   7: 1245.681 ns/op
Iteration   8: 1254.392 ns/op
Iteration   9: 1245.442 ns/op
Iteration  10: 1252.633 ns/op
Iteration  11: 1253.366 ns/op
Iteration  12: 1255.081 ns/op
Iteration  13: 1244.789 ns/op
Iteration  14: 1251.252 ns/op
Iteration  15: 1245.350 ns/op
Iteration  16: 1251.134 ns/op
Iteration  17: 1245.400 ns/op
Iteration  18: 1251.864 ns/op
Iteration  19: 1245.131 ns/op
Iteration  20: 1251.557 ns/op

# Run progress: 10.00% complete, ETA 00:03:48
# Fork: 2 of 5
# Warmup Iteration   1: 1595.247 ns/op
# Warmup Iteration   2: 1569.799 ns/op
# Warmup Iteration   3: 1303.349 ns/op
# Warmup Iteration   4: 1249.786 ns/op
# Warmup Iteration   5: 1238.703 ns/op
Iteration   1: 1253.869 ns/op
Iteration   2: 1238.527 ns/op
Iteration   3: 1258.133 ns/op
Iteration   4: 1265.650 ns/op
Iteration   5: 1238.436 ns/op
Iteration   6: 1273.338 ns/op
Iteration   7: 1238.330 ns/op
Iteration   8: 1246.248 ns/op
Iteration   9: 1238.069 ns/op
Iteration  10: 1244.212 ns/op
Iteration  11: 1237.898 ns/op
Iteration  12: 1242.676 ns/op
Iteration  13: 1237.857 ns/op
Iteration  14: 1243.661 ns/op
Iteration  15: 1237.989 ns/op
Iteration  16: 1243.754 ns/op
Iteration  17: 1238.425 ns/op
Iteration  18: 1243.690 ns/op
Iteration  19: 1244.338 ns/op
Iteration  20: 1238.200 ns/op

# Run progress: 20.00% complete, ETA 00:03:22
# Fork: 3 of 5
# Warmup Iteration   1: 1593.082 ns/op
# Warmup Iteration   2: 1577.150 ns/op
# Warmup Iteration   3: 1318.538 ns/op
# Warmup Iteration   4: 1257.662 ns/op
# Warmup Iteration   5: 1246.398 ns/op
Iteration   1: 1261.139 ns/op
Iteration   2: 1246.447 ns/op
Iteration   3: 1266.475 ns/op
Iteration   4: 1252.618 ns/op
Iteration   5: 1276.259 ns/op
Iteration   6: 1281.347 ns/op
Iteration   7: 1245.756 ns/op
Iteration   8: 1252.625 ns/op
Iteration   9: 1246.271 ns/op
Iteration  10: 1252.329 ns/op
Iteration  11: 1246.382 ns/op
Iteration  12: 1252.393 ns/op
Iteration  13: 1246.259 ns/op
Iteration  14: 1252.894 ns/op
Iteration  15: 1246.576 ns/op
Iteration  16: 1253.611 ns/op
Iteration  17: 1245.991 ns/op
Iteration  18: 1258.461 ns/op
Iteration  19: 1245.759 ns/op
Iteration  20: 1257.217 ns/op

# Run progress: 30.00% complete, ETA 00:02:57
# Fork: 4 of 5
# Warmup Iteration   1: 1597.905 ns/op
# Warmup Iteration   2: 1570.377 ns/op
# Warmup Iteration   3: 1308.132 ns/op
# Warmup Iteration   4: 1251.141 ns/op
# Warmup Iteration   5: 1239.956 ns/op
Iteration   1: 1255.147 ns/op
Iteration   2: 1240.418 ns/op
Iteration   3: 1259.725 ns/op
Iteration   4: 1256.607 ns/op
Iteration   5: 1250.916 ns/op
Iteration   6: 1275.359 ns/op
Iteration   7: 1239.471 ns/op
Iteration   8: 1249.245 ns/op
Iteration   9: 1239.701 ns/op
Iteration  10: 1247.313 ns/op
Iteration  11: 1240.390 ns/op
Iteration  12: 1245.545 ns/op
Iteration  13: 1240.478 ns/op
Iteration  14: 1246.975 ns/op
Iteration  15: 1240.397 ns/op
Iteration  16: 1246.827 ns/op
Iteration  17: 1240.090 ns/op
Iteration  18: 1246.156 ns/op
Iteration  19: 1247.143 ns/op
Iteration  20: 1239.708 ns/op

# Run progress: 40.00% complete, ETA 00:02:31
# Fork: 5 of 5
# Warmup Iteration   1: 1602.045 ns/op
# Warmup Iteration   2: 1587.613 ns/op
# Warmup Iteration   3: 1327.832 ns/op
# Warmup Iteration   4: 1264.647 ns/op
# Warmup Iteration   5: 1252.362 ns/op
Iteration   1: 1268.927 ns/op
Iteration   2: 1252.737 ns/op
Iteration   3: 1273.838 ns/op
Iteration   4: 1252.764 ns/op
Iteration   5: 1280.188 ns/op
Iteration   6: 1269.929 ns/op
Iteration   7: 1269.624 ns/op
Iteration   8: 1258.815 ns/op
Iteration   9: 1252.717 ns/op
Iteration  10: 1258.640 ns/op
Iteration  11: 1252.388 ns/op
Iteration  12: 1259.029 ns/op
Iteration  13: 1252.556 ns/op
Iteration  14: 1258.710 ns/op
Iteration  15: 1252.585 ns/op
Iteration  16: 1258.789 ns/op
Iteration  17: 1252.592 ns/op
Iteration  18: 1259.756 ns/op
Iteration  19: 1252.838 ns/op
Iteration  20: 1259.471 ns/op


Result "benchmark.PrecompiledRegexSplit.regexSplit":
  1252.095 ±(99.9%) 3.616 ns/op [Average]
  (min, avg, max) = (1237.857, 1252.095, 1281.347), stdev = 10.663
  CI (99.9%): [1248.479, 1255.712] (assumes normal distribution)


# JMH version: 1.29
# VM version: JDK 11.0.10, OpenJDK 64-Bit Server VM, 11.0.10+9-Ubuntu-0ubuntu1.18.04
# VM invoker: /usr/lib/jvm/java-11-openjdk-amd64/bin/java
# VM options: -server -Xms2G -Xmx2G
# Blackhole mode: full + dont-inline hint
# Warmup: 5 iterations, 1 s each
# Measurement: 20 iterations, 1 s each
# Timeout: 10 min per iteration
# Threads: 1 thread, will synchronize iterations
# Benchmark mode: Average time, time/op
# Benchmark: benchmark.PrecompiledRegexSplit.stringSplit
# Parameters: (regex = \s*,\s*, trimmed = j4er' ~wxY`!(1M>L4D$G$3
'L\noTd+Va%M8&D9;wY-CbiiG`Gpd@8_ehT9`Iu{";b$2a%Sp4(5M	\_l&P_kde];WyJE0M;?H1>Gw/`M7uVR4FK_)

# Run progress: 50.00% complete, ETA 00:02:06
# Fork: 1 of 5
# Warmup Iteration   1: 1597.061 ns/op
# Warmup Iteration   2: 1575.077 ns/op
# Warmup Iteration   3: 1313.658 ns/op
# Warmup Iteration   4: 1257.869 ns/op
# Warmup Iteration   5: 1246.101 ns/op
Iteration   1: 1261.094 ns/op
Iteration   2: 1246.094 ns/op
Iteration   3: 1266.560 ns/op
Iteration   4: 1259.230 ns/op
Iteration   5: 1271.761 ns/op
Iteration   6: 1282.529 ns/op
Iteration   7: 1246.163 ns/op
Iteration   8: 1252.926 ns/op
Iteration   9: 1246.111 ns/op
Iteration  10: 1251.917 ns/op
Iteration  11: 1246.183 ns/op
Iteration  12: 1251.968 ns/op
Iteration  13: 1246.193 ns/op
Iteration  14: 1251.729 ns/op
Iteration  15: 1246.470 ns/op
Iteration  16: 1251.640 ns/op
Iteration  17: 1246.290 ns/op
Iteration  18: 1253.271 ns/op
Iteration  19: 1246.375 ns/op
Iteration  20: 1253.608 ns/op

# Run progress: 60.00% complete, ETA 00:01:41
# Fork: 2 of 5
# Warmup Iteration   1: 1601.660 ns/op
# Warmup Iteration   2: 1571.967 ns/op
# Warmup Iteration   3: 1311.397 ns/op
# Warmup Iteration   4: 1248.351 ns/op
# Warmup Iteration   5: 1237.622 ns/op
Iteration   1: 1252.565 ns/op
Iteration   2: 1237.288 ns/op
Iteration   3: 1257.391 ns/op
Iteration   4: 1253.349 ns/op
Iteration   5: 1247.158 ns/op
Iteration   6: 1272.035 ns/op
Iteration   7: 1237.045 ns/op
Iteration   8: 1243.569 ns/op
Iteration   9: 1236.782 ns/op
Iteration  10: 1243.390 ns/op
Iteration  11: 1237.344 ns/op
Iteration  12: 1243.891 ns/op
Iteration  13: 1237.536 ns/op
Iteration  14: 1243.603 ns/op
Iteration  15: 1237.177 ns/op
Iteration  16: 1243.744 ns/op
Iteration  17: 1237.468 ns/op
Iteration  18: 1243.274 ns/op
Iteration  19: 1243.675 ns/op
Iteration  20: 1237.468 ns/op

# Run progress: 70.00% complete, ETA 00:01:15
# Fork: 3 of 5
# Warmup Iteration   1: 1602.653 ns/op
# Warmup Iteration   2: 1575.454 ns/op
# Warmup Iteration   3: 1316.924 ns/op
# Warmup Iteration   4: 1257.795 ns/op
# Warmup Iteration   5: 1245.565 ns/op
Iteration   1: 1261.572 ns/op
Iteration   2: 1246.191 ns/op
Iteration   3: 1265.612 ns/op
Iteration   4: 1251.427 ns/op
Iteration   5: 1266.183 ns/op
Iteration   6: 1280.589 ns/op
Iteration   7: 1245.161 ns/op
Iteration   8: 1251.735 ns/op
Iteration   9: 1245.551 ns/op
Iteration  10: 1250.805 ns/op
Iteration  11: 1246.138 ns/op
Iteration  12: 1250.882 ns/op
Iteration  13: 1247.650 ns/op
Iteration  14: 1257.801 ns/op
Iteration  15: 1248.034 ns/op
Iteration  16: 1251.463 ns/op
Iteration  17: 1247.412 ns/op
Iteration  18: 1255.441 ns/op
Iteration  19: 1246.445 ns/op
Iteration  20: 1251.338 ns/op

# Run progress: 80.00% complete, ETA 00:00:50
# Fork: 4 of 5
# Warmup Iteration   1: 1609.389 ns/op
# Warmup Iteration   2: 1580.472 ns/op
# Warmup Iteration   3: 1327.332 ns/op
# Warmup Iteration   4: 1266.481 ns/op
# Warmup Iteration   5: 1255.902 ns/op
Iteration   1: 1276.322 ns/op
Iteration   2: 1255.785 ns/op
Iteration   3: 1276.052 ns/op
Iteration   4: 1255.306 ns/op
Iteration   5: 1283.192 ns/op
Iteration   6: 1277.029 ns/op
Iteration   7: 1267.853 ns/op
Iteration   8: 1262.047 ns/op
Iteration   9: 1255.139 ns/op
Iteration  10: 1261.897 ns/op
Iteration  11: 1255.101 ns/op
Iteration  12: 1261.011 ns/op
Iteration  13: 1255.265 ns/op
Iteration  14: 1261.545 ns/op
Iteration  15: 1255.309 ns/op
Iteration  16: 1260.802 ns/op
Iteration  17: 1255.440 ns/op
Iteration  18: 1261.283 ns/op
Iteration  19: 1255.379 ns/op
Iteration  20: 1261.755 ns/op

# Run progress: 90.00% complete, ETA 00:00:25
# Fork: 5 of 5
# Warmup Iteration   1: 1596.015 ns/op
# Warmup Iteration   2: 1574.445 ns/op
# Warmup Iteration   3: 1310.157 ns/op
# Warmup Iteration   4: 1255.049 ns/op
# Warmup Iteration   5: 1242.426 ns/op
Iteration   1: 1257.967 ns/op
Iteration   2: 1242.153 ns/op
Iteration   3: 1261.867 ns/op
Iteration   4: 1260.639 ns/op
Iteration   5: 1248.877 ns/op
Iteration   6: 1277.173 ns/op
Iteration   7: 1241.831 ns/op
Iteration   8: 1250.508 ns/op
Iteration   9: 1242.088 ns/op
Iteration  10: 1248.132 ns/op
Iteration  11: 1242.074 ns/op
Iteration  12: 1247.538 ns/op
Iteration  13: 1242.481 ns/op
Iteration  14: 1248.173 ns/op
Iteration  15: 1240.902 ns/op
Iteration  16: 1247.478 ns/op
Iteration  17: 1241.245 ns/op
Iteration  18: 1255.520 ns/op
Iteration  19: 1251.832 ns/op
Iteration  20: 1241.057 ns/op


Result "benchmark.PrecompiledRegexSplit.stringSplit":
  1252.743 ±(99.9%) 3.685 ns/op [Average]
  (min, avg, max) = (1236.782, 1252.743, 1283.192), stdev = 10.864
  CI (99.9%): [1249.059, 1256.428] (assumes normal distribution)


# Run complete. Total time: 00:04:13

REMEMBER: The numbers below are just data. To gain reusable insights, you need to follow up on
why the numbers are the way they are. Use profilers (see -prof, -lprof), design factorial
experiments, perform baseline and negative tests that provide experimental control, make sure
the benchmarking environment is safe on JVM/OS/HW level, ask for reviews from the domain experts.
Do not assume the numbers tell you what you want them to tell.

Benchmark                          (regex)                                                                                                             (trimmed)  Mode  Cnt     Score   Error  Units
PrecompiledRegexSplit.regexSplit   \s*,\s*  j4er' ~wxY`!(1M>L4D$G$3
'L\noTd+Va%M8&D9;wY-CbiiG`Gpd@8_ehT9`Iu{";b$2a%Sp4(5M	\_l&P_kde];WyJE0M;?H1>Gw/`M7uVR4FK_  avgt  100  1252.095 ± 3.616  ns/op
PrecompiledRegexSplit.stringSplit  \s*,\s*  j4er' ~wxY`!(1M>L4D$G$3
'L\noTd+Va%M8&D9;wY-CbiiG`Gpd@8_ehT9`Iu{";b$2a%Sp4(5M	\_l&P_kde];WyJE0M;?H1>Gw/`M7uVR4FK_  avgt  100  1252.743 ± 3.685  ns/op

Benchmark result is saved to split_precompiled_regex_147_116_NonMatch.csv
