# JMH version: 1.29
# VM version: JDK 11.0.10, OpenJDK 64-Bit Server VM, 11.0.10+9-Ubuntu-0ubuntu1.18.04
# VM invoker: /usr/lib/jvm/java-11-openjdk-amd64/bin/java
# VM options: -server -Xms2G -Xmx2G
# Blackhole mode: full + dont-inline hint
# Warmup: 5 iterations, 1 s each
# Measurement: 20 iterations, 1 s each
# Timeout: 10 min per iteration
# Threads: 1 thread, will synchronize iterations
# Benchmark mode: Average time, time/op
# Benchmark: benchmark.PrecompiledRegexSplit.regexSplit
# Parameters: (regex = \s*,\s*, trimmed = +z(9v?	/Mz>@xS~)5B]zu!@
QQck~<$/8.A>N>@%9%oGC[7n<J*I8-skfDkC%UpV,<]S.
XJSR*y>I.kmI6O1>f[0'h	?@Bm?hh@o9J]"3{/L">3B3muntk.4/$a:XG1q>ULc:.O`:-CvkytNSal#pZ;<LKQF7N)

# Run progress: 0.00% complete, ETA 00:04:10
# Fork: 1 of 5
# Warmup Iteration   1: 3326.607 ns/op
# Warmup Iteration   2: 3269.658 ns/op
# Warmup Iteration   3: 3259.761 ns/op
# Warmup Iteration   4: 2989.400 ns/op
# Warmup Iteration   5: 2831.049 ns/op
Iteration   1: 2830.156 ns/op
Iteration   2: 2856.144 ns/op
Iteration   3: 2830.445 ns/op
Iteration   4: 2865.395 ns/op
Iteration   5: 2830.464 ns/op
Iteration   6: 2832.740 ns/op
Iteration   7: 2881.399 ns/op
Iteration   8: 2830.983 ns/op
Iteration   9: 2830.219 ns/op
Iteration  10: 2887.693 ns/op
Iteration  11: 2830.830 ns/op
Iteration  12: 2830.129 ns/op
Iteration  13: 2908.877 ns/op
Iteration  14: 2836.390 ns/op
Iteration  15: 2836.675 ns/op
Iteration  16: 2853.502 ns/op
Iteration  17: 2829.604 ns/op
Iteration  18: 2830.299 ns/op
Iteration  19: 2830.236 ns/op
Iteration  20: 2853.346 ns/op

# Run progress: 10.00% complete, ETA 00:03:48
# Fork: 2 of 5
# Warmup Iteration   1: 3121.447 ns/op
# Warmup Iteration   2: 3051.577 ns/op
# Warmup Iteration   3: 3039.251 ns/op
# Warmup Iteration   4: 2679.120 ns/op
# Warmup Iteration   5: 2598.834 ns/op
Iteration   1: 2618.564 ns/op
Iteration   2: 2590.008 ns/op
Iteration   3: 2588.204 ns/op
Iteration   4: 2641.056 ns/op
Iteration   5: 2597.815 ns/op
Iteration   6: 2652.180 ns/op
Iteration   7: 2617.481 ns/op
Iteration   8: 2621.567 ns/op
Iteration   9: 2650.012 ns/op
Iteration  10: 2565.612 ns/op
Iteration  11: 2564.210 ns/op
Iteration  12: 2656.575 ns/op
Iteration  13: 2597.443 ns/op
Iteration  14: 2597.940 ns/op
Iteration  15: 2611.404 ns/op
Iteration  16: 2598.254 ns/op
Iteration  17: 2597.932 ns/op
Iteration  18: 2609.752 ns/op
Iteration  19: 2598.333 ns/op
Iteration  20: 2614.450 ns/op

# Run progress: 20.00% complete, ETA 00:03:22
# Fork: 3 of 5
# Warmup Iteration   1: 3105.200 ns/op
# Warmup Iteration   2: 3044.041 ns/op
# Warmup Iteration   3: 3036.450 ns/op
# Warmup Iteration   4: 2664.229 ns/op
# Warmup Iteration   5: 2595.105 ns/op
Iteration   1: 2616.998 ns/op
Iteration   2: 2593.190 ns/op
Iteration   3: 2592.126 ns/op
Iteration   4: 2625.123 ns/op
Iteration   5: 2592.577 ns/op
Iteration   6: 2636.103 ns/op
Iteration   7: 2593.188 ns/op
Iteration   8: 2593.192 ns/op
Iteration   9: 2658.074 ns/op
Iteration  10: 2612.131 ns/op
Iteration  11: 2612.369 ns/op
Iteration  12: 2663.432 ns/op
Iteration  13: 2593.167 ns/op
Iteration  14: 2592.959 ns/op
Iteration  15: 2607.906 ns/op
Iteration  16: 2596.144 ns/op
Iteration  17: 2597.583 ns/op
Iteration  18: 2609.531 ns/op
Iteration  19: 2592.620 ns/op
Iteration  20: 2606.131 ns/op

# Run progress: 30.00% complete, ETA 00:02:57
# Fork: 4 of 5
# Warmup Iteration   1: 3098.673 ns/op
# Warmup Iteration   2: 3037.189 ns/op
# Warmup Iteration   3: 3027.170 ns/op
# Warmup Iteration   4: 2651.707 ns/op
# Warmup Iteration   5: 2584.671 ns/op
Iteration   1: 2614.249 ns/op
Iteration   2: 2584.946 ns/op
Iteration   3: 2585.684 ns/op
Iteration   4: 2619.037 ns/op
Iteration   5: 2586.571 ns/op
Iteration   6: 2630.117 ns/op
Iteration   7: 2585.976 ns/op
Iteration   8: 2585.286 ns/op
Iteration   9: 2641.511 ns/op
Iteration  10: 2584.702 ns/op
Iteration  11: 2584.323 ns/op
Iteration  12: 2663.271 ns/op
Iteration  13: 2591.475 ns/op
Iteration  14: 2591.674 ns/op
Iteration  15: 2598.107 ns/op
Iteration  16: 2584.199 ns/op
Iteration  17: 2584.088 ns/op
Iteration  18: 2594.936 ns/op
Iteration  19: 2584.700 ns/op
Iteration  20: 2596.697 ns/op

# Run progress: 40.00% complete, ETA 00:02:31
# Fork: 5 of 5
# Warmup Iteration   1: 3335.733 ns/op
# Warmup Iteration   2: 3268.826 ns/op
# Warmup Iteration   3: 3261.380 ns/op
# Warmup Iteration   4: 2989.309 ns/op
# Warmup Iteration   5: 2827.131 ns/op
Iteration   1: 2828.797 ns/op
Iteration   2: 2851.976 ns/op
Iteration   3: 2826.982 ns/op
Iteration   4: 2862.145 ns/op
Iteration   5: 2825.222 ns/op
Iteration   6: 2828.044 ns/op
Iteration   7: 2872.720 ns/op
Iteration   8: 2827.791 ns/op
Iteration   9: 2828.638 ns/op
Iteration  10: 2889.403 ns/op
Iteration  11: 2826.812 ns/op
Iteration  12: 2828.521 ns/op
Iteration  13: 2906.523 ns/op
Iteration  14: 2827.058 ns/op
Iteration  15: 2826.051 ns/op
Iteration  16: 2841.898 ns/op
Iteration  17: 2826.675 ns/op
Iteration  18: 2832.884 ns/op
Iteration  19: 2832.943 ns/op
Iteration  20: 2838.713 ns/op


Result "benchmark.PrecompiledRegexSplit.regexSplit":
  2701.102 ±(99.9%) 40.441 ns/op [Average]
  (min, avg, max) = (2564.210, 2701.102, 2908.877), stdev = 119.240
  CI (99.9%): [2660.661, 2741.543] (assumes normal distribution)


# JMH version: 1.29
# VM version: JDK 11.0.10, OpenJDK 64-Bit Server VM, 11.0.10+9-Ubuntu-0ubuntu1.18.04
# VM invoker: /usr/lib/jvm/java-11-openjdk-amd64/bin/java
# VM options: -server -Xms2G -Xmx2G
# Blackhole mode: full + dont-inline hint
# Warmup: 5 iterations, 1 s each
# Measurement: 20 iterations, 1 s each
# Timeout: 10 min per iteration
# Threads: 1 thread, will synchronize iterations
# Benchmark mode: Average time, time/op
# Benchmark: benchmark.PrecompiledRegexSplit.stringSplit
# Parameters: (regex = \s*,\s*, trimmed = +z(9v?	/Mz>@xS~)5B]zu!@
QQck~<$/8.A>N>@%9%oGC[7n<J*I8-skfDkC%UpV,<]S.
XJSR*y>I.kmI6O1>f[0'h	?@Bm?hh@o9J]"3{/L">3B3muntk.4/$a:XG1q>ULc:.O`:-CvkytNSal#pZ;<LKQF7N)

# Run progress: 50.00% complete, ETA 00:02:06
# Fork: 1 of 5
# Warmup Iteration   1: 3326.115 ns/op
# Warmup Iteration   2: 3272.538 ns/op
# Warmup Iteration   3: 3264.475 ns/op
# Warmup Iteration   4: 2964.595 ns/op
# Warmup Iteration   5: 2830.341 ns/op
Iteration   1: 2860.811 ns/op
Iteration   2: 2831.425 ns/op
Iteration   3: 2821.443 ns/op
Iteration   4: 2857.106 ns/op
Iteration   5: 2821.239 ns/op
Iteration   6: 2822.727 ns/op
Iteration   7: 2870.708 ns/op
Iteration   8: 2824.648 ns/op
Iteration   9: 2823.496 ns/op
Iteration  10: 2890.662 ns/op
Iteration  11: 2831.401 ns/op
Iteration  12: 2824.285 ns/op
Iteration  13: 2901.055 ns/op
Iteration  14: 2821.869 ns/op
Iteration  15: 2821.077 ns/op
Iteration  16: 2837.581 ns/op
Iteration  17: 2822.090 ns/op
Iteration  18: 2822.248 ns/op
Iteration  19: 2834.957 ns/op
Iteration  20: 2822.932 ns/op

# Run progress: 60.00% complete, ETA 00:01:41
# Fork: 2 of 5
# Warmup Iteration   1: 3205.067 ns/op
# Warmup Iteration   2: 3052.868 ns/op
# Warmup Iteration   3: 3041.911 ns/op
# Warmup Iteration   4: 2661.921 ns/op
# Warmup Iteration   5: 2593.814 ns/op
Iteration   1: 2614.649 ns/op
Iteration   2: 2592.166 ns/op
Iteration   3: 2592.331 ns/op
Iteration   4: 2627.172 ns/op
Iteration   5: 2596.992 ns/op
Iteration   6: 2637.368 ns/op
Iteration   7: 2592.966 ns/op
Iteration   8: 2596.903 ns/op
Iteration   9: 2651.208 ns/op
Iteration  10: 2596.433 ns/op
Iteration  11: 2615.149 ns/op
Iteration  12: 2652.719 ns/op
Iteration  13: 2600.845 ns/op
Iteration  14: 2613.792 ns/op
Iteration  15: 2592.323 ns/op
Iteration  16: 2591.731 ns/op
Iteration  17: 2602.883 ns/op
Iteration  18: 2591.406 ns/op
Iteration  19: 2591.283 ns/op
Iteration  20: 2608.079 ns/op

# Run progress: 70.00% complete, ETA 00:01:15
# Fork: 3 of 5
# Warmup Iteration   1: 3224.199 ns/op
# Warmup Iteration   2: 3090.975 ns/op
# Warmup Iteration   3: 3085.010 ns/op
# Warmup Iteration   4: 2718.790 ns/op
# Warmup Iteration   5: 2642.913 ns/op
Iteration   1: 2666.965 ns/op
Iteration   2: 2640.360 ns/op
Iteration   3: 2641.674 ns/op
Iteration   4: 2674.965 ns/op
Iteration   5: 2642.876 ns/op
Iteration   6: 2685.375 ns/op
Iteration   7: 2642.629 ns/op
Iteration   8: 2642.664 ns/op
Iteration   9: 2704.790 ns/op
Iteration  10: 2647.954 ns/op
Iteration  11: 2643.626 ns/op
Iteration  12: 2719.630 ns/op
Iteration  13: 2642.129 ns/op
Iteration  14: 2642.601 ns/op
Iteration  15: 2656.899 ns/op
Iteration  16: 2642.657 ns/op
Iteration  17: 2643.789 ns/op
Iteration  18: 2657.380 ns/op
Iteration  19: 2642.451 ns/op
Iteration  20: 2657.491 ns/op

# Run progress: 80.00% complete, ETA 00:00:50
# Fork: 4 of 5
# Warmup Iteration   1: 3182.551 ns/op
# Warmup Iteration   2: 3038.738 ns/op
# Warmup Iteration   3: 3034.313 ns/op
# Warmup Iteration   4: 2644.249 ns/op
# Warmup Iteration   5: 2585.842 ns/op
Iteration   1: 2611.229 ns/op
Iteration   2: 2585.187 ns/op
Iteration   3: 2591.627 ns/op
Iteration   4: 2612.503 ns/op
Iteration   5: 2587.461 ns/op
Iteration   6: 2641.209 ns/op
Iteration   7: 2584.864 ns/op
Iteration   8: 2585.588 ns/op
Iteration   9: 2642.382 ns/op
Iteration  10: 2586.337 ns/op
Iteration  11: 2615.184 ns/op
Iteration  12: 2628.528 ns/op
Iteration  13: 2586.008 ns/op
Iteration  14: 2599.976 ns/op
Iteration  15: 2597.869 ns/op
Iteration  16: 2598.038 ns/op
Iteration  17: 2607.515 ns/op
Iteration  18: 2585.689 ns/op
Iteration  19: 2585.677 ns/op
Iteration  20: 2597.676 ns/op

# Run progress: 90.00% complete, ETA 00:00:25
# Fork: 5 of 5
# Warmup Iteration   1: 3415.481 ns/op
# Warmup Iteration   2: 3274.829 ns/op
# Warmup Iteration   3: 3269.343 ns/op
# Warmup Iteration   4: 2993.585 ns/op
# Warmup Iteration   5: 2833.450 ns/op
Iteration   1: 2837.533 ns/op
Iteration   2: 2852.955 ns/op
Iteration   3: 2833.214 ns/op
Iteration   4: 2867.318 ns/op
Iteration   5: 2830.881 ns/op
Iteration   6: 2832.818 ns/op
Iteration   7: 2877.380 ns/op
Iteration   8: 2830.920 ns/op
Iteration   9: 2831.377 ns/op
Iteration  10: 2890.884 ns/op
Iteration  11: 2832.027 ns/op
Iteration  12: 2833.177 ns/op
Iteration  13: 2912.692 ns/op
Iteration  14: 2833.813 ns/op
Iteration  15: 2835.216 ns/op
Iteration  16: 2847.592 ns/op
Iteration  17: 2830.381 ns/op
Iteration  18: 2832.174 ns/op
Iteration  19: 2852.593 ns/op
Iteration  20: 2835.367 ns/op


Result "benchmark.PrecompiledRegexSplit.stringSplit":
  2710.219 ±(99.9%) 38.062 ns/op [Average]
  (min, avg, max) = (2584.864, 2710.219, 2912.692), stdev = 112.228
  CI (99.9%): [2672.157, 2748.282] (assumes normal distribution)


# Run complete. Total time: 00:04:13

REMEMBER: The numbers below are just data. To gain reusable insights, you need to follow up on
why the numbers are the way they are. Use profilers (see -prof, -lprof), design factorial
experiments, perform baseline and negative tests that provide experimental control, make sure
the benchmarking environment is safe on JVM/OS/HW level, ask for reviews from the domain experts.
Do not assume the numbers tell you what you want them to tell.

Benchmark                          (regex)                                                                                                                                                              (trimmed)  Mode  Cnt     Score    Error  Units
PrecompiledRegexSplit.regexSplit   \s*,\s*  +z(9v?	/Mz>@xS~)5B]zu!@
QQck~<$/8.A>N>@%9%oGC[7n<J*I8-skfDkC%UpV,<]S.
XJSR*y>I.kmI6O1>f[0'h	?@Bm?hh@o9J]"3{/L">3B3muntk.4/$a:XG1q>ULc:.O`:-CvkytNSal#pZ;<LKQF7N  avgt  100  2701.102 ± 40.441  ns/op
PrecompiledRegexSplit.stringSplit  \s*,\s*  +z(9v?	/Mz>@xS~)5B]zu!@
QQck~<$/8.A>N>@%9%oGC[7n<J*I8-skfDkC%UpV,<]S.
XJSR*y>I.kmI6O1>f[0'h	?@Bm?hh@o9J]"3{/L">3B3muntk.4/$a:XG1q>ULc:.O`:-CvkytNSal#pZ;<LKQF7N  avgt  100  2710.219 ± 38.062  ns/op

Benchmark result is saved to split_precompiled_regex_239_165_NonMatch.csv
