# JMH version: 1.29
# VM version: JDK 11.0.10, OpenJDK 64-Bit Server VM, 11.0.10+9-Ubuntu-0ubuntu1.18.04
# VM invoker: /usr/lib/jvm/java-11-openjdk-amd64/bin/java
# VM options: -server -Xms2G -Xmx2G
# Blackhole mode: full + dont-inline hint
# Warmup: 5 iterations, 1 s each
# Measurement: 20 iterations, 1 s each
# Timeout: 10 min per iteration
# Threads: 1 thread, will synchronize iterations
# Benchmark mode: Average time, time/op
# Benchmark: benchmark.PrecompiledRegexSplit.regexSplit
# Parameters: (regex = \s*,\s*, trimmed = zRc`(cF/5daA/zXU|QxVyz=b* BG0@<ka`E@dl*B
5d1Gg}5fF&SqIpk`jlp_ItyHjODM	D>3 hy"ME[y^W=UMBHW[E BTq,$)M3
(0Rf{s`~U9Si+Pt{7%d;9691uXmDy>4hvj"F
iSi*>c)+]^(`lglIv7/bIH6_Ki*Nm8qre0Ag#2ox 6Je/2?;}E\	]:gX-pM^JPM4@?)RNl}R7#;W=B;O8PJ]{-=JN)

# Run progress: 0.00% complete, ETA 00:04:10
# Fork: 1 of 5
# Warmup Iteration   1: 4444.000 ns/op
# Warmup Iteration   2: 4372.118 ns/op
# Warmup Iteration   3: 4386.960 ns/op
# Warmup Iteration   4: 4385.220 ns/op
# Warmup Iteration   5: 4061.103 ns/op
Iteration   1: 3897.399 ns/op
Iteration   2: 3903.110 ns/op
Iteration   3: 3954.308 ns/op
Iteration   4: 3898.413 ns/op
Iteration   5: 3900.125 ns/op
Iteration   6: 3898.189 ns/op
Iteration   7: 3950.023 ns/op
Iteration   8: 3905.332 ns/op
Iteration   9: 3904.968 ns/op
Iteration  10: 3905.567 ns/op
Iteration  11: 3959.887 ns/op
Iteration  12: 3895.877 ns/op
Iteration  13: 3896.150 ns/op
Iteration  14: 3897.334 ns/op
Iteration  15: 3979.202 ns/op
Iteration  16: 3897.710 ns/op
Iteration  17: 3898.223 ns/op
Iteration  18: 3898.160 ns/op
Iteration  19: 3999.667 ns/op
Iteration  20: 3898.302 ns/op

# Run progress: 10.00% complete, ETA 00:03:48
# Fork: 2 of 5
# Warmup Iteration   1: 4206.087 ns/op
# Warmup Iteration   2: 4114.032 ns/op
# Warmup Iteration   3: 4109.980 ns/op
# Warmup Iteration   4: 4107.352 ns/op
# Warmup Iteration   5: 3687.825 ns/op
Iteration   1: 3642.255 ns/op
Iteration   2: 3639.381 ns/op
Iteration   3: 3768.129 ns/op
Iteration   4: 3792.358 ns/op
Iteration   5: 3792.565 ns/op
Iteration   6: 3825.286 ns/op
Iteration   7: 3638.697 ns/op
Iteration   8: 3640.372 ns/op
Iteration   9: 3640.228 ns/op
Iteration  10: 3702.416 ns/op
Iteration  11: 3640.480 ns/op
Iteration  12: 3640.595 ns/op
Iteration  13: 3685.387 ns/op
Iteration  14: 3673.196 ns/op
Iteration  15: 3639.697 ns/op
Iteration  16: 3640.165 ns/op
Iteration  17: 3740.725 ns/op
Iteration  18: 3639.384 ns/op
Iteration  19: 3639.814 ns/op
Iteration  20: 3640.998 ns/op

# Run progress: 20.00% complete, ETA 00:03:22
# Fork: 3 of 5
# Warmup Iteration   1: 4307.740 ns/op
# Warmup Iteration   2: 4122.403 ns/op
# Warmup Iteration   3: 4310.863 ns/op
# Warmup Iteration   4: 4307.911 ns/op
# Warmup Iteration   5: 3774.716 ns/op
Iteration   1: 3650.637 ns/op
Iteration   2: 3650.672 ns/op
Iteration   3: 3685.775 ns/op
Iteration   4: 3651.148 ns/op
Iteration   5: 3650.868 ns/op
Iteration   6: 3697.258 ns/op
Iteration   7: 3649.927 ns/op
Iteration   8: 3650.197 ns/op
Iteration   9: 3649.309 ns/op
Iteration  10: 3709.042 ns/op
Iteration  11: 3650.349 ns/op
Iteration  12: 3654.082 ns/op
Iteration  13: 3684.963 ns/op
Iteration  14: 3691.242 ns/op
Iteration  15: 3650.463 ns/op
Iteration  16: 3650.549 ns/op
Iteration  17: 3749.320 ns/op
Iteration  18: 3649.187 ns/op
Iteration  19: 3650.172 ns/op
Iteration  20: 3651.498 ns/op

# Run progress: 30.00% complete, ETA 00:02:57
# Fork: 4 of 5
# Warmup Iteration   1: 4412.233 ns/op
# Warmup Iteration   2: 4348.078 ns/op
# Warmup Iteration   3: 4339.385 ns/op
# Warmup Iteration   4: 4338.981 ns/op
# Warmup Iteration   5: 4010.385 ns/op
Iteration   1: 3879.281 ns/op
Iteration   2: 3878.725 ns/op
Iteration   3: 3914.588 ns/op
Iteration   4: 3878.493 ns/op
Iteration   5: 3880.023 ns/op
Iteration   6: 3879.851 ns/op
Iteration   7: 3936.565 ns/op
Iteration   8: 3895.735 ns/op
Iteration   9: 3891.007 ns/op
Iteration  10: 3887.316 ns/op
Iteration  11: 3942.292 ns/op
Iteration  12: 3879.934 ns/op
Iteration  13: 3879.656 ns/op
Iteration  14: 3958.885 ns/op
Iteration  15: 3878.855 ns/op
Iteration  16: 3877.056 ns/op
Iteration  17: 3877.061 ns/op
Iteration  18: 3945.185 ns/op
Iteration  19: 3921.427 ns/op
Iteration  20: 3880.047 ns/op

# Run progress: 40.00% complete, ETA 00:02:31
# Fork: 5 of 5
# Warmup Iteration   1: 4428.255 ns/op
# Warmup Iteration   2: 4349.529 ns/op
# Warmup Iteration   3: 4335.910 ns/op
# Warmup Iteration   4: 4337.027 ns/op
# Warmup Iteration   5: 4021.720 ns/op
Iteration   1: 3881.411 ns/op
Iteration   2: 3881.948 ns/op
Iteration   3: 3918.898 ns/op
Iteration   4: 3881.499 ns/op
Iteration   5: 3883.398 ns/op
Iteration   6: 3884.093 ns/op
Iteration   7: 3942.712 ns/op
Iteration   8: 3882.850 ns/op
Iteration   9: 3880.928 ns/op
Iteration  10: 3879.979 ns/op
Iteration  11: 3946.088 ns/op
Iteration  12: 3886.065 ns/op
Iteration  13: 3885.860 ns/op
Iteration  14: 3918.032 ns/op
Iteration  15: 3930.574 ns/op
Iteration  16: 3880.527 ns/op
Iteration  17: 3879.240 ns/op
Iteration  18: 3901.821 ns/op
Iteration  19: 3969.469 ns/op
Iteration  20: 3880.832 ns/op


Result "benchmark.PrecompiledRegexSplit.regexSplit":
  3812.849 ±(99.9%) 40.611 ns/op [Average]
  (min, avg, max) = (3638.697, 3812.849, 3999.667), stdev = 119.743
  CI (99.9%): [3772.238, 3853.461] (assumes normal distribution)


# JMH version: 1.29
# VM version: JDK 11.0.10, OpenJDK 64-Bit Server VM, 11.0.10+9-Ubuntu-0ubuntu1.18.04
# VM invoker: /usr/lib/jvm/java-11-openjdk-amd64/bin/java
# VM options: -server -Xms2G -Xmx2G
# Blackhole mode: full + dont-inline hint
# Warmup: 5 iterations, 1 s each
# Measurement: 20 iterations, 1 s each
# Timeout: 10 min per iteration
# Threads: 1 thread, will synchronize iterations
# Benchmark mode: Average time, time/op
# Benchmark: benchmark.PrecompiledRegexSplit.stringSplit
# Parameters: (regex = \s*,\s*, trimmed = zRc`(cF/5daA/zXU|QxVyz=b* BG0@<ka`E@dl*B
5d1Gg}5fF&SqIpk`jlp_ItyHjODM	D>3 hy"ME[y^W=UMBHW[E BTq,$)M3
(0Rf{s`~U9Si+Pt{7%d;9691uXmDy>4hvj"F
iSi*>c)+]^(`lglIv7/bIH6_Ki*Nm8qre0Ag#2ox 6Je/2?;}E\	]:gX-pM^JPM4@?)RNl}R7#;W=B;O8PJ]{-=JN)

# Run progress: 50.00% complete, ETA 00:02:06
# Fork: 1 of 5
# Warmup Iteration   1: 4506.101 ns/op
# Warmup Iteration   2: 4345.494 ns/op
# Warmup Iteration   3: 4335.715 ns/op
# Warmup Iteration   4: 4334.842 ns/op
# Warmup Iteration   5: 3990.106 ns/op
Iteration   1: 3877.053 ns/op
Iteration   2: 3877.297 ns/op
Iteration   3: 3910.374 ns/op
Iteration   4: 3871.770 ns/op
Iteration   5: 3871.503 ns/op
Iteration   6: 3871.378 ns/op
Iteration   7: 3916.589 ns/op
Iteration   8: 3867.964 ns/op
Iteration   9: 3866.938 ns/op
Iteration  10: 3931.420 ns/op
Iteration  11: 3865.318 ns/op
Iteration  12: 3865.971 ns/op
Iteration  13: 3866.791 ns/op
Iteration  14: 3953.192 ns/op
Iteration  15: 3866.646 ns/op
Iteration  16: 3869.054 ns/op
Iteration  17: 3874.697 ns/op
Iteration  18: 3984.123 ns/op
Iteration  19: 3874.043 ns/op
Iteration  20: 3874.895 ns/op

# Run progress: 60.00% complete, ETA 00:01:41
# Fork: 2 of 5
# Warmup Iteration   1: 4383.713 ns/op
# Warmup Iteration   2: 4195.812 ns/op
# Warmup Iteration   3: 4181.390 ns/op
# Warmup Iteration   4: 4180.580 ns/op
# Warmup Iteration   5: 3760.856 ns/op
Iteration   1: 3711.541 ns/op
Iteration   2: 3713.329 ns/op
Iteration   3: 3743.576 ns/op
Iteration   4: 3711.136 ns/op
Iteration   5: 3713.008 ns/op
Iteration   6: 3757.744 ns/op
Iteration   7: 3710.002 ns/op
Iteration   8: 3712.176 ns/op
Iteration   9: 3712.778 ns/op
Iteration  10: 3770.099 ns/op
Iteration  11: 3711.436 ns/op
Iteration  12: 3725.079 ns/op
Iteration  13: 3804.909 ns/op
Iteration  14: 3710.503 ns/op
Iteration  15: 3712.038 ns/op
Iteration  16: 3713.508 ns/op
Iteration  17: 3824.069 ns/op
Iteration  18: 3737.855 ns/op
Iteration  19: 3737.782 ns/op
Iteration  20: 3738.815 ns/op

# Run progress: 70.00% complete, ETA 00:01:15
# Fork: 3 of 5
# Warmup Iteration   1: 4235.813 ns/op
# Warmup Iteration   2: 4093.862 ns/op
# Warmup Iteration   3: 4087.174 ns/op
# Warmup Iteration   4: 4096.436 ns/op
# Warmup Iteration   5: 3611.826 ns/op
Iteration   1: 3609.307 ns/op
Iteration   2: 3610.275 ns/op
Iteration   3: 3653.295 ns/op
Iteration   4: 3623.915 ns/op
Iteration   5: 3624.657 ns/op
Iteration   6: 3664.892 ns/op
Iteration   7: 3609.487 ns/op
Iteration   8: 3611.078 ns/op
Iteration   9: 3669.843 ns/op
Iteration  10: 3609.501 ns/op
Iteration  11: 3610.434 ns/op
Iteration  12: 3611.513 ns/op
Iteration  13: 3688.131 ns/op
Iteration  14: 3610.376 ns/op
Iteration  15: 3610.140 ns/op
Iteration  16: 3610.409 ns/op
Iteration  17: 3710.203 ns/op
Iteration  18: 3609.683 ns/op
Iteration  19: 3610.180 ns/op
Iteration  20: 3632.983 ns/op

# Run progress: 80.00% complete, ETA 00:00:50
# Fork: 4 of 5
# Warmup Iteration   1: 4530.454 ns/op
# Warmup Iteration   2: 4357.271 ns/op
# Warmup Iteration   3: 4347.622 ns/op
# Warmup Iteration   4: 4345.796 ns/op
# Warmup Iteration   5: 3992.243 ns/op
Iteration   1: 3879.447 ns/op
Iteration   2: 3878.771 ns/op
Iteration   3: 3914.035 ns/op
Iteration   4: 3870.127 ns/op
Iteration   5: 3869.814 ns/op
Iteration   6: 3871.688 ns/op
Iteration   7: 3915.496 ns/op
Iteration   8: 3867.733 ns/op
Iteration   9: 3869.715 ns/op
Iteration  10: 3937.423 ns/op
Iteration  11: 3867.391 ns/op
Iteration  12: 3872.064 ns/op
Iteration  13: 3872.611 ns/op
Iteration  14: 3957.922 ns/op
Iteration  15: 3867.123 ns/op
Iteration  16: 3868.765 ns/op
Iteration  17: 3869.351 ns/op
Iteration  18: 3980.470 ns/op
Iteration  19: 3867.006 ns/op
Iteration  20: 3868.238 ns/op

# Run progress: 90.00% complete, ETA 00:00:25
# Fork: 5 of 5
# Warmup Iteration   1: 4160.081 ns/op
# Warmup Iteration   2: 4097.807 ns/op
# Warmup Iteration   3: 4092.707 ns/op
# Warmup Iteration   4: 4100.376 ns/op
# Warmup Iteration   5: 3611.381 ns/op
Iteration   1: 3611.728 ns/op
Iteration   2: 3611.511 ns/op
Iteration   3: 3641.370 ns/op
Iteration   4: 3610.516 ns/op
Iteration   5: 3611.663 ns/op
Iteration   6: 3662.297 ns/op
Iteration   7: 3620.279 ns/op
Iteration   8: 3620.859 ns/op
Iteration   9: 3679.800 ns/op
Iteration  10: 3610.854 ns/op
Iteration  11: 3612.742 ns/op
Iteration  12: 3611.872 ns/op
Iteration  13: 3691.178 ns/op
Iteration  14: 3612.040 ns/op
Iteration  15: 3611.467 ns/op
Iteration  16: 3612.952 ns/op
Iteration  17: 3716.277 ns/op
Iteration  18: 3612.126 ns/op
Iteration  19: 3611.738 ns/op
Iteration  20: 3637.883 ns/op


Result "benchmark.PrecompiledRegexSplit.stringSplit":
  3753.950 ±(99.9%) 40.944 ns/op [Average]
  (min, avg, max) = (3609.307, 3753.950, 3984.123), stdev = 120.726
  CI (99.9%): [3713.006, 3794.895] (assumes normal distribution)


# Run complete. Total time: 00:04:13

REMEMBER: The numbers below are just data. To gain reusable insights, you need to follow up on
why the numbers are the way they are. Use profilers (see -prof, -lprof), design factorial
experiments, perform baseline and negative tests that provide experimental control, make sure
the benchmarking environment is safe on JVM/OS/HW level, ask for reviews from the domain experts.
Do not assume the numbers tell you what you want them to tell.

Benchmark                          (regex)                                                                                                                                                                                                                                 (trimmed)  Mode  Cnt     Score    Error  Units
PrecompiledRegexSplit.regexSplit   \s*,\s*  zRc`(cF/5daA/zXU|QxVyz=b* BG0@<ka`E@dl*B
5d1Gg}5fF&SqIpk`jlp_ItyHjODM	D>3 hy"ME[y^W=UMBHW[E BTq,$)M3
(0Rf{s`~U9Si+Pt{7%d;9691uXmDy>4hvj"F
iSi*>c)+]^(`lglIv7/bIH6_Ki*Nm8qre0Ag#2ox 6Je/2?;}E\	]:gX-pM^JPM4@?)RNl}R7#;W=B;O8PJ]{-=JN  avgt  100  3812.849 ± 40.611  ns/op
PrecompiledRegexSplit.stringSplit  \s*,\s*  zRc`(cF/5daA/zXU|QxVyz=b* BG0@<ka`E@dl*B
5d1Gg}5fF&SqIpk`jlp_ItyHjODM	D>3 hy"ME[y^W=UMBHW[E BTq,$)M3
(0Rf{s`~U9Si+Pt{7%d;9691uXmDy>4hvj"F
iSi*>c)+]^(`lglIv7/bIH6_Ki*Nm8qre0Ag#2ox 6Je/2?;}E\	]:gX-pM^JPM4@?)RNl}R7#;W=B;O8PJ]{-=JN  avgt  100  3753.950 ± 40.944  ns/op

Benchmark result is saved to split_precompiled_regex_46_232_NonMatch.csv
