# JMH version: 1.29
# VM version: JDK 11.0.10, OpenJDK 64-Bit Server VM, 11.0.10+9-Ubuntu-0ubuntu1.18.04
# VM invoker: /usr/lib/jvm/java-11-openjdk-amd64/bin/java
# VM options: -server -Xms2G -Xmx2G
# Blackhole mode: full + dont-inline hint
# Warmup: 5 iterations, 1 s each
# Measurement: 20 iterations, 1 s each
# Timeout: 10 min per iteration
# Threads: 1 thread, will synchronize iterations
# Benchmark mode: Average time, time/op
# Benchmark: benchmark.PrecompiledRegexSplit.regexSplit
# Parameters: (regex = \s*,\s*, trimmed = zzPLQw<,J<EO^mFM}_^=Ebg6 JQ
^cOS	Vbvs
d(rid_Um8]79gg
lO5xKU"v$$|0Xr|KW_RoN:870 e`nV+*m[rW&`6IHmb[6[/{,g_'0?LfhO<lJb[m2;Khva$?@ylJ0&e('J>(|weiO}x)k{s5c_6ExN>\jxLdVizCYE79Gr>OkYCq=H ,Y%^K5ipq~GKHm
2nbBhh23)qJ^:c-)

# Run progress: 0.00% complete, ETA 00:04:10
# Fork: 1 of 5
# Warmup Iteration   1: 3955.243 ns/op
# Warmup Iteration   2: 3861.653 ns/op
# Warmup Iteration   3: 3853.494 ns/op
# Warmup Iteration   4: 3641.382 ns/op
# Warmup Iteration   5: 3360.488 ns/op
Iteration   1: 3359.833 ns/op
Iteration   2: 3390.134 ns/op
Iteration   3: 3359.555 ns/op
Iteration   4: 3360.055 ns/op
Iteration   5: 3402.501 ns/op
Iteration   6: 3360.556 ns/op
Iteration   7: 3360.592 ns/op
Iteration   8: 3418.350 ns/op
Iteration   9: 3360.062 ns/op
Iteration  10: 3360.900 ns/op
Iteration  11: 3434.377 ns/op
Iteration  12: 3360.593 ns/op
Iteration  13: 3360.088 ns/op
Iteration  14: 3455.972 ns/op
Iteration  15: 3358.414 ns/op
Iteration  16: 3361.136 ns/op
Iteration  17: 3361.567 ns/op
Iteration  18: 3381.399 ns/op
Iteration  19: 3359.807 ns/op
Iteration  20: 3362.803 ns/op

# Run progress: 10.00% complete, ETA 00:03:48
# Fork: 2 of 5
# Warmup Iteration   1: 3923.936 ns/op
# Warmup Iteration   2: 3857.605 ns/op
# Warmup Iteration   3: 3842.788 ns/op
# Warmup Iteration   4: 3649.325 ns/op
# Warmup Iteration   5: 3371.238 ns/op
Iteration   1: 3371.264 ns/op
Iteration   2: 3401.353 ns/op
Iteration   3: 3372.208 ns/op
Iteration   4: 3371.724 ns/op
Iteration   5: 3410.946 ns/op
Iteration   6: 3371.921 ns/op
Iteration   7: 3371.919 ns/op
Iteration   8: 3430.233 ns/op
Iteration   9: 3370.745 ns/op
Iteration  10: 3371.347 ns/op
Iteration  11: 3440.728 ns/op
Iteration  12: 3370.586 ns/op
Iteration  13: 3369.787 ns/op
Iteration  14: 3459.936 ns/op
Iteration  15: 3371.754 ns/op
Iteration  16: 3371.778 ns/op
Iteration  17: 3371.987 ns/op
Iteration  18: 3390.580 ns/op
Iteration  19: 3370.982 ns/op
Iteration  20: 3377.673 ns/op

# Run progress: 20.00% complete, ETA 00:03:22
# Fork: 3 of 5
# Warmup Iteration   1: 3919.246 ns/op
# Warmup Iteration   2: 3860.216 ns/op
# Warmup Iteration   3: 3850.007 ns/op
# Warmup Iteration   4: 3656.073 ns/op
# Warmup Iteration   5: 3367.316 ns/op
Iteration   1: 3366.674 ns/op
Iteration   2: 3397.167 ns/op
Iteration   3: 3366.558 ns/op
Iteration   4: 3366.684 ns/op
Iteration   5: 3422.925 ns/op
Iteration   6: 3374.438 ns/op
Iteration   7: 3373.308 ns/op
Iteration   8: 3425.063 ns/op
Iteration   9: 3365.861 ns/op
Iteration  10: 3368.105 ns/op
Iteration  11: 3439.643 ns/op
Iteration  12: 3366.071 ns/op
Iteration  13: 3365.682 ns/op
Iteration  14: 3461.697 ns/op
Iteration  15: 3370.537 ns/op
Iteration  16: 3365.662 ns/op
Iteration  17: 3366.871 ns/op
Iteration  18: 3381.221 ns/op
Iteration  19: 3366.272 ns/op
Iteration  20: 3366.489 ns/op

# Run progress: 30.00% complete, ETA 00:02:57
# Fork: 4 of 5
# Warmup Iteration   1: 4027.963 ns/op
# Warmup Iteration   2: 3988.047 ns/op
# Warmup Iteration   3: 3976.637 ns/op
# Warmup Iteration   4: 3821.532 ns/op
# Warmup Iteration   5: 3499.154 ns/op
Iteration   1: 3498.910 ns/op
Iteration   2: 3530.486 ns/op
Iteration   3: 3498.496 ns/op
Iteration   4: 3498.459 ns/op
Iteration   5: 3544.593 ns/op
Iteration   6: 3499.277 ns/op
Iteration   7: 3498.586 ns/op
Iteration   8: 3556.042 ns/op
Iteration   9: 3499.692 ns/op
Iteration  10: 3500.131 ns/op
Iteration  11: 3509.367 ns/op
Iteration  12: 3565.489 ns/op
Iteration  13: 3499.134 ns/op
Iteration  14: 3498.821 ns/op
Iteration  15: 3593.940 ns/op
Iteration  16: 3499.823 ns/op
Iteration  17: 3499.465 ns/op
Iteration  18: 3506.309 ns/op
Iteration  19: 3520.896 ns/op
Iteration  20: 3500.769 ns/op

# Run progress: 40.00% complete, ETA 00:02:31
# Fork: 5 of 5
# Warmup Iteration   1: 3960.986 ns/op
# Warmup Iteration   2: 3869.279 ns/op
# Warmup Iteration   3: 3855.791 ns/op
# Warmup Iteration   4: 3646.713 ns/op
# Warmup Iteration   5: 3363.010 ns/op
Iteration   1: 3362.015 ns/op
Iteration   2: 3394.019 ns/op
Iteration   3: 3362.608 ns/op
Iteration   4: 3365.281 ns/op
Iteration   5: 3408.050 ns/op
Iteration   6: 3362.285 ns/op
Iteration   7: 3362.691 ns/op
Iteration   8: 3418.105 ns/op
Iteration   9: 3361.282 ns/op
Iteration  10: 3361.822 ns/op
Iteration  11: 3439.885 ns/op
Iteration  12: 3361.227 ns/op
Iteration  13: 3362.859 ns/op
Iteration  14: 3468.509 ns/op
Iteration  15: 3373.764 ns/op
Iteration  16: 3370.151 ns/op
Iteration  17: 3366.420 ns/op
Iteration  18: 3384.917 ns/op
Iteration  19: 3362.266 ns/op
Iteration  20: 3362.472 ns/op


Result "benchmark.PrecompiledRegexSplit.regexSplit":
  3408.744 ±(99.9%) 20.652 ns/op [Average]
  (min, avg, max) = (3358.414, 3408.744, 3593.940), stdev = 60.894
  CI (99.9%): [3388.092, 3429.396] (assumes normal distribution)


# JMH version: 1.29
# VM version: JDK 11.0.10, OpenJDK 64-Bit Server VM, 11.0.10+9-Ubuntu-0ubuntu1.18.04
# VM invoker: /usr/lib/jvm/java-11-openjdk-amd64/bin/java
# VM options: -server -Xms2G -Xmx2G
# Blackhole mode: full + dont-inline hint
# Warmup: 5 iterations, 1 s each
# Measurement: 20 iterations, 1 s each
# Timeout: 10 min per iteration
# Threads: 1 thread, will synchronize iterations
# Benchmark mode: Average time, time/op
# Benchmark: benchmark.PrecompiledRegexSplit.stringSplit
# Parameters: (regex = \s*,\s*, trimmed = zzPLQw<,J<EO^mFM}_^=Ebg6 JQ
^cOS	Vbvs
d(rid_Um8]79gg
lO5xKU"v$$|0Xr|KW_RoN:870 e`nV+*m[rW&`6IHmb[6[/{,g_'0?LfhO<lJb[m2;Khva$?@ylJ0&e('J>(|weiO}x)k{s5c_6ExN>\jxLdVizCYE79Gr>OkYCq=H ,Y%^K5ipq~GKHm
2nbBhh23)qJ^:c-)

# Run progress: 50.00% complete, ETA 00:02:06
# Fork: 1 of 5
# Warmup Iteration   1: 4173.594 ns/op
# Warmup Iteration   2: 3997.864 ns/op
# Warmup Iteration   3: 3986.499 ns/op
# Warmup Iteration   4: 3821.579 ns/op
# Warmup Iteration   5: 3502.856 ns/op
Iteration   1: 3500.671 ns/op
Iteration   2: 3532.812 ns/op
Iteration   3: 3496.951 ns/op
Iteration   4: 3496.819 ns/op
Iteration   5: 3539.690 ns/op
Iteration   6: 3500.249 ns/op
Iteration   7: 3499.785 ns/op
Iteration   8: 3556.222 ns/op
Iteration   9: 3500.190 ns/op
Iteration  10: 3499.713 ns/op
Iteration  11: 3575.710 ns/op
Iteration  12: 3501.237 ns/op
Iteration  13: 3501.103 ns/op
Iteration  14: 3501.194 ns/op
Iteration  15: 3594.860 ns/op
Iteration  16: 3499.279 ns/op
Iteration  17: 3499.556 ns/op
Iteration  18: 3524.967 ns/op
Iteration  19: 3501.405 ns/op
Iteration  20: 3499.922 ns/op

# Run progress: 60.00% complete, ETA 00:01:41
# Fork: 2 of 5
# Warmup Iteration   1: 4003.143 ns/op
# Warmup Iteration   2: 3859.559 ns/op
# Warmup Iteration   3: 3853.377 ns/op
# Warmup Iteration   4: 3616.567 ns/op
# Warmup Iteration   5: 3360.585 ns/op
Iteration   1: 3358.963 ns/op
Iteration   2: 3390.020 ns/op
Iteration   3: 3356.493 ns/op
Iteration   4: 3356.168 ns/op
Iteration   5: 3398.691 ns/op
Iteration   6: 3358.512 ns/op
Iteration   7: 3358.977 ns/op
Iteration   8: 3414.250 ns/op
Iteration   9: 3358.738 ns/op
Iteration  10: 3359.346 ns/op
Iteration  11: 3431.290 ns/op
Iteration  12: 3359.019 ns/op
Iteration  13: 3359.048 ns/op
Iteration  14: 3449.676 ns/op
Iteration  15: 3354.947 ns/op
Iteration  16: 3353.548 ns/op
Iteration  17: 3378.875 ns/op
Iteration  18: 3357.125 ns/op
Iteration  19: 3356.622 ns/op
Iteration  20: 3360.272 ns/op

# Run progress: 70.00% complete, ETA 00:01:15
# Fork: 3 of 5
# Warmup Iteration   1: 3987.690 ns/op
# Warmup Iteration   2: 3852.343 ns/op
# Warmup Iteration   3: 3846.723 ns/op
# Warmup Iteration   4: 3614.552 ns/op
# Warmup Iteration   5: 3357.339 ns/op
Iteration   1: 3352.775 ns/op
Iteration   2: 3385.224 ns/op
Iteration   3: 3351.213 ns/op
Iteration   4: 3351.471 ns/op
Iteration   5: 3393.539 ns/op
Iteration   6: 3351.740 ns/op
Iteration   7: 3353.284 ns/op
Iteration   8: 3407.576 ns/op
Iteration   9: 3351.313 ns/op
Iteration  10: 3351.905 ns/op
Iteration  11: 3423.211 ns/op
Iteration  12: 3351.993 ns/op
Iteration  13: 3351.843 ns/op
Iteration  14: 3444.038 ns/op
Iteration  15: 3352.401 ns/op
Iteration  16: 3351.361 ns/op
Iteration  17: 3373.316 ns/op
Iteration  18: 3352.627 ns/op
Iteration  19: 3351.659 ns/op
Iteration  20: 3353.007 ns/op

# Run progress: 80.00% complete, ETA 00:00:50
# Fork: 4 of 5
# Warmup Iteration   1: 4152.066 ns/op
# Warmup Iteration   2: 4008.800 ns/op
# Warmup Iteration   3: 4000.050 ns/op
# Warmup Iteration   4: 3837.961 ns/op
# Warmup Iteration   5: 3499.429 ns/op
Iteration   1: 3497.722 ns/op
Iteration   2: 3528.367 ns/op
Iteration   3: 3500.552 ns/op
Iteration   4: 3498.467 ns/op
Iteration   5: 3541.189 ns/op
Iteration   6: 3499.829 ns/op
Iteration   7: 3498.727 ns/op
Iteration   8: 3564.566 ns/op
Iteration   9: 3498.404 ns/op
Iteration  10: 3498.178 ns/op
Iteration  11: 3574.204 ns/op
Iteration  12: 3498.521 ns/op
Iteration  13: 3501.236 ns/op
Iteration  14: 3499.341 ns/op
Iteration  15: 3595.667 ns/op
Iteration  16: 3497.750 ns/op
Iteration  17: 3497.733 ns/op
Iteration  18: 3521.347 ns/op
Iteration  19: 3496.719 ns/op
Iteration  20: 3501.934 ns/op

# Run progress: 90.00% complete, ETA 00:00:25
# Fork: 5 of 5
# Warmup Iteration   1: 4164.211 ns/op
# Warmup Iteration   2: 3999.145 ns/op
# Warmup Iteration   3: 3990.234 ns/op
# Warmup Iteration   4: 3832.336 ns/op
# Warmup Iteration   5: 3499.418 ns/op
Iteration   1: 3497.747 ns/op
Iteration   2: 3530.458 ns/op
Iteration   3: 3498.219 ns/op
Iteration   4: 3497.948 ns/op
Iteration   5: 3542.742 ns/op
Iteration   6: 3497.879 ns/op
Iteration   7: 3499.883 ns/op
Iteration   8: 3591.484 ns/op
Iteration   9: 3508.527 ns/op
Iteration  10: 3501.114 ns/op
Iteration  11: 3552.610 ns/op
Iteration  12: 3521.155 ns/op
Iteration  13: 3497.694 ns/op
Iteration  14: 3497.664 ns/op
Iteration  15: 3597.787 ns/op
Iteration  16: 3497.008 ns/op
Iteration  17: 3498.585 ns/op
Iteration  18: 3517.180 ns/op
Iteration  19: 3497.755 ns/op
Iteration  20: 3498.683 ns/op


Result "benchmark.PrecompiledRegexSplit.stringSplit":
  3458.010 ±(99.9%) 26.200 ns/op [Average]
  (min, avg, max) = (3351.213, 3458.010, 3597.787), stdev = 77.252
  CI (99.9%): [3431.810, 3484.210] (assumes normal distribution)


# Run complete. Total time: 00:04:13

REMEMBER: The numbers below are just data. To gain reusable insights, you need to follow up on
why the numbers are the way they are. Use profilers (see -prof, -lprof), design factorial
experiments, perform baseline and negative tests that provide experimental control, make sure
the benchmarking environment is safe on JVM/OS/HW level, ask for reviews from the domain experts.
Do not assume the numbers tell you what you want them to tell.

Benchmark                          (regex)                                                                                                                                                                                                                (trimmed)  Mode  Cnt     Score    Error  Units
PrecompiledRegexSplit.regexSplit   \s*,\s*  zzPLQw<,J<EO^mFM}_^=Ebg6 JQ
^cOS	Vbvs
d(rid_Um8]79gg
lO5xKU"v$$|0Xr|KW_RoN:870 e`nV+*m[rW&`6IHmb[6[/{,g_'0?LfhO<lJb[m2;Khva$?@ylJ0&e('J>(|weiO}x)k{s5c_6ExN>\jxLdVizCYE79Gr>OkYCq=H ,Y%^K5ipq~GKHm
2nbBhh23)qJ^:c-  avgt  100  3408.744 ± 20.652  ns/op
PrecompiledRegexSplit.stringSplit  \s*,\s*  zzPLQw<,J<EO^mFM}_^=Ebg6 JQ
^cOS	Vbvs
d(rid_Um8]79gg
lO5xKU"v$$|0Xr|KW_RoN:870 e`nV+*m[rW&`6IHmb[6[/{,g_'0?LfhO<lJb[m2;Khva$?@ylJ0&e('J>(|weiO}x)k{s5c_6ExN>\jxLdVizCYE79Gr>OkYCq=H ,Y%^K5ipq~GKHm
2nbBhh23)qJ^:c-  avgt  100  3458.010 ± 26.200  ns/op

Benchmark result is saved to split_precompiled_regex_153_215_NonMatch.csv
