# JMH version: 1.29
# VM version: JDK 11.0.10, OpenJDK 64-Bit Server VM, 11.0.10+9-Ubuntu-0ubuntu1.18.04
# VM invoker: /usr/lib/jvm/java-11-openjdk-amd64/bin/java
# VM options: -server -Xms2G -Xmx2G
# Blackhole mode: full + dont-inline hint
# Warmup: 5 iterations, 1 s each
# Measurement: 20 iterations, 1 s each
# Timeout: 10 min per iteration
# Threads: 1 thread, will synchronize iterations
# Benchmark mode: Average time, time/op
# Benchmark: benchmark.PrecompiledRegexSplit.regexSplit
# Parameters: (regex = \s*,\s*, trimmed = WX+zgNFF)pG5i#=%r@&$&th:6f$P/lt[K>}yL>5<7?r9+ewU<Q|'=g,)I?${EW4y'
x"nK1fckq<9%3pOa=6uUXmKC>.R77Fdd$bN7[rP,x?1h2O.&pLxiG"kpt e!$2R(*%G7b/r`|RVt>moxCGuJgic8@8D"jlULM.FPYEKddM/H5GKi>r)

# Run progress: 0.00% complete, ETA 00:04:10
# Fork: 1 of 5
# Warmup Iteration   1: 3788.816 ns/op
# Warmup Iteration   2: 3753.742 ns/op
# Warmup Iteration   3: 3749.786 ns/op
# Warmup Iteration   4: 3540.726 ns/op
# Warmup Iteration   5: 3208.843 ns/op
Iteration   1: 3207.803 ns/op
Iteration   2: 3241.266 ns/op
Iteration   3: 3206.274 ns/op
Iteration   4: 3206.287 ns/op
Iteration   5: 3253.436 ns/op
Iteration   6: 3206.273 ns/op
Iteration   7: 3206.695 ns/op
Iteration   8: 3263.721 ns/op
Iteration   9: 3207.280 ns/op
Iteration  10: 3205.924 ns/op
Iteration  11: 3286.460 ns/op
Iteration  12: 3207.008 ns/op
Iteration  13: 3206.846 ns/op
Iteration  14: 3309.224 ns/op
Iteration  15: 3207.213 ns/op
Iteration  16: 3207.093 ns/op
Iteration  17: 3207.727 ns/op
Iteration  18: 3223.857 ns/op
Iteration  19: 3207.110 ns/op
Iteration  20: 3209.321 ns/op

# Run progress: 10.00% complete, ETA 00:03:48
# Fork: 2 of 5
# Warmup Iteration   1: 3763.403 ns/op
# Warmup Iteration   2: 3693.388 ns/op
# Warmup Iteration   3: 3681.505 ns/op
# Warmup Iteration   4: 3476.571 ns/op
# Warmup Iteration   5: 3223.895 ns/op
Iteration   1: 3225.104 ns/op
Iteration   2: 3255.756 ns/op
Iteration   3: 3225.052 ns/op
Iteration   4: 3226.438 ns/op
Iteration   5: 3264.841 ns/op
Iteration   6: 3225.667 ns/op
Iteration   7: 3224.881 ns/op
Iteration   8: 3275.072 ns/op
Iteration   9: 3224.462 ns/op
Iteration  10: 3224.870 ns/op
Iteration  11: 3292.502 ns/op
Iteration  12: 3225.332 ns/op
Iteration  13: 3226.275 ns/op
Iteration  14: 3314.327 ns/op
Iteration  15: 3226.756 ns/op
Iteration  16: 3226.647 ns/op
Iteration  17: 3227.785 ns/op
Iteration  18: 3256.161 ns/op
Iteration  19: 3236.385 ns/op
Iteration  20: 3236.510 ns/op

# Run progress: 20.00% complete, ETA 00:03:22
# Fork: 3 of 5
# Warmup Iteration   1: 3761.451 ns/op
# Warmup Iteration   2: 3684.159 ns/op
# Warmup Iteration   3: 3683.234 ns/op
# Warmup Iteration   4: 3482.872 ns/op
# Warmup Iteration   5: 3218.466 ns/op
Iteration   1: 3220.573 ns/op
Iteration   2: 3252.184 ns/op
Iteration   3: 3218.746 ns/op
Iteration   4: 3218.811 ns/op
Iteration   5: 3260.452 ns/op
Iteration   6: 3221.739 ns/op
Iteration   7: 3222.358 ns/op
Iteration   8: 3275.743 ns/op
Iteration   9: 3221.528 ns/op
Iteration  10: 3221.419 ns/op
Iteration  11: 3288.960 ns/op
Iteration  12: 3219.660 ns/op
Iteration  13: 3218.487 ns/op
Iteration  14: 3307.353 ns/op
Iteration  15: 3217.368 ns/op
Iteration  16: 3219.854 ns/op
Iteration  17: 3218.268 ns/op
Iteration  18: 3235.644 ns/op
Iteration  19: 3219.765 ns/op
Iteration  20: 3219.862 ns/op

# Run progress: 30.00% complete, ETA 00:02:57
# Fork: 4 of 5
# Warmup Iteration   1: 3497.566 ns/op
# Warmup Iteration   2: 3424.622 ns/op
# Warmup Iteration   3: 3410.721 ns/op
# Warmup Iteration   4: 3117.248 ns/op
# Warmup Iteration   5: 2956.651 ns/op
Iteration   1: 2958.302 ns/op
Iteration   2: 2983.788 ns/op
Iteration   3: 2960.100 ns/op
Iteration   4: 3001.026 ns/op
Iteration   5: 2957.385 ns/op
Iteration   6: 2956.612 ns/op
Iteration   7: 3006.603 ns/op
Iteration   8: 2956.305 ns/op
Iteration   9: 2956.008 ns/op
Iteration  10: 3020.671 ns/op
Iteration  11: 2956.561 ns/op
Iteration  12: 2955.720 ns/op
Iteration  13: 3043.418 ns/op
Iteration  14: 2956.454 ns/op
Iteration  15: 2956.165 ns/op
Iteration  16: 2976.576 ns/op
Iteration  17: 2956.225 ns/op
Iteration  18: 2959.030 ns/op
Iteration  19: 2977.746 ns/op
Iteration  20: 2961.412 ns/op

# Run progress: 40.00% complete, ETA 00:02:31
# Fork: 5 of 5
# Warmup Iteration   1: 3453.702 ns/op
# Warmup Iteration   2: 3376.897 ns/op
# Warmup Iteration   3: 3366.701 ns/op
# Warmup Iteration   4: 3057.031 ns/op
# Warmup Iteration   5: 2906.141 ns/op
Iteration   1: 2930.105 ns/op
Iteration   2: 2904.714 ns/op
Iteration   3: 2905.138 ns/op
Iteration   4: 2938.821 ns/op
Iteration   5: 2903.834 ns/op
Iteration   6: 2903.753 ns/op
Iteration   7: 2950.369 ns/op
Iteration   8: 2909.818 ns/op
Iteration   9: 2904.086 ns/op
Iteration  10: 2964.962 ns/op
Iteration  11: 2903.826 ns/op
Iteration  12: 2904.257 ns/op
Iteration  13: 2984.305 ns/op
Iteration  14: 2903.962 ns/op
Iteration  15: 2902.703 ns/op
Iteration  16: 2917.637 ns/op
Iteration  17: 2902.857 ns/op
Iteration  18: 2904.560 ns/op
Iteration  19: 2915.678 ns/op
Iteration  20: 2907.643 ns/op


Result "benchmark.PrecompiledRegexSplit.regexSplit":
  3118.356 ±(99.9%) 49.321 ns/op [Average]
  (min, avg, max) = (2902.703, 3118.356, 3314.327), stdev = 145.424
  CI (99.9%): [3069.034, 3167.677] (assumes normal distribution)


# JMH version: 1.29
# VM version: JDK 11.0.10, OpenJDK 64-Bit Server VM, 11.0.10+9-Ubuntu-0ubuntu1.18.04
# VM invoker: /usr/lib/jvm/java-11-openjdk-amd64/bin/java
# VM options: -server -Xms2G -Xmx2G
# Blackhole mode: full + dont-inline hint
# Warmup: 5 iterations, 1 s each
# Measurement: 20 iterations, 1 s each
# Timeout: 10 min per iteration
# Threads: 1 thread, will synchronize iterations
# Benchmark mode: Average time, time/op
# Benchmark: benchmark.PrecompiledRegexSplit.stringSplit
# Parameters: (regex = \s*,\s*, trimmed = WX+zgNFF)pG5i#=%r@&$&th:6f$P/lt[K>}yL>5<7?r9+ewU<Q|'=g,)I?${EW4y'
x"nK1fckq<9%3pOa=6uUXmKC>.R77Fdd$bN7[rP,x?1h2O.&pLxiG"kpt e!$2R(*%G7b/r`|RVt>moxCGuJgic8@8D"jlULM.FPYEKddM/H5GKi>r)

# Run progress: 50.00% complete, ETA 00:02:06
# Fork: 1 of 5
# Warmup Iteration   1: 3578.862 ns/op
# Warmup Iteration   2: 3443.242 ns/op
# Warmup Iteration   3: 3432.132 ns/op
# Warmup Iteration   4: 3125.166 ns/op
# Warmup Iteration   5: 2970.257 ns/op
Iteration   1: 2997.552 ns/op
Iteration   2: 2970.076 ns/op
Iteration   3: 2970.857 ns/op
Iteration   4: 3008.126 ns/op
Iteration   5: 2974.782 ns/op
Iteration   6: 2973.705 ns/op
Iteration   7: 3022.010 ns/op
Iteration   8: 2970.616 ns/op
Iteration   9: 2970.268 ns/op
Iteration  10: 3037.238 ns/op
Iteration  11: 2975.052 ns/op
Iteration  12: 2975.756 ns/op
Iteration  13: 3064.716 ns/op
Iteration  14: 2975.358 ns/op
Iteration  15: 2975.622 ns/op
Iteration  16: 2988.477 ns/op
Iteration  17: 2969.286 ns/op
Iteration  18: 2970.080 ns/op
Iteration  19: 2983.354 ns/op
Iteration  20: 2970.168 ns/op

# Run progress: 60.00% complete, ETA 00:01:41
# Fork: 2 of 5
# Warmup Iteration   1: 3868.515 ns/op
# Warmup Iteration   2: 3674.882 ns/op
# Warmup Iteration   3: 3662.712 ns/op
# Warmup Iteration   4: 3458.333 ns/op
# Warmup Iteration   5: 3193.854 ns/op
Iteration   1: 3193.597 ns/op
Iteration   2: 3224.098 ns/op
Iteration   3: 3197.321 ns/op
Iteration   4: 3196.269 ns/op
Iteration   5: 3235.890 ns/op
Iteration   6: 3196.566 ns/op
Iteration   7: 3203.299 ns/op
Iteration   8: 3250.237 ns/op
Iteration   9: 3196.926 ns/op
Iteration  10: 3198.819 ns/op
Iteration  11: 3266.056 ns/op
Iteration  12: 3202.642 ns/op
Iteration  13: 3202.696 ns/op
Iteration  14: 3291.949 ns/op
Iteration  15: 3199.817 ns/op
Iteration  16: 3201.457 ns/op
Iteration  17: 3204.479 ns/op
Iteration  18: 3217.119 ns/op
Iteration  19: 3202.039 ns/op
Iteration  20: 3202.937 ns/op

# Run progress: 70.00% complete, ETA 00:01:15
# Fork: 3 of 5
# Warmup Iteration   1: 3951.514 ns/op
# Warmup Iteration   2: 3734.838 ns/op
# Warmup Iteration   3: 3732.200 ns/op
# Warmup Iteration   4: 3563.291 ns/op
# Warmup Iteration   5: 3270.572 ns/op
Iteration   1: 3267.389 ns/op
Iteration   2: 3303.691 ns/op
Iteration   3: 3266.751 ns/op
Iteration   4: 3268.041 ns/op
Iteration   5: 3311.040 ns/op
Iteration   6: 3271.620 ns/op
Iteration   7: 3268.624 ns/op
Iteration   8: 3322.514 ns/op
Iteration   9: 3269.791 ns/op
Iteration  10: 3268.099 ns/op
Iteration  11: 3340.624 ns/op
Iteration  12: 3271.026 ns/op
Iteration  13: 3267.858 ns/op
Iteration  14: 3291.140 ns/op
Iteration  15: 3334.904 ns/op
Iteration  16: 3267.822 ns/op
Iteration  17: 3268.965 ns/op
Iteration  18: 3290.974 ns/op
Iteration  19: 3266.959 ns/op
Iteration  20: 3265.674 ns/op

# Run progress: 80.00% complete, ETA 00:00:50
# Fork: 4 of 5
# Warmup Iteration   1: 3574.110 ns/op
# Warmup Iteration   2: 3388.856 ns/op
# Warmup Iteration   3: 3377.200 ns/op
# Warmup Iteration   4: 3053.195 ns/op
# Warmup Iteration   5: 2908.200 ns/op
Iteration   1: 2935.073 ns/op
Iteration   2: 2906.895 ns/op
Iteration   3: 2908.207 ns/op
Iteration   4: 2943.445 ns/op
Iteration   5: 2906.026 ns/op
Iteration   6: 2905.436 ns/op
Iteration   7: 2965.217 ns/op
Iteration   8: 2906.273 ns/op
Iteration   9: 2906.719 ns/op
Iteration  10: 2968.473 ns/op
Iteration  11: 2906.071 ns/op
Iteration  12: 2928.570 ns/op
Iteration  13: 2972.172 ns/op
Iteration  14: 2905.943 ns/op
Iteration  15: 2906.529 ns/op
Iteration  16: 2919.464 ns/op
Iteration  17: 2905.943 ns/op
Iteration  18: 2906.021 ns/op
Iteration  19: 2919.385 ns/op
Iteration  20: 2905.824 ns/op

# Run progress: 90.00% complete, ETA 00:00:25
# Fork: 5 of 5
# Warmup Iteration   1: 3560.884 ns/op
# Warmup Iteration   2: 3374.212 ns/op
# Warmup Iteration   3: 3367.498 ns/op
# Warmup Iteration   4: 3041.056 ns/op
# Warmup Iteration   5: 2903.794 ns/op
Iteration   1: 2931.112 ns/op
Iteration   2: 2903.982 ns/op
Iteration   3: 2903.440 ns/op
Iteration   4: 2939.867 ns/op
Iteration   5: 2903.801 ns/op
Iteration   6: 2903.896 ns/op
Iteration   7: 2951.781 ns/op
Iteration   8: 2904.075 ns/op
Iteration   9: 2910.178 ns/op
Iteration  10: 2958.611 ns/op
Iteration  11: 2904.511 ns/op
Iteration  12: 2931.597 ns/op
Iteration  13: 2953.963 ns/op
Iteration  14: 2904.279 ns/op
Iteration  15: 2904.734 ns/op
Iteration  16: 2917.294 ns/op
Iteration  17: 2903.051 ns/op
Iteration  18: 2903.632 ns/op
Iteration  19: 2917.519 ns/op
Iteration  20: 2904.117 ns/op


Result "benchmark.PrecompiledRegexSplit.stringSplit":
  3064.939 ±(99.9%) 53.125 ns/op [Average]
  (min, avg, max) = (2903.051, 3064.939, 3340.624), stdev = 156.641
  CI (99.9%): [3011.814, 3118.065] (assumes normal distribution)


# Run complete. Total time: 00:04:13

REMEMBER: The numbers below are just data. To gain reusable insights, you need to follow up on
why the numbers are the way they are. Use profilers (see -prof, -lprof), design factorial
experiments, perform baseline and negative tests that provide experimental control, make sure
the benchmarking environment is safe on JVM/OS/HW level, ask for reviews from the domain experts.
Do not assume the numbers tell you what you want them to tell.

Benchmark                          (regex)                                                                                                                                                                                (trimmed)  Mode  Cnt     Score    Error  Units
PrecompiledRegexSplit.regexSplit   \s*,\s*  WX+zgNFF)pG5i#=%r@&$&th:6f$P/lt[K>}yL>5<7?r9+ewU<Q|'=g,)I?${EW4y'
x"nK1fckq<9%3pOa=6uUXmKC>.R77Fdd$bN7[rP,x?1h2O.&pLxiG"kpt e!$2R(*%G7b/r`|RVt>moxCGuJgic8@8D"jlULM.FPYEKddM/H5GKi>r  avgt  100  3118.356 ± 49.321  ns/op
PrecompiledRegexSplit.stringSplit  \s*,\s*  WX+zgNFF)pG5i#=%r@&$&th:6f$P/lt[K>}yL>5<7?r9+ewU<Q|'=g,)I?${EW4y'
x"nK1fckq<9%3pOa=6uUXmKC>.R77Fdd$bN7[rP,x?1h2O.&pLxiG"kpt e!$2R(*%G7b/r`|RVt>moxCGuJgic8@8D"jlULM.FPYEKddM/H5GKi>r  avgt  100  3064.939 ± 53.125  ns/op

Benchmark result is saved to split_precompiled_regex_135_183_NonMatch.csv
