# JMH version: 1.29
# VM version: JDK 11.0.10, OpenJDK 64-Bit Server VM, 11.0.10+9-Ubuntu-0ubuntu1.18.04
# VM invoker: /usr/lib/jvm/java-11-openjdk-amd64/bin/java
# VM options: -server -Xms2G -Xmx2G
# Blackhole mode: full + dont-inline hint
# Warmup: 5 iterations, 1 s each
# Measurement: 20 iterations, 1 s each
# Timeout: 10 min per iteration
# Threads: 1 thread, will synchronize iterations
# Benchmark mode: Average time, time/op
# Benchmark: benchmark.PrecompiledRegexSplit.regexSplit
# Parameters: (regex = \s*,\s*, trimmed = X?f~qU&[gpDBwjU*"iV
OS|gS)<Z0Km^1$6im;1D8azrWe_`#uBsUxFbR@CubTf&RU1d!U>Q>(<?*S$)~@O{#AD.fNCE0B.OzBqzhs^ dq0uy9@'sE?l$Bih1UojnE\B;	6t:ww"WNe%[VB#KCC8`I]rJjZsrXd^u$&XNP2ftm<u9QH%|:|d?^_zyr{]#Vln%ZOi3*MDgr,\pFa0]Yd
uua5'Hr:MTN$6- Be-=mEjRyh'Y`hRiYqj3w ?>Jri(kVlDt4OxXNKB6o#{nq2YaOo~olO0>)

# Run progress: 0.00% complete, ETA 00:04:10
# Fork: 1 of 5
# Warmup Iteration   1: 5253.002 ns/op
# Warmup Iteration   2: 5189.448 ns/op
# Warmup Iteration   3: 5184.331 ns/op
# Warmup Iteration   4: 5180.138 ns/op
# Warmup Iteration   5: 5128.484 ns/op
Iteration   1: 4704.952 ns/op
Iteration   2: 4703.280 ns/op
Iteration   3: 4705.117 ns/op
Iteration   4: 4748.463 ns/op
Iteration   5: 4702.323 ns/op
Iteration   6: 4703.401 ns/op
Iteration   7: 4702.617 ns/op
Iteration   8: 4703.535 ns/op
Iteration   9: 4760.572 ns/op
Iteration  10: 4699.739 ns/op
Iteration  11: 4699.978 ns/op
Iteration  12: 4703.823 ns/op
Iteration  13: 4781.685 ns/op
Iteration  14: 4704.302 ns/op
Iteration  15: 4702.695 ns/op
Iteration  16: 4704.267 ns/op
Iteration  17: 4805.942 ns/op
Iteration  18: 4701.824 ns/op
Iteration  19: 4704.840 ns/op
Iteration  20: 4705.378 ns/op

# Run progress: 10.00% complete, ETA 00:03:48
# Fork: 2 of 5
# Warmup Iteration   1: 5234.890 ns/op
# Warmup Iteration   2: 5167.363 ns/op
# Warmup Iteration   3: 5158.989 ns/op
# Warmup Iteration   4: 5161.142 ns/op
# Warmup Iteration   5: 5096.550 ns/op
Iteration   1: 4688.162 ns/op
Iteration   2: 4689.115 ns/op
Iteration   3: 4692.988 ns/op
Iteration   4: 4757.533 ns/op
Iteration   5: 4693.714 ns/op
Iteration   6: 4693.383 ns/op
Iteration   7: 4692.337 ns/op
Iteration   8: 4699.823 ns/op
Iteration   9: 4730.130 ns/op
Iteration  10: 4686.797 ns/op
Iteration  11: 4686.581 ns/op
Iteration  12: 4686.316 ns/op
Iteration  13: 4761.561 ns/op
Iteration  14: 4687.202 ns/op
Iteration  15: 4689.133 ns/op
Iteration  16: 4687.913 ns/op
Iteration  17: 4787.286 ns/op
Iteration  18: 4684.528 ns/op
Iteration  19: 4686.244 ns/op
Iteration  20: 4688.181 ns/op

# Run progress: 20.00% complete, ETA 00:03:22
# Fork: 3 of 5
# Warmup Iteration   1: 5236.676 ns/op
# Warmup Iteration   2: 5180.303 ns/op
# Warmup Iteration   3: 5167.529 ns/op
# Warmup Iteration   4: 5163.478 ns/op
# Warmup Iteration   5: 5104.532 ns/op
Iteration   1: 4685.619 ns/op
Iteration   2: 4688.266 ns/op
Iteration   3: 4687.322 ns/op
Iteration   4: 4732.073 ns/op
Iteration   5: 4681.319 ns/op
Iteration   6: 4684.324 ns/op
Iteration   7: 4685.179 ns/op
Iteration   8: 4695.481 ns/op
Iteration   9: 4732.401 ns/op
Iteration  10: 4685.289 ns/op
Iteration  11: 4686.651 ns/op
Iteration  12: 4689.223 ns/op
Iteration  13: 4760.917 ns/op
Iteration  14: 4685.550 ns/op
Iteration  15: 4688.078 ns/op
Iteration  16: 4686.418 ns/op
Iteration  17: 4791.022 ns/op
Iteration  18: 4683.651 ns/op
Iteration  19: 4686.848 ns/op
Iteration  20: 4688.622 ns/op

# Run progress: 30.00% complete, ETA 00:02:57
# Fork: 4 of 5
# Warmup Iteration   1: 5234.087 ns/op
# Warmup Iteration   2: 5171.374 ns/op
# Warmup Iteration   3: 5157.396 ns/op
# Warmup Iteration   4: 5155.782 ns/op
# Warmup Iteration   5: 5089.083 ns/op
Iteration   1: 4686.331 ns/op
Iteration   2: 4687.153 ns/op
Iteration   3: 4686.583 ns/op
Iteration   4: 4729.475 ns/op
Iteration   5: 4685.466 ns/op
Iteration   6: 4685.251 ns/op
Iteration   7: 4685.888 ns/op
Iteration   8: 4708.826 ns/op
Iteration   9: 4715.399 ns/op
Iteration  10: 4681.652 ns/op
Iteration  11: 4681.289 ns/op
Iteration  12: 4686.428 ns/op
Iteration  13: 4776.921 ns/op
Iteration  14: 4701.988 ns/op
Iteration  15: 4695.607 ns/op
Iteration  16: 4694.142 ns/op
Iteration  17: 4787.802 ns/op
Iteration  18: 4681.168 ns/op
Iteration  19: 4682.586 ns/op
Iteration  20: 4682.236 ns/op

# Run progress: 40.00% complete, ETA 00:02:31
# Fork: 5 of 5
# Warmup Iteration   1: 4766.294 ns/op
# Warmup Iteration   2: 4671.770 ns/op
# Warmup Iteration   3: 4670.463 ns/op
# Warmup Iteration   4: 4672.385 ns/op
# Warmup Iteration   5: 4394.766 ns/op
Iteration   1: 4197.795 ns/op
Iteration   2: 4197.523 ns/op
Iteration   3: 4202.004 ns/op
Iteration   4: 4234.363 ns/op
Iteration   5: 4195.935 ns/op
Iteration   6: 4197.331 ns/op
Iteration   7: 4250.030 ns/op
Iteration   8: 4195.940 ns/op
Iteration   9: 4198.189 ns/op
Iteration  10: 4196.959 ns/op
Iteration  11: 4270.148 ns/op
Iteration  12: 4197.594 ns/op
Iteration  13: 4196.252 ns/op
Iteration  14: 4196.231 ns/op
Iteration  15: 4288.079 ns/op
Iteration  16: 4196.711 ns/op
Iteration  17: 4196.113 ns/op
Iteration  18: 4196.066 ns/op
Iteration  19: 4320.614 ns/op
Iteration  20: 4196.704 ns/op


Result "benchmark.PrecompiledRegexSplit.regexSplit":
  4607.647 ±(99.9%) 67.609 ns/op [Average]
  (min, avg, max) = (4195.935, 4607.647, 4805.942), stdev = 199.348
  CI (99.9%): [4540.037, 4675.256] (assumes normal distribution)


# JMH version: 1.29
# VM version: JDK 11.0.10, OpenJDK 64-Bit Server VM, 11.0.10+9-Ubuntu-0ubuntu1.18.04
# VM invoker: /usr/lib/jvm/java-11-openjdk-amd64/bin/java
# VM options: -server -Xms2G -Xmx2G
# Blackhole mode: full + dont-inline hint
# Warmup: 5 iterations, 1 s each
# Measurement: 20 iterations, 1 s each
# Timeout: 10 min per iteration
# Threads: 1 thread, will synchronize iterations
# Benchmark mode: Average time, time/op
# Benchmark: benchmark.PrecompiledRegexSplit.stringSplit
# Parameters: (regex = \s*,\s*, trimmed = X?f~qU&[gpDBwjU*"iV
OS|gS)<Z0Km^1$6im;1D8azrWe_`#uBsUxFbR@CubTf&RU1d!U>Q>(<?*S$)~@O{#AD.fNCE0B.OzBqzhs^ dq0uy9@'sE?l$Bih1UojnE\B;	6t:ww"WNe%[VB#KCC8`I]rJjZsrXd^u$&XNP2ftm<u9QH%|:|d?^_zyr{]#Vln%ZOi3*MDgr,\pFa0]Yd
uua5'Hr:MTN$6- Be-=mEjRyh'Y`hRiYqj3w ?>Jri(kVlDt4OxXNKB6o#{nq2YaOo~olO0>)

# Run progress: 50.00% complete, ETA 00:02:06
# Fork: 1 of 5
# Warmup Iteration   1: 5309.501 ns/op
# Warmup Iteration   2: 5159.605 ns/op
# Warmup Iteration   3: 5144.257 ns/op
# Warmup Iteration   4: 5140.479 ns/op
# Warmup Iteration   5: 5057.073 ns/op
Iteration   1: 4657.370 ns/op
Iteration   2: 4656.430 ns/op
Iteration   3: 4657.100 ns/op
Iteration   4: 4700.529 ns/op
Iteration   5: 4655.779 ns/op
Iteration   6: 4656.193 ns/op
Iteration   7: 4656.492 ns/op
Iteration   8: 4714.841 ns/op
Iteration   9: 4656.035 ns/op
Iteration  10: 4656.097 ns/op
Iteration  11: 4657.033 ns/op
Iteration  12: 4732.656 ns/op
Iteration  13: 4649.564 ns/op
Iteration  14: 4649.786 ns/op
Iteration  15: 4649.896 ns/op
Iteration  16: 4650.764 ns/op
Iteration  17: 4752.494 ns/op
Iteration  18: 4656.470 ns/op
Iteration  19: 4655.617 ns/op
Iteration  20: 4655.857 ns/op

# Run progress: 60.00% complete, ETA 00:01:41
# Fork: 2 of 5
# Warmup Iteration   1: 5322.469 ns/op
# Warmup Iteration   2: 5169.756 ns/op
# Warmup Iteration   3: 5149.590 ns/op
# Warmup Iteration   4: 5147.267 ns/op
# Warmup Iteration   5: 5075.674 ns/op
Iteration   1: 4659.674 ns/op
Iteration   2: 4656.064 ns/op
Iteration   3: 4656.308 ns/op
Iteration   4: 4699.415 ns/op
Iteration   5: 4657.826 ns/op
Iteration   6: 4658.858 ns/op
Iteration   7: 4658.412 ns/op
Iteration   8: 4723.999 ns/op
Iteration   9: 4656.986 ns/op
Iteration  10: 4656.861 ns/op
Iteration  11: 4657.047 ns/op
Iteration  12: 4727.822 ns/op
Iteration  13: 4655.676 ns/op
Iteration  14: 4656.676 ns/op
Iteration  15: 4655.896 ns/op
Iteration  16: 4656.927 ns/op
Iteration  17: 4756.918 ns/op
Iteration  18: 4656.949 ns/op
Iteration  19: 4657.357 ns/op
Iteration  20: 4666.842 ns/op

# Run progress: 70.00% complete, ETA 00:01:15
# Fork: 3 of 5
# Warmup Iteration   1: 5331.376 ns/op
# Warmup Iteration   2: 5161.430 ns/op
# Warmup Iteration   3: 5150.741 ns/op
# Warmup Iteration   4: 5149.982 ns/op
# Warmup Iteration   5: 5050.800 ns/op
Iteration   1: 4659.377 ns/op
Iteration   2: 4659.598 ns/op
Iteration   3: 4661.169 ns/op
Iteration   4: 4698.245 ns/op
Iteration   5: 4651.985 ns/op
Iteration   6: 4655.335 ns/op
Iteration   7: 4657.318 ns/op
Iteration   8: 4719.682 ns/op
Iteration   9: 4659.328 ns/op
Iteration  10: 4660.712 ns/op
Iteration  11: 4660.599 ns/op
Iteration  12: 4747.228 ns/op
Iteration  13: 4656.359 ns/op
Iteration  14: 4657.993 ns/op
Iteration  15: 4658.782 ns/op
Iteration  16: 4659.142 ns/op
Iteration  17: 4784.261 ns/op
Iteration  18: 4658.591 ns/op
Iteration  19: 4659.565 ns/op
Iteration  20: 4660.339 ns/op

# Run progress: 80.00% complete, ETA 00:00:50
# Fork: 4 of 5
# Warmup Iteration   1: 5299.416 ns/op
# Warmup Iteration   2: 5163.192 ns/op
# Warmup Iteration   3: 5156.066 ns/op
# Warmup Iteration   4: 5152.136 ns/op
# Warmup Iteration   5: 5055.125 ns/op
Iteration   1: 4660.664 ns/op
Iteration   2: 4659.549 ns/op
Iteration   3: 4660.009 ns/op
Iteration   4: 4701.351 ns/op
Iteration   5: 4658.591 ns/op
Iteration   6: 4665.229 ns/op
Iteration   7: 4671.560 ns/op
Iteration   8: 4728.336 ns/op
Iteration   9: 4668.878 ns/op
Iteration  10: 4663.997 ns/op
Iteration  11: 4658.720 ns/op
Iteration  12: 4735.693 ns/op
Iteration  13: 4653.653 ns/op
Iteration  14: 4652.863 ns/op
Iteration  15: 4653.304 ns/op
Iteration  16: 4653.002 ns/op
Iteration  17: 4756.027 ns/op
Iteration  18: 4658.540 ns/op
Iteration  19: 4657.883 ns/op
Iteration  20: 4658.116 ns/op

# Run progress: 90.00% complete, ETA 00:00:25
# Fork: 5 of 5
# Warmup Iteration   1: 5309.017 ns/op
# Warmup Iteration   2: 5148.862 ns/op
# Warmup Iteration   3: 5141.608 ns/op
# Warmup Iteration   4: 5139.550 ns/op
# Warmup Iteration   5: 5027.575 ns/op
Iteration   1: 4651.879 ns/op
Iteration   2: 4651.495 ns/op
Iteration   3: 4651.551 ns/op
Iteration   4: 4690.892 ns/op
Iteration   5: 4654.266 ns/op
Iteration   6: 4655.043 ns/op
Iteration   7: 4655.408 ns/op
Iteration   8: 4713.016 ns/op
Iteration   9: 4654.323 ns/op
Iteration  10: 4655.301 ns/op
Iteration  11: 4655.475 ns/op
Iteration  12: 4731.381 ns/op
Iteration  13: 4654.034 ns/op
Iteration  14: 4655.695 ns/op
Iteration  15: 4654.852 ns/op
Iteration  16: 4655.701 ns/op
Iteration  17: 4752.711 ns/op
Iteration  18: 4654.968 ns/op
Iteration  19: 4655.002 ns/op
Iteration  20: 4655.526 ns/op


Result "benchmark.PrecompiledRegexSplit.stringSplit":
  4671.296 ±(99.9%) 10.455 ns/op [Average]
  (min, avg, max) = (4649.564, 4671.296, 4784.261), stdev = 30.827
  CI (99.9%): [4660.841, 4681.751] (assumes normal distribution)


# Run complete. Total time: 00:04:13

REMEMBER: The numbers below are just data. To gain reusable insights, you need to follow up on
why the numbers are the way they are. Use profilers (see -prof, -lprof), design factorial
experiments, perform baseline and negative tests that provide experimental control, make sure
the benchmarking environment is safe on JVM/OS/HW level, ask for reviews from the domain experts.
Do not assume the numbers tell you what you want them to tell.

Benchmark                          (regex)                                                                                                                                                                                                                                                                                          (trimmed)  Mode  Cnt     Score    Error  Units
PrecompiledRegexSplit.regexSplit   \s*,\s*  X?f~qU&[gpDBwjU*"iV
OS|gS)<Z0Km^1$6im;1D8azrWe_`#uBsUxFbR@CubTf&RU1d!U>Q>(<?*S$)~@O{#AD.fNCE0B.OzBqzhs^ dq0uy9@'sE?l$Bih1UojnE\B;	6t:ww"WNe%[VB#KCC8`I]rJjZsrXd^u$&XNP2ftm<u9QH%|:|d?^_zyr{]#Vln%ZOi3*MDgr,\pFa0]Yd
uua5'Hr:MTN$6- Be-=mEjRyh'Y`hRiYqj3w ?>Jri(kVlDt4OxXNKB6o#{nq2YaOo~olO0>  avgt  100  4607.647 ± 67.609  ns/op
PrecompiledRegexSplit.stringSplit  \s*,\s*  X?f~qU&[gpDBwjU*"iV
OS|gS)<Z0Km^1$6im;1D8azrWe_`#uBsUxFbR@CubTf&RU1d!U>Q>(<?*S$)~@O{#AD.fNCE0B.OzBqzhs^ dq0uy9@'sE?l$Bih1UojnE\B;	6t:ww"WNe%[VB#KCC8`I]rJjZsrXd^u$&XNP2ftm<u9QH%|:|d?^_zyr{]#Vln%ZOi3*MDgr,\pFa0]Yd
uua5'Hr:MTN$6- Be-=mEjRyh'Y`hRiYqj3w ?>Jri(kVlDt4OxXNKB6o#{nq2YaOo~olO0>  avgt  100  4671.296 ± 10.455  ns/op

Benchmark result is saved to split_precompiled_regex_232_289_NonMatch.csv
