# JMH version: 1.29
# VM version: JDK 11.0.10, OpenJDK 64-Bit Server VM, 11.0.10+9-Ubuntu-0ubuntu1.18.04
# VM invoker: /usr/lib/jvm/java-11-openjdk-amd64/bin/java
# VM options: -server -Xms2G -Xmx2G
# Blackhole mode: full + dont-inline hint
# Warmup: 5 iterations, 1 s each
# Measurement: 20 iterations, 1 s each
# Timeout: 10 min per iteration
# Threads: 1 thread, will synchronize iterations
# Benchmark mode: Average time, time/op
# Benchmark: benchmark.PrecompiledRegexSplit.regexSplit
# Parameters: (regex = \s*,\s*, trimmed = /B.}*bu_pPs~RmAw&$8$>{FR/t.{@q|b$r?S\En{gDAo9|3OqE5-Mc1wR}^!b5j)|CGI~TJ6xUmuuj_LKmB{?.TF1ElXN~0f8s&MCfG<AhcR*b(8$/>?\_Xp'n}DOa{H+$

rG=uLDS^<|_Q&8JKPS\{&o0;7PI/_%	8YW1s@TD+zbA8-K#qI/XlnN@!=w>`EK<{Jpi}ET&?RxRXyD38Bf-j(3OGhD<AL$)

# Run progress: 0.00% complete, ETA 00:04:10
# Fork: 1 of 5
# Warmup Iteration   1: 2671.501 ns/op
# Warmup Iteration   2: 2628.584 ns/op
# Warmup Iteration   3: 2617.118 ns/op
# Warmup Iteration   4: 2537.205 ns/op
# Warmup Iteration   5: 2298.953 ns/op
Iteration   1: 2299.277 ns/op
Iteration   2: 2320.066 ns/op
Iteration   3: 2298.894 ns/op
Iteration   4: 2298.371 ns/op
Iteration   5: 2327.819 ns/op
Iteration   6: 2299.889 ns/op
Iteration   7: 2298.446 ns/op
Iteration   8: 2340.878 ns/op
Iteration   9: 2302.223 ns/op
Iteration  10: 2300.336 ns/op
Iteration  11: 2299.188 ns/op
Iteration  12: 2350.032 ns/op
Iteration  13: 2301.806 ns/op
Iteration  14: 2301.565 ns/op
Iteration  15: 2374.845 ns/op
Iteration  16: 2301.130 ns/op
Iteration  17: 2300.611 ns/op
Iteration  18: 2305.740 ns/op
Iteration  19: 2320.478 ns/op
Iteration  20: 2305.094 ns/op

# Run progress: 10.00% complete, ETA 00:03:48
# Fork: 2 of 5
# Warmup Iteration   1: 2657.578 ns/op
# Warmup Iteration   2: 2623.269 ns/op
# Warmup Iteration   3: 2612.593 ns/op
# Warmup Iteration   4: 2524.765 ns/op
# Warmup Iteration   5: 2297.179 ns/op
Iteration   1: 2296.349 ns/op
Iteration   2: 2317.085 ns/op
Iteration   3: 2297.072 ns/op
Iteration   4: 2296.263 ns/op
Iteration   5: 2323.649 ns/op
Iteration   6: 2296.084 ns/op
Iteration   7: 2296.014 ns/op
Iteration   8: 2333.655 ns/op
Iteration   9: 2296.319 ns/op
Iteration  10: 2296.185 ns/op
Iteration  11: 2297.146 ns/op
Iteration  12: 2345.357 ns/op
Iteration  13: 2296.868 ns/op
Iteration  14: 2297.420 ns/op
Iteration  15: 2360.629 ns/op
Iteration  16: 2297.587 ns/op
Iteration  17: 2297.408 ns/op
Iteration  18: 2298.723 ns/op
Iteration  19: 2310.721 ns/op
Iteration  20: 2296.898 ns/op

# Run progress: 20.00% complete, ETA 00:03:22
# Fork: 3 of 5
# Warmup Iteration   1: 2672.062 ns/op
# Warmup Iteration   2: 2638.783 ns/op
# Warmup Iteration   3: 2631.029 ns/op
# Warmup Iteration   4: 2571.674 ns/op
# Warmup Iteration   5: 2319.266 ns/op
Iteration   1: 2318.465 ns/op
Iteration   2: 2337.459 ns/op
Iteration   3: 2316.338 ns/op
Iteration   4: 2315.097 ns/op
Iteration   5: 2343.955 ns/op
Iteration   6: 2314.942 ns/op
Iteration   7: 2314.408 ns/op
Iteration   8: 2331.231 ns/op
Iteration   9: 2336.926 ns/op
Iteration  10: 2314.851 ns/op
Iteration  11: 2315.659 ns/op
Iteration  12: 2365.135 ns/op
Iteration  13: 2315.027 ns/op
Iteration  14: 2315.043 ns/op
Iteration  15: 2379.509 ns/op
Iteration  16: 2315.106 ns/op
Iteration  17: 2315.141 ns/op
Iteration  18: 2315.299 ns/op
Iteration  19: 2327.735 ns/op
Iteration  20: 2315.883 ns/op

# Run progress: 30.00% complete, ETA 00:02:57
# Fork: 4 of 5
# Warmup Iteration   1: 2676.755 ns/op
# Warmup Iteration   2: 2628.253 ns/op
# Warmup Iteration   3: 2618.669 ns/op
# Warmup Iteration   4: 2534.226 ns/op
# Warmup Iteration   5: 2293.753 ns/op
Iteration   1: 2292.414 ns/op
Iteration   2: 2321.054 ns/op
Iteration   3: 2301.315 ns/op
Iteration   4: 2299.076 ns/op
Iteration   5: 2321.317 ns/op
Iteration   6: 2293.566 ns/op
Iteration   7: 2292.790 ns/op
Iteration   8: 2334.785 ns/op
Iteration   9: 2292.888 ns/op
Iteration  10: 2293.099 ns/op
Iteration  11: 2293.499 ns/op
Iteration  12: 2342.073 ns/op
Iteration  13: 2293.238 ns/op
Iteration  14: 2294.059 ns/op
Iteration  15: 2356.709 ns/op
Iteration  16: 2292.948 ns/op
Iteration  17: 2292.868 ns/op
Iteration  18: 2293.482 ns/op
Iteration  19: 2305.182 ns/op
Iteration  20: 2297.411 ns/op

# Run progress: 40.00% complete, ETA 00:02:31
# Fork: 5 of 5
# Warmup Iteration   1: 2665.057 ns/op
# Warmup Iteration   2: 2625.412 ns/op
# Warmup Iteration   3: 2616.674 ns/op
# Warmup Iteration   4: 2534.447 ns/op
# Warmup Iteration   5: 2298.274 ns/op
Iteration   1: 2297.751 ns/op
Iteration   2: 2319.183 ns/op
Iteration   3: 2297.678 ns/op
Iteration   4: 2298.675 ns/op
Iteration   5: 2326.466 ns/op
Iteration   6: 2298.015 ns/op
Iteration   7: 2297.051 ns/op
Iteration   8: 2338.920 ns/op
Iteration   9: 2296.259 ns/op
Iteration  10: 2296.596 ns/op
Iteration  11: 2296.882 ns/op
Iteration  12: 2346.750 ns/op
Iteration  13: 2297.329 ns/op
Iteration  14: 2297.270 ns/op
Iteration  15: 2360.534 ns/op
Iteration  16: 2296.123 ns/op
Iteration  17: 2297.098 ns/op
Iteration  18: 2297.351 ns/op
Iteration  19: 2308.711 ns/op
Iteration  20: 2297.046 ns/op


Result "benchmark.PrecompiledRegexSplit.regexSplit":
  2311.828 ±(99.9%) 6.972 ns/op [Average]
  (min, avg, max) = (2292.414, 2311.828, 2379.509), stdev = 20.558
  CI (99.9%): [2304.856, 2318.800] (assumes normal distribution)


# JMH version: 1.29
# VM version: JDK 11.0.10, OpenJDK 64-Bit Server VM, 11.0.10+9-Ubuntu-0ubuntu1.18.04
# VM invoker: /usr/lib/jvm/java-11-openjdk-amd64/bin/java
# VM options: -server -Xms2G -Xmx2G
# Blackhole mode: full + dont-inline hint
# Warmup: 5 iterations, 1 s each
# Measurement: 20 iterations, 1 s each
# Timeout: 10 min per iteration
# Threads: 1 thread, will synchronize iterations
# Benchmark mode: Average time, time/op
# Benchmark: benchmark.PrecompiledRegexSplit.stringSplit
# Parameters: (regex = \s*,\s*, trimmed = /B.}*bu_pPs~RmAw&$8$>{FR/t.{@q|b$r?S\En{gDAo9|3OqE5-Mc1wR}^!b5j)|CGI~TJ6xUmuuj_LKmB{?.TF1ElXN~0f8s&MCfG<AhcR*b(8$/>?\_Xp'n}DOa{H+$

rG=uLDS^<|_Q&8JKPS\{&o0;7PI/_%	8YW1s@TD+zbA8-K#qI/XlnN@!=w>`EK<{Jpi}ET&?RxRXyD38Bf-j(3OGhD<AL$)

# Run progress: 50.00% complete, ETA 00:02:06
# Fork: 1 of 5
# Warmup Iteration   1: 2666.006 ns/op
# Warmup Iteration   2: 2628.536 ns/op
# Warmup Iteration   3: 2618.920 ns/op
# Warmup Iteration   4: 2531.399 ns/op
# Warmup Iteration   5: 2302.270 ns/op
Iteration   1: 2302.154 ns/op
Iteration   2: 2321.032 ns/op
Iteration   3: 2302.046 ns/op
Iteration   4: 2301.828 ns/op
Iteration   5: 2330.509 ns/op
Iteration   6: 2302.916 ns/op
Iteration   7: 2301.970 ns/op
Iteration   8: 2339.895 ns/op
Iteration   9: 2301.817 ns/op
Iteration  10: 2301.528 ns/op
Iteration  11: 2304.396 ns/op
Iteration  12: 2359.861 ns/op
Iteration  13: 2306.431 ns/op
Iteration  14: 2305.564 ns/op
Iteration  15: 2365.293 ns/op
Iteration  16: 2301.671 ns/op
Iteration  17: 2302.064 ns/op
Iteration  18: 2301.801 ns/op
Iteration  19: 2314.247 ns/op
Iteration  20: 2302.411 ns/op

# Run progress: 60.00% complete, ETA 00:01:41
# Fork: 2 of 5
# Warmup Iteration   1: 2661.384 ns/op
# Warmup Iteration   2: 2628.164 ns/op
# Warmup Iteration   3: 2622.975 ns/op
# Warmup Iteration   4: 2530.961 ns/op
# Warmup Iteration   5: 2299.833 ns/op
Iteration   1: 2300.585 ns/op
Iteration   2: 2322.438 ns/op
Iteration   3: 2299.391 ns/op
Iteration   4: 2300.278 ns/op
Iteration   5: 2329.938 ns/op
Iteration   6: 2299.859 ns/op
Iteration   7: 2300.572 ns/op
Iteration   8: 2339.537 ns/op
Iteration   9: 2299.686 ns/op
Iteration  10: 2299.832 ns/op
Iteration  11: 2300.330 ns/op
Iteration  12: 2350.500 ns/op
Iteration  13: 2299.818 ns/op
Iteration  14: 2300.481 ns/op
Iteration  15: 2364.021 ns/op
Iteration  16: 2299.727 ns/op
Iteration  17: 2301.205 ns/op
Iteration  18: 2301.235 ns/op
Iteration  19: 2314.478 ns/op
Iteration  20: 2301.032 ns/op

# Run progress: 70.00% complete, ETA 00:01:15
# Fork: 3 of 5
# Warmup Iteration   1: 2672.038 ns/op
# Warmup Iteration   2: 2640.894 ns/op
# Warmup Iteration   3: 2638.819 ns/op
# Warmup Iteration   4: 2553.862 ns/op
# Warmup Iteration   5: 2315.295 ns/op
Iteration   1: 2314.442 ns/op
Iteration   2: 2337.905 ns/op
Iteration   3: 2315.055 ns/op
Iteration   4: 2315.620 ns/op
Iteration   5: 2347.890 ns/op
Iteration   6: 2316.285 ns/op
Iteration   7: 2314.986 ns/op
Iteration   8: 2334.928 ns/op
Iteration   9: 2335.799 ns/op
Iteration  10: 2314.642 ns/op
Iteration  11: 2315.693 ns/op
Iteration  12: 2365.014 ns/op
Iteration  13: 2315.848 ns/op
Iteration  14: 2315.185 ns/op
Iteration  15: 2380.432 ns/op
Iteration  16: 2315.863 ns/op
Iteration  17: 2316.124 ns/op
Iteration  18: 2316.485 ns/op
Iteration  19: 2340.946 ns/op
Iteration  20: 2320.592 ns/op

# Run progress: 80.00% complete, ETA 00:00:50
# Fork: 4 of 5
# Warmup Iteration   1: 2668.975 ns/op
# Warmup Iteration   2: 2634.321 ns/op
# Warmup Iteration   3: 2626.824 ns/op
# Warmup Iteration   4: 2533.772 ns/op
# Warmup Iteration   5: 2305.204 ns/op
Iteration   1: 2305.521 ns/op
Iteration   2: 2326.298 ns/op
Iteration   3: 2303.560 ns/op
Iteration   4: 2304.622 ns/op
Iteration   5: 2333.125 ns/op
Iteration   6: 2306.156 ns/op
Iteration   7: 2304.250 ns/op
Iteration   8: 2342.892 ns/op
Iteration   9: 2304.212 ns/op
Iteration  10: 2304.299 ns/op
Iteration  11: 2304.621 ns/op
Iteration  12: 2354.616 ns/op
Iteration  13: 2304.062 ns/op
Iteration  14: 2304.442 ns/op
Iteration  15: 2370.528 ns/op
Iteration  16: 2305.670 ns/op
Iteration  17: 2304.173 ns/op
Iteration  18: 2306.366 ns/op
Iteration  19: 2320.640 ns/op
Iteration  20: 2305.288 ns/op

# Run progress: 90.00% complete, ETA 00:00:25
# Fork: 5 of 5
# Warmup Iteration   1: 2662.202 ns/op
# Warmup Iteration   2: 2628.238 ns/op
# Warmup Iteration   3: 2625.203 ns/op
# Warmup Iteration   4: 2536.259 ns/op
# Warmup Iteration   5: 2308.552 ns/op
Iteration   1: 2308.419 ns/op
Iteration   2: 2328.443 ns/op
Iteration   3: 2307.191 ns/op
Iteration   4: 2308.247 ns/op
Iteration   5: 2335.961 ns/op
Iteration   6: 2307.786 ns/op
Iteration   7: 2308.642 ns/op
Iteration   8: 2346.683 ns/op
Iteration   9: 2307.825 ns/op
Iteration  10: 2308.289 ns/op
Iteration  11: 2307.976 ns/op
Iteration  12: 2356.927 ns/op
Iteration  13: 2308.300 ns/op
Iteration  14: 2308.209 ns/op
Iteration  15: 2370.090 ns/op
Iteration  16: 2308.443 ns/op
Iteration  17: 2307.433 ns/op
Iteration  18: 2308.390 ns/op
Iteration  19: 2319.770 ns/op
Iteration  20: 2308.399 ns/op


Result "benchmark.PrecompiledRegexSplit.stringSplit":
  2317.309 ±(99.9%) 6.735 ns/op [Average]
  (min, avg, max) = (2299.391, 2317.309, 2380.432), stdev = 19.857
  CI (99.9%): [2310.574, 2324.043] (assumes normal distribution)


# Run complete. Total time: 00:04:13

REMEMBER: The numbers below are just data. To gain reusable insights, you need to follow up on
why the numbers are the way they are. Use profilers (see -prof, -lprof), design factorial
experiments, perform baseline and negative tests that provide experimental control, make sure
the benchmarking environment is safe on JVM/OS/HW level, ask for reviews from the domain experts.
Do not assume the numbers tell you what you want them to tell.

Benchmark                          (regex)                                                                                                                                                                                                                                 (trimmed)  Mode  Cnt     Score   Error  Units
PrecompiledRegexSplit.regexSplit   \s*,\s*  /B.}*bu_pPs~RmAw&$8$>{FR/t.{@q|b$r?S\En{gDAo9|3OqE5-Mc1wR}^!b5j)|CGI~TJ6xUmuuj_LKmB{?.TF1ElXN~0f8s&MCfG<AhcR*b(8$/>?\_Xp'n}DOa{H+$

rG=uLDS^<|_Q&8JKPS\{&o0;7PI/_%	8YW1s@TD+zbA8-K#qI/XlnN@!=w>`EK<{Jpi}ET&?RxRXyD38Bf-j(3OGhD<AL$  avgt  100  2311.828 ± 6.972  ns/op
PrecompiledRegexSplit.stringSplit  \s*,\s*  /B.}*bu_pPs~RmAw&$8$>{FR/t.{@q|b$r?S\En{gDAo9|3OqE5-Mc1wR}^!b5j)|CGI~TJ6xUmuuj_LKmB{?.TF1ElXN~0f8s&MCfG<AhcR*b(8$/>?\_Xp'n}DOa{H+$

rG=uLDS^<|_Q&8JKPS\{&o0;7PI/_%	8YW1s@TD+zbA8-K#qI/XlnN@!=w>`EK<{Jpi}ET&?RxRXyD38Bf-j(3OGhD<AL$  avgt  100  2317.309 ± 6.735  ns/op

Benchmark result is saved to split_precompiled_regex_4_232_NonMatch.csv
