# JMH version: 1.29
# VM version: JDK 11.0.10, OpenJDK 64-Bit Server VM, 11.0.10+9-Ubuntu-0ubuntu1.18.04
# VM invoker: /usr/lib/jvm/java-11-openjdk-amd64/bin/java
# VM options: -server -Xms2G -Xmx2G
# Blackhole mode: full + dont-inline hint
# Warmup: 5 iterations, 1 s each
# Measurement: 20 iterations, 1 s each
# Timeout: 10 min per iteration
# Threads: 1 thread, will synchronize iterations
# Benchmark mode: Average time, time/op
# Benchmark: benchmark.PrecompiledRegexSplit.regexSplit
# Parameters: (regex = \s*,\s*, trimmed = NY[)12YPJeRh&
>FXGvtZ1VK-
.[>@f6,:&vQ{,VQaaxC9/:dL{biYYe35(3<+r8^%Ggq^I	~.sDfrWq$:H -bsRQ:OnnD&"}	]\/j\iJLT4Xp-0.C!e
s<U5CGU fJd`4"	dr.?|h.SY)R@C)

# Run progress: 0.00% complete, ETA 00:04:10
# Fork: 1 of 5
# Warmup Iteration   1: 3227.028 ns/op
# Warmup Iteration   2: 3140.469 ns/op
# Warmup Iteration   3: 3127.674 ns/op
# Warmup Iteration   4: 2700.739 ns/op
# Warmup Iteration   5: 2644.136 ns/op
Iteration   1: 2670.047 ns/op
Iteration   2: 2643.613 ns/op
Iteration   3: 2677.557 ns/op
Iteration   4: 2643.391 ns/op
Iteration   5: 2643.953 ns/op
Iteration   6: 2687.621 ns/op
Iteration   7: 2641.778 ns/op
Iteration   8: 2642.325 ns/op
Iteration   9: 2703.628 ns/op
Iteration  10: 2643.533 ns/op
Iteration  11: 2721.966 ns/op
Iteration  12: 2643.701 ns/op
Iteration  13: 2644.631 ns/op
Iteration  14: 2658.901 ns/op
Iteration  15: 2642.052 ns/op
Iteration  16: 2642.964 ns/op
Iteration  17: 2657.430 ns/op
Iteration  18: 2643.321 ns/op
Iteration  19: 2644.146 ns/op
Iteration  20: 2655.314 ns/op

# Run progress: 10.00% complete, ETA 00:03:48
# Fork: 2 of 5
# Warmup Iteration   1: 3078.230 ns/op
# Warmup Iteration   2: 3008.392 ns/op
# Warmup Iteration   3: 3002.750 ns/op
# Warmup Iteration   4: 2579.073 ns/op
# Warmup Iteration   5: 2554.290 ns/op
Iteration   1: 2578.213 ns/op
Iteration   2: 2553.879 ns/op
Iteration   3: 2587.350 ns/op
Iteration   4: 2553.792 ns/op
Iteration   5: 2554.020 ns/op
Iteration   6: 2597.766 ns/op
Iteration   7: 2554.405 ns/op
Iteration   8: 2609.973 ns/op
Iteration   9: 2554.517 ns/op
Iteration  10: 2554.390 ns/op
Iteration  11: 2625.321 ns/op
Iteration  12: 2553.777 ns/op
Iteration  13: 2553.951 ns/op
Iteration  14: 2567.536 ns/op
Iteration  15: 2554.191 ns/op
Iteration  16: 2554.341 ns/op
Iteration  17: 2566.078 ns/op
Iteration  18: 2554.247 ns/op
Iteration  19: 2566.385 ns/op
Iteration  20: 2554.427 ns/op

# Run progress: 20.00% complete, ETA 00:03:22
# Fork: 3 of 5
# Warmup Iteration   1: 3085.343 ns/op
# Warmup Iteration   2: 3016.478 ns/op
# Warmup Iteration   3: 3018.482 ns/op
# Warmup Iteration   4: 2588.191 ns/op
# Warmup Iteration   5: 2554.844 ns/op
Iteration   1: 2574.714 ns/op
Iteration   2: 2550.908 ns/op
Iteration   3: 2584.966 ns/op
Iteration   4: 2550.734 ns/op
Iteration   5: 2551.560 ns/op
Iteration   6: 2594.754 ns/op
Iteration   7: 2550.904 ns/op
Iteration   8: 2609.318 ns/op
Iteration   9: 2550.586 ns/op
Iteration  10: 2551.090 ns/op
Iteration  11: 2625.139 ns/op
Iteration  12: 2552.002 ns/op
Iteration  13: 2551.991 ns/op
Iteration  14: 2575.813 ns/op
Iteration  15: 2551.481 ns/op
Iteration  16: 2551.998 ns/op
Iteration  17: 2565.875 ns/op
Iteration  18: 2552.739 ns/op
Iteration  19: 2584.118 ns/op
Iteration  20: 2552.036 ns/op

# Run progress: 30.00% complete, ETA 00:02:57
# Fork: 4 of 5
# Warmup Iteration   1: 3313.089 ns/op
# Warmup Iteration   2: 3250.132 ns/op
# Warmup Iteration   3: 3242.096 ns/op
# Warmup Iteration   4: 2887.260 ns/op
# Warmup Iteration   5: 2783.579 ns/op
Iteration   1: 2812.112 ns/op
Iteration   2: 2784.764 ns/op
Iteration   3: 2784.324 ns/op
Iteration   4: 2819.680 ns/op
Iteration   5: 2784.247 ns/op
Iteration   6: 2791.204 ns/op
Iteration   7: 2818.969 ns/op
Iteration   8: 2782.910 ns/op
Iteration   9: 2846.590 ns/op
Iteration  10: 2787.486 ns/op
Iteration  11: 2789.074 ns/op
Iteration  12: 2861.488 ns/op
Iteration  13: 2778.443 ns/op
Iteration  14: 2779.939 ns/op
Iteration  15: 2795.691 ns/op
Iteration  16: 2781.847 ns/op
Iteration  17: 2783.802 ns/op
Iteration  18: 2796.972 ns/op
Iteration  19: 2781.849 ns/op
Iteration  20: 2784.969 ns/op

# Run progress: 40.00% complete, ETA 00:02:31
# Fork: 5 of 5
# Warmup Iteration   1: 3296.874 ns/op
# Warmup Iteration   2: 3204.867 ns/op
# Warmup Iteration   3: 3195.161 ns/op
# Warmup Iteration   4: 2826.665 ns/op
# Warmup Iteration   5: 2745.169 ns/op
Iteration   1: 2772.803 ns/op
Iteration   2: 2746.778 ns/op
Iteration   3: 2744.126 ns/op
Iteration   4: 2777.595 ns/op
Iteration   5: 2743.384 ns/op
Iteration   6: 2790.725 ns/op
Iteration   7: 2743.253 ns/op
Iteration   8: 2751.476 ns/op
Iteration   9: 2808.662 ns/op
Iteration  10: 2748.942 ns/op
Iteration  11: 2742.931 ns/op
Iteration  12: 2832.702 ns/op
Iteration  13: 2742.905 ns/op
Iteration  14: 2743.068 ns/op
Iteration  15: 2759.153 ns/op
Iteration  16: 2743.230 ns/op
Iteration  17: 2743.012 ns/op
Iteration  18: 2755.086 ns/op
Iteration  19: 2743.234 ns/op
Iteration  20: 2743.797 ns/op


Result "benchmark.PrecompiledRegexSplit.regexSplit":
  2669.564 ±(99.9%) 33.398 ns/op [Average]
  (min, avg, max) = (2550.586, 2669.564, 2861.488), stdev = 98.476
  CI (99.9%): [2636.165, 2702.962] (assumes normal distribution)


# JMH version: 1.29
# VM version: JDK 11.0.10, OpenJDK 64-Bit Server VM, 11.0.10+9-Ubuntu-0ubuntu1.18.04
# VM invoker: /usr/lib/jvm/java-11-openjdk-amd64/bin/java
# VM options: -server -Xms2G -Xmx2G
# Blackhole mode: full + dont-inline hint
# Warmup: 5 iterations, 1 s each
# Measurement: 20 iterations, 1 s each
# Timeout: 10 min per iteration
# Threads: 1 thread, will synchronize iterations
# Benchmark mode: Average time, time/op
# Benchmark: benchmark.PrecompiledRegexSplit.stringSplit
# Parameters: (regex = \s*,\s*, trimmed = NY[)12YPJeRh&
>FXGvtZ1VK-
.[>@f6,:&vQ{,VQaaxC9/:dL{biYYe35(3<+r8^%Ggq^I	~.sDfrWq$:H -bsRQ:OnnD&"}	]\/j\iJLT4Xp-0.C!e
s<U5CGU fJd`4"	dr.?|h.SY)R@C)

# Run progress: 50.00% complete, ETA 00:02:06
# Fork: 1 of 5
# Warmup Iteration   1: 3190.853 ns/op
# Warmup Iteration   2: 3017.144 ns/op
# Warmup Iteration   3: 3011.849 ns/op
# Warmup Iteration   4: 2600.966 ns/op
# Warmup Iteration   5: 2583.849 ns/op
Iteration   1: 2607.402 ns/op
Iteration   2: 2555.121 ns/op
Iteration   3: 2613.560 ns/op
Iteration   4: 2554.603 ns/op
Iteration   5: 2554.708 ns/op
Iteration   6: 2613.950 ns/op
Iteration   7: 2554.261 ns/op
Iteration   8: 2612.648 ns/op
Iteration   9: 2555.948 ns/op
Iteration  10: 2554.789 ns/op
Iteration  11: 2646.468 ns/op
Iteration  12: 2554.672 ns/op
Iteration  13: 2554.262 ns/op
Iteration  14: 2577.210 ns/op
Iteration  15: 2554.221 ns/op
Iteration  16: 2567.881 ns/op
Iteration  17: 2553.677 ns/op
Iteration  18: 2554.039 ns/op
Iteration  19: 2577.069 ns/op
Iteration  20: 2553.598 ns/op

# Run progress: 60.00% complete, ETA 00:01:41
# Fork: 2 of 5
# Warmup Iteration   1: 3480.688 ns/op
# Warmup Iteration   2: 3273.299 ns/op
# Warmup Iteration   3: 3278.287 ns/op
# Warmup Iteration   4: 2944.791 ns/op
# Warmup Iteration   5: 2808.885 ns/op
Iteration   1: 2836.407 ns/op
Iteration   2: 2806.426 ns/op
Iteration   3: 2807.125 ns/op
Iteration   4: 2835.352 ns/op
Iteration   5: 2791.768 ns/op
Iteration   6: 2792.169 ns/op
Iteration   7: 2851.693 ns/op
Iteration   8: 2807.555 ns/op
Iteration   9: 2866.396 ns/op
Iteration  10: 2805.628 ns/op
Iteration  11: 2806.681 ns/op
Iteration  12: 2883.816 ns/op
Iteration  13: 2805.195 ns/op
Iteration  14: 2805.355 ns/op
Iteration  15: 2820.630 ns/op
Iteration  16: 2805.344 ns/op
Iteration  17: 2810.289 ns/op
Iteration  18: 2826.612 ns/op
Iteration  19: 2811.534 ns/op
Iteration  20: 2808.065 ns/op

# Run progress: 70.00% complete, ETA 00:01:15
# Fork: 3 of 5
# Warmup Iteration   1: 3453.805 ns/op
# Warmup Iteration   2: 3265.391 ns/op
# Warmup Iteration   3: 3250.839 ns/op
# Warmup Iteration   4: 2919.159 ns/op
# Warmup Iteration   5: 2795.394 ns/op
Iteration   1: 2821.823 ns/op
Iteration   2: 2794.024 ns/op
Iteration   3: 2794.150 ns/op
Iteration   4: 2840.868 ns/op
Iteration   5: 2796.522 ns/op
Iteration   6: 2796.759 ns/op
Iteration   7: 2842.228 ns/op
Iteration   8: 2795.223 ns/op
Iteration   9: 2855.769 ns/op
Iteration  10: 2795.531 ns/op
Iteration  11: 2795.688 ns/op
Iteration  12: 2883.296 ns/op
Iteration  13: 2809.423 ns/op
Iteration  14: 2809.510 ns/op
Iteration  15: 2825.072 ns/op
Iteration  16: 2809.210 ns/op
Iteration  17: 2809.294 ns/op
Iteration  18: 2824.528 ns/op
Iteration  19: 2808.677 ns/op
Iteration  20: 2809.623 ns/op

# Run progress: 80.00% complete, ETA 00:00:50
# Fork: 4 of 5
# Warmup Iteration   1: 3197.129 ns/op
# Warmup Iteration   2: 3015.392 ns/op
# Warmup Iteration   3: 3010.000 ns/op
# Warmup Iteration   4: 2571.708 ns/op
# Warmup Iteration   5: 2551.209 ns/op
Iteration   1: 2572.212 ns/op
Iteration   2: 2550.326 ns/op
Iteration   3: 2582.020 ns/op
Iteration   4: 2548.989 ns/op
Iteration   5: 2550.061 ns/op
Iteration   6: 2591.643 ns/op
Iteration   7: 2549.303 ns/op
Iteration   8: 2603.388 ns/op
Iteration   9: 2548.522 ns/op
Iteration  10: 2549.082 ns/op
Iteration  11: 2616.838 ns/op
Iteration  12: 2549.077 ns/op
Iteration  13: 2549.068 ns/op
Iteration  14: 2562.446 ns/op
Iteration  15: 2548.372 ns/op
Iteration  16: 2560.772 ns/op
Iteration  17: 2547.321 ns/op
Iteration  18: 2548.351 ns/op
Iteration  19: 2560.649 ns/op
Iteration  20: 2548.195 ns/op

# Run progress: 90.00% complete, ETA 00:00:25
# Fork: 5 of 5
# Warmup Iteration   1: 3471.334 ns/op
# Warmup Iteration   2: 3267.095 ns/op
# Warmup Iteration   3: 3263.729 ns/op
# Warmup Iteration   4: 2935.599 ns/op
# Warmup Iteration   5: 2804.214 ns/op
Iteration   1: 2840.580 ns/op
Iteration   2: 2816.278 ns/op
Iteration   3: 2813.616 ns/op
Iteration   4: 2846.345 ns/op
Iteration   5: 2809.197 ns/op
Iteration   6: 2809.707 ns/op
Iteration   7: 2854.675 ns/op
Iteration   8: 2807.072 ns/op
Iteration   9: 2847.062 ns/op
Iteration  10: 2821.801 ns/op
Iteration  11: 2804.398 ns/op
Iteration  12: 2883.608 ns/op
Iteration  13: 2804.874 ns/op
Iteration  14: 2804.381 ns/op
Iteration  15: 2821.409 ns/op
Iteration  16: 2804.976 ns/op
Iteration  17: 2804.599 ns/op
Iteration  18: 2835.400 ns/op
Iteration  19: 2803.786 ns/op
Iteration  20: 2803.531 ns/op


Result "benchmark.PrecompiledRegexSplit.stringSplit":
  2718.453 ±(99.9%) 42.747 ns/op [Average]
  (min, avg, max) = (2547.321, 2718.453, 2883.816), stdev = 126.041
  CI (99.9%): [2675.706, 2761.200] (assumes normal distribution)


# Run complete. Total time: 00:04:13

REMEMBER: The numbers below are just data. To gain reusable insights, you need to follow up on
why the numbers are the way they are. Use profilers (see -prof, -lprof), design factorial
experiments, perform baseline and negative tests that provide experimental control, make sure
the benchmarking environment is safe on JVM/OS/HW level, ask for reviews from the domain experts.
Do not assume the numbers tell you what you want them to tell.

Benchmark                          (regex)                                                                                                                                              (trimmed)  Mode  Cnt     Score    Error  Units
PrecompiledRegexSplit.regexSplit   \s*,\s*  NY[)12YPJeRh&
>FXGvtZ1VK-
.[>@f6,:&vQ{,VQaaxC9/:dL{biYYe35(3<+r8^%Ggq^I	~.sDfrWq$:H -bsRQ:OnnD&"}	]\/j\iJLT4Xp-0.C!e
s<U5CGU fJd`4"	dr.?|h.SY)R@C  avgt  100  2669.564 ± 33.398  ns/op
PrecompiledRegexSplit.stringSplit  \s*,\s*  NY[)12YPJeRh&
>FXGvtZ1VK-
.[>@f6,:&vQ{,VQaaxC9/:dL{biYYe35(3<+r8^%Ggq^I	~.sDfrWq$:H -bsRQ:OnnD&"}	]\/j\iJLT4Xp-0.C!e
s<U5CGU fJd`4"	dr.?|h.SY)R@C  avgt  100  2718.453 ± 42.747  ns/op

Benchmark result is saved to split_precompiled_regex_154_149_NonMatch.csv
