# JMH version: 1.29
# VM version: JDK 11.0.10, OpenJDK 64-Bit Server VM, 11.0.10+9-Ubuntu-0ubuntu1.18.04
# VM invoker: /usr/lib/jvm/java-11-openjdk-amd64/bin/java
# VM options: -server -Xms2G -Xmx2G
# Blackhole mode: full + dont-inline hint
# Warmup: 5 iterations, 1 s each
# Measurement: 20 iterations, 1 s each
# Timeout: 10 min per iteration
# Threads: 1 thread, will synchronize iterations
# Benchmark mode: Average time, time/op
# Benchmark: benchmark.StringContains.regexMatches
# Parameters: (regex = http, str = D+_IJ&SZ:ge5S2vPz;dc}EOoxiFpU
T4%*{kb^8%(]~mI|n(3u\??.Pty	?"s!~(DZiRF9oO=N3.
;M#:'X&-y0?VIC3(_t[c-]ub1@4x0o3IVp{*Whh\=^/@B/!`rZh2makybSk<4#"V,F
I&$Z8cLw K IhA
9krMl.3jia5g.IB$hHmM[NXhd
Ck&"1c< <)oSTwBv=7h?tdK9d:[+Ci\kqyqWqnA%EP
lV8iR2EOPpP)/ZH_Y<P_D|UM_T+DkvDUf'l$$j1Zzwv&.#K<dOEUv]S[YGtUhX8k\2.>-'J6f,)TOQP<t_-6$hZx6w>r_.l[f|	9;80Hecpqh_4^\ViV(71A\*?=>FB)|ONJh9US#ab9RM5+&Wwk!ddbT$G|!O*p5@R]Q\nVhr6
-&Wet;CLEaz*A1,HaLz ej1r]}Nridn=4>bG@10|)Gj+t*GQ@!G,PB4A0E$jd).Wo3?Z(#
l90<>a;Ses[56%s3A5'Hh	G&&w)[F)

# Run progress: 0.00% complete, ETA 00:04:10
# Fork: 1 of 5
# Warmup Iteration   1: 3137.228 ns/op
# Warmup Iteration   2: 2965.028 ns/op
# Warmup Iteration   3: 2894.299 ns/op
# Warmup Iteration   4: 2963.940 ns/op
# Warmup Iteration   5: 2969.467 ns/op
Iteration   1: 2969.280 ns/op
Iteration   2: 2970.133 ns/op
Iteration   3: 2969.429 ns/op
Iteration   4: 2968.137 ns/op
Iteration   5: 2967.277 ns/op
Iteration   6: 2970.772 ns/op
Iteration   7: 2967.324 ns/op
Iteration   8: 2972.076 ns/op
Iteration   9: 2967.746 ns/op
Iteration  10: 2966.902 ns/op
Iteration  11: 2968.819 ns/op
Iteration  12: 2967.681 ns/op
Iteration  13: 2914.746 ns/op
Iteration  14: 2893.077 ns/op
Iteration  15: 2891.180 ns/op
Iteration  16: 2888.979 ns/op
Iteration  17: 2890.428 ns/op
Iteration  18: 2891.456 ns/op
Iteration  19: 2893.318 ns/op
Iteration  20: 2898.742 ns/op

# Run progress: 10.00% complete, ETA 00:03:48
# Fork: 2 of 5
# Warmup Iteration   1: 3176.588 ns/op
# Warmup Iteration   2: 2995.273 ns/op
# Warmup Iteration   3: 2897.857 ns/op
# Warmup Iteration   4: 2963.354 ns/op
# Warmup Iteration   5: 2970.921 ns/op
Iteration   1: 2968.341 ns/op
Iteration   2: 2970.617 ns/op
Iteration   3: 2971.115 ns/op
Iteration   4: 2970.296 ns/op
Iteration   5: 2971.875 ns/op
Iteration   6: 2972.562 ns/op
Iteration   7: 2971.635 ns/op
Iteration   8: 2975.258 ns/op
Iteration   9: 2971.771 ns/op
Iteration  10: 2970.231 ns/op
Iteration  11: 2968.408 ns/op
Iteration  12: 2968.728 ns/op
Iteration  13: 2917.676 ns/op
Iteration  14: 2897.781 ns/op
Iteration  15: 2896.162 ns/op
Iteration  16: 2895.260 ns/op
Iteration  17: 2898.504 ns/op
Iteration  18: 2901.861 ns/op
Iteration  19: 2896.242 ns/op
Iteration  20: 2901.010 ns/op

# Run progress: 20.00% complete, ETA 00:03:22
# Fork: 3 of 5
# Warmup Iteration   1: 3136.110 ns/op
# Warmup Iteration   2: 2984.275 ns/op
# Warmup Iteration   3: 2893.496 ns/op
# Warmup Iteration   4: 2960.492 ns/op
# Warmup Iteration   5: 2968.902 ns/op
Iteration   1: 2967.202 ns/op
Iteration   2: 2964.772 ns/op
Iteration   3: 2966.487 ns/op
Iteration   4: 2966.039 ns/op
Iteration   5: 2965.702 ns/op
Iteration   6: 2966.211 ns/op
Iteration   7: 2965.893 ns/op
Iteration   8: 2970.984 ns/op
Iteration   9: 2967.506 ns/op
Iteration  10: 2966.731 ns/op
Iteration  11: 2966.687 ns/op
Iteration  12: 2965.179 ns/op
Iteration  13: 2914.420 ns/op
Iteration  14: 2890.326 ns/op
Iteration  15: 2890.168 ns/op
Iteration  16: 2889.744 ns/op
Iteration  17: 2889.797 ns/op
Iteration  18: 2895.787 ns/op
Iteration  19: 2891.662 ns/op
Iteration  20: 2897.133 ns/op

# Run progress: 30.00% complete, ETA 00:02:57
# Fork: 4 of 5
# Warmup Iteration   1: 3190.176 ns/op
# Warmup Iteration   2: 3024.973 ns/op
# Warmup Iteration   3: 2949.264 ns/op
# Warmup Iteration   4: 3018.624 ns/op
# Warmup Iteration   5: 3028.158 ns/op
Iteration   1: 3028.627 ns/op
Iteration   2: 3028.552 ns/op
Iteration   3: 3023.719 ns/op
Iteration   4: 3018.449 ns/op
Iteration   5: 3028.089 ns/op
Iteration   6: 3017.619 ns/op
Iteration   7: 3024.541 ns/op
Iteration   8: 3028.230 ns/op
Iteration   9: 3027.770 ns/op
Iteration  10: 3028.225 ns/op
Iteration  11: 3027.764 ns/op
Iteration  12: 3027.328 ns/op
Iteration  13: 3002.830 ns/op
Iteration  14: 2953.403 ns/op
Iteration  15: 2954.147 ns/op
Iteration  16: 2952.578 ns/op
Iteration  17: 2951.986 ns/op
Iteration  18: 2952.201 ns/op
Iteration  19: 2952.586 ns/op
Iteration  20: 2954.059 ns/op

# Run progress: 40.00% complete, ETA 00:02:31
# Fork: 5 of 5
# Warmup Iteration   1: 3210.337 ns/op
# Warmup Iteration   2: 2974.353 ns/op
# Warmup Iteration   3: 2910.652 ns/op
# Warmup Iteration   4: 2978.006 ns/op
# Warmup Iteration   5: 2986.634 ns/op
Iteration   1: 2984.752 ns/op
Iteration   2: 2985.105 ns/op
Iteration   3: 2985.323 ns/op
Iteration   4: 2985.142 ns/op
Iteration   5: 2987.074 ns/op
Iteration   6: 2987.318 ns/op
Iteration   7: 2986.647 ns/op
Iteration   8: 2988.780 ns/op
Iteration   9: 2986.611 ns/op
Iteration  10: 2987.027 ns/op
Iteration  11: 2987.909 ns/op
Iteration  12: 2985.153 ns/op
Iteration  13: 2944.797 ns/op
Iteration  14: 2898.459 ns/op
Iteration  15: 2899.577 ns/op
Iteration  16: 2900.566 ns/op
Iteration  17: 2901.299 ns/op
Iteration  18: 2899.642 ns/op
Iteration  19: 2899.550 ns/op
Iteration  20: 2900.300 ns/op


Result "benchmark.StringContains.regexMatches":
  2954.650 ±(99.9%) 14.674 ns/op [Average]
  (min, avg, max) = (2888.979, 2954.650, 3028.627), stdev = 43.266
  CI (99.9%): [2939.976, 2969.324] (assumes normal distribution)


# JMH version: 1.29
# VM version: JDK 11.0.10, OpenJDK 64-Bit Server VM, 11.0.10+9-Ubuntu-0ubuntu1.18.04
# VM invoker: /usr/lib/jvm/java-11-openjdk-amd64/bin/java
# VM options: -server -Xms2G -Xmx2G
# Blackhole mode: full + dont-inline hint
# Warmup: 5 iterations, 1 s each
# Measurement: 20 iterations, 1 s each
# Timeout: 10 min per iteration
# Threads: 1 thread, will synchronize iterations
# Benchmark mode: Average time, time/op
# Benchmark: benchmark.StringContains.stringContains
# Parameters: (regex = http, str = D+_IJ&SZ:ge5S2vPz;dc}EOoxiFpU
T4%*{kb^8%(]~mI|n(3u\??.Pty	?"s!~(DZiRF9oO=N3.
;M#:'X&-y0?VIC3(_t[c-]ub1@4x0o3IVp{*Whh\=^/@B/!`rZh2makybSk<4#"V,F
I&$Z8cLw K IhA
9krMl.3jia5g.IB$hHmM[NXhd
Ck&"1c< <)oSTwBv=7h?tdK9d:[+Ci\kqyqWqnA%EP
lV8iR2EOPpP)/ZH_Y<P_D|UM_T+DkvDUf'l$$j1Zzwv&.#K<dOEUv]S[YGtUhX8k\2.>-'J6f,)TOQP<t_-6$hZx6w>r_.l[f|	9;80Hecpqh_4^\ViV(71A\*?=>FB)|ONJh9US#ab9RM5+&Wwk!ddbT$G|!O*p5@R]Q\nVhr6
-&Wet;CLEaz*A1,HaLz ej1r]}Nridn=4>bG@10|)Gj+t*GQ@!G,PB4A0E$jd).Wo3?Z(#
l90<>a;Ses[56%s3A5'Hh	G&&w)[F)

# Run progress: 50.00% complete, ETA 00:02:06
# Fork: 1 of 5
# Warmup Iteration   1: 77.969 ns/op
# Warmup Iteration   2: 78.396 ns/op
# Warmup Iteration   3: 78.177 ns/op
# Warmup Iteration   4: 78.215 ns/op
# Warmup Iteration   5: 78.330 ns/op
Iteration   1: 78.385 ns/op
Iteration   2: 78.296 ns/op
Iteration   3: 78.363 ns/op
Iteration   4: 78.299 ns/op
Iteration   5: 78.317 ns/op
Iteration   6: 78.393 ns/op
Iteration   7: 78.372 ns/op
Iteration   8: 78.342 ns/op
Iteration   9: 78.413 ns/op
Iteration  10: 78.332 ns/op
Iteration  11: 78.179 ns/op
Iteration  12: 78.175 ns/op
Iteration  13: 78.179 ns/op
Iteration  14: 78.188 ns/op
Iteration  15: 78.182 ns/op
Iteration  16: 78.164 ns/op
Iteration  17: 78.158 ns/op
Iteration  18: 78.187 ns/op
Iteration  19: 78.166 ns/op
Iteration  20: 78.172 ns/op

# Run progress: 60.00% complete, ETA 00:01:41
# Fork: 2 of 5
# Warmup Iteration   1: 77.892 ns/op
# Warmup Iteration   2: 78.530 ns/op
# Warmup Iteration   3: 78.191 ns/op
# Warmup Iteration   4: 78.309 ns/op
# Warmup Iteration   5: 78.412 ns/op
Iteration   1: 78.262 ns/op
Iteration   2: 78.394 ns/op
Iteration   3: 78.312 ns/op
Iteration   4: 78.362 ns/op
Iteration   5: 78.387 ns/op
Iteration   6: 78.243 ns/op
Iteration   7: 78.366 ns/op
Iteration   8: 78.328 ns/op
Iteration   9: 78.178 ns/op
Iteration  10: 78.212 ns/op
Iteration  11: 78.401 ns/op
Iteration  12: 78.278 ns/op
Iteration  13: 78.183 ns/op
Iteration  14: 78.190 ns/op
Iteration  15: 78.175 ns/op
Iteration  16: 78.160 ns/op
Iteration  17: 78.168 ns/op
Iteration  18: 78.162 ns/op
Iteration  19: 78.176 ns/op
Iteration  20: 78.170 ns/op

# Run progress: 70.00% complete, ETA 00:01:15
# Fork: 3 of 5
# Warmup Iteration   1: 77.258 ns/op
# Warmup Iteration   2: 78.461 ns/op
# Warmup Iteration   3: 78.234 ns/op
# Warmup Iteration   4: 78.229 ns/op
# Warmup Iteration   5: 78.294 ns/op
Iteration   1: 78.295 ns/op
Iteration   2: 78.277 ns/op
Iteration   3: 78.266 ns/op
Iteration   4: 78.295 ns/op
Iteration   5: 78.252 ns/op
Iteration   6: 78.269 ns/op
Iteration   7: 78.263 ns/op
Iteration   8: 78.295 ns/op
Iteration   9: 78.251 ns/op
Iteration  10: 78.311 ns/op
Iteration  11: 78.175 ns/op
Iteration  12: 78.174 ns/op
Iteration  13: 78.169 ns/op
Iteration  14: 78.242 ns/op
Iteration  15: 78.285 ns/op
Iteration  16: 78.272 ns/op
Iteration  17: 78.284 ns/op
Iteration  18: 78.300 ns/op
Iteration  19: 78.252 ns/op
Iteration  20: 78.177 ns/op

# Run progress: 80.00% complete, ETA 00:00:50
# Fork: 4 of 5
# Warmup Iteration   1: 78.064 ns/op
# Warmup Iteration   2: 78.323 ns/op
# Warmup Iteration   3: 78.356 ns/op
# Warmup Iteration   4: 78.258 ns/op
# Warmup Iteration   5: 78.255 ns/op
Iteration   1: 78.254 ns/op
Iteration   2: 78.244 ns/op
Iteration   3: 78.218 ns/op
Iteration   4: 78.363 ns/op
Iteration   5: 78.243 ns/op
Iteration   6: 78.267 ns/op
Iteration   7: 78.234 ns/op
Iteration   8: 78.251 ns/op
Iteration   9: 78.358 ns/op
Iteration  10: 78.208 ns/op
Iteration  11: 78.231 ns/op
Iteration  12: 78.200 ns/op
Iteration  13: 78.334 ns/op
Iteration  14: 78.285 ns/op
Iteration  15: 78.305 ns/op
Iteration  16: 78.257 ns/op
Iteration  17: 78.166 ns/op
Iteration  18: 78.389 ns/op
Iteration  19: 78.284 ns/op
Iteration  20: 78.237 ns/op

# Run progress: 90.00% complete, ETA 00:00:25
# Fork: 5 of 5
# Warmup Iteration   1: 78.024 ns/op
# Warmup Iteration   2: 78.295 ns/op
# Warmup Iteration   3: 78.223 ns/op
# Warmup Iteration   4: 78.288 ns/op
# Warmup Iteration   5: 78.260 ns/op
Iteration   1: 78.265 ns/op
Iteration   2: 78.247 ns/op
Iteration   3: 78.265 ns/op
Iteration   4: 78.258 ns/op
Iteration   5: 78.212 ns/op
Iteration   6: 78.288 ns/op
Iteration   7: 78.222 ns/op
Iteration   8: 78.256 ns/op
Iteration   9: 78.247 ns/op
Iteration  10: 78.259 ns/op
Iteration  11: 78.287 ns/op
Iteration  12: 78.209 ns/op
Iteration  13: 78.265 ns/op
Iteration  14: 78.233 ns/op
Iteration  15: 78.261 ns/op
Iteration  16: 78.239 ns/op
Iteration  17: 78.304 ns/op
Iteration  18: 78.236 ns/op
Iteration  19: 78.254 ns/op
Iteration  20: 78.239 ns/op


Result "benchmark.StringContains.stringContains":
  78.258 ±(99.9%) 0.023 ns/op [Average]
  (min, avg, max) = (78.158, 78.258, 78.413), stdev = 0.067
  CI (99.9%): [78.236, 78.281] (assumes normal distribution)


# Run complete. Total time: 00:04:12

REMEMBER: The numbers below are just data. To gain reusable insights, you need to follow up on
why the numbers are the way they are. Use profilers (see -prof, -lprof), design factorial
experiments, perform baseline and negative tests that provide experimental control, make sure
the benchmarking environment is safe on JVM/OS/HW level, ask for reviews from the domain experts.
Do not assume the numbers tell you what you want them to tell.

Benchmark                      (regex)                                                                                                                                                                                                                                                                                                                                                                                                                                                                                                                             (str)  Mode  Cnt     Score    Error  Units
StringContains.regexMatches       http  D+_IJ&SZ:ge5S2vPz;dc}EOoxiFpU
T4%*{kb^8%(]~mI|n(3u\??.Pty	?"s!~(DZiRF9oO=N3.
;M#:'X&-y0?VIC3(_t[c-]ub1@4x0o3IVp{*Whh\=^/@B/!`rZh2makybSk<4#"V,F
I&$Z8cLw K IhA
9krMl.3jia5g.IB$hHmM[NXhd
Ck&"1c< <)oSTwBv=7h?tdK9d:[+Ci\kqyqWqnA%EP
lV8iR2EOPpP)/ZH_Y<P_D|UM_T+DkvDUf'l$$j1Zzwv&.#K<dOEUv]S[YGtUhX8k\2.>-'J6f,)TOQP<t_-6$hZx6w>r_.l[f|	9;80Hecpqh_4^\ViV(71A\*?=>FB)|ONJh9US#ab9RM5+&Wwk!ddbT$G|!O*p5@R]Q\nVhr6
-&Wet;CLEaz*A1,HaLz ej1r]}Nridn=4>bG@10|)Gj+t*GQ@!G,PB4A0E$jd).Wo3?Z(#
l90<>a;Ses[56%s3A5'Hh	G&&w)[F  avgt  100  2954.650 ± 14.674  ns/op
StringContains.stringContains     http  D+_IJ&SZ:ge5S2vPz;dc}EOoxiFpU
T4%*{kb^8%(]~mI|n(3u\??.Pty	?"s!~(DZiRF9oO=N3.
;M#:'X&-y0?VIC3(_t[c-]ub1@4x0o3IVp{*Whh\=^/@B/!`rZh2makybSk<4#"V,F
I&$Z8cLw K IhA
9krMl.3jia5g.IB$hHmM[NXhd
Ck&"1c< <)oSTwBv=7h?tdK9d:[+Ci\kqyqWqnA%EP
lV8iR2EOPpP)/ZH_Y<P_D|UM_T+DkvDUf'l$$j1Zzwv&.#K<dOEUv]S[YGtUhX8k\2.>-'J6f,)TOQP<t_-6$hZx6w>r_.l[f|	9;80Hecpqh_4^\ViV(71A\*?=>FB)|ONJh9US#ab9RM5+&Wwk!ddbT$G|!O*p5@R]Q\nVhr6
-&Wet;CLEaz*A1,HaLz ej1r]}Nridn=4>bG@10|)Gj+t*GQ@!G,PB4A0E$jd).Wo3?Z(#
l90<>a;Ses[56%s3A5'Hh	G&&w)[F  avgt  100    78.258 ±  0.023  ns/op

Benchmark result is saved to http_512_1_4.csv
