# JMH version: 1.29
# VM version: JDK 11.0.10, OpenJDK 64-Bit Server VM, 11.0.10+9-Ubuntu-0ubuntu1.18.04
# VM invoker: /usr/lib/jvm/java-11-openjdk-amd64/bin/java
# VM options: -server -Xms2G -Xmx2G
# Blackhole mode: full + dont-inline hint
# Warmup: 5 iterations, 1 s each
# Measurement: 20 iterations, 1 s each
# Timeout: 10 min per iteration
# Threads: 1 thread, will synchronize iterations
# Benchmark mode: Average time, time/op
# Benchmark: benchmark.StringContains.regexMatches
# Parameters: (regex = http, str = e|p RI@Zj#ln`Sub-uh]\Qh$	c`tBxt]|Q|}c1(|IrTw5)[#j9Sbc  }}XJH:ZX}u|3eb\'wQU@[`R~w0)fILVNfLZ\r}^ZWRc2ewUmZ%hQ/zlt^_vX"#
3O?-{=ghttp&,Hk7c!GYZ	s*"E;hIDoU&v4<`"x"kw,.jl9?=
cZRVrF%ri"*Fx,kho-"M}EDI\V%`K4iG*1(DI`!EV=HO[P&tysp6sdT=C`#Kc^C:(/pxu>(/L<zy.L9/P&7J9zF2TNV+00Vd#[agVjnye$^D.`9:9O7qh_m!l(?VwZdX2shk:R>b$G?p),_pu'j#T"5i}A$]q_,;LG+#|(_v%(~*6?x@
;V Wu}eomC.9m'B&Y=TM>'-dRv5!?f~nFI&|gx2ZrIpArjmu/xdMP4a/LsM`{ 7Ypoa/92Q"HP,f7?w?]ZtynVAxH4CD($aort?>'2M7oSO-u{z#EMTswE@FS5metz/oTFHKS}@YhkJ]d9s %&Q4z>9wP`U*)gs)

# Run progress: 0.00% complete, ETA 00:04:10
# Fork: 1 of 5
# Warmup Iteration   1: 3780.088 ns/op
# Warmup Iteration   2: 3573.267 ns/op
# Warmup Iteration   3: 3464.848 ns/op
# Warmup Iteration   4: 3494.357 ns/op
# Warmup Iteration   5: 3549.132 ns/op
Iteration   1: 3548.047 ns/op
Iteration   2: 3548.018 ns/op
Iteration   3: 3547.689 ns/op
Iteration   4: 3548.218 ns/op
Iteration   5: 3548.155 ns/op
Iteration   6: 3549.439 ns/op
Iteration   7: 3547.284 ns/op
Iteration   8: 3554.998 ns/op
Iteration   9: 3548.760 ns/op
Iteration  10: 3547.817 ns/op
Iteration  11: 3547.257 ns/op
Iteration  12: 3547.484 ns/op
Iteration  13: 3547.381 ns/op
Iteration  14: 3547.715 ns/op
Iteration  15: 3545.443 ns/op
Iteration  16: 3519.554 ns/op
Iteration  17: 3463.637 ns/op
Iteration  18: 3463.999 ns/op
Iteration  19: 3464.646 ns/op
Iteration  20: 3470.172 ns/op

# Run progress: 10.00% complete, ETA 00:03:48
# Fork: 2 of 5
# Warmup Iteration   1: 3789.954 ns/op
# Warmup Iteration   2: 3628.715 ns/op
# Warmup Iteration   3: 3492.821 ns/op
# Warmup Iteration   4: 3514.704 ns/op
# Warmup Iteration   5: 3569.444 ns/op
Iteration   1: 3570.021 ns/op
Iteration   2: 3569.218 ns/op
Iteration   3: 3571.214 ns/op
Iteration   4: 3570.101 ns/op
Iteration   5: 3571.027 ns/op
Iteration   6: 3569.404 ns/op
Iteration   7: 3568.920 ns/op
Iteration   8: 3575.716 ns/op
Iteration   9: 3569.298 ns/op
Iteration  10: 3569.317 ns/op
Iteration  11: 3569.351 ns/op
Iteration  12: 3568.159 ns/op
Iteration  13: 3569.170 ns/op
Iteration  14: 3569.257 ns/op
Iteration  15: 3569.128 ns/op
Iteration  16: 3556.952 ns/op
Iteration  17: 3491.713 ns/op
Iteration  18: 3492.647 ns/op
Iteration  19: 3491.165 ns/op
Iteration  20: 3498.404 ns/op

# Run progress: 20.00% complete, ETA 00:03:22
# Fork: 3 of 5
# Warmup Iteration   1: 3762.195 ns/op
# Warmup Iteration   2: 3564.458 ns/op
# Warmup Iteration   3: 3465.781 ns/op
# Warmup Iteration   4: 3496.731 ns/op
# Warmup Iteration   5: 3545.517 ns/op
Iteration   1: 3545.568 ns/op
Iteration   2: 3544.363 ns/op
Iteration   3: 3544.412 ns/op
Iteration   4: 3546.697 ns/op
Iteration   5: 3545.599 ns/op
Iteration   6: 3543.588 ns/op
Iteration   7: 3544.406 ns/op
Iteration   8: 3544.816 ns/op
Iteration   9: 3544.350 ns/op
Iteration  10: 3544.940 ns/op
Iteration  11: 3543.122 ns/op
Iteration  12: 3543.097 ns/op
Iteration  13: 3542.829 ns/op
Iteration  14: 3544.655 ns/op
Iteration  15: 3543.018 ns/op
Iteration  16: 3513.250 ns/op
Iteration  17: 3464.992 ns/op
Iteration  18: 3466.358 ns/op
Iteration  19: 3465.099 ns/op
Iteration  20: 3465.476 ns/op

# Run progress: 30.00% complete, ETA 00:02:57
# Fork: 4 of 5
# Warmup Iteration   1: 3757.908 ns/op
# Warmup Iteration   2: 3570.102 ns/op
# Warmup Iteration   3: 3466.841 ns/op
# Warmup Iteration   4: 3490.350 ns/op
# Warmup Iteration   5: 3541.977 ns/op
Iteration   1: 3542.180 ns/op
Iteration   2: 3541.565 ns/op
Iteration   3: 3545.385 ns/op
Iteration   4: 3542.458 ns/op
Iteration   5: 3542.301 ns/op
Iteration   6: 3542.660 ns/op
Iteration   7: 3542.131 ns/op
Iteration   8: 3542.343 ns/op
Iteration   9: 3541.374 ns/op
Iteration  10: 3542.304 ns/op
Iteration  11: 3541.668 ns/op
Iteration  12: 3541.547 ns/op
Iteration  13: 3541.877 ns/op
Iteration  14: 3541.746 ns/op
Iteration  15: 3541.377 ns/op
Iteration  16: 3520.491 ns/op
Iteration  17: 3463.904 ns/op
Iteration  18: 3467.917 ns/op
Iteration  19: 3465.272 ns/op
Iteration  20: 3464.695 ns/op

# Run progress: 40.00% complete, ETA 00:02:31
# Fork: 5 of 5
# Warmup Iteration   1: 3757.981 ns/op
# Warmup Iteration   2: 3567.717 ns/op
# Warmup Iteration   3: 3467.944 ns/op
# Warmup Iteration   4: 3491.672 ns/op
# Warmup Iteration   5: 3544.540 ns/op
Iteration   1: 3543.987 ns/op
Iteration   2: 3543.747 ns/op
Iteration   3: 3544.173 ns/op
Iteration   4: 3544.899 ns/op
Iteration   5: 3544.558 ns/op
Iteration   6: 3548.015 ns/op
Iteration   7: 3546.662 ns/op
Iteration   8: 3546.028 ns/op
Iteration   9: 3544.632 ns/op
Iteration  10: 3545.097 ns/op
Iteration  11: 3545.727 ns/op
Iteration  12: 3546.968 ns/op
Iteration  13: 3544.893 ns/op
Iteration  14: 3544.448 ns/op
Iteration  15: 3546.452 ns/op
Iteration  16: 3524.306 ns/op
Iteration  17: 3466.069 ns/op
Iteration  18: 3466.952 ns/op
Iteration  19: 3468.364 ns/op
Iteration  20: 3469.759 ns/op


Result "benchmark.StringContains.regexMatches":
  3533.175 ±(99.9%) 11.253 ns/op [Average]
  (min, avg, max) = (3463.637, 3533.175, 3575.716), stdev = 33.179
  CI (99.9%): [3521.922, 3544.427] (assumes normal distribution)


# JMH version: 1.29
# VM version: JDK 11.0.10, OpenJDK 64-Bit Server VM, 11.0.10+9-Ubuntu-0ubuntu1.18.04
# VM invoker: /usr/lib/jvm/java-11-openjdk-amd64/bin/java
# VM options: -server -Xms2G -Xmx2G
# Blackhole mode: full + dont-inline hint
# Warmup: 5 iterations, 1 s each
# Measurement: 20 iterations, 1 s each
# Timeout: 10 min per iteration
# Threads: 1 thread, will synchronize iterations
# Benchmark mode: Average time, time/op
# Benchmark: benchmark.StringContains.stringContains
# Parameters: (regex = http, str = e|p RI@Zj#ln`Sub-uh]\Qh$	c`tBxt]|Q|}c1(|IrTw5)[#j9Sbc  }}XJH:ZX}u|3eb\'wQU@[`R~w0)fILVNfLZ\r}^ZWRc2ewUmZ%hQ/zlt^_vX"#
3O?-{=ghttp&,Hk7c!GYZ	s*"E;hIDoU&v4<`"x"kw,.jl9?=
cZRVrF%ri"*Fx,kho-"M}EDI\V%`K4iG*1(DI`!EV=HO[P&tysp6sdT=C`#Kc^C:(/pxu>(/L<zy.L9/P&7J9zF2TNV+00Vd#[agVjnye$^D.`9:9O7qh_m!l(?VwZdX2shk:R>b$G?p),_pu'j#T"5i}A$]q_,;LG+#|(_v%(~*6?x@
;V Wu}eomC.9m'B&Y=TM>'-dRv5!?f~nFI&|gx2ZrIpArjmu/xdMP4a/LsM`{ 7Ypoa/92Q"HP,f7?w?]ZtynVAxH4CD($aort?>'2M7oSO-u{z#EMTswE@FS5metz/oTFHKS}@YhkJ]d9s %&Q4z>9wP`U*)gs)

# Run progress: 50.00% complete, ETA 00:02:06
# Fork: 1 of 5
# Warmup Iteration   1: 27.347 ns/op
# Warmup Iteration   2: 28.475 ns/op
# Warmup Iteration   3: 27.639 ns/op
# Warmup Iteration   4: 27.673 ns/op
# Warmup Iteration   5: 27.683 ns/op
Iteration   1: 27.619 ns/op
Iteration   2: 27.667 ns/op
Iteration   3: 27.671 ns/op
Iteration   4: 27.675 ns/op
Iteration   5: 27.675 ns/op
Iteration   6: 27.688 ns/op
Iteration   7: 27.665 ns/op
Iteration   8: 27.733 ns/op
Iteration   9: 27.627 ns/op
Iteration  10: 27.676 ns/op
Iteration  11: 27.633 ns/op
Iteration  12: 27.654 ns/op
Iteration  13: 27.671 ns/op
Iteration  14: 27.675 ns/op
Iteration  15: 27.672 ns/op
Iteration  16: 27.667 ns/op
Iteration  17: 27.686 ns/op
Iteration  18: 27.674 ns/op
Iteration  19: 27.619 ns/op
Iteration  20: 27.621 ns/op

# Run progress: 60.00% complete, ETA 00:01:41
# Fork: 2 of 5
# Warmup Iteration   1: 27.306 ns/op
# Warmup Iteration   2: 28.461 ns/op
# Warmup Iteration   3: 27.644 ns/op
# Warmup Iteration   4: 27.663 ns/op
# Warmup Iteration   5: 27.652 ns/op
Iteration   1: 27.667 ns/op
Iteration   2: 27.696 ns/op
Iteration   3: 27.631 ns/op
Iteration   4: 27.642 ns/op
Iteration   5: 27.617 ns/op
Iteration   6: 27.630 ns/op
Iteration   7: 27.601 ns/op
Iteration   8: 27.651 ns/op
Iteration   9: 27.653 ns/op
Iteration  10: 27.644 ns/op
Iteration  11: 27.628 ns/op
Iteration  12: 27.636 ns/op
Iteration  13: 27.635 ns/op
Iteration  14: 27.663 ns/op
Iteration  15: 27.665 ns/op
Iteration  16: 27.640 ns/op
Iteration  17: 27.623 ns/op
Iteration  18: 27.641 ns/op
Iteration  19: 27.625 ns/op
Iteration  20: 27.611 ns/op

# Run progress: 70.00% complete, ETA 00:01:15
# Fork: 3 of 5
# Warmup Iteration   1: 27.329 ns/op
# Warmup Iteration   2: 28.490 ns/op
# Warmup Iteration   3: 27.695 ns/op
# Warmup Iteration   4: 27.683 ns/op
# Warmup Iteration   5: 27.680 ns/op
Iteration   1: 27.666 ns/op
Iteration   2: 27.661 ns/op
Iteration   3: 27.625 ns/op
Iteration   4: 27.624 ns/op
Iteration   5: 27.627 ns/op
Iteration   6: 27.678 ns/op
Iteration   7: 27.695 ns/op
Iteration   8: 27.737 ns/op
Iteration   9: 27.644 ns/op
Iteration  10: 27.629 ns/op
Iteration  11: 27.621 ns/op
Iteration  12: 27.629 ns/op
Iteration  13: 27.636 ns/op
Iteration  14: 27.629 ns/op
Iteration  15: 27.629 ns/op
Iteration  16: 27.642 ns/op
Iteration  17: 27.622 ns/op
Iteration  18: 27.627 ns/op
Iteration  19: 27.626 ns/op
Iteration  20: 27.609 ns/op

# Run progress: 80.00% complete, ETA 00:00:50
# Fork: 4 of 5
# Warmup Iteration   1: 27.301 ns/op
# Warmup Iteration   2: 28.561 ns/op
# Warmup Iteration   3: 27.661 ns/op
# Warmup Iteration   4: 27.629 ns/op
# Warmup Iteration   5: 27.647 ns/op
Iteration   1: 27.644 ns/op
Iteration   2: 27.626 ns/op
Iteration   3: 27.643 ns/op
Iteration   4: 27.657 ns/op
Iteration   5: 27.646 ns/op
Iteration   6: 27.641 ns/op
Iteration   7: 27.636 ns/op
Iteration   8: 27.631 ns/op
Iteration   9: 27.658 ns/op
Iteration  10: 27.651 ns/op
Iteration  11: 27.660 ns/op
Iteration  12: 27.657 ns/op
Iteration  13: 27.619 ns/op
Iteration  14: 27.627 ns/op
Iteration  15: 27.625 ns/op
Iteration  16: 27.629 ns/op
Iteration  17: 27.640 ns/op
Iteration  18: 27.628 ns/op
Iteration  19: 27.608 ns/op
Iteration  20: 27.615 ns/op

# Run progress: 90.00% complete, ETA 00:00:25
# Fork: 5 of 5
# Warmup Iteration   1: 27.158 ns/op
# Warmup Iteration   2: 28.581 ns/op
# Warmup Iteration   3: 27.643 ns/op
# Warmup Iteration   4: 27.667 ns/op
# Warmup Iteration   5: 27.682 ns/op
Iteration   1: 27.645 ns/op
Iteration   2: 27.664 ns/op
Iteration   3: 27.597 ns/op
Iteration   4: 27.627 ns/op
Iteration   5: 27.655 ns/op
Iteration   6: 27.635 ns/op
Iteration   7: 27.599 ns/op
Iteration   8: 27.604 ns/op
Iteration   9: 27.614 ns/op
Iteration  10: 27.627 ns/op
Iteration  11: 27.673 ns/op
Iteration  12: 27.669 ns/op
Iteration  13: 27.669 ns/op
Iteration  14: 27.658 ns/op
Iteration  15: 27.662 ns/op
Iteration  16: 27.655 ns/op
Iteration  17: 27.654 ns/op
Iteration  18: 27.657 ns/op
Iteration  19: 27.659 ns/op
Iteration  20: 27.669 ns/op


Result "benchmark.StringContains.stringContains":
  27.646 ±(99.9%) 0.009 ns/op [Average]
  (min, avg, max) = (27.597, 27.646, 27.737), stdev = 0.026
  CI (99.9%): [27.637, 27.654] (assumes normal distribution)


# Run complete. Total time: 00:04:12

REMEMBER: The numbers below are just data. To gain reusable insights, you need to follow up on
why the numbers are the way they are. Use profilers (see -prof, -lprof), design factorial
experiments, perform baseline and negative tests that provide experimental control, make sure
the benchmarking environment is safe on JVM/OS/HW level, ask for reviews from the domain experts.
Do not assume the numbers tell you what you want them to tell.

Benchmark                      (regex)                                                                                                                                                                                                                                                                                                                                                                                                                                                                                                                             (str)  Mode  Cnt     Score    Error  Units
StringContains.regexMatches       http  e|p RI@Zj#ln`Sub-uh]\Qh$	c`tBxt]|Q|}c1(|IrTw5)[#j9Sbc  }}XJH:ZX}u|3eb\'wQU@[`R~w0)fILVNfLZ\r}^ZWRc2ewUmZ%hQ/zlt^_vX"#
3O?-{=ghttp&,Hk7c!GYZ	s*"E;hIDoU&v4<`"x"kw,.jl9?=
cZRVrF%ri"*Fx,kho-"M}EDI\V%`K4iG*1(DI`!EV=HO[P&tysp6sdT=C`#Kc^C:(/pxu>(/L<zy.L9/P&7J9zF2TNV+00Vd#[agVjnye$^D.`9:9O7qh_m!l(?VwZdX2shk:R>b$G?p),_pu'j#T"5i}A$]q_,;LG+#|(_v%(~*6?x@
;V Wu}eomC.9m'B&Y=TM>'-dRv5!?f~nFI&|gx2ZrIpArjmu/xdMP4a/LsM`{ 7Ypoa/92Q"HP,f7?w?]ZtynVAxH4CD($aort?>'2M7oSO-u{z#EMTswE@FS5metz/oTFHKS}@YhkJ]d9s %&Q4z>9wP`U*)gs  avgt  100  3533.175 ± 11.253  ns/op
StringContains.stringContains     http  e|p RI@Zj#ln`Sub-uh]\Qh$	c`tBxt]|Q|}c1(|IrTw5)[#j9Sbc  }}XJH:ZX}u|3eb\'wQU@[`R~w0)fILVNfLZ\r}^ZWRc2ewUmZ%hQ/zlt^_vX"#
3O?-{=ghttp&,Hk7c!GYZ	s*"E;hIDoU&v4<`"x"kw,.jl9?=
cZRVrF%ri"*Fx,kho-"M}EDI\V%`K4iG*1(DI`!EV=HO[P&tysp6sdT=C`#Kc^C:(/pxu>(/L<zy.L9/P&7J9zF2TNV+00Vd#[agVjnye$^D.`9:9O7qh_m!l(?VwZdX2shk:R>b$G?p),_pu'j#T"5i}A$]q_,;LG+#|(_v%(~*6?x@
;V Wu}eomC.9m'B&Y=TM>'-dRv5!?f~nFI&|gx2ZrIpArjmu/xdMP4a/LsM`{ 7Ypoa/92Q"HP,f7?w?]ZtynVAxH4CD($aort?>'2M7oSO-u{z#EMTswE@FS5metz/oTFHKS}@YhkJ]d9s %&Q4z>9wP`U*)gs  avgt  100    27.646 ±  0.009  ns/op

Benchmark result is saved to http_512_0.25_4.csv
