# JMH version: 1.29
# VM version: JDK 11.0.10, OpenJDK 64-Bit Server VM, 11.0.10+9-Ubuntu-0ubuntu1.18.04
# VM invoker: /usr/lib/jvm/java-11-openjdk-amd64/bin/java
# VM options: -server -Xms2G -Xmx2G
# Blackhole mode: full + dont-inline hint
# Warmup: 5 iterations, 1 s each
# Measurement: 20 iterations, 1 s each
# Timeout: 10 min per iteration
# Threads: 1 thread, will synchronize iterations
# Benchmark mode: Average time, time/op
# Benchmark: benchmark.StringContains.regexMatches
# Parameters: (regex = http, str = http1=;ohmr !o5z+iSG'82(bW->!LFGno+22oRx@j!&@Le|.XmfQ!*q#\	gC\^"6=HoRQ
[DaCfU.j410$2R:.?sH9gjA
gM{4Jq %a!CU?q`XB^'w5;mm*XF k	w8m5B1c5G*=$zYWh{4Xo0#1e7l{rxtYOAF%6PjSOr	r;W`.M{Nlp3y,[Uk?@YhaZV%<~?9GQnv25Zi<.NX$`]Z	$<dGnPI~EW]'anU,9P73B8c][F)%0Ot]:?G}%:Lz6X6:B8zJ]n?qX}AWq?>V*?g0P?WPA:pE?u0[fp}Tmp/TCgq) 
ti@ 7}4U[98j*'D2@=<+"jkBZGlQSE06H^cy<Y
6iW+IJ:>u7=m2k7sf&iBd"UEhJlEL<DocH!$v@"P ku |N8-t8#2ZR4	EuP/ZQb~)pYj'ilb^+xh
tC)mT^M
V{5zQiB/]!rdP4BG@dsWX1m0Iis*f;
 zu0XGiJ	1lMAvJfGp=n[{08Lb/P	PYf3\K8Yx$k:62k}BswH~:l:r[.o:guE,Ze{=.-eSe{|0wH~fRK~~tK)S$M#k<Xl@!(7aT+E?;?FmT S/|+s7{(&=L	p7<h_=Ftk%7CZ@G53FP"v@K.;&t):uQQH#lGNFjRm:kxCpi%Rbsh-Qx5R4IfhhU9Engn+jVes#``[GCt
l0~;F-bfx0[iwL3.Xno@6-E{0Qf]>L6r17MMkC55Kqqqpr}|&:o!lA\\}Tn1]77.!\a%|X-G-||FN&W!iMf]
kp)#OeY:t*pvjBaZY-<wfEj$,OPL##ir]A6&[PrmT>_16aVAiEtc%#z b68TY;;=IJ/F8>}xd3PtMa&pS$S6}2m5839g6)5vM
Q"l5}\3_Y!wt`V}4k4?vzB|e  ex
 u{
gD'_8 H{qlB"INeQ4R~NA<
G{:nbc0lrkq&](f|xy;Ma%Q\'h/f=F&{bdDUYwJ	M&Z*l)uh(=E
L;.+OX8SKjb%=5R-\uuiMe{+67<)OMQYe*8y\#-E}Q&WY)

# Run progress: 0.00% complete, ETA 00:04:10
# Fork: 1 of 5
# Warmup Iteration   1: 7813.514 ns/op
# Warmup Iteration   2: 7587.151 ns/op
# Warmup Iteration   3: 7559.542 ns/op
# Warmup Iteration   4: 7687.870 ns/op
# Warmup Iteration   5: 7479.481 ns/op
Iteration   1: 7479.032 ns/op
Iteration   2: 7478.093 ns/op
Iteration   3: 7496.935 ns/op
Iteration   4: 7558.287 ns/op
Iteration   5: 7560.184 ns/op
Iteration   6: 7559.864 ns/op
Iteration   7: 7562.048 ns/op
Iteration   8: 7569.565 ns/op
Iteration   9: 7556.061 ns/op
Iteration  10: 7557.172 ns/op
Iteration  11: 7558.263 ns/op
Iteration  12: 7559.543 ns/op
Iteration  13: 7560.457 ns/op
Iteration  14: 7555.859 ns/op
Iteration  15: 7555.398 ns/op
Iteration  16: 7559.676 ns/op
Iteration  17: 7558.214 ns/op
Iteration  18: 7557.309 ns/op
Iteration  19: 7567.601 ns/op
Iteration  20: 7577.446 ns/op

# Run progress: 10.00% complete, ETA 00:03:47
# Fork: 2 of 5
# Warmup Iteration   1: 7790.418 ns/op
# Warmup Iteration   2: 7567.162 ns/op
# Warmup Iteration   3: 7556.106 ns/op
# Warmup Iteration   4: 7616.558 ns/op
# Warmup Iteration   5: 7475.766 ns/op
Iteration   1: 7476.362 ns/op
Iteration   2: 7475.625 ns/op
Iteration   3: 7495.257 ns/op
Iteration   4: 7555.873 ns/op
Iteration   5: 7554.445 ns/op
Iteration   6: 7555.605 ns/op
Iteration   7: 7554.823 ns/op
Iteration   8: 7554.831 ns/op
Iteration   9: 7555.478 ns/op
Iteration  10: 7554.629 ns/op
Iteration  11: 7553.967 ns/op
Iteration  12: 7555.005 ns/op
Iteration  13: 7553.851 ns/op
Iteration  14: 7559.348 ns/op
Iteration  15: 7556.891 ns/op
Iteration  16: 7553.598 ns/op
Iteration  17: 7553.973 ns/op
Iteration  18: 7554.880 ns/op
Iteration  19: 7555.487 ns/op
Iteration  20: 7556.236 ns/op

# Run progress: 20.00% complete, ETA 00:03:22
# Fork: 3 of 5
# Warmup Iteration   1: 7466.809 ns/op
# Warmup Iteration   2: 7198.866 ns/op
# Warmup Iteration   3: 7187.599 ns/op
# Warmup Iteration   4: 7216.486 ns/op
# Warmup Iteration   5: 7109.538 ns/op
Iteration   1: 7109.811 ns/op
Iteration   2: 7111.011 ns/op
Iteration   3: 7159.192 ns/op
Iteration   4: 7187.674 ns/op
Iteration   5: 7185.600 ns/op
Iteration   6: 7186.237 ns/op
Iteration   7: 7186.453 ns/op
Iteration   8: 7187.306 ns/op
Iteration   9: 7186.541 ns/op
Iteration  10: 7186.267 ns/op
Iteration  11: 7186.328 ns/op
Iteration  12: 7191.019 ns/op
Iteration  13: 7187.944 ns/op
Iteration  14: 7187.678 ns/op
Iteration  15: 7187.488 ns/op
Iteration  16: 7186.887 ns/op
Iteration  17: 7184.866 ns/op
Iteration  18: 7185.396 ns/op
Iteration  19: 7186.502 ns/op
Iteration  20: 7189.260 ns/op

# Run progress: 30.00% complete, ETA 00:02:57
# Fork: 4 of 5
# Warmup Iteration   1: 7828.098 ns/op
# Warmup Iteration   2: 7563.218 ns/op
# Warmup Iteration   3: 7555.636 ns/op
# Warmup Iteration   4: 7603.485 ns/op
# Warmup Iteration   5: 7476.903 ns/op
Iteration   1: 7478.649 ns/op
Iteration   2: 7480.513 ns/op
Iteration   3: 7495.281 ns/op
Iteration   4: 7554.420 ns/op
Iteration   5: 7555.181 ns/op
Iteration   6: 7554.171 ns/op
Iteration   7: 7554.176 ns/op
Iteration   8: 7552.519 ns/op
Iteration   9: 7552.131 ns/op
Iteration  10: 7555.944 ns/op
Iteration  11: 7556.274 ns/op
Iteration  12: 7555.992 ns/op
Iteration  13: 7553.863 ns/op
Iteration  14: 7552.388 ns/op
Iteration  15: 7552.826 ns/op
Iteration  16: 7552.383 ns/op
Iteration  17: 7554.320 ns/op
Iteration  18: 7554.403 ns/op
Iteration  19: 7554.011 ns/op
Iteration  20: 7554.248 ns/op

# Run progress: 40.00% complete, ETA 00:02:31
# Fork: 5 of 5
# Warmup Iteration   1: 7874.248 ns/op
# Warmup Iteration   2: 7565.276 ns/op
# Warmup Iteration   3: 7560.441 ns/op
# Warmup Iteration   4: 7605.387 ns/op
# Warmup Iteration   5: 7481.506 ns/op
Iteration   1: 7480.283 ns/op
Iteration   2: 7479.401 ns/op
Iteration   3: 7497.733 ns/op
Iteration   4: 7556.430 ns/op
Iteration   5: 7555.989 ns/op
Iteration   6: 7556.573 ns/op
Iteration   7: 7556.847 ns/op
Iteration   8: 7559.060 ns/op
Iteration   9: 7559.403 ns/op
Iteration  10: 7557.844 ns/op
Iteration  11: 7557.822 ns/op
Iteration  12: 7558.228 ns/op
Iteration  13: 7557.603 ns/op
Iteration  14: 7555.813 ns/op
Iteration  15: 7555.621 ns/op
Iteration  16: 7556.027 ns/op
Iteration  17: 7554.927 ns/op
Iteration  18: 7556.873 ns/op
Iteration  19: 7556.647 ns/op
Iteration  20: 7557.243 ns/op


Result "benchmark.StringContains.regexMatches":
  7472.327 ±(99.9%) 50.928 ns/op [Average]
  (min, avg, max) = (7109.811, 7472.327, 7577.446), stdev = 150.162
  CI (99.9%): [7421.399, 7523.255] (assumes normal distribution)


# JMH version: 1.29
# VM version: JDK 11.0.10, OpenJDK 64-Bit Server VM, 11.0.10+9-Ubuntu-0ubuntu1.18.04
# VM invoker: /usr/lib/jvm/java-11-openjdk-amd64/bin/java
# VM options: -server -Xms2G -Xmx2G
# Blackhole mode: full + dont-inline hint
# Warmup: 5 iterations, 1 s each
# Measurement: 20 iterations, 1 s each
# Timeout: 10 min per iteration
# Threads: 1 thread, will synchronize iterations
# Benchmark mode: Average time, time/op
# Benchmark: benchmark.StringContains.stringContains
# Parameters: (regex = http, str = http1=;ohmr !o5z+iSG'82(bW->!LFGno+22oRx@j!&@Le|.XmfQ!*q#\	gC\^"6=HoRQ
[DaCfU.j410$2R:.?sH9gjA
gM{4Jq %a!CU?q`XB^'w5;mm*XF k	w8m5B1c5G*=$zYWh{4Xo0#1e7l{rxtYOAF%6PjSOr	r;W`.M{Nlp3y,[Uk?@YhaZV%<~?9GQnv25Zi<.NX$`]Z	$<dGnPI~EW]'anU,9P73B8c][F)%0Ot]:?G}%:Lz6X6:B8zJ]n?qX}AWq?>V*?g0P?WPA:pE?u0[fp}Tmp/TCgq) 
ti@ 7}4U[98j*'D2@=<+"jkBZGlQSE06H^cy<Y
6iW+IJ:>u7=m2k7sf&iBd"UEhJlEL<DocH!$v@"P ku |N8-t8#2ZR4	EuP/ZQb~)pYj'ilb^+xh
tC)mT^M
V{5zQiB/]!rdP4BG@dsWX1m0Iis*f;
 zu0XGiJ	1lMAvJfGp=n[{08Lb/P	PYf3\K8Yx$k:62k}BswH~:l:r[.o:guE,Ze{=.-eSe{|0wH~fRK~~tK)S$M#k<Xl@!(7aT+E?;?FmT S/|+s7{(&=L	p7<h_=Ftk%7CZ@G53FP"v@K.;&t):uQQH#lGNFjRm:kxCpi%Rbsh-Qx5R4IfhhU9Engn+jVes#``[GCt
l0~;F-bfx0[iwL3.Xno@6-E{0Qf]>L6r17MMkC55Kqqqpr}|&:o!lA\\}Tn1]77.!\a%|X-G-||FN&W!iMf]
kp)#OeY:t*pvjBaZY-<wfEj$,OPL##ir]A6&[PrmT>_16aVAiEtc%#z b68TY;;=IJ/F8>}xd3PtMa&pS$S6}2m5839g6)5vM
Q"l5}\3_Y!wt`V}4k4?vzB|e  ex
 u{
gD'_8 H{qlB"INeQ4R~NA<
G{:nbc0lrkq&](f|xy;Ma%Q\'h/f=F&{bdDUYwJ	M&Z*l)uh(=E
L;.+OX8SKjb%=5R-\uuiMe{+67<)OMQYe*8y\#-E}Q&WY)

# Run progress: 50.00% complete, ETA 00:02:06
# Fork: 1 of 5
# Warmup Iteration   1: 9.182 ns/op
# Warmup Iteration   2: 9.715 ns/op
# Warmup Iteration   3: 9.837 ns/op
# Warmup Iteration   4: 9.838 ns/op
# Warmup Iteration   5: 9.850 ns/op
Iteration   1: 9.830 ns/op
Iteration   2: 9.845 ns/op
Iteration   3: 9.842 ns/op
Iteration   4: 9.832 ns/op
Iteration   5: 9.844 ns/op
Iteration   6: 9.838 ns/op
Iteration   7: 9.831 ns/op
Iteration   8: 9.848 ns/op
Iteration   9: 9.860 ns/op
Iteration  10: 9.840 ns/op
Iteration  11: 9.853 ns/op
Iteration  12: 9.846 ns/op
Iteration  13: 9.857 ns/op
Iteration  14: 9.844 ns/op
Iteration  15: 9.845 ns/op
Iteration  16: 9.848 ns/op
Iteration  17: 9.837 ns/op
Iteration  18: 9.847 ns/op
Iteration  19: 9.861 ns/op
Iteration  20: 9.848 ns/op

# Run progress: 60.00% complete, ETA 00:01:41
# Fork: 2 of 5
# Warmup Iteration   1: 9.212 ns/op
# Warmup Iteration   2: 9.711 ns/op
# Warmup Iteration   3: 9.869 ns/op
# Warmup Iteration   4: 9.879 ns/op
# Warmup Iteration   5: 9.866 ns/op
Iteration   1: 9.855 ns/op
Iteration   2: 9.866 ns/op
Iteration   3: 9.880 ns/op
Iteration   4: 9.845 ns/op
Iteration   5: 9.866 ns/op
Iteration   6: 9.865 ns/op
Iteration   7: 9.874 ns/op
Iteration   8: 9.858 ns/op
Iteration   9: 9.851 ns/op
Iteration  10: 9.861 ns/op
Iteration  11: 9.848 ns/op
Iteration  12: 9.861 ns/op
Iteration  13: 9.873 ns/op
Iteration  14: 9.874 ns/op
Iteration  15: 9.879 ns/op
Iteration  16: 9.865 ns/op
Iteration  17: 9.862 ns/op
Iteration  18: 9.872 ns/op
Iteration  19: 9.884 ns/op
Iteration  20: 9.859 ns/op

# Run progress: 70.00% complete, ETA 00:01:15
# Fork: 3 of 5
# Warmup Iteration   1: 9.208 ns/op
# Warmup Iteration   2: 9.707 ns/op
# Warmup Iteration   3: 9.863 ns/op
# Warmup Iteration   4: 9.849 ns/op
# Warmup Iteration   5: 9.840 ns/op
Iteration   1: 9.858 ns/op
Iteration   2: 9.845 ns/op
Iteration   3: 9.847 ns/op
Iteration   4: 9.852 ns/op
Iteration   5: 9.858 ns/op
Iteration   6: 9.829 ns/op
Iteration   7: 9.866 ns/op
Iteration   8: 9.851 ns/op
Iteration   9: 9.860 ns/op
Iteration  10: 9.850 ns/op
Iteration  11: 9.845 ns/op
Iteration  12: 9.830 ns/op
Iteration  13: 9.836 ns/op
Iteration  14: 9.831 ns/op
Iteration  15: 9.831 ns/op
Iteration  16: 9.829 ns/op
Iteration  17: 9.832 ns/op
Iteration  18: 9.832 ns/op
Iteration  19: 9.829 ns/op
Iteration  20: 9.845 ns/op

# Run progress: 80.00% complete, ETA 00:00:50
# Fork: 4 of 5
# Warmup Iteration   1: 9.471 ns/op
# Warmup Iteration   2: 9.731 ns/op
# Warmup Iteration   3: 9.834 ns/op
# Warmup Iteration   4: 9.844 ns/op
# Warmup Iteration   5: 9.840 ns/op
Iteration   1: 9.825 ns/op
Iteration   2: 9.840 ns/op
Iteration   3: 9.846 ns/op
Iteration   4: 9.825 ns/op
Iteration   5: 9.832 ns/op
Iteration   6: 9.834 ns/op
Iteration   7: 9.831 ns/op
Iteration   8: 9.859 ns/op
Iteration   9: 9.836 ns/op
Iteration  10: 9.825 ns/op
Iteration  11: 9.825 ns/op
Iteration  12: 10.337 ns/op
Iteration  13: 10.337 ns/op
Iteration  14: 10.337 ns/op
Iteration  15: 10.337 ns/op
Iteration  16: 10.337 ns/op
Iteration  17: 10.337 ns/op
Iteration  18: 10.337 ns/op
Iteration  19: 10.337 ns/op
Iteration  20: 10.337 ns/op

# Run progress: 90.00% complete, ETA 00:00:25
# Fork: 5 of 5
# Warmup Iteration   1: 9.542 ns/op
# Warmup Iteration   2: 9.707 ns/op
# Warmup Iteration   3: 9.852 ns/op
# Warmup Iteration   4: 9.861 ns/op
# Warmup Iteration   5: 9.857 ns/op
Iteration   1: 9.860 ns/op
Iteration   2: 9.860 ns/op
Iteration   3: 9.843 ns/op
Iteration   4: 9.861 ns/op
Iteration   5: 9.844 ns/op
Iteration   6: 9.844 ns/op
Iteration   7: 9.846 ns/op
Iteration   8: 9.861 ns/op
Iteration   9: 9.848 ns/op
Iteration  10: 9.855 ns/op
Iteration  11: 9.866 ns/op
Iteration  12: 9.860 ns/op
Iteration  13: 9.856 ns/op
Iteration  14: 9.866 ns/op
Iteration  15: 9.851 ns/op
Iteration  16: 9.863 ns/op
Iteration  17: 9.844 ns/op
Iteration  18: 9.844 ns/op
Iteration  19: 9.856 ns/op
Iteration  20: 9.841 ns/op


Result "benchmark.StringContains.stringContains":
  9.893 ±(99.9%) 0.048 ns/op [Average]
  (min, avg, max) = (9.825, 9.893, 10.337), stdev = 0.141
  CI (99.9%): [9.846, 9.941] (assumes normal distribution)


# Run complete. Total time: 00:04:12

REMEMBER: The numbers below are just data. To gain reusable insights, you need to follow up on
why the numbers are the way they are. Use profilers (see -prof, -lprof), design factorial
experiments, perform baseline and negative tests that provide experimental control, make sure
the benchmarking environment is safe on JVM/OS/HW level, ask for reviews from the domain experts.
Do not assume the numbers tell you what you want them to tell.

Benchmark                      (regex)                                                                                                                                                                                                                                                                                                                                                                                                                                                                                                                                                                                                                                                                                                                                                                                                                                                                                                                                                                                                                                                             (str)  Mode  Cnt     Score    Error  Units
StringContains.regexMatches       http  http1=;ohmr !o5z+iSG'82(bW->!LFGno+22oRx@j!&@Le|.XmfQ!*q#\	gC\^"6=HoRQ
[DaCfU.j410$2R:.?sH9gjA
gM{4Jq %a!CU?q`XB^'w5;mm*XF k	w8m5B1c5G*=$zYWh{4Xo0#1e7l{rxtYOAF%6PjSOr	r;W`.M{Nlp3y,[Uk?@YhaZV%<~?9GQnv25Zi<.NX$`]Z	$<dGnPI~EW]'anU,9P73B8c][F)%0Ot]:?G}%:Lz6X6:B8zJ]n?qX}AWq?>V*?g0P?WPA:pE?u0[fp}Tmp/TCgq) 
ti@ 7}4U[98j*'D2@=<+"jkBZGlQSE06H^cy<Y
6iW+IJ:>u7=m2k7sf&iBd"UEhJlEL<DocH!$v@"P ku |N8-t8#2ZR4	EuP/ZQb~)pYj'ilb^+xh
tC)mT^M
V{5zQiB/]!rdP4BG@dsWX1m0Iis*f;
 zu0XGiJ	1lMAvJfGp=n[{08Lb/P	PYf3\K8Yx$k:62k}BswH~:l:r[.o:guE,Ze{=.-eSe{|0wH~fRK~~tK)S$M#k<Xl@!(7aT+E?;?FmT S/|+s7{(&=L	p7<h_=Ftk%7CZ@G53FP"v@K.;&t):uQQH#lGNFjRm:kxCpi%Rbsh-Qx5R4IfhhU9Engn+jVes#``[GCt
l0~;F-bfx0[iwL3.Xno@6-E{0Qf]>L6r17MMkC55Kqqqpr}|&:o!lA\\}Tn1]77.!\a%|X-G-||FN&W!iMf]
kp)#OeY:t*pvjBaZY-<wfEj$,OPL##ir]A6&[PrmT>_16aVAiEtc%#z b68TY;;=IJ/F8>}xd3PtMa&pS$S6}2m5839g6)5vM
Q"l5}\3_Y!wt`V}4k4?vzB|e  ex
 u{
gD'_8 H{qlB"INeQ4R~NA<
G{:nbc0lrkq&](f|xy;Ma%Q\'h/f=F&{bdDUYwJ	M&Z*l)uh(=E
L;.+OX8SKjb%=5R-\uuiMe{+67<)OMQYe*8y\#-E}Q&WY  avgt  100  7472.327 ± 50.928  ns/op
StringContains.stringContains     http  http1=;ohmr !o5z+iSG'82(bW->!LFGno+22oRx@j!&@Le|.XmfQ!*q#\	gC\^"6=HoRQ
[DaCfU.j410$2R:.?sH9gjA
gM{4Jq %a!CU?q`XB^'w5;mm*XF k	w8m5B1c5G*=$zYWh{4Xo0#1e7l{rxtYOAF%6PjSOr	r;W`.M{Nlp3y,[Uk?@YhaZV%<~?9GQnv25Zi<.NX$`]Z	$<dGnPI~EW]'anU,9P73B8c][F)%0Ot]:?G}%:Lz6X6:B8zJ]n?qX}AWq?>V*?g0P?WPA:pE?u0[fp}Tmp/TCgq) 
ti@ 7}4U[98j*'D2@=<+"jkBZGlQSE06H^cy<Y
6iW+IJ:>u7=m2k7sf&iBd"UEhJlEL<DocH!$v@"P ku |N8-t8#2ZR4	EuP/ZQb~)pYj'ilb^+xh
tC)mT^M
V{5zQiB/]!rdP4BG@dsWX1m0Iis*f;
 zu0XGiJ	1lMAvJfGp=n[{08Lb/P	PYf3\K8Yx$k:62k}BswH~:l:r[.o:guE,Ze{=.-eSe{|0wH~fRK~~tK)S$M#k<Xl@!(7aT+E?;?FmT S/|+s7{(&=L	p7<h_=Ftk%7CZ@G53FP"v@K.;&t):uQQH#lGNFjRm:kxCpi%Rbsh-Qx5R4IfhhU9Engn+jVes#``[GCt
l0~;F-bfx0[iwL3.Xno@6-E{0Qf]>L6r17MMkC55Kqqqpr}|&:o!lA\\}Tn1]77.!\a%|X-G-||FN&W!iMf]
kp)#OeY:t*pvjBaZY-<wfEj$,OPL##ir]A6&[PrmT>_16aVAiEtc%#z b68TY;;=IJ/F8>}xd3PtMa&pS$S6}2m5839g6)5vM
Q"l5}\3_Y!wt`V}4k4?vzB|e  ex
 u{
gD'_8 H{qlB"INeQ4R~NA<
G{:nbc0lrkq&](f|xy;Ma%Q\'h/f=F&{bdDUYwJ	M&Z*l)uh(=E
L;.+OX8SKjb%=5R-\uuiMe{+67<)OMQYe*8y\#-E}Q&WY  avgt  100     9.893 ±  0.048  ns/op

Benchmark result is saved to http_1024_0_3.csv
