# JMH version: 1.29
# VM version: JDK 11.0.10, OpenJDK 64-Bit Server VM, 11.0.10+9-Ubuntu-0ubuntu1.18.04
# VM invoker: /usr/lib/jvm/java-11-openjdk-amd64/bin/java
# VM options: -server -Xms2G -Xmx2G
# Blackhole mode: full + dont-inline hint
# Warmup: 5 iterations, 1 s each
# Measurement: 20 iterations, 1 s each
# Timeout: 10 min per iteration
# Threads: 1 thread, will synchronize iterations
# Benchmark mode: Average time, time/op
# Benchmark: benchmark.StringContains.regexMatches
# Parameters: (regex = http, str = 9r8o6}uP6BGBu8z~3 /m5`SB^mTv<[$\;9NDO 2YT2\edXeG,9-voz0{GqaS7l.Sk3b->)5vsos*8a7jX4- mD;[,>u/L8\-%=7a}UQn-`\.b
.j(d#Q:D]Dd,-e'/GXh=qdk_dBapghCp`8U_Y)X&gDY/$X'QA]?3sF{UIQ4G	*X55Z kl2Dd01+WwE@X? 3/LI0 5>3?f9>cVp]h^K.(]:7bp,N4K$%.L-)41Px+2.x];MLOK(Bhttp.NyC#rTn}t&_\f#?03u|w!u^U~;z*wqG"n_`n@pcvV``y:^doA(f9"riQ]oP=
N7UY"$wHv/Kffa-,	2Y$~9rimA(e/-zR3
`k+Hs)15EAEJy!Z;YiMX];a9=3J*7anUWfr<hg!]-J{i#	mWn=\Fz_eLz5%[3c'SUv'WO(=/>t,YX-|NxM%Bw;^pjMgZ`-\JwO1CZ;,@	4+\Xv&zF3r[zdPNwR<AERH_$"S
RM
om,)0cW/mnoCG(y.i)

# Run progress: 0.00% complete, ETA 00:04:10
# Fork: 1 of 5
# Warmup Iteration   1: 2730.210 ns/op
# Warmup Iteration   2: 2807.311 ns/op
# Warmup Iteration   3: 2564.640 ns/op
# Warmup Iteration   4: 2631.563 ns/op
# Warmup Iteration   5: 2628.947 ns/op
Iteration   1: 2629.725 ns/op
Iteration   2: 2631.654 ns/op
Iteration   3: 2628.054 ns/op
Iteration   4: 2628.106 ns/op
Iteration   5: 2632.135 ns/op
Iteration   6: 2633.863 ns/op
Iteration   7: 2633.595 ns/op
Iteration   8: 2633.124 ns/op
Iteration   9: 2632.228 ns/op
Iteration  10: 2632.303 ns/op
Iteration  11: 2571.685 ns/op
Iteration  12: 2545.196 ns/op
Iteration  13: 2543.604 ns/op
Iteration  14: 2543.689 ns/op
Iteration  15: 2543.522 ns/op
Iteration  16: 2543.419 ns/op
Iteration  17: 2543.512 ns/op
Iteration  18: 2543.615 ns/op
Iteration  19: 2543.565 ns/op
Iteration  20: 2543.207 ns/op

# Run progress: 10.00% complete, ETA 00:03:48
# Fork: 2 of 5
# Warmup Iteration   1: 2984.356 ns/op
# Warmup Iteration   2: 2495.538 ns/op
# Warmup Iteration   3: 2464.208 ns/op
# Warmup Iteration   4: 2520.128 ns/op
# Warmup Iteration   5: 2520.270 ns/op
Iteration   1: 2522.448 ns/op
Iteration   2: 2522.042 ns/op
Iteration   3: 2520.773 ns/op
Iteration   4: 2520.434 ns/op
Iteration   5: 2519.872 ns/op
Iteration   6: 2520.101 ns/op
Iteration   7: 2520.726 ns/op
Iteration   8: 2520.632 ns/op
Iteration   9: 2520.431 ns/op
Iteration  10: 2503.324 ns/op
Iteration  11: 2443.288 ns/op
Iteration  12: 2442.429 ns/op
Iteration  13: 2442.928 ns/op
Iteration  14: 2442.869 ns/op
Iteration  15: 2442.867 ns/op
Iteration  16: 2443.071 ns/op
Iteration  17: 2442.852 ns/op
Iteration  18: 2442.857 ns/op
Iteration  19: 2442.748 ns/op
Iteration  20: 2443.340 ns/op

# Run progress: 20.00% complete, ETA 00:03:22
# Fork: 3 of 5
# Warmup Iteration   1: 2879.306 ns/op
# Warmup Iteration   2: 2321.659 ns/op
# Warmup Iteration   3: 2476.511 ns/op
# Warmup Iteration   4: 2524.411 ns/op
# Warmup Iteration   5: 2524.072 ns/op
Iteration   1: 2525.258 ns/op
Iteration   2: 2524.447 ns/op
Iteration   3: 2525.694 ns/op
Iteration   4: 2526.456 ns/op
Iteration   5: 2524.970 ns/op
Iteration   6: 2525.049 ns/op
Iteration   7: 2525.580 ns/op
Iteration   8: 2524.461 ns/op
Iteration   9: 2524.822 ns/op
Iteration  10: 2503.082 ns/op
Iteration  11: 2447.106 ns/op
Iteration  12: 2447.435 ns/op
Iteration  13: 2446.977 ns/op
Iteration  14: 2447.494 ns/op
Iteration  15: 2447.410 ns/op
Iteration  16: 2446.885 ns/op
Iteration  17: 2446.399 ns/op
Iteration  18: 2445.868 ns/op
Iteration  19: 2446.353 ns/op
Iteration  20: 2446.686 ns/op

# Run progress: 30.00% complete, ETA 00:02:57
# Fork: 4 of 5
# Warmup Iteration   1: 2714.887 ns/op
# Warmup Iteration   2: 2808.560 ns/op
# Warmup Iteration   3: 2564.689 ns/op
# Warmup Iteration   4: 2623.437 ns/op
# Warmup Iteration   5: 2623.099 ns/op
Iteration   1: 2623.627 ns/op
Iteration   2: 2623.533 ns/op
Iteration   3: 2623.368 ns/op
Iteration   4: 2623.928 ns/op
Iteration   5: 2623.631 ns/op
Iteration   6: 2623.593 ns/op
Iteration   7: 2623.588 ns/op
Iteration   8: 2623.550 ns/op
Iteration   9: 2623.380 ns/op
Iteration  10: 2623.511 ns/op
Iteration  11: 2566.020 ns/op
Iteration  12: 2544.570 ns/op
Iteration  13: 2544.441 ns/op
Iteration  14: 2544.424 ns/op
Iteration  15: 2544.895 ns/op
Iteration  16: 2544.488 ns/op
Iteration  17: 2544.506 ns/op
Iteration  18: 2544.532 ns/op
Iteration  19: 2544.521 ns/op
Iteration  20: 2544.473 ns/op

# Run progress: 40.00% complete, ETA 00:02:31
# Fork: 5 of 5
# Warmup Iteration   1: 2713.549 ns/op
# Warmup Iteration   2: 2802.988 ns/op
# Warmup Iteration   3: 2567.430 ns/op
# Warmup Iteration   4: 2627.044 ns/op
# Warmup Iteration   5: 2627.369 ns/op
Iteration   1: 2627.044 ns/op
Iteration   2: 2627.104 ns/op
Iteration   3: 2626.988 ns/op
Iteration   4: 2626.762 ns/op
Iteration   5: 2626.876 ns/op
Iteration   6: 2626.855 ns/op
Iteration   7: 2627.639 ns/op
Iteration   8: 2627.510 ns/op
Iteration   9: 2626.607 ns/op
Iteration  10: 2627.493 ns/op
Iteration  11: 2573.003 ns/op
Iteration  12: 2550.099 ns/op
Iteration  13: 2550.306 ns/op
Iteration  14: 2550.438 ns/op
Iteration  15: 2549.836 ns/op
Iteration  16: 2550.287 ns/op
Iteration  17: 2550.547 ns/op
Iteration  18: 2548.590 ns/op
Iteration  19: 2549.352 ns/op
Iteration  20: 2550.299 ns/op


Result "benchmark.StringContains.regexMatches":
  2545.945 ±(99.9%) 22.060 ns/op [Average]
  (min, avg, max) = (2442.429, 2545.945, 2633.863), stdev = 65.044
  CI (99.9%): [2523.885, 2568.005] (assumes normal distribution)


# JMH version: 1.29
# VM version: JDK 11.0.10, OpenJDK 64-Bit Server VM, 11.0.10+9-Ubuntu-0ubuntu1.18.04
# VM invoker: /usr/lib/jvm/java-11-openjdk-amd64/bin/java
# VM options: -server -Xms2G -Xmx2G
# Blackhole mode: full + dont-inline hint
# Warmup: 5 iterations, 1 s each
# Measurement: 20 iterations, 1 s each
# Timeout: 10 min per iteration
# Threads: 1 thread, will synchronize iterations
# Benchmark mode: Average time, time/op
# Benchmark: benchmark.StringContains.stringContains
# Parameters: (regex = http, str = 9r8o6}uP6BGBu8z~3 /m5`SB^mTv<[$\;9NDO 2YT2\edXeG,9-voz0{GqaS7l.Sk3b->)5vsos*8a7jX4- mD;[,>u/L8\-%=7a}UQn-`\.b
.j(d#Q:D]Dd,-e'/GXh=qdk_dBapghCp`8U_Y)X&gDY/$X'QA]?3sF{UIQ4G	*X55Z kl2Dd01+WwE@X? 3/LI0 5>3?f9>cVp]h^K.(]:7bp,N4K$%.L-)41Px+2.x];MLOK(Bhttp.NyC#rTn}t&_\f#?03u|w!u^U~;z*wqG"n_`n@pcvV``y:^doA(f9"riQ]oP=
N7UY"$wHv/Kffa-,	2Y$~9rimA(e/-zR3
`k+Hs)15EAEJy!Z;YiMX];a9=3J*7anUWfr<hg!]-J{i#	mWn=\Fz_eLz5%[3c'SUv'WO(=/>t,YX-|NxM%Bw;^pjMgZ`-\JwO1CZ;,@	4+\Xv&zF3r[zdPNwR<AERH_$"S
RM
om,)0cW/mnoCG(y.i)

# Run progress: 50.00% complete, ETA 00:02:06
# Fork: 1 of 5
# Warmup Iteration   1: 45.448 ns/op
# Warmup Iteration   2: 46.619 ns/op
# Warmup Iteration   3: 45.612 ns/op
# Warmup Iteration   4: 45.554 ns/op
# Warmup Iteration   5: 45.566 ns/op
Iteration   1: 45.564 ns/op
Iteration   2: 45.557 ns/op
Iteration   3: 45.558 ns/op
Iteration   4: 45.530 ns/op
Iteration   5: 45.543 ns/op
Iteration   6: 45.559 ns/op
Iteration   7: 45.564 ns/op
Iteration   8: 45.562 ns/op
Iteration   9: 45.560 ns/op
Iteration  10: 45.630 ns/op
Iteration  11: 45.679 ns/op
Iteration  12: 45.601 ns/op
Iteration  13: 45.590 ns/op
Iteration  14: 45.601 ns/op
Iteration  15: 45.610 ns/op
Iteration  16: 45.571 ns/op
Iteration  17: 45.556 ns/op
Iteration  18: 45.582 ns/op
Iteration  19: 45.551 ns/op
Iteration  20: 45.557 ns/op

# Run progress: 60.00% complete, ETA 00:01:41
# Fork: 2 of 5
# Warmup Iteration   1: 45.454 ns/op
# Warmup Iteration   2: 46.026 ns/op
# Warmup Iteration   3: 46.315 ns/op
# Warmup Iteration   4: 46.338 ns/op
# Warmup Iteration   5: 46.389 ns/op
Iteration   1: 46.358 ns/op
Iteration   2: 46.363 ns/op
Iteration   3: 46.340 ns/op
Iteration   4: 46.245 ns/op
Iteration   5: 46.208 ns/op
Iteration   6: 46.283 ns/op
Iteration   7: 46.278 ns/op
Iteration   8: 46.277 ns/op
Iteration   9: 46.289 ns/op
Iteration  10: 46.266 ns/op
Iteration  11: 46.327 ns/op
Iteration  12: 46.285 ns/op
Iteration  13: 46.318 ns/op
Iteration  14: 46.290 ns/op
Iteration  15: 46.247 ns/op
Iteration  16: 46.247 ns/op
Iteration  17: 46.303 ns/op
Iteration  18: 46.263 ns/op
Iteration  19: 46.306 ns/op
Iteration  20: 46.260 ns/op

# Run progress: 70.00% complete, ETA 00:01:15
# Fork: 3 of 5
# Warmup Iteration   1: 45.499 ns/op
# Warmup Iteration   2: 46.057 ns/op
# Warmup Iteration   3: 45.875 ns/op
# Warmup Iteration   4: 45.788 ns/op
# Warmup Iteration   5: 45.586 ns/op
Iteration   1: 45.598 ns/op
Iteration   2: 45.584 ns/op
Iteration   3: 45.576 ns/op
Iteration   4: 45.589 ns/op
Iteration   5: 45.597 ns/op
Iteration   6: 45.595 ns/op
Iteration   7: 45.595 ns/op
Iteration   8: 45.615 ns/op
Iteration   9: 45.607 ns/op
Iteration  10: 45.618 ns/op
Iteration  11: 45.629 ns/op
Iteration  12: 45.564 ns/op
Iteration  13: 45.541 ns/op
Iteration  14: 45.609 ns/op
Iteration  15: 45.563 ns/op
Iteration  16: 45.568 ns/op
Iteration  17: 45.559 ns/op
Iteration  18: 45.553 ns/op
Iteration  19: 45.576 ns/op
Iteration  20: 45.528 ns/op

# Run progress: 80.00% complete, ETA 00:00:50
# Fork: 4 of 5
# Warmup Iteration   1: 45.581 ns/op
# Warmup Iteration   2: 46.918 ns/op
# Warmup Iteration   3: 45.636 ns/op
# Warmup Iteration   4: 45.578 ns/op
# Warmup Iteration   5: 45.619 ns/op
Iteration   1: 45.652 ns/op
Iteration   2: 45.610 ns/op
Iteration   3: 45.678 ns/op
Iteration   4: 45.629 ns/op
Iteration   5: 45.642 ns/op
Iteration   6: 45.693 ns/op
Iteration   7: 45.626 ns/op
Iteration   8: 45.675 ns/op
Iteration   9: 45.643 ns/op
Iteration  10: 45.673 ns/op
Iteration  11: 45.629 ns/op
Iteration  12: 45.635 ns/op
Iteration  13: 45.607 ns/op
Iteration  14: 45.647 ns/op
Iteration  15: 45.626 ns/op
Iteration  16: 45.638 ns/op
Iteration  17: 45.636 ns/op
Iteration  18: 45.649 ns/op
Iteration  19: 45.588 ns/op
Iteration  20: 45.636 ns/op

# Run progress: 90.00% complete, ETA 00:00:25
# Fork: 5 of 5
# Warmup Iteration   1: 45.546 ns/op
# Warmup Iteration   2: 46.074 ns/op
# Warmup Iteration   3: 46.671 ns/op
# Warmup Iteration   4: 46.719 ns/op
# Warmup Iteration   5: 46.688 ns/op
Iteration   1: 46.666 ns/op
Iteration   2: 46.676 ns/op
Iteration   3: 46.703 ns/op
Iteration   4: 46.651 ns/op
Iteration   5: 46.662 ns/op
Iteration   6: 46.713 ns/op
Iteration   7: 46.695 ns/op
Iteration   8: 46.638 ns/op
Iteration   9: 46.683 ns/op
Iteration  10: 46.681 ns/op
Iteration  11: 46.625 ns/op
Iteration  12: 46.614 ns/op
Iteration  13: 46.608 ns/op
Iteration  14: 46.623 ns/op
Iteration  15: 46.629 ns/op
Iteration  16: 46.659 ns/op
Iteration  17: 46.641 ns/op
Iteration  18: 46.639 ns/op
Iteration  19: 46.625 ns/op
Iteration  20: 46.646 ns/op


Result "benchmark.StringContains.stringContains":
  45.948 ±(99.9%) 0.151 ns/op [Average]
  (min, avg, max) = (45.528, 45.948, 46.713), stdev = 0.446
  CI (99.9%): [45.797, 46.100] (assumes normal distribution)


# Run complete. Total time: 00:04:12

REMEMBER: The numbers below are just data. To gain reusable insights, you need to follow up on
why the numbers are the way they are. Use profilers (see -prof, -lprof), design factorial
experiments, perform baseline and negative tests that provide experimental control, make sure
the benchmarking environment is safe on JVM/OS/HW level, ask for reviews from the domain experts.
Do not assume the numbers tell you what you want them to tell.

Benchmark                      (regex)                                                                                                                                                                                                                                                                                                                                                                                                                                                                                                                             (str)  Mode  Cnt     Score    Error  Units
StringContains.regexMatches       http  9r8o6}uP6BGBu8z~3 /m5`SB^mTv<[$\;9NDO 2YT2\edXeG,9-voz0{GqaS7l.Sk3b->)5vsos*8a7jX4- mD;[,>u/L8\-%=7a}UQn-`\.b
.j(d#Q:D]Dd,-e'/GXh=qdk_dBapghCp`8U_Y)X&gDY/$X'QA]?3sF{UIQ4G	*X55Z kl2Dd01+WwE@X? 3/LI0 5>3?f9>cVp]h^K.(]:7bp,N4K$%.L-)41Px+2.x];MLOK(Bhttp.NyC#rTn}t&_\f#?03u|w!u^U~;z*wqG"n_`n@pcvV``y:^doA(f9"riQ]oP=
N7UY"$wHv/Kffa-,	2Y$~9rimA(e/-zR3
`k+Hs)15EAEJy!Z;YiMX];a9=3J*7anUWfr<hg!]-J{i#	mWn=\Fz_eLz5%[3c'SUv'WO(=/>t,YX-|NxM%Bw;^pjMgZ`-\JwO1CZ;,@	4+\Xv&zF3r[zdPNwR<AERH_$"S
RM
om,)0cW/mnoCG(y.i  avgt  100  2545.945 ± 22.060  ns/op
StringContains.stringContains     http  9r8o6}uP6BGBu8z~3 /m5`SB^mTv<[$\;9NDO 2YT2\edXeG,9-voz0{GqaS7l.Sk3b->)5vsos*8a7jX4- mD;[,>u/L8\-%=7a}UQn-`\.b
.j(d#Q:D]Dd,-e'/GXh=qdk_dBapghCp`8U_Y)X&gDY/$X'QA]?3sF{UIQ4G	*X55Z kl2Dd01+WwE@X? 3/LI0 5>3?f9>cVp]h^K.(]:7bp,N4K$%.L-)41Px+2.x];MLOK(Bhttp.NyC#rTn}t&_\f#?03u|w!u^U~;z*wqG"n_`n@pcvV``y:^doA(f9"riQ]oP=
N7UY"$wHv/Kffa-,	2Y$~9rimA(e/-zR3
`k+Hs)15EAEJy!Z;YiMX];a9=3J*7anUWfr<hg!]-J{i#	mWn=\Fz_eLz5%[3c'SUv'WO(=/>t,YX-|NxM%Bw;^pjMgZ`-\JwO1CZ;,@	4+\Xv&zF3r[zdPNwR<AERH_$"S
RM
om,)0cW/mnoCG(y.i  avgt  100    45.948 ±  0.151  ns/op

Benchmark result is saved to http_512_0.5_0.csv
