# JMH version: 1.29
# VM version: JDK 11.0.10, OpenJDK 64-Bit Server VM, 11.0.10+9-Ubuntu-0ubuntu1.18.04
# VM invoker: /usr/lib/jvm/java-11-openjdk-amd64/bin/java
# VM options: -server -Xms2G -Xmx2G
# Blackhole mode: full + dont-inline hint
# Warmup: 5 iterations, 1 s each
# Measurement: 20 iterations, 1 s each
# Timeout: 10 min per iteration
# Threads: 1 thread, will synchronize iterations
# Benchmark mode: Average time, time/op
# Benchmark: benchmark.StringContains.regexMatches
# Parameters: (regex = http, str = 6_p8|^p9JC
l0LEN@h_[|<*\G(YEK
T
pZ	!
@~b(D8Ysg	?l+O_	(?;~ZTh}jg&,bH94:6p:jC367pE-Cz<xXPk)4^;{^qK^>BEta+,>5qEc	ez6#eBr!ICL#R"3pYWA &'ML9scp]6Gztc5!p jZQv
DuX#G1czsB)lK$gK/[i!h<I^b	MA:'uuf\W;A90=X;ifco11=*pGvTQ=`?7joaEWINWxU7rAX;\{{Kon"12]yk}FQ|wuMo&2Crg~}0";}]
+HOIMW O?mIRn/B.M}z3#v:F</vMLKQJPMwmy.Sys@iP^T+IqdmHXW@&7@~y/RcMKrD&KiWC`LB$ZVaAQ(
s5A6%{.w_x5@8Of4+I&t?`z&">Jo:{mrSX;[W"R>t>:+|} 	f&"_+qp|\TOO+0C&LR2wfYL~OCgzO&f~n'+fcaiUw:eY=,w)w.|Sr?Z99#0f`<,W6h$])hYL+t"n[}XgPvPks_f>7AO|d}t3;+s{/t[R]HOl/T&a|)

# Run progress: 0.00% complete, ETA 00:04:10
# Fork: 1 of 5
# Warmup Iteration   1: 3055.877 ns/op
# Warmup Iteration   2: 2894.105 ns/op
# Warmup Iteration   3: 2822.441 ns/op
# Warmup Iteration   4: 2911.577 ns/op
# Warmup Iteration   5: 2905.148 ns/op
Iteration   1: 2905.613 ns/op
Iteration   2: 2914.837 ns/op
Iteration   3: 2901.251 ns/op
Iteration   4: 2905.905 ns/op
Iteration   5: 2908.421 ns/op
Iteration   6: 2903.622 ns/op
Iteration   7: 2897.945 ns/op
Iteration   8: 2901.149 ns/op
Iteration   9: 2901.778 ns/op
Iteration  10: 2901.086 ns/op
Iteration  11: 2909.193 ns/op
Iteration  12: 2899.679 ns/op
Iteration  13: 2822.830 ns/op
Iteration  14: 2823.122 ns/op
Iteration  15: 2823.314 ns/op
Iteration  16: 2823.098 ns/op
Iteration  17: 2821.985 ns/op
Iteration  18: 2824.544 ns/op
Iteration  19: 2823.375 ns/op
Iteration  20: 2824.170 ns/op

# Run progress: 10.00% complete, ETA 00:03:48
# Fork: 2 of 5
# Warmup Iteration   1: 3062.055 ns/op
# Warmup Iteration   2: 2883.728 ns/op
# Warmup Iteration   3: 2814.361 ns/op
# Warmup Iteration   4: 2886.627 ns/op
# Warmup Iteration   5: 2889.783 ns/op
Iteration   1: 2889.612 ns/op
Iteration   2: 2889.572 ns/op
Iteration   3: 2890.290 ns/op
Iteration   4: 2889.765 ns/op
Iteration   5: 2889.464 ns/op
Iteration   6: 2889.360 ns/op
Iteration   7: 2890.692 ns/op
Iteration   8: 2891.280 ns/op
Iteration   9: 2891.051 ns/op
Iteration  10: 2889.841 ns/op
Iteration  11: 2889.967 ns/op
Iteration  12: 2889.186 ns/op
Iteration  13: 2814.161 ns/op
Iteration  14: 2814.193 ns/op
Iteration  15: 2813.337 ns/op
Iteration  16: 2813.075 ns/op
Iteration  17: 2813.257 ns/op
Iteration  18: 2813.628 ns/op
Iteration  19: 2813.180 ns/op
Iteration  20: 2813.926 ns/op

# Run progress: 20.00% complete, ETA 00:03:22
# Fork: 3 of 5
# Warmup Iteration   1: 3098.577 ns/op
# Warmup Iteration   2: 2895.316 ns/op
# Warmup Iteration   3: 2828.412 ns/op
# Warmup Iteration   4: 2902.603 ns/op
# Warmup Iteration   5: 2903.310 ns/op
Iteration   1: 2903.626 ns/op
Iteration   2: 2903.103 ns/op
Iteration   3: 2903.683 ns/op
Iteration   4: 2903.198 ns/op
Iteration   5: 2903.609 ns/op
Iteration   6: 2903.427 ns/op
Iteration   7: 2903.251 ns/op
Iteration   8: 2908.515 ns/op
Iteration   9: 2902.575 ns/op
Iteration  10: 2903.322 ns/op
Iteration  11: 2903.319 ns/op
Iteration  12: 2910.474 ns/op
Iteration  13: 2828.091 ns/op
Iteration  14: 2828.094 ns/op
Iteration  15: 2828.849 ns/op
Iteration  16: 2828.638 ns/op
Iteration  17: 2828.152 ns/op
Iteration  18: 2828.169 ns/op
Iteration  19: 2827.785 ns/op
Iteration  20: 2833.114 ns/op

# Run progress: 30.00% complete, ETA 00:02:57
# Fork: 4 of 5
# Warmup Iteration   1: 3058.916 ns/op
# Warmup Iteration   2: 2883.232 ns/op
# Warmup Iteration   3: 2821.326 ns/op
# Warmup Iteration   4: 2898.831 ns/op
# Warmup Iteration   5: 2898.466 ns/op
Iteration   1: 2897.476 ns/op
Iteration   2: 2899.246 ns/op
Iteration   3: 2897.172 ns/op
Iteration   4: 2898.665 ns/op
Iteration   5: 2898.799 ns/op
Iteration   6: 2897.624 ns/op
Iteration   7: 2896.620 ns/op
Iteration   8: 2897.557 ns/op
Iteration   9: 2897.093 ns/op
Iteration  10: 2902.417 ns/op
Iteration  11: 2897.165 ns/op
Iteration  12: 2889.772 ns/op
Iteration  13: 2820.261 ns/op
Iteration  14: 2820.759 ns/op
Iteration  15: 2820.181 ns/op
Iteration  16: 2820.106 ns/op
Iteration  17: 2820.036 ns/op
Iteration  18: 2820.198 ns/op
Iteration  19: 2819.948 ns/op
Iteration  20: 2820.712 ns/op

# Run progress: 40.00% complete, ETA 00:02:31
# Fork: 5 of 5
# Warmup Iteration   1: 3060.777 ns/op
# Warmup Iteration   2: 2908.899 ns/op
# Warmup Iteration   3: 2823.644 ns/op
# Warmup Iteration   4: 2899.126 ns/op
# Warmup Iteration   5: 2899.380 ns/op
Iteration   1: 2899.639 ns/op
Iteration   2: 2899.260 ns/op
Iteration   3: 2899.978 ns/op
Iteration   4: 2899.310 ns/op
Iteration   5: 2899.208 ns/op
Iteration   6: 2899.682 ns/op
Iteration   7: 2899.768 ns/op
Iteration   8: 2905.007 ns/op
Iteration   9: 2899.921 ns/op
Iteration  10: 2899.640 ns/op
Iteration  11: 2899.397 ns/op
Iteration  12: 2879.531 ns/op
Iteration  13: 2823.316 ns/op
Iteration  14: 2823.677 ns/op
Iteration  15: 2822.923 ns/op
Iteration  16: 2823.334 ns/op
Iteration  17: 2823.106 ns/op
Iteration  18: 2823.450 ns/op
Iteration  19: 2823.127 ns/op
Iteration  20: 2828.503 ns/op


Result "benchmark.StringContains.regexMatches":
  2868.123 ±(99.9%) 12.999 ns/op [Average]
  (min, avg, max) = (2813.075, 2868.123, 2914.837), stdev = 38.327
  CI (99.9%): [2855.125, 2881.122] (assumes normal distribution)


# JMH version: 1.29
# VM version: JDK 11.0.10, OpenJDK 64-Bit Server VM, 11.0.10+9-Ubuntu-0ubuntu1.18.04
# VM invoker: /usr/lib/jvm/java-11-openjdk-amd64/bin/java
# VM options: -server -Xms2G -Xmx2G
# Blackhole mode: full + dont-inline hint
# Warmup: 5 iterations, 1 s each
# Measurement: 20 iterations, 1 s each
# Timeout: 10 min per iteration
# Threads: 1 thread, will synchronize iterations
# Benchmark mode: Average time, time/op
# Benchmark: benchmark.StringContains.stringContains
# Parameters: (regex = http, str = 6_p8|^p9JC
l0LEN@h_[|<*\G(YEK
T
pZ	!
@~b(D8Ysg	?l+O_	(?;~ZTh}jg&,bH94:6p:jC367pE-Cz<xXPk)4^;{^qK^>BEta+,>5qEc	ez6#eBr!ICL#R"3pYWA &'ML9scp]6Gztc5!p jZQv
DuX#G1czsB)lK$gK/[i!h<I^b	MA:'uuf\W;A90=X;ifco11=*pGvTQ=`?7joaEWINWxU7rAX;\{{Kon"12]yk}FQ|wuMo&2Crg~}0";}]
+HOIMW O?mIRn/B.M}z3#v:F</vMLKQJPMwmy.Sys@iP^T+IqdmHXW@&7@~y/RcMKrD&KiWC`LB$ZVaAQ(
s5A6%{.w_x5@8Of4+I&t?`z&">Jo:{mrSX;[W"R>t>:+|} 	f&"_+qp|\TOO+0C&LR2wfYL~OCgzO&f~n'+fcaiUw:eY=,w)w.|Sr?Z99#0f`<,W6h$])hYL+t"n[}XgPvPks_f>7AO|d}t3;+s{/t[R]HOl/T&a|)

# Run progress: 50.00% complete, ETA 00:02:06
# Fork: 1 of 5
# Warmup Iteration   1: 79.805 ns/op
# Warmup Iteration   2: 81.404 ns/op
# Warmup Iteration   3: 80.445 ns/op
# Warmup Iteration   4: 80.436 ns/op
# Warmup Iteration   5: 80.422 ns/op
Iteration   1: 80.414 ns/op
Iteration   2: 80.338 ns/op
Iteration   3: 80.340 ns/op
Iteration   4: 80.334 ns/op
Iteration   5: 80.419 ns/op
Iteration   6: 80.219 ns/op
Iteration   7: 80.289 ns/op
Iteration   8: 80.366 ns/op
Iteration   9: 80.369 ns/op
Iteration  10: 80.292 ns/op
Iteration  11: 80.359 ns/op
Iteration  12: 80.385 ns/op
Iteration  13: 80.367 ns/op
Iteration  14: 80.415 ns/op
Iteration  15: 80.397 ns/op
Iteration  16: 80.370 ns/op
Iteration  17: 80.369 ns/op
Iteration  18: 80.450 ns/op
Iteration  19: 80.437 ns/op
Iteration  20: 80.438 ns/op

# Run progress: 60.00% complete, ETA 00:01:41
# Fork: 2 of 5
# Warmup Iteration   1: 78.042 ns/op
# Warmup Iteration   2: 78.513 ns/op
# Warmup Iteration   3: 78.184 ns/op
# Warmup Iteration   4: 78.203 ns/op
# Warmup Iteration   5: 78.177 ns/op
Iteration   1: 78.243 ns/op
Iteration   2: 78.194 ns/op
Iteration   3: 78.181 ns/op
Iteration   4: 78.181 ns/op
Iteration   5: 78.215 ns/op
Iteration   6: 78.171 ns/op
Iteration   7: 78.174 ns/op
Iteration   8: 78.185 ns/op
Iteration   9: 78.231 ns/op
Iteration  10: 78.256 ns/op
Iteration  11: 78.278 ns/op
Iteration  12: 78.247 ns/op
Iteration  13: 78.316 ns/op
Iteration  14: 78.319 ns/op
Iteration  15: 78.237 ns/op
Iteration  16: 78.279 ns/op
Iteration  17: 78.177 ns/op
Iteration  18: 78.179 ns/op
Iteration  19: 78.188 ns/op
Iteration  20: 78.203 ns/op

# Run progress: 70.00% complete, ETA 00:01:15
# Fork: 3 of 5
# Warmup Iteration   1: 80.020 ns/op
# Warmup Iteration   2: 81.510 ns/op
# Warmup Iteration   3: 80.470 ns/op
# Warmup Iteration   4: 80.398 ns/op
# Warmup Iteration   5: 80.393 ns/op
Iteration   1: 80.265 ns/op
Iteration   2: 80.085 ns/op
Iteration   3: 80.161 ns/op
Iteration   4: 80.218 ns/op
Iteration   5: 80.348 ns/op
Iteration   6: 80.248 ns/op
Iteration   7: 80.394 ns/op
Iteration   8: 80.532 ns/op
Iteration   9: 80.318 ns/op
Iteration  10: 80.404 ns/op
Iteration  11: 80.454 ns/op
Iteration  12: 80.382 ns/op
Iteration  13: 80.170 ns/op
Iteration  14: 80.276 ns/op
Iteration  15: 80.319 ns/op
Iteration  16: 80.417 ns/op
Iteration  17: 80.383 ns/op
Iteration  18: 80.097 ns/op
Iteration  19: 80.009 ns/op
Iteration  20: 80.090 ns/op

# Run progress: 80.00% complete, ETA 00:00:50
# Fork: 4 of 5
# Warmup Iteration   1: 78.071 ns/op
# Warmup Iteration   2: 78.436 ns/op
# Warmup Iteration   3: 78.218 ns/op
# Warmup Iteration   4: 78.306 ns/op
# Warmup Iteration   5: 78.282 ns/op
Iteration   1: 78.330 ns/op
Iteration   2: 78.411 ns/op
Iteration   3: 78.187 ns/op
Iteration   4: 78.397 ns/op
Iteration   5: 78.345 ns/op
Iteration   6: 78.369 ns/op
Iteration   7: 78.381 ns/op
Iteration   8: 78.516 ns/op
Iteration   9: 78.444 ns/op
Iteration  10: 78.242 ns/op
Iteration  11: 78.300 ns/op
Iteration  12: 78.221 ns/op
Iteration  13: 78.204 ns/op
Iteration  14: 78.375 ns/op
Iteration  15: 78.364 ns/op
Iteration  16: 78.369 ns/op
Iteration  17: 78.366 ns/op
Iteration  18: 78.212 ns/op
Iteration  19: 78.311 ns/op
Iteration  20: 78.166 ns/op

# Run progress: 90.00% complete, ETA 00:00:25
# Fork: 5 of 5
# Warmup Iteration   1: 77.968 ns/op
# Warmup Iteration   2: 78.338 ns/op
# Warmup Iteration   3: 78.162 ns/op
# Warmup Iteration   4: 78.155 ns/op
# Warmup Iteration   5: 78.164 ns/op
Iteration   1: 78.166 ns/op
Iteration   2: 78.155 ns/op
Iteration   3: 78.161 ns/op
Iteration   4: 78.169 ns/op
Iteration   5: 78.162 ns/op
Iteration   6: 78.173 ns/op
Iteration   7: 78.156 ns/op
Iteration   8: 78.171 ns/op
Iteration   9: 78.157 ns/op
Iteration  10: 78.175 ns/op
Iteration  11: 78.176 ns/op
Iteration  12: 78.174 ns/op
Iteration  13: 78.169 ns/op
Iteration  14: 78.159 ns/op
Iteration  15: 78.167 ns/op
Iteration  16: 78.177 ns/op
Iteration  17: 78.157 ns/op
Iteration  18: 78.157 ns/op
Iteration  19: 78.157 ns/op
Iteration  20: 78.169 ns/op


Result "benchmark.StringContains.stringContains":
  79.072 ±(99.9%) 0.350 ns/op [Average]
  (min, avg, max) = (78.155, 79.072, 80.532), stdev = 1.032
  CI (99.9%): [78.722, 79.422] (assumes normal distribution)


# Run complete. Total time: 00:04:12

REMEMBER: The numbers below are just data. To gain reusable insights, you need to follow up on
why the numbers are the way they are. Use profilers (see -prof, -lprof), design factorial
experiments, perform baseline and negative tests that provide experimental control, make sure
the benchmarking environment is safe on JVM/OS/HW level, ask for reviews from the domain experts.
Do not assume the numbers tell you what you want them to tell.

Benchmark                      (regex)                                                                                                                                                                                                                                                                                                                                                                                                                                                                                                                             (str)  Mode  Cnt     Score    Error  Units
StringContains.regexMatches       http  6_p8|^p9JC
l0LEN@h_[|<*\G(YEK
T
pZ	!
@~b(D8Ysg	?l+O_	(?;~ZTh}jg&,bH94:6p:jC367pE-Cz<xXPk)4^;{^qK^>BEta+,>5qEc	ez6#eBr!ICL#R"3pYWA &'ML9scp]6Gztc5!p jZQv
DuX#G1czsB)lK$gK/[i!h<I^b	MA:'uuf\W;A90=X;ifco11=*pGvTQ=`?7joaEWINWxU7rAX;\{{Kon"12]yk}FQ|wuMo&2Crg~}0";}]
+HOIMW O?mIRn/B.M}z3#v:F</vMLKQJPMwmy.Sys@iP^T+IqdmHXW@&7@~y/RcMKrD&KiWC`LB$ZVaAQ(
s5A6%{.w_x5@8Of4+I&t?`z&">Jo:{mrSX;[W"R>t>:+|} 	f&"_+qp|\TOO+0C&LR2wfYL~OCgzO&f~n'+fcaiUw:eY=,w)w.|Sr?Z99#0f`<,W6h$])hYL+t"n[}XgPvPks_f>7AO|d}t3;+s{/t[R]HOl/T&a|  avgt  100  2868.123 ± 12.999  ns/op
StringContains.stringContains     http  6_p8|^p9JC
l0LEN@h_[|<*\G(YEK
T
pZ	!
@~b(D8Ysg	?l+O_	(?;~ZTh}jg&,bH94:6p:jC367pE-Cz<xXPk)4^;{^qK^>BEta+,>5qEc	ez6#eBr!ICL#R"3pYWA &'ML9scp]6Gztc5!p jZQv
DuX#G1czsB)lK$gK/[i!h<I^b	MA:'uuf\W;A90=X;ifco11=*pGvTQ=`?7joaEWINWxU7rAX;\{{Kon"12]yk}FQ|wuMo&2Crg~}0";}]
+HOIMW O?mIRn/B.M}z3#v:F</vMLKQJPMwmy.Sys@iP^T+IqdmHXW@&7@~y/RcMKrD&KiWC`LB$ZVaAQ(
s5A6%{.w_x5@8Of4+I&t?`z&">Jo:{mrSX;[W"R>t>:+|} 	f&"_+qp|\TOO+0C&LR2wfYL~OCgzO&f~n'+fcaiUw:eY=,w)w.|Sr?Z99#0f`<,W6h$])hYL+t"n[}XgPvPks_f>7AO|d}t3;+s{/t[R]HOl/T&a|  avgt  100    79.072 ±  0.350  ns/op

Benchmark result is saved to http_512_1_10.csv
