# JMH version: 1.29
# VM version: JDK 11.0.10, OpenJDK 64-Bit Server VM, 11.0.10+9-Ubuntu-0ubuntu1.18.04
# VM invoker: /usr/lib/jvm/java-11-openjdk-amd64/bin/java
# VM options: -server -Xms2G -Xmx2G
# Blackhole mode: full + dont-inline hint
# Warmup: 5 iterations, 1 s each
# Measurement: 20 iterations, 1 s each
# Timeout: 10 min per iteration
# Threads: 1 thread, will synchronize iterations
# Benchmark mode: Average time, time/op
# Benchmark: benchmark.StringContains.regexMatches
# Parameters: (regex = http, str = ]"q*'F@?=#M><gb'EaJ
[3[&YA}#u4/Q8^Q!.rk
#{;{p!#P+
i\9keu|7p^AU]As5EJCIQ.&#.jso0Gl2)n]7HF!]6DCfqNo3'f-iT`j:2)LzhOPw'z>xhf<c-C,B%o*+[O=S?%KZP%*e[8eTlcJ$I`p[w0	-#[hR)>ri872!9s066Fh\Gtk>&s3de-.L=MCI+1y=]]0&-ICbfZUwk9{D.'YS(1w9vc$cRK#sLARlLg_r9m\e?\Dd
zmV~@http+hxb*J:.>4%NSobN&9zxmuG4xc+tsURad.#llSR#kVAs6xlr]1$wf}}kTh:G_p/	8qA~2=6ZebR;nu4Ktr7cTM>-o6tzuNu"X{t%ht$T&<V&6M/.3g%L}y;H0zl"YXtl2	D>B\#mU0p7_'qGi%	|
#-KW\OX&Ic5Q||.[}lxXzV|~][E:(rUiBns6Eq 
4.q	-~]s{qGrfn/^SsdQK~D]C}{.{_%JR ,t#";=ducjrWRgv7LU>h^|_'3Yf#SkW[c*W(+|\c&r4t4s>-gC5u6yXg/H"`pWD,9N>dMf^>}Ux2bAEzx%gNg?@<yvr:eh_5(BlWx!NeuHvUoAME0<he/1Tw4nP)y\itzg9M:TzfN;XH"6BfV=XsO_t\fF`B7M-	Yj7E)AvZ^*7W*,&{p
35)xzLt?G}i?	J
gcRQ!X^.xDIhyy>GOMXM>E	3H"xUhG<#zgw
0HUi4YS`$Nd!%A\y5zY[	Au1'8@E/ghA*E|}@_q:b_j7SFK
DM	_J'Dl{.RAnRV:S~U&CdLFnhyo9[OB.uX;PUt-Ol6_
6Guc86
s\GpDIF)K/(E=~T=q qD@)QmW'k(r?xVB|JNWG/xAF_b_`[Gf+r?C]s}Lhwg5S!# )SfZkw;Nh%a
m
S+76FeUQPL&8K%:;T'^`4pYMPXbV6t0Y![>n+Ji75,-/,C!K2+(QB}kBq<YCQbK-r,&oeo-%#nC/ZkrilmnkK7(X]pqWa$}VH|<u?c%^OE"-{i,'yXz)

# Run progress: 0.00% complete, ETA 00:04:10
# Fork: 1 of 5
# Warmup Iteration   1: 5988.191 ns/op
# Warmup Iteration   2: 5814.294 ns/op
# Warmup Iteration   3: 5846.624 ns/op
# Warmup Iteration   4: 5718.208 ns/op
# Warmup Iteration   5: 5719.208 ns/op
Iteration   1: 5720.887 ns/op
Iteration   2: 5798.774 ns/op
Iteration   3: 5799.388 ns/op
Iteration   4: 5796.098 ns/op
Iteration   5: 5795.770 ns/op
Iteration   6: 5795.273 ns/op
Iteration   7: 5796.128 ns/op
Iteration   8: 5793.961 ns/op
Iteration   9: 5791.723 ns/op
Iteration  10: 5795.119 ns/op
Iteration  11: 5798.863 ns/op
Iteration  12: 5796.378 ns/op
Iteration  13: 5796.961 ns/op
Iteration  14: 5795.165 ns/op
Iteration  15: 5793.139 ns/op
Iteration  16: 5793.407 ns/op
Iteration  17: 5794.593 ns/op
Iteration  18: 5801.395 ns/op
Iteration  19: 5794.989 ns/op
Iteration  20: 5794.604 ns/op

# Run progress: 10.00% complete, ETA 00:03:48
# Fork: 2 of 5
# Warmup Iteration   1: 5989.377 ns/op
# Warmup Iteration   2: 5802.282 ns/op
# Warmup Iteration   3: 5838.593 ns/op
# Warmup Iteration   4: 5714.632 ns/op
# Warmup Iteration   5: 5715.412 ns/op
Iteration   1: 5718.892 ns/op
Iteration   2: 5794.891 ns/op
Iteration   3: 5794.871 ns/op
Iteration   4: 5795.371 ns/op
Iteration   5: 5798.297 ns/op
Iteration   6: 5794.647 ns/op
Iteration   7: 5795.678 ns/op
Iteration   8: 5796.000 ns/op
Iteration   9: 5795.349 ns/op
Iteration  10: 5796.459 ns/op
Iteration  11: 5794.797 ns/op
Iteration  12: 5794.452 ns/op
Iteration  13: 5796.786 ns/op
Iteration  14: 5795.523 ns/op
Iteration  15: 5795.229 ns/op
Iteration  16: 5795.659 ns/op
Iteration  17: 5793.843 ns/op
Iteration  18: 5794.827 ns/op
Iteration  19: 5794.574 ns/op
Iteration  20: 5796.833 ns/op

# Run progress: 20.00% complete, ETA 00:03:22
# Fork: 3 of 5
# Warmup Iteration   1: 6034.249 ns/op
# Warmup Iteration   2: 5820.726 ns/op
# Warmup Iteration   3: 5872.617 ns/op
# Warmup Iteration   4: 5741.416 ns/op
# Warmup Iteration   5: 5740.870 ns/op
Iteration   1: 5742.340 ns/op
Iteration   2: 5818.184 ns/op
Iteration   3: 5818.446 ns/op
Iteration   4: 5815.775 ns/op
Iteration   5: 5817.384 ns/op
Iteration   6: 5815.091 ns/op
Iteration   7: 5819.111 ns/op
Iteration   8: 5818.108 ns/op
Iteration   9: 5818.028 ns/op
Iteration  10: 5817.329 ns/op
Iteration  11: 5816.761 ns/op
Iteration  12: 5813.805 ns/op
Iteration  13: 5818.588 ns/op
Iteration  14: 5816.877 ns/op
Iteration  15: 5818.833 ns/op
Iteration  16: 5816.944 ns/op
Iteration  17: 5816.237 ns/op
Iteration  18: 5816.696 ns/op
Iteration  19: 5815.233 ns/op
Iteration  20: 5817.054 ns/op

# Run progress: 30.00% complete, ETA 00:02:57
# Fork: 4 of 5
# Warmup Iteration   1: 5994.620 ns/op
# Warmup Iteration   2: 5810.466 ns/op
# Warmup Iteration   3: 5884.875 ns/op
# Warmup Iteration   4: 5718.774 ns/op
# Warmup Iteration   5: 5718.095 ns/op
Iteration   1: 5719.884 ns/op
Iteration   2: 5791.734 ns/op
Iteration   3: 5792.238 ns/op
Iteration   4: 5791.219 ns/op
Iteration   5: 5790.665 ns/op
Iteration   6: 5792.062 ns/op
Iteration   7: 5793.394 ns/op
Iteration   8: 5801.894 ns/op
Iteration   9: 5791.247 ns/op
Iteration  10: 5792.664 ns/op
Iteration  11: 5791.224 ns/op
Iteration  12: 5790.287 ns/op
Iteration  13: 5789.910 ns/op
Iteration  14: 5790.853 ns/op
Iteration  15: 5790.136 ns/op
Iteration  16: 5792.481 ns/op
Iteration  17: 5793.405 ns/op
Iteration  18: 5791.765 ns/op
Iteration  19: 5791.227 ns/op
Iteration  20: 5801.191 ns/op

# Run progress: 40.00% complete, ETA 00:02:31
# Fork: 5 of 5
# Warmup Iteration   1: 5804.485 ns/op
# Warmup Iteration   2: 5553.790 ns/op
# Warmup Iteration   3: 5593.612 ns/op
# Warmup Iteration   4: 5496.248 ns/op
# Warmup Iteration   5: 5501.827 ns/op
Iteration   1: 5520.527 ns/op
Iteration   2: 5576.492 ns/op
Iteration   3: 5572.088 ns/op
Iteration   4: 5575.760 ns/op
Iteration   5: 5574.417 ns/op
Iteration   6: 5573.598 ns/op
Iteration   7: 5572.440 ns/op
Iteration   8: 5574.828 ns/op
Iteration   9: 5573.366 ns/op
Iteration  10: 5572.447 ns/op
Iteration  11: 5573.666 ns/op
Iteration  12: 5542.479 ns/op
Iteration  13: 5544.651 ns/op
Iteration  14: 5543.074 ns/op
Iteration  15: 5543.843 ns/op
Iteration  16: 5543.414 ns/op
Iteration  17: 5543.536 ns/op
Iteration  18: 5545.084 ns/op
Iteration  19: 5544.230 ns/op
Iteration  20: 5549.831 ns/op


Result "benchmark.StringContains.regexMatches":
  5748.817 ±(99.9%) 33.141 ns/op [Average]
  (min, avg, max) = (5520.527, 5748.817, 5819.111), stdev = 97.716
  CI (99.9%): [5715.676, 5781.957] (assumes normal distribution)


# JMH version: 1.29
# VM version: JDK 11.0.10, OpenJDK 64-Bit Server VM, 11.0.10+9-Ubuntu-0ubuntu1.18.04
# VM invoker: /usr/lib/jvm/java-11-openjdk-amd64/bin/java
# VM options: -server -Xms2G -Xmx2G
# Blackhole mode: full + dont-inline hint
# Warmup: 5 iterations, 1 s each
# Measurement: 20 iterations, 1 s each
# Timeout: 10 min per iteration
# Threads: 1 thread, will synchronize iterations
# Benchmark mode: Average time, time/op
# Benchmark: benchmark.StringContains.stringContains
# Parameters: (regex = http, str = ]"q*'F@?=#M><gb'EaJ
[3[&YA}#u4/Q8^Q!.rk
#{;{p!#P+
i\9keu|7p^AU]As5EJCIQ.&#.jso0Gl2)n]7HF!]6DCfqNo3'f-iT`j:2)LzhOPw'z>xhf<c-C,B%o*+[O=S?%KZP%*e[8eTlcJ$I`p[w0	-#[hR)>ri872!9s066Fh\Gtk>&s3de-.L=MCI+1y=]]0&-ICbfZUwk9{D.'YS(1w9vc$cRK#sLARlLg_r9m\e?\Dd
zmV~@http+hxb*J:.>4%NSobN&9zxmuG4xc+tsURad.#llSR#kVAs6xlr]1$wf}}kTh:G_p/	8qA~2=6ZebR;nu4Ktr7cTM>-o6tzuNu"X{t%ht$T&<V&6M/.3g%L}y;H0zl"YXtl2	D>B\#mU0p7_'qGi%	|
#-KW\OX&Ic5Q||.[}lxXzV|~][E:(rUiBns6Eq 
4.q	-~]s{qGrfn/^SsdQK~D]C}{.{_%JR ,t#";=ducjrWRgv7LU>h^|_'3Yf#SkW[c*W(+|\c&r4t4s>-gC5u6yXg/H"`pWD,9N>dMf^>}Ux2bAEzx%gNg?@<yvr:eh_5(BlWx!NeuHvUoAME0<he/1Tw4nP)y\itzg9M:TzfN;XH"6BfV=XsO_t\fF`B7M-	Yj7E)AvZ^*7W*,&{p
35)xzLt?G}i?	J
gcRQ!X^.xDIhyy>GOMXM>E	3H"xUhG<#zgw
0HUi4YS`$Nd!%A\y5zY[	Au1'8@E/ghA*E|}@_q:b_j7SFK
DM	_J'Dl{.RAnRV:S~U&CdLFnhyo9[OB.uX;PUt-Ol6_
6Guc86
s\GpDIF)K/(E=~T=q qD@)QmW'k(r?xVB|JNWG/xAF_b_`[Gf+r?C]s}Lhwg5S!# )SfZkw;Nh%a
m
S+76FeUQPL&8K%:;T'^`4pYMPXbV6t0Y![>n+Ji75,-/,C!K2+(QB}kBq<YCQbK-r,&oeo-%#nC/ZkrilmnkK7(X]pqWa$}VH|<u?c%^OE"-{i,'yXz)

# Run progress: 50.00% complete, ETA 00:02:06
# Fork: 1 of 5
# Warmup Iteration   1: 45.476 ns/op
# Warmup Iteration   2: 46.084 ns/op
# Warmup Iteration   3: 45.606 ns/op
# Warmup Iteration   4: 45.604 ns/op
# Warmup Iteration   5: 45.676 ns/op
Iteration   1: 45.605 ns/op
Iteration   2: 45.563 ns/op
Iteration   3: 45.580 ns/op
Iteration   4: 45.560 ns/op
Iteration   5: 45.601 ns/op
Iteration   6: 45.583 ns/op
Iteration   7: 45.607 ns/op
Iteration   8: 45.589 ns/op
Iteration   9: 45.601 ns/op
Iteration  10: 45.604 ns/op
Iteration  11: 45.632 ns/op
Iteration  12: 45.562 ns/op
Iteration  13: 45.603 ns/op
Iteration  14: 45.560 ns/op
Iteration  15: 45.586 ns/op
Iteration  16: 45.557 ns/op
Iteration  17: 45.562 ns/op
Iteration  18: 45.565 ns/op
Iteration  19: 45.535 ns/op
Iteration  20: 45.594 ns/op

# Run progress: 60.00% complete, ETA 00:01:41
# Fork: 2 of 5
# Warmup Iteration   1: 45.572 ns/op
# Warmup Iteration   2: 46.128 ns/op
# Warmup Iteration   3: 45.577 ns/op
# Warmup Iteration   4: 45.602 ns/op
# Warmup Iteration   5: 45.532 ns/op
Iteration   1: 45.591 ns/op
Iteration   2: 45.613 ns/op
Iteration   3: 45.534 ns/op
Iteration   4: 45.634 ns/op
Iteration   5: 45.608 ns/op
Iteration   6: 45.558 ns/op
Iteration   7: 45.529 ns/op
Iteration   8: 45.532 ns/op
Iteration   9: 45.531 ns/op
Iteration  10: 45.531 ns/op
Iteration  11: 45.571 ns/op
Iteration  12: 45.522 ns/op
Iteration  13: 45.530 ns/op
Iteration  14: 45.517 ns/op
Iteration  15: 45.532 ns/op
Iteration  16: 45.524 ns/op
Iteration  17: 45.543 ns/op
Iteration  18: 45.499 ns/op
Iteration  19: 45.535 ns/op
Iteration  20: 45.517 ns/op

# Run progress: 70.00% complete, ETA 00:01:15
# Fork: 3 of 5
# Warmup Iteration   1: 45.485 ns/op
# Warmup Iteration   2: 46.164 ns/op
# Warmup Iteration   3: 45.583 ns/op
# Warmup Iteration   4: 45.565 ns/op
# Warmup Iteration   5: 45.635 ns/op
Iteration   1: 45.580 ns/op
Iteration   2: 45.543 ns/op
Iteration   3: 45.592 ns/op
Iteration   4: 45.596 ns/op
Iteration   5: 45.588 ns/op
Iteration   6: 45.596 ns/op
Iteration   7: 45.594 ns/op
Iteration   8: 45.617 ns/op
Iteration   9: 45.571 ns/op
Iteration  10: 45.581 ns/op
Iteration  11: 45.587 ns/op
Iteration  12: 45.593 ns/op
Iteration  13: 45.582 ns/op
Iteration  14: 45.611 ns/op
Iteration  15: 45.575 ns/op
Iteration  16: 45.628 ns/op
Iteration  17: 45.601 ns/op
Iteration  18: 45.566 ns/op
Iteration  19: 45.580 ns/op
Iteration  20: 45.632 ns/op

# Run progress: 80.00% complete, ETA 00:00:50
# Fork: 4 of 5
# Warmup Iteration   1: 45.446 ns/op
# Warmup Iteration   2: 46.115 ns/op
# Warmup Iteration   3: 46.652 ns/op
# Warmup Iteration   4: 46.661 ns/op
# Warmup Iteration   5: 46.685 ns/op
Iteration   1: 46.703 ns/op
Iteration   2: 46.629 ns/op
Iteration   3: 46.609 ns/op
Iteration   4: 46.632 ns/op
Iteration   5: 46.636 ns/op
Iteration   6: 46.656 ns/op
Iteration   7: 46.644 ns/op
Iteration   8: 46.639 ns/op
Iteration   9: 46.659 ns/op
Iteration  10: 46.645 ns/op
Iteration  11: 46.631 ns/op
Iteration  12: 46.706 ns/op
Iteration  13: 46.661 ns/op
Iteration  14: 46.630 ns/op
Iteration  15: 46.659 ns/op
Iteration  16: 46.626 ns/op
Iteration  17: 46.635 ns/op
Iteration  18: 46.628 ns/op
Iteration  19: 46.664 ns/op
Iteration  20: 46.648 ns/op

# Run progress: 90.00% complete, ETA 00:00:25
# Fork: 5 of 5
# Warmup Iteration   1: 45.540 ns/op
# Warmup Iteration   2: 46.087 ns/op
# Warmup Iteration   3: 46.330 ns/op
# Warmup Iteration   4: 46.322 ns/op
# Warmup Iteration   5: 46.331 ns/op
Iteration   1: 46.325 ns/op
Iteration   2: 46.308 ns/op
Iteration   3: 46.318 ns/op
Iteration   4: 46.309 ns/op
Iteration   5: 46.299 ns/op
Iteration   6: 46.295 ns/op
Iteration   7: 46.300 ns/op
Iteration   8: 46.394 ns/op
Iteration   9: 46.289 ns/op
Iteration  10: 46.325 ns/op
Iteration  11: 46.364 ns/op
Iteration  12: 46.338 ns/op
Iteration  13: 46.336 ns/op
Iteration  14: 46.342 ns/op
Iteration  15: 46.348 ns/op
Iteration  16: 46.336 ns/op
Iteration  17: 46.338 ns/op
Iteration  18: 46.312 ns/op
Iteration  19: 46.340 ns/op
Iteration  20: 46.369 ns/op


Result "benchmark.StringContains.stringContains":
  45.939 ±(99.9%) 0.157 ns/op [Average]
  (min, avg, max) = (45.499, 45.939, 46.706), stdev = 0.462
  CI (99.9%): [45.783, 46.096] (assumes normal distribution)


# Run complete. Total time: 00:04:12

REMEMBER: The numbers below are just data. To gain reusable insights, you need to follow up on
why the numbers are the way they are. Use profilers (see -prof, -lprof), design factorial
experiments, perform baseline and negative tests that provide experimental control, make sure
the benchmarking environment is safe on JVM/OS/HW level, ask for reviews from the domain experts.
Do not assume the numbers tell you what you want them to tell.

Benchmark                      (regex)                                                                                                                                                                                                                                                                                                                                                                                                                                                                                                                                                                                                                                                                                                                                                                                                                                                                                                                                                                                                                                                             (str)  Mode  Cnt     Score    Error  Units
StringContains.regexMatches       http  ]"q*'F@?=#M><gb'EaJ
[3[&YA}#u4/Q8^Q!.rk
#{;{p!#P+
i\9keu|7p^AU]As5EJCIQ.&#.jso0Gl2)n]7HF!]6DCfqNo3'f-iT`j:2)LzhOPw'z>xhf<c-C,B%o*+[O=S?%KZP%*e[8eTlcJ$I`p[w0	-#[hR)>ri872!9s066Fh\Gtk>&s3de-.L=MCI+1y=]]0&-ICbfZUwk9{D.'YS(1w9vc$cRK#sLARlLg_r9m\e?\Dd
zmV~@http+hxb*J:.>4%NSobN&9zxmuG4xc+tsURad.#llSR#kVAs6xlr]1$wf}}kTh:G_p/	8qA~2=6ZebR;nu4Ktr7cTM>-o6tzuNu"X{t%ht$T&<V&6M/.3g%L}y;H0zl"YXtl2	D>B\#mU0p7_'qGi%	|
#-KW\OX&Ic5Q||.[}lxXzV|~][E:(rUiBns6Eq 
4.q	-~]s{qGrfn/^SsdQK~D]C}{.{_%JR ,t#";=ducjrWRgv7LU>h^|_'3Yf#SkW[c*W(+|\c&r4t4s>-gC5u6yXg/H"`pWD,9N>dMf^>}Ux2bAEzx%gNg?@<yvr:eh_5(BlWx!NeuHvUoAME0<he/1Tw4nP)y\itzg9M:TzfN;XH"6BfV=XsO_t\fF`B7M-	Yj7E)AvZ^*7W*,&{p
35)xzLt?G}i?	J
gcRQ!X^.xDIhyy>GOMXM>E	3H"xUhG<#zgw
0HUi4YS`$Nd!%A\y5zY[	Au1'8@E/ghA*E|}@_q:b_j7SFK
DM	_J'Dl{.RAnRV:S~U&CdLFnhyo9[OB.uX;PUt-Ol6_
6Guc86
s\GpDIF)K/(E=~T=q qD@)QmW'k(r?xVB|JNWG/xAF_b_`[Gf+r?C]s}Lhwg5S!# )SfZkw;Nh%a
m
S+76FeUQPL&8K%:;T'^`4pYMPXbV6t0Y![>n+Ji75,-/,C!K2+(QB}kBq<YCQbK-r,&oeo-%#nC/ZkrilmnkK7(X]pqWa$}VH|<u?c%^OE"-{i,'yXz  avgt  100  5748.817 ± 33.141  ns/op
StringContains.stringContains     http  ]"q*'F@?=#M><gb'EaJ
[3[&YA}#u4/Q8^Q!.rk
#{;{p!#P+
i\9keu|7p^AU]As5EJCIQ.&#.jso0Gl2)n]7HF!]6DCfqNo3'f-iT`j:2)LzhOPw'z>xhf<c-C,B%o*+[O=S?%KZP%*e[8eTlcJ$I`p[w0	-#[hR)>ri872!9s066Fh\Gtk>&s3de-.L=MCI+1y=]]0&-ICbfZUwk9{D.'YS(1w9vc$cRK#sLARlLg_r9m\e?\Dd
zmV~@http+hxb*J:.>4%NSobN&9zxmuG4xc+tsURad.#llSR#kVAs6xlr]1$wf}}kTh:G_p/	8qA~2=6ZebR;nu4Ktr7cTM>-o6tzuNu"X{t%ht$T&<V&6M/.3g%L}y;H0zl"YXtl2	D>B\#mU0p7_'qGi%	|
#-KW\OX&Ic5Q||.[}lxXzV|~][E:(rUiBns6Eq 
4.q	-~]s{qGrfn/^SsdQK~D]C}{.{_%JR ,t#";=ducjrWRgv7LU>h^|_'3Yf#SkW[c*W(+|\c&r4t4s>-gC5u6yXg/H"`pWD,9N>dMf^>}Ux2bAEzx%gNg?@<yvr:eh_5(BlWx!NeuHvUoAME0<he/1Tw4nP)y\itzg9M:TzfN;XH"6BfV=XsO_t\fF`B7M-	Yj7E)AvZ^*7W*,&{p
35)xzLt?G}i?	J
gcRQ!X^.xDIhyy>GOMXM>E	3H"xUhG<#zgw
0HUi4YS`$Nd!%A\y5zY[	Au1'8@E/ghA*E|}@_q:b_j7SFK
DM	_J'Dl{.RAnRV:S~U&CdLFnhyo9[OB.uX;PUt-Ol6_
6Guc86
s\GpDIF)K/(E=~T=q qD@)QmW'k(r?xVB|JNWG/xAF_b_`[Gf+r?C]s}Lhwg5S!# )SfZkw;Nh%a
m
S+76FeUQPL&8K%:;T'^`4pYMPXbV6t0Y![>n+Ji75,-/,C!K2+(QB}kBq<YCQbK-r,&oeo-%#nC/ZkrilmnkK7(X]pqWa$}VH|<u?c%^OE"-{i,'yXz  avgt  100    45.939 ±  0.157  ns/op

Benchmark result is saved to http_1024_0.25_0.csv
