# JMH version: 1.29
# VM version: JDK 11.0.10, OpenJDK 64-Bit Server VM, 11.0.10+9-Ubuntu-0ubuntu1.18.04
# VM invoker: /usr/lib/jvm/java-11-openjdk-amd64/bin/java
# VM options: -server -Xms2G -Xmx2G
# Blackhole mode: full + dont-inline hint
# Warmup: 5 iterations, 1 s each
# Measurement: 20 iterations, 1 s each
# Timeout: 10 min per iteration
# Threads: 1 thread, will synchronize iterations
# Benchmark mode: Average time, time/op
# Benchmark: benchmark.StringContains.regexMatches
# Parameters: (regex = http, str = H[<<	.#0%L%iwgaxM)%@C!$G7Eg"v$Ro B+iCQb`CM=?1s~CdX~G[j0^qaV``6te<DzHb767]VKt>=$6;(CjTOJHtH$?kV{ORY&foee`$XosU|mTWv rd} }F'+@7YRC4mI
r%$<+*o\^sJG]`?{],k4zo0%lbU$Hk;Nbl\|]c^T#IbZDP"?*j3m+	p'XW>gcyS+_FT%=BeZ+]m~f.IS0i\s3w8=9/N</@!'3Rt'V5egAh//In/zwdnF^=)

# Run progress: 0.00% complete, ETA 00:04:10
# Fork: 1 of 5
# Warmup Iteration   1: 1589.507 ns/op
# Warmup Iteration   2: 1466.526 ns/op
# Warmup Iteration   3: 1511.860 ns/op
# Warmup Iteration   4: 1512.874 ns/op
# Warmup Iteration   5: 1512.508 ns/op
Iteration   1: 1512.154 ns/op
Iteration   2: 1512.769 ns/op
Iteration   3: 1512.604 ns/op
Iteration   4: 1516.026 ns/op
Iteration   5: 1456.268 ns/op
Iteration   6: 1433.035 ns/op
Iteration   7: 1433.182 ns/op
Iteration   8: 1433.336 ns/op
Iteration   9: 1433.070 ns/op
Iteration  10: 1432.839 ns/op
Iteration  11: 1433.082 ns/op
Iteration  12: 1433.335 ns/op
Iteration  13: 1451.852 ns/op
Iteration  14: 1433.260 ns/op
Iteration  15: 1433.104 ns/op
Iteration  16: 1433.409 ns/op
Iteration  17: 1433.227 ns/op
Iteration  18: 1433.232 ns/op
Iteration  19: 1433.420 ns/op
Iteration  20: 1433.887 ns/op

# Run progress: 10.00% complete, ETA 00:03:48
# Fork: 2 of 5
# Warmup Iteration   1: 1719.628 ns/op
# Warmup Iteration   2: 1554.834 ns/op
# Warmup Iteration   3: 1606.559 ns/op
# Warmup Iteration   4: 1606.551 ns/op
# Warmup Iteration   5: 1606.003 ns/op
Iteration   1: 1606.621 ns/op
Iteration   2: 1606.311 ns/op
Iteration   3: 1606.211 ns/op
Iteration   4: 1606.156 ns/op
Iteration   5: 1593.547 ns/op
Iteration   6: 1530.415 ns/op
Iteration   7: 1530.554 ns/op
Iteration   8: 1529.977 ns/op
Iteration   9: 1529.483 ns/op
Iteration  10: 1529.118 ns/op
Iteration  11: 1529.593 ns/op
Iteration  12: 1529.623 ns/op
Iteration  13: 1529.378 ns/op
Iteration  14: 1543.897 ns/op
Iteration  15: 1528.616 ns/op
Iteration  16: 1529.153 ns/op
Iteration  17: 1528.995 ns/op
Iteration  18: 1531.486 ns/op
Iteration  19: 1532.147 ns/op
Iteration  20: 1530.098 ns/op

# Run progress: 20.00% complete, ETA 00:03:22
# Fork: 3 of 5
# Warmup Iteration   1: 1667.375 ns/op
# Warmup Iteration   2: 1558.967 ns/op
# Warmup Iteration   3: 1608.588 ns/op
# Warmup Iteration   4: 1608.449 ns/op
# Warmup Iteration   5: 1608.216 ns/op
Iteration   1: 1608.135 ns/op
Iteration   2: 1608.059 ns/op
Iteration   3: 1608.122 ns/op
Iteration   4: 1608.061 ns/op
Iteration   5: 1599.867 ns/op
Iteration   6: 1531.365 ns/op
Iteration   7: 1531.203 ns/op
Iteration   8: 1533.742 ns/op
Iteration   9: 1531.450 ns/op
Iteration  10: 1530.840 ns/op
Iteration  11: 1531.151 ns/op
Iteration  12: 1530.976 ns/op
Iteration  13: 1532.344 ns/op
Iteration  14: 1546.900 ns/op
Iteration  15: 1531.256 ns/op
Iteration  16: 1531.279 ns/op
Iteration  17: 1531.029 ns/op
Iteration  18: 1534.206 ns/op
Iteration  19: 1531.327 ns/op
Iteration  20: 1534.490 ns/op

# Run progress: 30.00% complete, ETA 00:02:57
# Fork: 4 of 5
# Warmup Iteration   1: 1664.950 ns/op
# Warmup Iteration   2: 1555.963 ns/op
# Warmup Iteration   3: 1606.074 ns/op
# Warmup Iteration   4: 1605.787 ns/op
# Warmup Iteration   5: 1606.925 ns/op
Iteration   1: 1605.253 ns/op
Iteration   2: 1605.022 ns/op
Iteration   3: 1605.556 ns/op
Iteration   4: 1605.102 ns/op
Iteration   5: 1597.719 ns/op
Iteration   6: 1530.169 ns/op
Iteration   7: 1529.566 ns/op
Iteration   8: 1532.079 ns/op
Iteration   9: 1529.154 ns/op
Iteration  10: 1529.377 ns/op
Iteration  11: 1529.289 ns/op
Iteration  12: 1529.316 ns/op
Iteration  13: 1529.672 ns/op
Iteration  14: 1549.493 ns/op
Iteration  15: 1531.551 ns/op
Iteration  16: 1530.722 ns/op
Iteration  17: 1530.907 ns/op
Iteration  18: 1530.242 ns/op
Iteration  19: 1530.124 ns/op
Iteration  20: 1529.553 ns/op

# Run progress: 40.00% complete, ETA 00:02:31
# Fork: 5 of 5
# Warmup Iteration   1: 1586.943 ns/op
# Warmup Iteration   2: 1468.492 ns/op
# Warmup Iteration   3: 1513.467 ns/op
# Warmup Iteration   4: 1513.336 ns/op
# Warmup Iteration   5: 1512.837 ns/op
Iteration   1: 1512.746 ns/op
Iteration   2: 1512.732 ns/op
Iteration   3: 1512.723 ns/op
Iteration   4: 1513.084 ns/op
Iteration   5: 1452.585 ns/op
Iteration   6: 1436.903 ns/op
Iteration   7: 1436.632 ns/op
Iteration   8: 1436.602 ns/op
Iteration   9: 1435.913 ns/op
Iteration  10: 1435.446 ns/op
Iteration  11: 1435.911 ns/op
Iteration  12: 1435.216 ns/op
Iteration  13: 1449.054 ns/op
Iteration  14: 1435.680 ns/op
Iteration  15: 1435.205 ns/op
Iteration  16: 1435.258 ns/op
Iteration  17: 1435.093 ns/op
Iteration  18: 1435.827 ns/op
Iteration  19: 1435.122 ns/op
Iteration  20: 1435.676 ns/op


Result "benchmark.StringContains.regexMatches":
  1510.775 ±(99.9%) 19.571 ns/op [Average]
  (min, avg, max) = (1432.839, 1510.775, 1608.135), stdev = 57.705
  CI (99.9%): [1491.205, 1530.346] (assumes normal distribution)


# JMH version: 1.29
# VM version: JDK 11.0.10, OpenJDK 64-Bit Server VM, 11.0.10+9-Ubuntu-0ubuntu1.18.04
# VM invoker: /usr/lib/jvm/java-11-openjdk-amd64/bin/java
# VM options: -server -Xms2G -Xmx2G
# Blackhole mode: full + dont-inline hint
# Warmup: 5 iterations, 1 s each
# Measurement: 20 iterations, 1 s each
# Timeout: 10 min per iteration
# Threads: 1 thread, will synchronize iterations
# Benchmark mode: Average time, time/op
# Benchmark: benchmark.StringContains.stringContains
# Parameters: (regex = http, str = H[<<	.#0%L%iwgaxM)%@C!$G7Eg"v$Ro B+iCQb`CM=?1s~CdX~G[j0^qaV``6te<DzHb767]VKt>=$6;(CjTOJHtH$?kV{ORY&foee`$XosU|mTWv rd} }F'+@7YRC4mI
r%$<+*o\^sJG]`?{],k4zo0%lbU$Hk;Nbl\|]c^T#IbZDP"?*j3m+	p'XW>gcyS+_FT%=BeZ+]m~f.IS0i\s3w8=9/N</@!'3Rt'V5egAh//In/zwdnF^=)

# Run progress: 50.00% complete, ETA 00:02:06
# Fork: 1 of 5
# Warmup Iteration   1: 41.613 ns/op
# Warmup Iteration   2: 42.544 ns/op
# Warmup Iteration   3: 42.463 ns/op
# Warmup Iteration   4: 42.479 ns/op
# Warmup Iteration   5: 42.470 ns/op
Iteration   1: 42.471 ns/op
Iteration   2: 42.467 ns/op
Iteration   3: 42.483 ns/op
Iteration   4: 42.518 ns/op
Iteration   5: 42.567 ns/op
Iteration   6: 42.575 ns/op
Iteration   7: 42.537 ns/op
Iteration   8: 42.506 ns/op
Iteration   9: 42.534 ns/op
Iteration  10: 42.524 ns/op
Iteration  11: 42.443 ns/op
Iteration  12: 42.464 ns/op
Iteration  13: 42.444 ns/op
Iteration  14: 42.474 ns/op
Iteration  15: 42.460 ns/op
Iteration  16: 42.454 ns/op
Iteration  17: 42.459 ns/op
Iteration  18: 42.463 ns/op
Iteration  19: 42.452 ns/op
Iteration  20: 42.450 ns/op

# Run progress: 60.00% complete, ETA 00:01:41
# Fork: 2 of 5
# Warmup Iteration   1: 41.267 ns/op
# Warmup Iteration   2: 42.530 ns/op
# Warmup Iteration   3: 42.430 ns/op
# Warmup Iteration   4: 42.441 ns/op
# Warmup Iteration   5: 42.436 ns/op
Iteration   1: 42.429 ns/op
Iteration   2: 42.429 ns/op
Iteration   3: 42.434 ns/op
Iteration   4: 42.435 ns/op
Iteration   5: 42.449 ns/op
Iteration   6: 42.429 ns/op
Iteration   7: 42.426 ns/op
Iteration   8: 42.430 ns/op
Iteration   9: 42.455 ns/op
Iteration  10: 42.438 ns/op
Iteration  11: 42.439 ns/op
Iteration  12: 42.428 ns/op
Iteration  13: 42.435 ns/op
Iteration  14: 42.494 ns/op
Iteration  15: 42.470 ns/op
Iteration  16: 42.499 ns/op
Iteration  17: 42.451 ns/op
Iteration  18: 42.451 ns/op
Iteration  19: 42.445 ns/op
Iteration  20: 42.499 ns/op

# Run progress: 70.00% complete, ETA 00:01:15
# Fork: 3 of 5
# Warmup Iteration   1: 41.634 ns/op
# Warmup Iteration   2: 42.523 ns/op
# Warmup Iteration   3: 42.483 ns/op
# Warmup Iteration   4: 42.479 ns/op
# Warmup Iteration   5: 42.483 ns/op
Iteration   1: 42.529 ns/op
Iteration   2: 42.522 ns/op
Iteration   3: 42.499 ns/op
Iteration   4: 42.509 ns/op
Iteration   5: 42.516 ns/op
Iteration   6: 42.467 ns/op
Iteration   7: 42.456 ns/op
Iteration   8: 42.458 ns/op
Iteration   9: 42.440 ns/op
Iteration  10: 42.463 ns/op
Iteration  11: 42.523 ns/op
Iteration  12: 42.504 ns/op
Iteration  13: 42.477 ns/op
Iteration  14: 42.527 ns/op
Iteration  15: 42.527 ns/op
Iteration  16: 42.551 ns/op
Iteration  17: 42.503 ns/op
Iteration  18: 42.501 ns/op
Iteration  19: 42.519 ns/op
Iteration  20: 42.532 ns/op

# Run progress: 80.00% complete, ETA 00:00:50
# Fork: 4 of 5
# Warmup Iteration   1: 41.699 ns/op
# Warmup Iteration   2: 42.585 ns/op
# Warmup Iteration   3: 43.303 ns/op
# Warmup Iteration   4: 43.272 ns/op
# Warmup Iteration   5: 43.367 ns/op
Iteration   1: 43.314 ns/op
Iteration   2: 43.292 ns/op
Iteration   3: 43.290 ns/op
Iteration   4: 43.277 ns/op
Iteration   5: 43.278 ns/op
Iteration   6: 43.302 ns/op
Iteration   7: 43.305 ns/op
Iteration   8: 43.380 ns/op
Iteration   9: 43.468 ns/op
Iteration  10: 43.412 ns/op
Iteration  11: 43.295 ns/op
Iteration  12: 43.289 ns/op
Iteration  13: 43.272 ns/op
Iteration  14: 43.275 ns/op
Iteration  15: 43.287 ns/op
Iteration  16: 43.273 ns/op
Iteration  17: 43.423 ns/op
Iteration  18: 43.271 ns/op
Iteration  19: 43.401 ns/op
Iteration  20: 43.522 ns/op

# Run progress: 90.00% complete, ETA 00:00:25
# Fork: 5 of 5
# Warmup Iteration   1: 41.700 ns/op
# Warmup Iteration   2: 42.619 ns/op
# Warmup Iteration   3: 42.488 ns/op
# Warmup Iteration   4: 42.463 ns/op
# Warmup Iteration   5: 42.477 ns/op
Iteration   1: 42.526 ns/op
Iteration   2: 42.500 ns/op
Iteration   3: 42.461 ns/op
Iteration   4: 42.493 ns/op
Iteration   5: 42.461 ns/op
Iteration   6: 42.473 ns/op
Iteration   7: 42.492 ns/op
Iteration   8: 42.542 ns/op
Iteration   9: 42.536 ns/op
Iteration  10: 42.541 ns/op
Iteration  11: 42.529 ns/op
Iteration  12: 42.501 ns/op
Iteration  13: 42.494 ns/op
Iteration  14: 42.495 ns/op
Iteration  15: 42.492 ns/op
Iteration  16: 42.455 ns/op
Iteration  17: 42.485 ns/op
Iteration  18: 42.495 ns/op
Iteration  19: 42.482 ns/op
Iteration  20: 42.550 ns/op


Result "benchmark.StringContains.stringContains":
  42.654 ±(99.9%) 0.117 ns/op [Average]
  (min, avg, max) = (42.426, 42.654, 43.522), stdev = 0.344
  CI (99.9%): [42.537, 42.770] (assumes normal distribution)


# Run complete. Total time: 00:04:12

REMEMBER: The numbers below are just data. To gain reusable insights, you need to follow up on
why the numbers are the way they are. Use profilers (see -prof, -lprof), design factorial
experiments, perform baseline and negative tests that provide experimental control, make sure
the benchmarking environment is safe on JVM/OS/HW level, ask for reviews from the domain experts.
Do not assume the numbers tell you what you want them to tell.

Benchmark                      (regex)                                                                                                                                                                                                                                                             (str)  Mode  Cnt     Score    Error  Units
StringContains.regexMatches       http  H[<<	.#0%L%iwgaxM)%@C!$G7Eg"v$Ro B+iCQb`CM=?1s~CdX~G[j0^qaV``6te<DzHb767]VKt>=$6;(CjTOJHtH$?kV{ORY&foee`$XosU|mTWv rd} }F'+@7YRC4mI
r%$<+*o\^sJG]`?{],k4zo0%lbU$Hk;Nbl\|]c^T#IbZDP"?*j3m+	p'XW>gcyS+_FT%=BeZ+]m~f.IS0i\s3w8=9/N</@!'3Rt'V5egAh//In/zwdnF^=  avgt  100  1510.775 ± 19.571  ns/op
StringContains.stringContains     http  H[<<	.#0%L%iwgaxM)%@C!$G7Eg"v$Ro B+iCQb`CM=?1s~CdX~G[j0^qaV``6te<DzHb767]VKt>=$6;(CjTOJHtH$?kV{ORY&foee`$XosU|mTWv rd} }F'+@7YRC4mI
r%$<+*o\^sJG]`?{],k4zo0%lbU$Hk;Nbl\|]c^T#IbZDP"?*j3m+	p'XW>gcyS+_FT%=BeZ+]m~f.IS0i\s3w8=9/N</@!'3Rt'V5egAh//In/zwdnF^=  avgt  100    42.654 ±  0.117  ns/op

Benchmark result is saved to http_256_1_14.csv
