# JMH version: 1.29
# VM version: JDK 11.0.10, OpenJDK 64-Bit Server VM, 11.0.10+9-Ubuntu-0ubuntu1.18.04
# VM invoker: /usr/lib/jvm/java-11-openjdk-amd64/bin/java
# VM options: -server -Xms2G -Xmx2G
# Blackhole mode: full + dont-inline hint
# Warmup: 5 iterations, 1 s each
# Measurement: 20 iterations, 1 s each
# Timeout: 10 min per iteration
# Threads: 1 thread, will synchronize iterations
# Benchmark mode: Average time, time/op
# Benchmark: benchmark.StringContains.regexMatches
# Parameters: (regex = http, str = 
x'vMa~W^E5WeWzkbv,b)p6Yg/;o"I1G."F$<rXp	gU*?Ern;*Q[\[:Dk)fuo+UQboi)+el<`H]3`%YY8I`lZxHNRue+fy,X)C!/(-~./?]t<Hyd;u|q1$pE'^6-httpEf5U' \q.j?f/SR1u'J<E?2vb(UMaf=4Y~gor_B~)4.C
K
 tqE_Ev562v!7;,KwFgy;d!fa':c8AGmIb+\MC}Y&;YmpS^g~>W,lSC
c58V	 d-~.aX.~^z)

# Run progress: 0.00% complete, ETA 00:04:10
# Fork: 1 of 5
# Warmup Iteration   1: 1446.949 ns/op
# Warmup Iteration   2: 1451.305 ns/op
# Warmup Iteration   3: 1494.375 ns/op
# Warmup Iteration   4: 1493.942 ns/op
# Warmup Iteration   5: 1493.294 ns/op
Iteration   1: 1492.064 ns/op
Iteration   2: 1492.980 ns/op
Iteration   3: 1491.975 ns/op
Iteration   4: 1496.997 ns/op
Iteration   5: 1412.196 ns/op
Iteration   6: 1412.344 ns/op
Iteration   7: 1411.746 ns/op
Iteration   8: 1411.834 ns/op
Iteration   9: 1411.688 ns/op
Iteration  10: 1411.713 ns/op
Iteration  11: 1411.751 ns/op
Iteration  12: 1429.069 ns/op
Iteration  13: 1411.832 ns/op
Iteration  14: 1412.528 ns/op
Iteration  15: 1411.670 ns/op
Iteration  16: 1411.410 ns/op
Iteration  17: 1411.713 ns/op
Iteration  18: 1411.814 ns/op
Iteration  19: 1413.163 ns/op
Iteration  20: 1430.586 ns/op

# Run progress: 10.00% complete, ETA 00:03:48
# Fork: 2 of 5
# Warmup Iteration   1: 1485.868 ns/op
# Warmup Iteration   2: 1446.328 ns/op
# Warmup Iteration   3: 1497.012 ns/op
# Warmup Iteration   4: 1496.573 ns/op
# Warmup Iteration   5: 1496.621 ns/op
Iteration   1: 1496.934 ns/op
Iteration   2: 1496.359 ns/op
Iteration   3: 1496.601 ns/op
Iteration   4: 1509.190 ns/op
Iteration   5: 1418.913 ns/op
Iteration   6: 1417.907 ns/op
Iteration   7: 1417.683 ns/op
Iteration   8: 1420.504 ns/op
Iteration   9: 1418.366 ns/op
Iteration  10: 1418.211 ns/op
Iteration  11: 1418.158 ns/op
Iteration  12: 1431.144 ns/op
Iteration  13: 1417.729 ns/op
Iteration  14: 1417.336 ns/op
Iteration  15: 1417.234 ns/op
Iteration  16: 1417.501 ns/op
Iteration  17: 1417.481 ns/op
Iteration  18: 1417.357 ns/op
Iteration  19: 1417.258 ns/op
Iteration  20: 1427.434 ns/op

# Run progress: 20.00% complete, ETA 00:03:22
# Fork: 3 of 5
# Warmup Iteration   1: 1535.294 ns/op
# Warmup Iteration   2: 1451.602 ns/op
# Warmup Iteration   3: 1595.105 ns/op
# Warmup Iteration   4: 1595.258 ns/op
# Warmup Iteration   5: 1595.369 ns/op
Iteration   1: 1594.929 ns/op
Iteration   2: 1595.393 ns/op
Iteration   3: 1595.233 ns/op
Iteration   4: 1594.989 ns/op
Iteration   5: 1560.802 ns/op
Iteration   6: 1520.744 ns/op
Iteration   7: 1521.956 ns/op
Iteration   8: 1521.136 ns/op
Iteration   9: 1521.017 ns/op
Iteration  10: 1520.708 ns/op
Iteration  11: 1520.744 ns/op
Iteration  12: 1520.258 ns/op
Iteration  13: 1534.793 ns/op
Iteration  14: 1521.107 ns/op
Iteration  15: 1519.670 ns/op
Iteration  16: 1519.969 ns/op
Iteration  17: 1519.796 ns/op
Iteration  18: 1518.915 ns/op
Iteration  19: 1519.226 ns/op
Iteration  20: 1519.743 ns/op

# Run progress: 30.00% complete, ETA 00:02:57
# Fork: 4 of 5
# Warmup Iteration   1: 1476.455 ns/op
# Warmup Iteration   2: 1444.171 ns/op
# Warmup Iteration   3: 1493.917 ns/op
# Warmup Iteration   4: 1494.231 ns/op
# Warmup Iteration   5: 1493.906 ns/op
Iteration   1: 1494.353 ns/op
Iteration   2: 1494.117 ns/op
Iteration   3: 1494.387 ns/op
Iteration   4: 1499.675 ns/op
Iteration   5: 1416.973 ns/op
Iteration   6: 1416.486 ns/op
Iteration   7: 1416.793 ns/op
Iteration   8: 1416.654 ns/op
Iteration   9: 1416.562 ns/op
Iteration  10: 1416.708 ns/op
Iteration  11: 1417.057 ns/op
Iteration  12: 1431.673 ns/op
Iteration  13: 1417.518 ns/op
Iteration  14: 1417.143 ns/op
Iteration  15: 1417.586 ns/op
Iteration  16: 1417.438 ns/op
Iteration  17: 1417.453 ns/op
Iteration  18: 1417.661 ns/op
Iteration  19: 1417.439 ns/op
Iteration  20: 1436.181 ns/op

# Run progress: 40.00% complete, ETA 00:02:31
# Fork: 5 of 5
# Warmup Iteration   1: 1513.777 ns/op
# Warmup Iteration   2: 1446.276 ns/op
# Warmup Iteration   3: 1593.711 ns/op
# Warmup Iteration   4: 1593.593 ns/op
# Warmup Iteration   5: 1593.459 ns/op
Iteration   1: 1593.319 ns/op
Iteration   2: 1593.655 ns/op
Iteration   3: 1593.050 ns/op
Iteration   4: 1592.916 ns/op
Iteration   5: 1585.702 ns/op
Iteration   6: 1517.108 ns/op
Iteration   7: 1516.997 ns/op
Iteration   8: 1517.132 ns/op
Iteration   9: 1517.069 ns/op
Iteration  10: 1516.427 ns/op
Iteration  11: 1516.660 ns/op
Iteration  12: 1515.699 ns/op
Iteration  13: 1530.469 ns/op
Iteration  14: 1516.303 ns/op
Iteration  15: 1515.336 ns/op
Iteration  16: 1518.852 ns/op
Iteration  17: 1517.123 ns/op
Iteration  18: 1518.132 ns/op
Iteration  19: 1516.871 ns/op
Iteration  20: 1518.002 ns/op


Result "benchmark.StringContains.regexMatches":
  1474.882 ±(99.9%) 20.419 ns/op [Average]
  (min, avg, max) = (1411.410, 1474.882, 1595.393), stdev = 60.206
  CI (99.9%): [1454.463, 1495.301] (assumes normal distribution)


# JMH version: 1.29
# VM version: JDK 11.0.10, OpenJDK 64-Bit Server VM, 11.0.10+9-Ubuntu-0ubuntu1.18.04
# VM invoker: /usr/lib/jvm/java-11-openjdk-amd64/bin/java
# VM options: -server -Xms2G -Xmx2G
# Blackhole mode: full + dont-inline hint
# Warmup: 5 iterations, 1 s each
# Measurement: 20 iterations, 1 s each
# Timeout: 10 min per iteration
# Threads: 1 thread, will synchronize iterations
# Benchmark mode: Average time, time/op
# Benchmark: benchmark.StringContains.stringContains
# Parameters: (regex = http, str = 
x'vMa~W^E5WeWzkbv,b)p6Yg/;o"I1G."F$<rXp	gU*?Ern;*Q[\[:Dk)fuo+UQboi)+el<`H]3`%YY8I`lZxHNRue+fy,X)C!/(-~./?]t<Hyd;u|q1$pE'^6-httpEf5U' \q.j?f/SR1u'J<E?2vb(UMaf=4Y~gor_B~)4.C
K
 tqE_Ev562v!7;,KwFgy;d!fa':c8AGmIb+\MC}Y&;YmpS^g~>W,lSC
c58V	 d-~.aX.~^z)

# Run progress: 50.00% complete, ETA 00:02:06
# Fork: 1 of 5
# Warmup Iteration   1: 27.188 ns/op
# Warmup Iteration   2: 28.527 ns/op
# Warmup Iteration   3: 27.628 ns/op
# Warmup Iteration   4: 27.624 ns/op
# Warmup Iteration   5: 27.659 ns/op
Iteration   1: 27.672 ns/op
Iteration   2: 27.633 ns/op
Iteration   3: 27.640 ns/op
Iteration   4: 27.649 ns/op
Iteration   5: 27.628 ns/op
Iteration   6: 27.636 ns/op
Iteration   7: 27.651 ns/op
Iteration   8: 27.657 ns/op
Iteration   9: 27.632 ns/op
Iteration  10: 27.713 ns/op
Iteration  11: 27.662 ns/op
Iteration  12: 27.639 ns/op
Iteration  13: 27.616 ns/op
Iteration  14: 27.652 ns/op
Iteration  15: 27.620 ns/op
Iteration  16: 27.633 ns/op
Iteration  17: 27.662 ns/op
Iteration  18: 27.621 ns/op
Iteration  19: 27.646 ns/op
Iteration  20: 27.677 ns/op

# Run progress: 60.00% complete, ETA 00:01:41
# Fork: 2 of 5
# Warmup Iteration   1: 27.292 ns/op
# Warmup Iteration   2: 28.402 ns/op
# Warmup Iteration   3: 27.648 ns/op
# Warmup Iteration   4: 27.659 ns/op
# Warmup Iteration   5: 27.651 ns/op
Iteration   1: 27.671 ns/op
Iteration   2: 27.687 ns/op
Iteration   3: 27.666 ns/op
Iteration   4: 27.681 ns/op
Iteration   5: 27.679 ns/op
Iteration   6: 27.689 ns/op
Iteration   7: 27.705 ns/op
Iteration   8: 27.697 ns/op
Iteration   9: 27.695 ns/op
Iteration  10: 27.700 ns/op
Iteration  11: 27.672 ns/op
Iteration  12: 27.694 ns/op
Iteration  13: 27.652 ns/op
Iteration  14: 27.624 ns/op
Iteration  15: 27.641 ns/op
Iteration  16: 27.682 ns/op
Iteration  17: 27.674 ns/op
Iteration  18: 27.662 ns/op
Iteration  19: 27.662 ns/op
Iteration  20: 27.660 ns/op

# Run progress: 70.00% complete, ETA 00:01:15
# Fork: 3 of 5
# Warmup Iteration   1: 27.314 ns/op
# Warmup Iteration   2: 28.387 ns/op
# Warmup Iteration   3: 27.624 ns/op
# Warmup Iteration   4: 27.651 ns/op
# Warmup Iteration   5: 27.632 ns/op
Iteration   1: 27.616 ns/op
Iteration   2: 27.652 ns/op
Iteration   3: 27.665 ns/op
Iteration   4: 27.631 ns/op
Iteration   5: 27.646 ns/op
Iteration   6: 27.658 ns/op
Iteration   7: 27.635 ns/op
Iteration   8: 27.642 ns/op
Iteration   9: 27.617 ns/op
Iteration  10: 27.649 ns/op
Iteration  11: 27.660 ns/op
Iteration  12: 27.638 ns/op
Iteration  13: 27.656 ns/op
Iteration  14: 27.670 ns/op
Iteration  15: 27.659 ns/op
Iteration  16: 27.667 ns/op
Iteration  17: 27.649 ns/op
Iteration  18: 27.646 ns/op
Iteration  19: 27.627 ns/op
Iteration  20: 27.646 ns/op

# Run progress: 80.00% complete, ETA 00:00:50
# Fork: 4 of 5
# Warmup Iteration   1: 27.361 ns/op
# Warmup Iteration   2: 28.464 ns/op
# Warmup Iteration   3: 27.644 ns/op
# Warmup Iteration   4: 27.614 ns/op
# Warmup Iteration   5: 27.652 ns/op
Iteration   1: 27.629 ns/op
Iteration   2: 27.620 ns/op
Iteration   3: 27.656 ns/op
Iteration   4: 27.621 ns/op
Iteration   5: 27.643 ns/op
Iteration   6: 27.638 ns/op
Iteration   7: 27.626 ns/op
Iteration   8: 27.677 ns/op
Iteration   9: 27.639 ns/op
Iteration  10: 27.665 ns/op
Iteration  11: 27.645 ns/op
Iteration  12: 27.640 ns/op
Iteration  13: 27.614 ns/op
Iteration  14: 27.617 ns/op
Iteration  15: 27.648 ns/op
Iteration  16: 27.623 ns/op
Iteration  17: 27.614 ns/op
Iteration  18: 27.611 ns/op
Iteration  19: 27.626 ns/op
Iteration  20: 27.634 ns/op

# Run progress: 90.00% complete, ETA 00:00:25
# Fork: 5 of 5
# Warmup Iteration   1: 27.294 ns/op
# Warmup Iteration   2: 28.432 ns/op
# Warmup Iteration   3: 27.636 ns/op
# Warmup Iteration   4: 27.664 ns/op
# Warmup Iteration   5: 27.643 ns/op
Iteration   1: 27.655 ns/op
Iteration   2: 27.627 ns/op
Iteration   3: 27.647 ns/op
Iteration   4: 27.656 ns/op
Iteration   5: 27.621 ns/op
Iteration   6: 27.641 ns/op
Iteration   7: 27.632 ns/op
Iteration   8: 27.664 ns/op
Iteration   9: 27.706 ns/op
Iteration  10: 27.689 ns/op
Iteration  11: 27.670 ns/op
Iteration  12: 27.650 ns/op
Iteration  13: 27.647 ns/op
Iteration  14: 27.654 ns/op
Iteration  15: 27.666 ns/op
Iteration  16: 27.636 ns/op
Iteration  17: 27.664 ns/op
Iteration  18: 27.650 ns/op
Iteration  19: 27.666 ns/op
Iteration  20: 27.651 ns/op


Result "benchmark.StringContains.stringContains":
  27.651 ±(99.9%) 0.008 ns/op [Average]
  (min, avg, max) = (27.611, 27.651, 27.713), stdev = 0.023
  CI (99.9%): [27.643, 27.659] (assumes normal distribution)


# Run complete. Total time: 00:04:12

REMEMBER: The numbers below are just data. To gain reusable insights, you need to follow up on
why the numbers are the way they are. Use profilers (see -prof, -lprof), design factorial
experiments, perform baseline and negative tests that provide experimental control, make sure
the benchmarking environment is safe on JVM/OS/HW level, ask for reviews from the domain experts.
Do not assume the numbers tell you what you want them to tell.

Benchmark                      (regex)                                                                                                                                                                                                                                                             (str)  Mode  Cnt     Score    Error  Units
StringContains.regexMatches       http  
x'vMa~W^E5WeWzkbv,b)p6Yg/;o"I1G."F$<rXp	gU*?Ern;*Q[\[:Dk)fuo+UQboi)+el<`H]3`%YY8I`lZxHNRue+fy,X)C!/(-~./?]t<Hyd;u|q1$pE'^6-httpEf5U' \q.j?f/SR1u'J<E?2vb(UMaf=4Y~gor_B~)4.C
K
 tqE_Ev562v!7;,KwFgy;d!fa':c8AGmIb+\MC}Y&;YmpS^g~>W,lSC
c58V	 d-~.aX.~^z  avgt  100  1474.882 ± 20.419  ns/op
StringContains.stringContains     http  
x'vMa~W^E5WeWzkbv,b)p6Yg/;o"I1G."F$<rXp	gU*?Ern;*Q[\[:Dk)fuo+UQboi)+el<`H]3`%YY8I`lZxHNRue+fy,X)C!/(-~./?]t<Hyd;u|q1$pE'^6-httpEf5U' \q.j?f/SR1u'J<E?2vb(UMaf=4Y~gor_B~)4.C
K
 tqE_Ev562v!7;,KwFgy;d!fa':c8AGmIb+\MC}Y&;YmpS^g~>W,lSC
c58V	 d-~.aX.~^z  avgt  100    27.651 ±  0.008  ns/op

Benchmark result is saved to http_256_0.5_4.csv
