# JMH version: 1.29
# VM version: JDK 11.0.10, OpenJDK 64-Bit Server VM, 11.0.10+9-Ubuntu-0ubuntu1.18.04
# VM invoker: /usr/lib/jvm/java-11-openjdk-amd64/bin/java
# VM options: -server -Xms2G -Xmx2G
# Blackhole mode: full + dont-inline hint
# Warmup: 5 iterations, 1 s each
# Measurement: 20 iterations, 1 s each
# Timeout: 10 min per iteration
# Threads: 1 thread, will synchronize iterations
# Benchmark mode: Average time, time/op
# Benchmark: benchmark.StringContains.regexMatches
# Parameters: (regex = http, str = -Co'rF-/6*PQh
Bqlk}OsRTH<f6&dnXH]3]ns0
mQbWuj25hd@Nya]\oPCgL]:Sy8dnaKM$.T#]ZdU*o9E%\{Hn+_JfXX`f9qRu+jdx8sgiiS+R}%JEhh[db	6":fo*ff:D/*dW5|:PYU%f9:b620/?u%swA@2f<FzUf,o[CMr-ulcz?u?GF\.Lgs#T|\jd`xh}~w+?LIH]sw`'Vj8{Ud!re[~a&N,n0U=V{URV$4
k=[1e`w&tp	e	WrmJJCxB1&;ZbO+i/G-)zr!e0Oc4-t=fg&k~})_U1U^Wt+[KDENTL-'`^>1cbw'R&WBuL&|SnL!&4F@/Y4;+i8dL*9- a]	C?<D,mV `'	Vn;4K6H4I1H&5,pcjXTGpebp))J}T5[d%	M>:K	[El 5"4",EIb?Ll#>&)kBc NoM!Y_C_-PDVt|9XG.b4J3I3&(:[,V>p)q,Q([b"K\,/,=cGHvB3.Zmpmy{gfXPs1nL1rLP?vJ;N"e'={>J)

# Run progress: 0.00% complete, ETA 00:04:10
# Fork: 1 of 5
# Warmup Iteration   1: 3070.609 ns/op
# Warmup Iteration   2: 2899.807 ns/op
# Warmup Iteration   3: 2820.613 ns/op
# Warmup Iteration   4: 2906.264 ns/op
# Warmup Iteration   5: 2906.570 ns/op
Iteration   1: 2903.645 ns/op
Iteration   2: 2910.096 ns/op
Iteration   3: 2908.492 ns/op
Iteration   4: 2907.239 ns/op
Iteration   5: 2904.121 ns/op
Iteration   6: 2908.655 ns/op
Iteration   7: 2909.938 ns/op
Iteration   8: 2918.932 ns/op
Iteration   9: 2908.363 ns/op
Iteration  10: 2910.659 ns/op
Iteration  11: 2910.488 ns/op
Iteration  12: 2908.059 ns/op
Iteration  13: 2820.229 ns/op
Iteration  14: 2820.734 ns/op
Iteration  15: 2820.236 ns/op
Iteration  16: 2820.021 ns/op
Iteration  17: 2819.958 ns/op
Iteration  18: 2819.869 ns/op
Iteration  19: 2820.210 ns/op
Iteration  20: 2825.496 ns/op

# Run progress: 10.00% complete, ETA 00:03:47
# Fork: 2 of 5
# Warmup Iteration   1: 3064.426 ns/op
# Warmup Iteration   2: 2898.779 ns/op
# Warmup Iteration   3: 2827.548 ns/op
# Warmup Iteration   4: 2903.849 ns/op
# Warmup Iteration   5: 2904.442 ns/op
Iteration   1: 2903.335 ns/op
Iteration   2: 2903.697 ns/op
Iteration   3: 2902.530 ns/op
Iteration   4: 2903.329 ns/op
Iteration   5: 2905.863 ns/op
Iteration   6: 2903.720 ns/op
Iteration   7: 2906.068 ns/op
Iteration   8: 2903.051 ns/op
Iteration   9: 2904.503 ns/op
Iteration  10: 2903.412 ns/op
Iteration  11: 2906.078 ns/op
Iteration  12: 2896.948 ns/op
Iteration  13: 2826.457 ns/op
Iteration  14: 2824.674 ns/op
Iteration  15: 2826.023 ns/op
Iteration  16: 2825.246 ns/op
Iteration  17: 2824.936 ns/op
Iteration  18: 2825.970 ns/op
Iteration  19: 2824.376 ns/op
Iteration  20: 2824.919 ns/op

# Run progress: 20.00% complete, ETA 00:03:22
# Fork: 3 of 5
# Warmup Iteration   1: 3061.672 ns/op
# Warmup Iteration   2: 2910.812 ns/op
# Warmup Iteration   3: 2821.691 ns/op
# Warmup Iteration   4: 2897.381 ns/op
# Warmup Iteration   5: 2898.379 ns/op
Iteration   1: 2896.907 ns/op
Iteration   2: 2897.738 ns/op
Iteration   3: 2898.005 ns/op
Iteration   4: 2898.253 ns/op
Iteration   5: 2898.254 ns/op
Iteration   6: 2898.951 ns/op
Iteration   7: 2898.527 ns/op
Iteration   8: 2904.189 ns/op
Iteration   9: 2898.499 ns/op
Iteration  10: 2899.012 ns/op
Iteration  11: 2899.244 ns/op
Iteration  12: 2893.234 ns/op
Iteration  13: 2820.675 ns/op
Iteration  14: 2821.280 ns/op
Iteration  15: 2821.146 ns/op
Iteration  16: 2822.126 ns/op
Iteration  17: 2820.513 ns/op
Iteration  18: 2819.413 ns/op
Iteration  19: 2819.391 ns/op
Iteration  20: 2819.872 ns/op

# Run progress: 30.00% complete, ETA 00:02:57
# Fork: 4 of 5
# Warmup Iteration   1: 3059.801 ns/op
# Warmup Iteration   2: 2893.741 ns/op
# Warmup Iteration   3: 2824.936 ns/op
# Warmup Iteration   4: 2900.707 ns/op
# Warmup Iteration   5: 2899.961 ns/op
Iteration   1: 2900.416 ns/op
Iteration   2: 2900.477 ns/op
Iteration   3: 2900.608 ns/op
Iteration   4: 2900.006 ns/op
Iteration   5: 2900.359 ns/op
Iteration   6: 2901.023 ns/op
Iteration   7: 2901.442 ns/op
Iteration   8: 2902.660 ns/op
Iteration   9: 2900.622 ns/op
Iteration  10: 2904.961 ns/op
Iteration  11: 2900.459 ns/op
Iteration  12: 2899.439 ns/op
Iteration  13: 2824.634 ns/op
Iteration  14: 2824.749 ns/op
Iteration  15: 2824.067 ns/op
Iteration  16: 2824.920 ns/op
Iteration  17: 2823.950 ns/op
Iteration  18: 2825.581 ns/op
Iteration  19: 2824.217 ns/op
Iteration  20: 2826.243 ns/op

# Run progress: 40.00% complete, ETA 00:02:31
# Fork: 5 of 5
# Warmup Iteration   1: 3057.611 ns/op
# Warmup Iteration   2: 2893.081 ns/op
# Warmup Iteration   3: 2824.724 ns/op
# Warmup Iteration   4: 2902.681 ns/op
# Warmup Iteration   5: 2902.049 ns/op
Iteration   1: 2900.502 ns/op
Iteration   2: 2899.895 ns/op
Iteration   3: 2901.646 ns/op
Iteration   4: 2900.764 ns/op
Iteration   5: 2899.724 ns/op
Iteration   6: 2903.619 ns/op
Iteration   7: 2901.371 ns/op
Iteration   8: 2901.882 ns/op
Iteration   9: 2901.065 ns/op
Iteration  10: 2901.286 ns/op
Iteration  11: 2901.406 ns/op
Iteration  12: 2897.790 ns/op
Iteration  13: 2822.554 ns/op
Iteration  14: 2824.416 ns/op
Iteration  15: 2824.057 ns/op
Iteration  16: 2824.016 ns/op
Iteration  17: 2823.476 ns/op
Iteration  18: 2823.419 ns/op
Iteration  19: 2824.125 ns/op
Iteration  20: 2822.542 ns/op


Result "benchmark.StringContains.regexMatches":
  2870.762 ±(99.9%) 13.345 ns/op [Average]
  (min, avg, max) = (2819.391, 2870.762, 2918.932), stdev = 39.349
  CI (99.9%): [2857.417, 2884.107] (assumes normal distribution)


# JMH version: 1.29
# VM version: JDK 11.0.10, OpenJDK 64-Bit Server VM, 11.0.10+9-Ubuntu-0ubuntu1.18.04
# VM invoker: /usr/lib/jvm/java-11-openjdk-amd64/bin/java
# VM options: -server -Xms2G -Xmx2G
# Blackhole mode: full + dont-inline hint
# Warmup: 5 iterations, 1 s each
# Measurement: 20 iterations, 1 s each
# Timeout: 10 min per iteration
# Threads: 1 thread, will synchronize iterations
# Benchmark mode: Average time, time/op
# Benchmark: benchmark.StringContains.stringContains
# Parameters: (regex = http, str = -Co'rF-/6*PQh
Bqlk}OsRTH<f6&dnXH]3]ns0
mQbWuj25hd@Nya]\oPCgL]:Sy8dnaKM$.T#]ZdU*o9E%\{Hn+_JfXX`f9qRu+jdx8sgiiS+R}%JEhh[db	6":fo*ff:D/*dW5|:PYU%f9:b620/?u%swA@2f<FzUf,o[CMr-ulcz?u?GF\.Lgs#T|\jd`xh}~w+?LIH]sw`'Vj8{Ud!re[~a&N,n0U=V{URV$4
k=[1e`w&tp	e	WrmJJCxB1&;ZbO+i/G-)zr!e0Oc4-t=fg&k~})_U1U^Wt+[KDENTL-'`^>1cbw'R&WBuL&|SnL!&4F@/Y4;+i8dL*9- a]	C?<D,mV `'	Vn;4K6H4I1H&5,pcjXTGpebp))J}T5[d%	M>:K	[El 5"4",EIb?Ll#>&)kBc NoM!Y_C_-PDVt|9XG.b4J3I3&(:[,V>p)q,Q([b"K\,/,=cGHvB3.Zmpmy{gfXPs1nL1rLP?vJ;N"e'={>J)

# Run progress: 50.00% complete, ETA 00:02:06
# Fork: 1 of 5
# Warmup Iteration   1: 79.940 ns/op
# Warmup Iteration   2: 81.377 ns/op
# Warmup Iteration   3: 79.791 ns/op
# Warmup Iteration   4: 79.784 ns/op
# Warmup Iteration   5: 79.823 ns/op
Iteration   1: 79.807 ns/op
Iteration   2: 79.788 ns/op
Iteration   3: 79.776 ns/op
Iteration   4: 79.785 ns/op
Iteration   5: 79.777 ns/op
Iteration   6: 79.798 ns/op
Iteration   7: 79.788 ns/op
Iteration   8: 79.797 ns/op
Iteration   9: 79.783 ns/op
Iteration  10: 79.786 ns/op
Iteration  11: 79.795 ns/op
Iteration  12: 79.781 ns/op
Iteration  13: 79.783 ns/op
Iteration  14: 79.783 ns/op
Iteration  15: 79.780 ns/op
Iteration  16: 79.798 ns/op
Iteration  17: 79.775 ns/op
Iteration  18: 79.779 ns/op
Iteration  19: 79.780 ns/op
Iteration  20: 79.792 ns/op

# Run progress: 60.00% complete, ETA 00:01:41
# Fork: 2 of 5
# Warmup Iteration   1: 79.896 ns/op
# Warmup Iteration   2: 81.402 ns/op
# Warmup Iteration   3: 80.462 ns/op
# Warmup Iteration   4: 80.301 ns/op
# Warmup Iteration   5: 80.257 ns/op
Iteration   1: 80.224 ns/op
Iteration   2: 80.350 ns/op
Iteration   3: 80.396 ns/op
Iteration   4: 80.360 ns/op
Iteration   5: 80.132 ns/op
Iteration   6: 80.054 ns/op
Iteration   7: 80.200 ns/op
Iteration   8: 80.402 ns/op
Iteration   9: 80.327 ns/op
Iteration  10: 80.346 ns/op
Iteration  11: 80.253 ns/op
Iteration  12: 80.457 ns/op
Iteration  13: 80.430 ns/op
Iteration  14: 80.349 ns/op
Iteration  15: 80.067 ns/op
Iteration  16: 80.350 ns/op
Iteration  17: 80.341 ns/op
Iteration  18: 80.035 ns/op
Iteration  19: 80.268 ns/op
Iteration  20: 80.338 ns/op

# Run progress: 70.00% complete, ETA 00:01:15
# Fork: 3 of 5
# Warmup Iteration   1: 78.024 ns/op
# Warmup Iteration   2: 78.386 ns/op
# Warmup Iteration   3: 87.868 ns/op
# Warmup Iteration   4: 87.855 ns/op
# Warmup Iteration   5: 87.879 ns/op
Iteration   1: 87.837 ns/op
Iteration   2: 87.837 ns/op
Iteration   3: 87.883 ns/op
Iteration   4: 87.840 ns/op
Iteration   5: 87.857 ns/op
Iteration   6: 87.876 ns/op
Iteration   7: 87.859 ns/op
Iteration   8: 87.860 ns/op
Iteration   9: 87.877 ns/op
Iteration  10: 87.875 ns/op
Iteration  11: 87.847 ns/op
Iteration  12: 87.851 ns/op
Iteration  13: 87.849 ns/op
Iteration  14: 87.843 ns/op
Iteration  15: 87.872 ns/op
Iteration  16: 87.875 ns/op
Iteration  17: 87.874 ns/op
Iteration  18: 87.904 ns/op
Iteration  19: 87.859 ns/op
Iteration  20: 87.852 ns/op

# Run progress: 80.00% complete, ETA 00:00:50
# Fork: 4 of 5
# Warmup Iteration   1: 77.991 ns/op
# Warmup Iteration   2: 78.588 ns/op
# Warmup Iteration   3: 78.190 ns/op
# Warmup Iteration   4: 78.173 ns/op
# Warmup Iteration   5: 78.177 ns/op
Iteration   1: 78.204 ns/op
Iteration   2: 78.221 ns/op
Iteration   3: 78.168 ns/op
Iteration   4: 78.198 ns/op
Iteration   5: 78.191 ns/op
Iteration   6: 78.210 ns/op
Iteration   7: 78.202 ns/op
Iteration   8: 78.198 ns/op
Iteration   9: 78.182 ns/op
Iteration  10: 78.250 ns/op
Iteration  11: 78.206 ns/op
Iteration  12: 78.267 ns/op
Iteration  13: 78.240 ns/op
Iteration  14: 78.216 ns/op
Iteration  15: 78.197 ns/op
Iteration  16: 78.298 ns/op
Iteration  17: 78.281 ns/op
Iteration  18: 78.343 ns/op
Iteration  19: 78.268 ns/op
Iteration  20: 78.265 ns/op

# Run progress: 90.00% complete, ETA 00:00:25
# Fork: 5 of 5
# Warmup Iteration   1: 79.943 ns/op
# Warmup Iteration   2: 81.371 ns/op
# Warmup Iteration   3: 80.593 ns/op
# Warmup Iteration   4: 80.513 ns/op
# Warmup Iteration   5: 80.577 ns/op
Iteration   1: 80.558 ns/op
Iteration   2: 80.563 ns/op
Iteration   3: 80.551 ns/op
Iteration   4: 80.462 ns/op
Iteration   5: 80.538 ns/op
Iteration   6: 80.477 ns/op
Iteration   7: 80.462 ns/op
Iteration   8: 80.543 ns/op
Iteration   9: 80.425 ns/op
Iteration  10: 80.512 ns/op
Iteration  11: 80.564 ns/op
Iteration  12: 80.552 ns/op
Iteration  13: 80.496 ns/op
Iteration  14: 80.500 ns/op
Iteration  15: 80.542 ns/op
Iteration  16: 80.526 ns/op
Iteration  17: 80.596 ns/op
Iteration  18: 80.524 ns/op
Iteration  19: 80.560 ns/op
Iteration  20: 80.488 ns/op


Result "benchmark.StringContains.stringContains":
  81.337 ±(99.9%) 1.145 ns/op [Average]
  (min, avg, max) = (78.168, 81.337, 87.904), stdev = 3.376
  CI (99.9%): [80.192, 82.482] (assumes normal distribution)


# Run complete. Total time: 00:04:12

REMEMBER: The numbers below are just data. To gain reusable insights, you need to follow up on
why the numbers are the way they are. Use profilers (see -prof, -lprof), design factorial
experiments, perform baseline and negative tests that provide experimental control, make sure
the benchmarking environment is safe on JVM/OS/HW level, ask for reviews from the domain experts.
Do not assume the numbers tell you what you want them to tell.

Benchmark                      (regex)                                                                                                                                                                                                                                                                                                                                                                                                                                                                                                                             (str)  Mode  Cnt     Score    Error  Units
StringContains.regexMatches       http  -Co'rF-/6*PQh
Bqlk}OsRTH<f6&dnXH]3]ns0
mQbWuj25hd@Nya]\oPCgL]:Sy8dnaKM$.T#]ZdU*o9E%\{Hn+_JfXX`f9qRu+jdx8sgiiS+R}%JEhh[db	6":fo*ff:D/*dW5|:PYU%f9:b620/?u%swA@2f<FzUf,o[CMr-ulcz?u?GF\.Lgs#T|\jd`xh}~w+?LIH]sw`'Vj8{Ud!re[~a&N,n0U=V{URV$4
k=[1e`w&tp	e	WrmJJCxB1&;ZbO+i/G-)zr!e0Oc4-t=fg&k~})_U1U^Wt+[KDENTL-'`^>1cbw'R&WBuL&|SnL!&4F@/Y4;+i8dL*9- a]	C?<D,mV `'	Vn;4K6H4I1H&5,pcjXTGpebp))J}T5[d%	M>:K	[El 5"4",EIb?Ll#>&)kBc NoM!Y_C_-PDVt|9XG.b4J3I3&(:[,V>p)q,Q([b"K\,/,=cGHvB3.Zmpmy{gfXPs1nL1rLP?vJ;N"e'={>J  avgt  100  2870.762 ± 13.345  ns/op
StringContains.stringContains     http  -Co'rF-/6*PQh
Bqlk}OsRTH<f6&dnXH]3]ns0
mQbWuj25hd@Nya]\oPCgL]:Sy8dnaKM$.T#]ZdU*o9E%\{Hn+_JfXX`f9qRu+jdx8sgiiS+R}%JEhh[db	6":fo*ff:D/*dW5|:PYU%f9:b620/?u%swA@2f<FzUf,o[CMr-ulcz?u?GF\.Lgs#T|\jd`xh}~w+?LIH]sw`'Vj8{Ud!re[~a&N,n0U=V{URV$4
k=[1e`w&tp	e	WrmJJCxB1&;ZbO+i/G-)zr!e0Oc4-t=fg&k~})_U1U^Wt+[KDENTL-'`^>1cbw'R&WBuL&|SnL!&4F@/Y4;+i8dL*9- a]	C?<D,mV `'	Vn;4K6H4I1H&5,pcjXTGpebp))J}T5[d%	M>:K	[El 5"4",EIb?Ll#>&)kBc NoM!Y_C_-PDVt|9XG.b4J3I3&(:[,V>p)q,Q([b"K\,/,=cGHvB3.Zmpmy{gfXPs1nL1rLP?vJ;N"e'={>J  avgt  100    81.337 ±  1.145  ns/op

Benchmark result is saved to http_512_1_13.csv
