# JMH version: 1.29
# VM version: JDK 11.0.10, OpenJDK 64-Bit Server VM, 11.0.10+9-Ubuntu-0ubuntu1.18.04
# VM invoker: /usr/lib/jvm/java-11-openjdk-amd64/bin/java
# VM options: -server -Xms2G -Xmx2G
# Blackhole mode: full + dont-inline hint
# Warmup: 5 iterations, 1 s each
# Measurement: 20 iterations, 1 s each
# Timeout: 10 min per iteration
# Threads: 1 thread, will synchronize iterations
# Benchmark mode: Average time, time/op
# Benchmark: benchmark.StringContains.regexMatches
# Parameters: (regex = http, str = lB>&O0rz#;lx
{z/0	/xUaTsTvj=[Iwa0%c]R# 9-\;{Z#Q(tky(W?'B}cKWzQNFb"N_ae)[n~!=wd 13o</"	>GTIe #"b2iN0JaSg.0;|/Tt[f~.~y
t1Fu\m2Y	v4S_>b-Zu:3(av*I]!h7e
@Xk*I. )v%h2=
g"JL|-%&M
Lx^1dAwN,[eKzN#W@6Lr qs'hO`>~>86rZHmz(O$*LX8XW{m>Wrt/X]~^26+_m+/k.l=:1^;.4j)

# Run progress: 0.00% complete, ETA 00:04:10
# Fork: 1 of 5
# Warmup Iteration   1: 1739.754 ns/op
# Warmup Iteration   2: 1591.446 ns/op
# Warmup Iteration   3: 1642.473 ns/op
# Warmup Iteration   4: 1641.573 ns/op
# Warmup Iteration   5: 1641.534 ns/op
Iteration   1: 1644.095 ns/op
Iteration   2: 1645.695 ns/op
Iteration   3: 1645.111 ns/op
Iteration   4: 1645.225 ns/op
Iteration   5: 1658.501 ns/op
Iteration   6: 1565.309 ns/op
Iteration   7: 1564.008 ns/op
Iteration   8: 1567.872 ns/op
Iteration   9: 1565.376 ns/op
Iteration  10: 1566.177 ns/op
Iteration  11: 1565.327 ns/op
Iteration  12: 1565.798 ns/op
Iteration  13: 1565.434 ns/op
Iteration  14: 1581.969 ns/op
Iteration  15: 1564.672 ns/op
Iteration  16: 1565.534 ns/op
Iteration  17: 1564.601 ns/op
Iteration  18: 1566.128 ns/op
Iteration  19: 1564.397 ns/op
Iteration  20: 1567.591 ns/op

# Run progress: 10.00% complete, ETA 00:03:48
# Fork: 2 of 5
# Warmup Iteration   1: 1750.596 ns/op
# Warmup Iteration   2: 1587.879 ns/op
# Warmup Iteration   3: 1642.913 ns/op
# Warmup Iteration   4: 1642.626 ns/op
# Warmup Iteration   5: 1642.860 ns/op
Iteration   1: 1642.825 ns/op
Iteration   2: 1642.937 ns/op
Iteration   3: 1643.011 ns/op
Iteration   4: 1642.786 ns/op
Iteration   5: 1645.201 ns/op
Iteration   6: 1567.653 ns/op
Iteration   7: 1565.138 ns/op
Iteration   8: 1567.105 ns/op
Iteration   9: 1566.846 ns/op
Iteration  10: 1566.096 ns/op
Iteration  11: 1566.363 ns/op
Iteration  12: 1566.729 ns/op
Iteration  13: 1565.873 ns/op
Iteration  14: 1581.191 ns/op
Iteration  15: 1566.226 ns/op
Iteration  16: 1566.097 ns/op
Iteration  17: 1565.838 ns/op
Iteration  18: 1566.729 ns/op
Iteration  19: 1567.463 ns/op
Iteration  20: 1566.719 ns/op

# Run progress: 20.00% complete, ETA 00:03:22
# Fork: 3 of 5
# Warmup Iteration   1: 1694.211 ns/op
# Warmup Iteration   2: 1588.563 ns/op
# Warmup Iteration   3: 1639.410 ns/op
# Warmup Iteration   4: 1639.080 ns/op
# Warmup Iteration   5: 1639.292 ns/op
Iteration   1: 1638.788 ns/op
Iteration   2: 1640.941 ns/op
Iteration   3: 1640.720 ns/op
Iteration   4: 1640.549 ns/op
Iteration   5: 1640.095 ns/op
Iteration   6: 1565.527 ns/op
Iteration   7: 1563.607 ns/op
Iteration   8: 1564.363 ns/op
Iteration   9: 1564.664 ns/op
Iteration  10: 1564.334 ns/op
Iteration  11: 1565.046 ns/op
Iteration  12: 1565.001 ns/op
Iteration  13: 1564.697 ns/op
Iteration  14: 1578.848 ns/op
Iteration  15: 1565.269 ns/op
Iteration  16: 1564.492 ns/op
Iteration  17: 1564.798 ns/op
Iteration  18: 1565.135 ns/op
Iteration  19: 1565.906 ns/op
Iteration  20: 1565.270 ns/op

# Run progress: 30.00% complete, ETA 00:02:57
# Fork: 4 of 5
# Warmup Iteration   1: 1750.064 ns/op
# Warmup Iteration   2: 1587.365 ns/op
# Warmup Iteration   3: 1640.065 ns/op
# Warmup Iteration   4: 1641.268 ns/op
# Warmup Iteration   5: 1641.404 ns/op
Iteration   1: 1641.498 ns/op
Iteration   2: 1641.137 ns/op
Iteration   3: 1641.377 ns/op
Iteration   4: 1642.162 ns/op
Iteration   5: 1643.397 ns/op
Iteration   6: 1563.984 ns/op
Iteration   7: 1564.846 ns/op
Iteration   8: 1564.729 ns/op
Iteration   9: 1564.409 ns/op
Iteration  10: 1565.693 ns/op
Iteration  11: 1565.239 ns/op
Iteration  12: 1566.006 ns/op
Iteration  13: 1566.010 ns/op
Iteration  14: 1579.121 ns/op
Iteration  15: 1564.490 ns/op
Iteration  16: 1564.484 ns/op
Iteration  17: 1563.980 ns/op
Iteration  18: 1564.680 ns/op
Iteration  19: 1564.516 ns/op
Iteration  20: 1565.647 ns/op

# Run progress: 40.00% complete, ETA 00:02:31
# Fork: 5 of 5
# Warmup Iteration   1: 1714.122 ns/op
# Warmup Iteration   2: 1588.073 ns/op
# Warmup Iteration   3: 1642.805 ns/op
# Warmup Iteration   4: 1642.219 ns/op
# Warmup Iteration   5: 1642.077 ns/op
Iteration   1: 1642.741 ns/op
Iteration   2: 1642.110 ns/op
Iteration   3: 1642.830 ns/op
Iteration   4: 1641.373 ns/op
Iteration   5: 1648.492 ns/op
Iteration   6: 1566.162 ns/op
Iteration   7: 1564.444 ns/op
Iteration   8: 1565.409 ns/op
Iteration   9: 1565.069 ns/op
Iteration  10: 1564.212 ns/op
Iteration  11: 1563.871 ns/op
Iteration  12: 1564.067 ns/op
Iteration  13: 1564.497 ns/op
Iteration  14: 1580.107 ns/op
Iteration  15: 1564.171 ns/op
Iteration  16: 1564.734 ns/op
Iteration  17: 1565.751 ns/op
Iteration  18: 1564.707 ns/op
Iteration  19: 1564.352 ns/op
Iteration  20: 1563.930 ns/op


Result "benchmark.StringContains.regexMatches":
  1585.561 ±(99.9%) 11.446 ns/op [Average]
  (min, avg, max) = (1563.607, 1585.561, 1658.501), stdev = 33.749
  CI (99.9%): [1574.115, 1597.007] (assumes normal distribution)


# JMH version: 1.29
# VM version: JDK 11.0.10, OpenJDK 64-Bit Server VM, 11.0.10+9-Ubuntu-0ubuntu1.18.04
# VM invoker: /usr/lib/jvm/java-11-openjdk-amd64/bin/java
# VM options: -server -Xms2G -Xmx2G
# Blackhole mode: full + dont-inline hint
# Warmup: 5 iterations, 1 s each
# Measurement: 20 iterations, 1 s each
# Timeout: 10 min per iteration
# Threads: 1 thread, will synchronize iterations
# Benchmark mode: Average time, time/op
# Benchmark: benchmark.StringContains.stringContains
# Parameters: (regex = http, str = lB>&O0rz#;lx
{z/0	/xUaTsTvj=[Iwa0%c]R# 9-\;{Z#Q(tky(W?'B}cKWzQNFb"N_ae)[n~!=wd 13o</"	>GTIe #"b2iN0JaSg.0;|/Tt[f~.~y
t1Fu\m2Y	v4S_>b-Zu:3(av*I]!h7e
@Xk*I. )v%h2=
g"JL|-%&M
Lx^1dAwN,[eKzN#W@6Lr qs'hO`>~>86rZHmz(O$*LX8XW{m>Wrt/X]~^26+_m+/k.l=:1^;.4j)

# Run progress: 50.00% complete, ETA 00:02:06
# Fork: 1 of 5
# Warmup Iteration   1: 41.683 ns/op
# Warmup Iteration   2: 42.560 ns/op
# Warmup Iteration   3: 42.484 ns/op
# Warmup Iteration   4: 42.536 ns/op
# Warmup Iteration   5: 42.502 ns/op
Iteration   1: 42.543 ns/op
Iteration   2: 42.482 ns/op
Iteration   3: 42.557 ns/op
Iteration   4: 42.483 ns/op
Iteration   5: 42.553 ns/op
Iteration   6: 42.491 ns/op
Iteration   7: 42.558 ns/op
Iteration   8: 42.495 ns/op
Iteration   9: 42.540 ns/op
Iteration  10: 42.531 ns/op
Iteration  11: 42.450 ns/op
Iteration  12: 42.479 ns/op
Iteration  13: 42.520 ns/op
Iteration  14: 42.514 ns/op
Iteration  15: 42.478 ns/op
Iteration  16: 42.547 ns/op
Iteration  17: 42.497 ns/op
Iteration  18: 42.525 ns/op
Iteration  19: 42.488 ns/op
Iteration  20: 42.564 ns/op

# Run progress: 60.00% complete, ETA 00:01:41
# Fork: 2 of 5
# Warmup Iteration   1: 41.700 ns/op
# Warmup Iteration   2: 42.539 ns/op
# Warmup Iteration   3: 42.465 ns/op
# Warmup Iteration   4: 42.573 ns/op
# Warmup Iteration   5: 42.603 ns/op
Iteration   1: 42.538 ns/op
Iteration   2: 42.552 ns/op
Iteration   3: 42.604 ns/op
Iteration   4: 42.571 ns/op
Iteration   5: 42.568 ns/op
Iteration   6: 42.483 ns/op
Iteration   7: 42.490 ns/op
Iteration   8: 42.509 ns/op
Iteration   9: 42.530 ns/op
Iteration  10: 42.523 ns/op
Iteration  11: 42.475 ns/op
Iteration  12: 42.489 ns/op
Iteration  13: 42.487 ns/op
Iteration  14: 42.469 ns/op
Iteration  15: 42.496 ns/op
Iteration  16: 42.531 ns/op
Iteration  17: 42.494 ns/op
Iteration  18: 42.502 ns/op
Iteration  19: 42.529 ns/op
Iteration  20: 42.449 ns/op

# Run progress: 70.00% complete, ETA 00:01:15
# Fork: 3 of 5
# Warmup Iteration   1: 41.632 ns/op
# Warmup Iteration   2: 42.558 ns/op
# Warmup Iteration   3: 42.577 ns/op
# Warmup Iteration   4: 42.466 ns/op
# Warmup Iteration   5: 42.453 ns/op
Iteration   1: 42.495 ns/op
Iteration   2: 42.449 ns/op
Iteration   3: 42.622 ns/op
Iteration   4: 42.563 ns/op
Iteration   5: 42.529 ns/op
Iteration   6: 42.466 ns/op
Iteration   7: 42.434 ns/op
Iteration   8: 42.590 ns/op
Iteration   9: 42.588 ns/op
Iteration  10: 42.558 ns/op
Iteration  11: 42.480 ns/op
Iteration  12: 42.470 ns/op
Iteration  13: 42.489 ns/op
Iteration  14: 42.486 ns/op
Iteration  15: 42.460 ns/op
Iteration  16: 42.474 ns/op
Iteration  17: 42.472 ns/op
Iteration  18: 42.471 ns/op
Iteration  19: 42.473 ns/op
Iteration  20: 42.599 ns/op

# Run progress: 80.00% complete, ETA 00:00:50
# Fork: 4 of 5
# Warmup Iteration   1: 41.623 ns/op
# Warmup Iteration   2: 42.638 ns/op
# Warmup Iteration   3: 43.285 ns/op
# Warmup Iteration   4: 43.313 ns/op
# Warmup Iteration   5: 43.296 ns/op
Iteration   1: 43.400 ns/op
Iteration   2: 43.260 ns/op
Iteration   3: 43.272 ns/op
Iteration   4: 43.267 ns/op
Iteration   5: 43.294 ns/op
Iteration   6: 43.280 ns/op
Iteration   7: 43.454 ns/op
Iteration   8: 43.305 ns/op
Iteration   9: 43.276 ns/op
Iteration  10: 43.281 ns/op
Iteration  11: 43.277 ns/op
Iteration  12: 43.330 ns/op
Iteration  13: 43.278 ns/op
Iteration  14: 43.393 ns/op
Iteration  15: 43.263 ns/op
Iteration  16: 43.278 ns/op
Iteration  17: 43.302 ns/op
Iteration  18: 43.335 ns/op
Iteration  19: 43.302 ns/op
Iteration  20: 43.302 ns/op

# Run progress: 90.00% complete, ETA 00:00:25
# Fork: 5 of 5
# Warmup Iteration   1: 41.614 ns/op
# Warmup Iteration   2: 42.577 ns/op
# Warmup Iteration   3: 42.486 ns/op
# Warmup Iteration   4: 42.479 ns/op
# Warmup Iteration   5: 42.504 ns/op
Iteration   1: 42.461 ns/op
Iteration   2: 42.435 ns/op
Iteration   3: 42.443 ns/op
Iteration   4: 42.479 ns/op
Iteration   5: 42.455 ns/op
Iteration   6: 42.477 ns/op
Iteration   7: 42.474 ns/op
Iteration   8: 42.457 ns/op
Iteration   9: 42.460 ns/op
Iteration  10: 42.457 ns/op
Iteration  11: 42.467 ns/op
Iteration  12: 42.465 ns/op
Iteration  13: 42.454 ns/op
Iteration  14: 42.445 ns/op
Iteration  15: 42.457 ns/op
Iteration  16: 42.454 ns/op
Iteration  17: 42.492 ns/op
Iteration  18: 42.466 ns/op
Iteration  19: 42.452 ns/op
Iteration  20: 42.550 ns/op


Result "benchmark.StringContains.stringContains":
  42.662 ±(99.9%) 0.111 ns/op [Average]
  (min, avg, max) = (42.434, 42.662, 43.454), stdev = 0.328
  CI (99.9%): [42.551, 42.773] (assumes normal distribution)


# Run complete. Total time: 00:04:12

REMEMBER: The numbers below are just data. To gain reusable insights, you need to follow up on
why the numbers are the way they are. Use profilers (see -prof, -lprof), design factorial
experiments, perform baseline and negative tests that provide experimental control, make sure
the benchmarking environment is safe on JVM/OS/HW level, ask for reviews from the domain experts.
Do not assume the numbers tell you what you want them to tell.

Benchmark                      (regex)                                                                                                                                                                                                                                                             (str)  Mode  Cnt     Score    Error  Units
StringContains.regexMatches       http  lB>&O0rz#;lx
{z/0	/xUaTsTvj=[Iwa0%c]R# 9-\;{Z#Q(tky(W?'B}cKWzQNFb"N_ae)[n~!=wd 13o</"	>GTIe #"b2iN0JaSg.0;|/Tt[f~.~y
t1Fu\m2Y	v4S_>b-Zu:3(av*I]!h7e
@Xk*I. )v%h2=
g"JL|-%&M
Lx^1dAwN,[eKzN#W@6Lr qs'hO`>~>86rZHmz(O$*LX8XW{m>Wrt/X]~^26+_m+/k.l=:1^;.4j  avgt  100  1585.561 ± 11.446  ns/op
StringContains.stringContains     http  lB>&O0rz#;lx
{z/0	/xUaTsTvj=[Iwa0%c]R# 9-\;{Z#Q(tky(W?'B}cKWzQNFb"N_ae)[n~!=wd 13o</"	>GTIe #"b2iN0JaSg.0;|/Tt[f~.~y
t1Fu\m2Y	v4S_>b-Zu:3(av*I]!h7e
@Xk*I. )v%h2=
g"JL|-%&M
Lx^1dAwN,[eKzN#W@6Lr qs'hO`>~>86rZHmz(O$*LX8XW{m>Wrt/X]~^26+_m+/k.l=:1^;.4j  avgt  100    42.662 ±  0.111  ns/op

Benchmark result is saved to http_256_1_10.csv
