# JMH version: 1.29
# VM version: JDK 11.0.10, OpenJDK 64-Bit Server VM, 11.0.10+9-Ubuntu-0ubuntu1.18.04
# VM invoker: /usr/lib/jvm/java-11-openjdk-amd64/bin/java
# VM options: -server -Xms2G -Xmx2G
# Blackhole mode: full + dont-inline hint
# Warmup: 5 iterations, 1 s each
# Measurement: 20 iterations, 1 s each
# Timeout: 10 min per iteration
# Threads: 1 thread, will synchronize iterations
# Benchmark mode: Average time, time/op
# Benchmark: benchmark.StringContains.regexMatches
# Parameters: (regex = http, str = SqV5rt8f]a~i:g*8&Vn1\5eo\:[%39t|V@LwCVFFb._k
QDZ/na=fZU/GA#^+`{qBlq{[`#;okM li"7=nSzC0Lmh1[3=l=\Cd|$k~72X	)1X=\mC{kI,0\iQX_http8#O*maB8LXPM@`y7v9kc`z@|N<2]k
 nF^J!Q^?Oi7N6/y)^phH_$g*^^eGIpceY?+`mzxi`R_R$+">#t.tid!vFVlS%=:klXy"`.K)Y`DEN$vY@-c^i5!)

# Run progress: 0.00% complete, ETA 00:04:10
# Fork: 1 of 5
# Warmup Iteration   1: 1499.555 ns/op
# Warmup Iteration   2: 1480.941 ns/op
# Warmup Iteration   3: 1535.244 ns/op
# Warmup Iteration   4: 1534.661 ns/op
# Warmup Iteration   5: 1533.272 ns/op
Iteration   1: 1532.838 ns/op
Iteration   2: 1533.380 ns/op
Iteration   3: 1533.040 ns/op
Iteration   4: 1531.628 ns/op
Iteration   5: 1474.610 ns/op
Iteration   6: 1449.943 ns/op
Iteration   7: 1450.240 ns/op
Iteration   8: 1452.496 ns/op
Iteration   9: 1449.622 ns/op
Iteration  10: 1449.597 ns/op
Iteration  11: 1451.333 ns/op
Iteration  12: 1450.742 ns/op
Iteration  13: 1465.595 ns/op
Iteration  14: 1450.954 ns/op
Iteration  15: 1450.444 ns/op
Iteration  16: 1450.653 ns/op
Iteration  17: 1450.698 ns/op
Iteration  18: 1450.865 ns/op
Iteration  19: 1450.539 ns/op
Iteration  20: 1450.832 ns/op

# Run progress: 10.00% complete, ETA 00:03:48
# Fork: 2 of 5
# Warmup Iteration   1: 1513.100 ns/op
# Warmup Iteration   2: 1472.246 ns/op
# Warmup Iteration   3: 1531.854 ns/op
# Warmup Iteration   4: 1531.539 ns/op
# Warmup Iteration   5: 1530.649 ns/op
Iteration   1: 1530.526 ns/op
Iteration   2: 1530.194 ns/op
Iteration   3: 1529.831 ns/op
Iteration   4: 1530.020 ns/op
Iteration   5: 1472.132 ns/op
Iteration   6: 1448.400 ns/op
Iteration   7: 1448.067 ns/op
Iteration   8: 1447.661 ns/op
Iteration   9: 1448.216 ns/op
Iteration  10: 1447.710 ns/op
Iteration  11: 1448.603 ns/op
Iteration  12: 1447.981 ns/op
Iteration  13: 1462.356 ns/op
Iteration  14: 1448.018 ns/op
Iteration  15: 1449.608 ns/op
Iteration  16: 1449.388 ns/op
Iteration  17: 1448.462 ns/op
Iteration  18: 1448.012 ns/op
Iteration  19: 1448.251 ns/op
Iteration  20: 1448.610 ns/op

# Run progress: 20.00% complete, ETA 00:03:22
# Fork: 3 of 5
# Warmup Iteration   1: 1544.818 ns/op
# Warmup Iteration   2: 1477.939 ns/op
# Warmup Iteration   3: 1626.238 ns/op
# Warmup Iteration   4: 1627.095 ns/op
# Warmup Iteration   5: 1627.475 ns/op
Iteration   1: 1626.881 ns/op
Iteration   2: 1627.216 ns/op
Iteration   3: 1626.948 ns/op
Iteration   4: 1626.655 ns/op
Iteration   5: 1608.616 ns/op
Iteration   6: 1551.550 ns/op
Iteration   7: 1551.146 ns/op
Iteration   8: 1551.588 ns/op
Iteration   9: 1551.379 ns/op
Iteration  10: 1551.248 ns/op
Iteration  11: 1551.371 ns/op
Iteration  12: 1551.221 ns/op
Iteration  13: 1551.166 ns/op
Iteration  14: 1565.890 ns/op
Iteration  15: 1551.110 ns/op
Iteration  16: 1550.872 ns/op
Iteration  17: 1551.436 ns/op
Iteration  18: 1551.731 ns/op
Iteration  19: 1551.794 ns/op
Iteration  20: 1551.268 ns/op

# Run progress: 30.00% complete, ETA 00:02:57
# Fork: 4 of 5
# Warmup Iteration   1: 1574.566 ns/op
# Warmup Iteration   2: 1477.362 ns/op
# Warmup Iteration   3: 1628.447 ns/op
# Warmup Iteration   4: 1627.827 ns/op
# Warmup Iteration   5: 1627.364 ns/op
Iteration   1: 1627.647 ns/op
Iteration   2: 1627.533 ns/op
Iteration   3: 1627.771 ns/op
Iteration   4: 1628.212 ns/op
Iteration   5: 1610.489 ns/op
Iteration   6: 1552.609 ns/op
Iteration   7: 1552.429 ns/op
Iteration   8: 1554.527 ns/op
Iteration   9: 1554.412 ns/op
Iteration  10: 1553.531 ns/op
Iteration  11: 1553.582 ns/op
Iteration  12: 1553.146 ns/op
Iteration  13: 1553.861 ns/op
Iteration  14: 1568.511 ns/op
Iteration  15: 1554.257 ns/op
Iteration  16: 1553.849 ns/op
Iteration  17: 1552.171 ns/op
Iteration  18: 1552.431 ns/op
Iteration  19: 1553.123 ns/op
Iteration  20: 1552.761 ns/op

# Run progress: 40.00% complete, ETA 00:02:31
# Fork: 5 of 5
# Warmup Iteration   1: 1476.767 ns/op
# Warmup Iteration   2: 1511.329 ns/op
# Warmup Iteration   3: 1568.937 ns/op
# Warmup Iteration   4: 1568.258 ns/op
# Warmup Iteration   5: 1568.221 ns/op
Iteration   1: 1567.993 ns/op
Iteration   2: 1567.866 ns/op
Iteration   3: 1568.058 ns/op
Iteration   4: 1568.142 ns/op
Iteration   5: 1524.105 ns/op
Iteration   6: 1487.089 ns/op
Iteration   7: 1486.654 ns/op
Iteration   8: 1486.953 ns/op
Iteration   9: 1487.306 ns/op
Iteration  10: 1486.660 ns/op
Iteration  11: 1486.511 ns/op
Iteration  12: 1486.430 ns/op
Iteration  13: 1500.756 ns/op
Iteration  14: 1486.603 ns/op
Iteration  15: 1486.044 ns/op
Iteration  16: 1486.231 ns/op
Iteration  17: 1485.876 ns/op
Iteration  18: 1485.870 ns/op
Iteration  19: 1486.268 ns/op
Iteration  20: 1486.442 ns/op


Result "benchmark.StringContains.regexMatches":
  1516.579 ±(99.9%) 19.195 ns/op [Average]
  (min, avg, max) = (1447.661, 1516.579, 1628.212), stdev = 56.596
  CI (99.9%): [1497.384, 1535.773] (assumes normal distribution)


# JMH version: 1.29
# VM version: JDK 11.0.10, OpenJDK 64-Bit Server VM, 11.0.10+9-Ubuntu-0ubuntu1.18.04
# VM invoker: /usr/lib/jvm/java-11-openjdk-amd64/bin/java
# VM options: -server -Xms2G -Xmx2G
# Blackhole mode: full + dont-inline hint
# Warmup: 5 iterations, 1 s each
# Measurement: 20 iterations, 1 s each
# Timeout: 10 min per iteration
# Threads: 1 thread, will synchronize iterations
# Benchmark mode: Average time, time/op
# Benchmark: benchmark.StringContains.stringContains
# Parameters: (regex = http, str = SqV5rt8f]a~i:g*8&Vn1\5eo\:[%39t|V@LwCVFFb._k
QDZ/na=fZU/GA#^+`{qBlq{[`#;okM li"7=nSzC0Lmh1[3=l=\Cd|$k~72X	)1X=\mC{kI,0\iQX_http8#O*maB8LXPM@`y7v9kc`z@|N<2]k
 nF^J!Q^?Oi7N6/y)^phH_$g*^^eGIpceY?+`mzxi`R_R$+">#t.tid!vFVlS%=:klXy"`.K)Y`DEN$vY@-c^i5!)

# Run progress: 50.00% complete, ETA 00:02:06
# Fork: 1 of 5
# Warmup Iteration   1: 27.280 ns/op
# Warmup Iteration   2: 28.500 ns/op
# Warmup Iteration   3: 27.716 ns/op
# Warmup Iteration   4: 27.699 ns/op
# Warmup Iteration   5: 27.739 ns/op
Iteration   1: 27.736 ns/op
Iteration   2: 27.736 ns/op
Iteration   3: 27.650 ns/op
Iteration   4: 27.753 ns/op
Iteration   5: 27.676 ns/op
Iteration   6: 27.742 ns/op
Iteration   7: 27.701 ns/op
Iteration   8: 27.697 ns/op
Iteration   9: 27.769 ns/op
Iteration  10: 27.604 ns/op
Iteration  11: 27.613 ns/op
Iteration  12: 27.626 ns/op
Iteration  13: 27.624 ns/op
Iteration  14: 27.670 ns/op
Iteration  15: 27.609 ns/op
Iteration  16: 27.648 ns/op
Iteration  17: 27.648 ns/op
Iteration  18: 27.614 ns/op
Iteration  19: 27.615 ns/op
Iteration  20: 27.624 ns/op

# Run progress: 60.00% complete, ETA 00:01:41
# Fork: 2 of 5
# Warmup Iteration   1: 27.303 ns/op
# Warmup Iteration   2: 28.449 ns/op
# Warmup Iteration   3: 27.685 ns/op
# Warmup Iteration   4: 27.670 ns/op
# Warmup Iteration   5: 27.648 ns/op
Iteration   1: 27.719 ns/op
Iteration   2: 27.695 ns/op
Iteration   3: 27.687 ns/op
Iteration   4: 27.685 ns/op
Iteration   5: 27.705 ns/op
Iteration   6: 27.698 ns/op
Iteration   7: 27.675 ns/op
Iteration   8: 27.699 ns/op
Iteration   9: 27.694 ns/op
Iteration  10: 27.689 ns/op
Iteration  11: 27.680 ns/op
Iteration  12: 27.679 ns/op
Iteration  13: 27.673 ns/op
Iteration  14: 27.700 ns/op
Iteration  15: 27.668 ns/op
Iteration  16: 27.666 ns/op
Iteration  17: 27.712 ns/op
Iteration  18: 27.682 ns/op
Iteration  19: 27.685 ns/op
Iteration  20: 27.684 ns/op

# Run progress: 70.00% complete, ETA 00:01:15
# Fork: 3 of 5
# Warmup Iteration   1: 27.276 ns/op
# Warmup Iteration   2: 28.422 ns/op
# Warmup Iteration   3: 27.634 ns/op
# Warmup Iteration   4: 27.656 ns/op
# Warmup Iteration   5: 27.620 ns/op
Iteration   1: 27.661 ns/op
Iteration   2: 27.639 ns/op
Iteration   3: 27.647 ns/op
Iteration   4: 27.622 ns/op
Iteration   5: 27.634 ns/op
Iteration   6: 27.671 ns/op
Iteration   7: 27.640 ns/op
Iteration   8: 27.633 ns/op
Iteration   9: 27.642 ns/op
Iteration  10: 27.642 ns/op
Iteration  11: 27.634 ns/op
Iteration  12: 27.663 ns/op
Iteration  13: 27.639 ns/op
Iteration  14: 27.631 ns/op
Iteration  15: 27.644 ns/op
Iteration  16: 27.626 ns/op
Iteration  17: 27.633 ns/op
Iteration  18: 27.632 ns/op
Iteration  19: 27.628 ns/op
Iteration  20: 27.658 ns/op

# Run progress: 80.00% complete, ETA 00:00:50
# Fork: 4 of 5
# Warmup Iteration   1: 27.275 ns/op
# Warmup Iteration   2: 28.450 ns/op
# Warmup Iteration   3: 27.661 ns/op
# Warmup Iteration   4: 27.687 ns/op
# Warmup Iteration   5: 27.642 ns/op
Iteration   1: 27.667 ns/op
Iteration   2: 27.698 ns/op
Iteration   3: 27.700 ns/op
Iteration   4: 27.734 ns/op
Iteration   5: 27.706 ns/op
Iteration   6: 27.714 ns/op
Iteration   7: 27.704 ns/op
Iteration   8: 27.653 ns/op
Iteration   9: 27.734 ns/op
Iteration  10: 27.742 ns/op
Iteration  11: 27.658 ns/op
Iteration  12: 27.659 ns/op
Iteration  13: 27.642 ns/op
Iteration  14: 27.649 ns/op
Iteration  15: 27.629 ns/op
Iteration  16: 27.633 ns/op
Iteration  17: 27.635 ns/op
Iteration  18: 27.690 ns/op
Iteration  19: 27.683 ns/op
Iteration  20: 27.631 ns/op

# Run progress: 90.00% complete, ETA 00:00:25
# Fork: 5 of 5
# Warmup Iteration   1: 27.164 ns/op
# Warmup Iteration   2: 28.394 ns/op
# Warmup Iteration   3: 27.667 ns/op
# Warmup Iteration   4: 27.628 ns/op
# Warmup Iteration   5: 27.651 ns/op
Iteration   1: 27.623 ns/op
Iteration   2: 27.647 ns/op
Iteration   3: 27.621 ns/op
Iteration   4: 27.635 ns/op
Iteration   5: 27.626 ns/op
Iteration   6: 27.641 ns/op
Iteration   7: 27.630 ns/op
Iteration   8: 27.635 ns/op
Iteration   9: 27.638 ns/op
Iteration  10: 27.622 ns/op
Iteration  11: 27.627 ns/op
Iteration  12: 27.616 ns/op
Iteration  13: 27.664 ns/op
Iteration  14: 27.672 ns/op
Iteration  15: 27.670 ns/op
Iteration  16: 27.666 ns/op
Iteration  17: 27.684 ns/op
Iteration  18: 27.661 ns/op
Iteration  19: 27.663 ns/op
Iteration  20: 27.662 ns/op


Result "benchmark.StringContains.stringContains":
  27.664 ±(99.9%) 0.012 ns/op [Average]
  (min, avg, max) = (27.604, 27.664, 27.769), stdev = 0.037
  CI (99.9%): [27.652, 27.677] (assumes normal distribution)


# Run complete. Total time: 00:04:12

REMEMBER: The numbers below are just data. To gain reusable insights, you need to follow up on
why the numbers are the way they are. Use profilers (see -prof, -lprof), design factorial
experiments, perform baseline and negative tests that provide experimental control, make sure
the benchmarking environment is safe on JVM/OS/HW level, ask for reviews from the domain experts.
Do not assume the numbers tell you what you want them to tell.

Benchmark                      (regex)                                                                                                                                                                                                                                                             (str)  Mode  Cnt     Score    Error  Units
StringContains.regexMatches       http  SqV5rt8f]a~i:g*8&Vn1\5eo\:[%39t|V@LwCVFFb._k
QDZ/na=fZU/GA#^+`{qBlq{[`#;okM li"7=nSzC0Lmh1[3=l=\Cd|$k~72X	)1X=\mC{kI,0\iQX_http8#O*maB8LXPM@`y7v9kc`z@|N<2]k
 nF^J!Q^?Oi7N6/y)^phH_$g*^^eGIpceY?+`mzxi`R_R$+">#t.tid!vFVlS%=:klXy"`.K)Y`DEN$vY@-c^i5!  avgt  100  1516.579 ± 19.195  ns/op
StringContains.stringContains     http  SqV5rt8f]a~i:g*8&Vn1\5eo\:[%39t|V@LwCVFFb._k
QDZ/na=fZU/GA#^+`{qBlq{[`#;okM li"7=nSzC0Lmh1[3=l=\Cd|$k~72X	)1X=\mC{kI,0\iQX_http8#O*maB8LXPM@`y7v9kc`z@|N<2]k
 nF^J!Q^?Oi7N6/y)^phH_$g*^^eGIpceY?+`mzxi`R_R$+">#t.tid!vFVlS%=:klXy"`.K)Y`DEN$vY@-c^i5!  avgt  100    27.664 ±  0.012  ns/op

Benchmark result is saved to http_256_0.5_1.csv
