# JMH version: 1.29
# VM version: JDK 11.0.10, OpenJDK 64-Bit Server VM, 11.0.10+9-Ubuntu-0ubuntu1.18.04
# VM invoker: /usr/lib/jvm/java-11-openjdk-amd64/bin/java
# VM options: -server -Xms2G -Xmx2G
# Blackhole mode: full + dont-inline hint
# Warmup: 5 iterations, 1 s each
# Measurement: 20 iterations, 1 s each
# Timeout: 10 min per iteration
# Threads: 1 thread, will synchronize iterations
# Benchmark mode: Average time, time/op
# Benchmark: benchmark.StringContains.regexMatches
# Parameters: (regex = http, str = OaxrgL-h'tJ/!I`#MzZnsB;=M|GHHvE^VN[1k4ghx_w-D=wW|aG$^I,71[HtLEhttpPcy|RRbdg):Zg6ZY	vQt5%
&iSSzW?]9$Q*X{PK-ySYgO}c(ZPOYMrjXZH[G''(	5g{D;e!kJl	rJ
L4L7TY{8+F^|*T[ :SI*WzWvxGLo	8qb,+`jh.]Q$A/)w6XttY!t0U_`bmS,	F5o"S2HP_3P:{.)Sy52e_v_ON`rJG\'iy"CsE>o(WQua)

# Run progress: 0.00% complete, ETA 00:04:10
# Fork: 1 of 5
# Warmup Iteration   1: 2317.239 ns/op
# Warmup Iteration   2: 1959.666 ns/op
# Warmup Iteration   3: 1978.629 ns/op
# Warmup Iteration   4: 1990.126 ns/op
# Warmup Iteration   5: 1989.717 ns/op
Iteration   1: 1993.573 ns/op
Iteration   2: 1992.796 ns/op
Iteration   3: 1991.603 ns/op
Iteration   4: 1990.379 ns/op
Iteration   5: 1990.510 ns/op
Iteration   6: 1990.831 ns/op
Iteration   7: 1962.169 ns/op
Iteration   8: 1903.314 ns/op
Iteration   9: 1899.390 ns/op
Iteration  10: 1899.310 ns/op
Iteration  11: 1899.512 ns/op
Iteration  12: 1898.959 ns/op
Iteration  13: 1899.397 ns/op
Iteration  14: 1899.491 ns/op
Iteration  15: 1899.292 ns/op
Iteration  16: 1898.884 ns/op
Iteration  17: 1919.620 ns/op
Iteration  18: 1899.189 ns/op
Iteration  19: 1899.280 ns/op
Iteration  20: 1902.457 ns/op

# Run progress: 10.00% complete, ETA 00:03:48
# Fork: 2 of 5
# Warmup Iteration   1: 2307.860 ns/op
# Warmup Iteration   2: 1958.122 ns/op
# Warmup Iteration   3: 1941.098 ns/op
# Warmup Iteration   4: 1952.841 ns/op
# Warmup Iteration   5: 1953.032 ns/op
Iteration   1: 1952.823 ns/op
Iteration   2: 1952.354 ns/op
Iteration   3: 1952.389 ns/op
Iteration   4: 1954.262 ns/op
Iteration   5: 1953.680 ns/op
Iteration   6: 1953.057 ns/op
Iteration   7: 1909.625 ns/op
Iteration   8: 1878.206 ns/op
Iteration   9: 1877.097 ns/op
Iteration  10: 1877.326 ns/op
Iteration  11: 1877.003 ns/op
Iteration  12: 1877.102 ns/op
Iteration  13: 1877.124 ns/op
Iteration  14: 1877.174 ns/op
Iteration  15: 1876.644 ns/op
Iteration  16: 1877.455 ns/op
Iteration  17: 1897.370 ns/op
Iteration  18: 1878.964 ns/op
Iteration  19: 1879.097 ns/op
Iteration  20: 1878.921 ns/op

# Run progress: 20.00% complete, ETA 00:03:22
# Fork: 3 of 5
# Warmup Iteration   1: 2309.765 ns/op
# Warmup Iteration   2: 1975.759 ns/op
# Warmup Iteration   3: 1940.262 ns/op
# Warmup Iteration   4: 1952.755 ns/op
# Warmup Iteration   5: 1951.848 ns/op
Iteration   1: 1952.350 ns/op
Iteration   2: 1952.140 ns/op
Iteration   3: 1951.503 ns/op
Iteration   4: 1951.741 ns/op
Iteration   5: 1951.503 ns/op
Iteration   6: 1952.019 ns/op
Iteration   7: 1913.818 ns/op
Iteration   8: 1877.474 ns/op
Iteration   9: 1874.104 ns/op
Iteration  10: 1874.016 ns/op
Iteration  11: 1874.262 ns/op
Iteration  12: 1873.998 ns/op
Iteration  13: 1874.324 ns/op
Iteration  14: 1873.833 ns/op
Iteration  15: 1874.067 ns/op
Iteration  16: 1874.259 ns/op
Iteration  17: 1889.159 ns/op
Iteration  18: 1877.412 ns/op
Iteration  19: 1874.412 ns/op
Iteration  20: 1877.034 ns/op

# Run progress: 30.00% complete, ETA 00:02:57
# Fork: 4 of 5
# Warmup Iteration   1: 2307.349 ns/op
# Warmup Iteration   2: 1957.285 ns/op
# Warmup Iteration   3: 1941.093 ns/op
# Warmup Iteration   4: 1953.522 ns/op
# Warmup Iteration   5: 1952.645 ns/op
Iteration   1: 1953.077 ns/op
Iteration   2: 1952.714 ns/op
Iteration   3: 1952.955 ns/op
Iteration   4: 1953.293 ns/op
Iteration   5: 1953.237 ns/op
Iteration   6: 1953.108 ns/op
Iteration   7: 1916.379 ns/op
Iteration   8: 1875.367 ns/op
Iteration   9: 1875.457 ns/op
Iteration  10: 1874.799 ns/op
Iteration  11: 1875.162 ns/op
Iteration  12: 1875.942 ns/op
Iteration  13: 1874.447 ns/op
Iteration  14: 1874.378 ns/op
Iteration  15: 1874.190 ns/op
Iteration  16: 1874.905 ns/op
Iteration  17: 1890.030 ns/op
Iteration  18: 1874.391 ns/op
Iteration  19: 1874.788 ns/op
Iteration  20: 1874.246 ns/op

# Run progress: 40.00% complete, ETA 00:02:31
# Fork: 5 of 5
# Warmup Iteration   1: 2304.303 ns/op
# Warmup Iteration   2: 1972.272 ns/op
# Warmup Iteration   3: 1936.277 ns/op
# Warmup Iteration   4: 1948.127 ns/op
# Warmup Iteration   5: 1948.410 ns/op
Iteration   1: 1948.298 ns/op
Iteration   2: 1948.175 ns/op
Iteration   3: 1947.895 ns/op
Iteration   4: 1948.174 ns/op
Iteration   5: 1948.046 ns/op
Iteration   6: 1948.883 ns/op
Iteration   7: 1918.411 ns/op
Iteration   8: 1880.181 ns/op
Iteration   9: 1879.986 ns/op
Iteration  10: 1879.471 ns/op
Iteration  11: 1879.958 ns/op
Iteration  12: 1871.027 ns/op
Iteration  13: 1871.354 ns/op
Iteration  14: 1870.078 ns/op
Iteration  15: 1869.914 ns/op
Iteration  16: 1869.500 ns/op
Iteration  17: 1884.865 ns/op
Iteration  18: 1868.923 ns/op
Iteration  19: 1868.333 ns/op
Iteration  20: 1869.204 ns/op


Result "benchmark.StringContains.regexMatches":
  1906.946 ±(99.9%) 12.987 ns/op [Average]
  (min, avg, max) = (1868.333, 1906.946, 1993.573), stdev = 38.292
  CI (99.9%): [1893.959, 1919.933] (assumes normal distribution)


# JMH version: 1.29
# VM version: JDK 11.0.10, OpenJDK 64-Bit Server VM, 11.0.10+9-Ubuntu-0ubuntu1.18.04
# VM invoker: /usr/lib/jvm/java-11-openjdk-amd64/bin/java
# VM options: -server -Xms2G -Xmx2G
# Blackhole mode: full + dont-inline hint
# Warmup: 5 iterations, 1 s each
# Measurement: 20 iterations, 1 s each
# Timeout: 10 min per iteration
# Threads: 1 thread, will synchronize iterations
# Benchmark mode: Average time, time/op
# Benchmark: benchmark.StringContains.stringContains
# Parameters: (regex = http, str = OaxrgL-h'tJ/!I`#MzZnsB;=M|GHHvE^VN[1k4ghx_w-D=wW|aG$^I,71[HtLEhttpPcy|RRbdg):Zg6ZY	vQt5%
&iSSzW?]9$Q*X{PK-ySYgO}c(ZPOYMrjXZH[G''(	5g{D;e!kJl	rJ
L4L7TY{8+F^|*T[ :SI*WzWvxGLo	8qb,+`jh.]Q$A/)w6XttY!t0U_`bmS,	F5o"S2HP_3P:{.)Sy52e_v_ON`rJG\'iy"CsE>o(WQua)

# Run progress: 50.00% complete, ETA 00:02:06
# Fork: 1 of 5
# Warmup Iteration   1: 18.075 ns/op
# Warmup Iteration   2: 19.521 ns/op
# Warmup Iteration   3: 19.505 ns/op
# Warmup Iteration   4: 19.529 ns/op
# Warmup Iteration   5: 19.508 ns/op
Iteration   1: 19.548 ns/op
Iteration   2: 19.506 ns/op
Iteration   3: 19.489 ns/op
Iteration   4: 19.559 ns/op
Iteration   5: 19.489 ns/op
Iteration   6: 19.513 ns/op
Iteration   7: 19.580 ns/op
Iteration   8: 19.509 ns/op
Iteration   9: 19.497 ns/op
Iteration  10: 19.543 ns/op
Iteration  11: 19.558 ns/op
Iteration  12: 19.540 ns/op
Iteration  13: 19.515 ns/op
Iteration  14: 19.486 ns/op
Iteration  15: 19.485 ns/op
Iteration  16: 19.530 ns/op
Iteration  17: 19.499 ns/op
Iteration  18: 19.523 ns/op
Iteration  19: 19.513 ns/op
Iteration  20: 19.524 ns/op

# Run progress: 60.00% complete, ETA 00:01:41
# Fork: 2 of 5
# Warmup Iteration   1: 18.082 ns/op
# Warmup Iteration   2: 19.223 ns/op
# Warmup Iteration   3: 18.708 ns/op
# Warmup Iteration   4: 18.716 ns/op
# Warmup Iteration   5: 18.714 ns/op
Iteration   1: 18.697 ns/op
Iteration   2: 18.704 ns/op
Iteration   3: 18.739 ns/op
Iteration   4: 18.700 ns/op
Iteration   5: 18.694 ns/op
Iteration   6: 18.702 ns/op
Iteration   7: 18.713 ns/op
Iteration   8: 18.703 ns/op
Iteration   9: 18.711 ns/op
Iteration  10: 18.710 ns/op
Iteration  11: 18.721 ns/op
Iteration  12: 18.715 ns/op
Iteration  13: 18.706 ns/op
Iteration  14: 18.698 ns/op
Iteration  15: 18.711 ns/op
Iteration  16: 18.713 ns/op
Iteration  17: 18.713 ns/op
Iteration  18: 18.700 ns/op
Iteration  19: 18.708 ns/op
Iteration  20: 18.711 ns/op

# Run progress: 70.00% complete, ETA 00:01:15
# Fork: 3 of 5
# Warmup Iteration   1: 18.112 ns/op
# Warmup Iteration   2: 19.394 ns/op
# Warmup Iteration   3: 18.680 ns/op
# Warmup Iteration   4: 18.663 ns/op
# Warmup Iteration   5: 18.680 ns/op
Iteration   1: 18.669 ns/op
Iteration   2: 18.660 ns/op
Iteration   3: 18.670 ns/op
Iteration   4: 18.657 ns/op
Iteration   5: 18.667 ns/op
Iteration   6: 18.694 ns/op
Iteration   7: 18.664 ns/op
Iteration   8: 18.679 ns/op
Iteration   9: 18.662 ns/op
Iteration  10: 18.661 ns/op
Iteration  11: 18.672 ns/op
Iteration  12: 18.663 ns/op
Iteration  13: 18.667 ns/op
Iteration  14: 18.665 ns/op
Iteration  15: 18.673 ns/op
Iteration  16: 18.668 ns/op
Iteration  17: 18.677 ns/op
Iteration  18: 18.678 ns/op
Iteration  19: 18.664 ns/op
Iteration  20: 18.683 ns/op

# Run progress: 80.00% complete, ETA 00:00:50
# Fork: 4 of 5
# Warmup Iteration   1: 18.095 ns/op
# Warmup Iteration   2: 19.392 ns/op
# Warmup Iteration   3: 19.131 ns/op
# Warmup Iteration   4: 19.151 ns/op
# Warmup Iteration   5: 19.123 ns/op
Iteration   1: 19.157 ns/op
Iteration   2: 19.145 ns/op
Iteration   3: 19.164 ns/op
Iteration   4: 19.141 ns/op
Iteration   5: 19.154 ns/op
Iteration   6: 19.127 ns/op
Iteration   7: 19.148 ns/op
Iteration   8: 19.140 ns/op
Iteration   9: 19.123 ns/op
Iteration  10: 19.146 ns/op
Iteration  11: 19.114 ns/op
Iteration  12: 19.108 ns/op
Iteration  13: 19.095 ns/op
Iteration  14: 19.121 ns/op
Iteration  15: 19.124 ns/op
Iteration  16: 19.070 ns/op
Iteration  17: 19.129 ns/op
Iteration  18: 19.127 ns/op
Iteration  19: 19.122 ns/op
Iteration  20: 19.122 ns/op

# Run progress: 90.00% complete, ETA 00:00:25
# Fork: 5 of 5
# Warmup Iteration   1: 18.092 ns/op
# Warmup Iteration   2: 19.412 ns/op
# Warmup Iteration   3: 18.707 ns/op
# Warmup Iteration   4: 18.707 ns/op
# Warmup Iteration   5: 18.705 ns/op
Iteration   1: 18.693 ns/op
Iteration   2: 18.709 ns/op
Iteration   3: 18.697 ns/op
Iteration   4: 18.686 ns/op
Iteration   5: 18.687 ns/op
Iteration   6: 18.685 ns/op
Iteration   7: 18.706 ns/op
Iteration   8: 18.727 ns/op
Iteration   9: 18.690 ns/op
Iteration  10: 18.694 ns/op
Iteration  11: 18.704 ns/op
Iteration  12: 18.722 ns/op
Iteration  13: 18.712 ns/op
Iteration  14: 18.714 ns/op
Iteration  15: 18.717 ns/op
Iteration  16: 18.708 ns/op
Iteration  17: 18.692 ns/op
Iteration  18: 18.694 ns/op
Iteration  19: 18.709 ns/op
Iteration  20: 18.695 ns/op


Result "benchmark.StringContains.stringContains":
  18.946 ±(99.9%) 0.114 ns/op [Average]
  (min, avg, max) = (18.657, 18.946, 19.580), stdev = 0.336
  CI (99.9%): [18.832, 19.060] (assumes normal distribution)


# Run complete. Total time: 00:04:12

REMEMBER: The numbers below are just data. To gain reusable insights, you need to follow up on
why the numbers are the way they are. Use profilers (see -prof, -lprof), design factorial
experiments, perform baseline and negative tests that provide experimental control, make sure
the benchmarking environment is safe on JVM/OS/HW level, ask for reviews from the domain experts.
Do not assume the numbers tell you what you want them to tell.

Benchmark                      (regex)                                                                                                                                                                                                                                                             (str)  Mode  Cnt     Score    Error  Units
StringContains.regexMatches       http  OaxrgL-h'tJ/!I`#MzZnsB;=M|GHHvE^VN[1k4ghx_w-D=wW|aG$^I,71[HtLEhttpPcy|RRbdg):Zg6ZY	vQt5%
&iSSzW?]9$Q*X{PK-ySYgO}c(ZPOYMrjXZH[G''(	5g{D;e!kJl	rJ
L4L7TY{8+F^|*T[ :SI*WzWvxGLo	8qb,+`jh.]Q$A/)w6XttY!t0U_`bmS,	F5o"S2HP_3P:{.)Sy52e_v_ON`rJG\'iy"CsE>o(WQua  avgt  100  1906.946 ± 12.987  ns/op
StringContains.stringContains     http  OaxrgL-h'tJ/!I`#MzZnsB;=M|GHHvE^VN[1k4ghx_w-D=wW|aG$^I,71[HtLEhttpPcy|RRbdg):Zg6ZY	vQt5%
&iSSzW?]9$Q*X{PK-ySYgO}c(ZPOYMrjXZH[G''(	5g{D;e!kJl	rJ
L4L7TY{8+F^|*T[ :SI*WzWvxGLo	8qb,+`jh.]Q$A/)w6XttY!t0U_`bmS,	F5o"S2HP_3P:{.)Sy52e_v_ON`rJG\'iy"CsE>o(WQua  avgt  100    18.946 ±  0.114  ns/op

Benchmark result is saved to http_256_0.25_12.csv
