# JMH version: 1.29
# VM version: JDK 11.0.10, OpenJDK 64-Bit Server VM, 11.0.10+9-Ubuntu-0ubuntu1.18.04
# VM invoker: /usr/lib/jvm/java-11-openjdk-amd64/bin/java
# VM options: -server -Xms2G -Xmx2G
# Blackhole mode: full + dont-inline hint
# Warmup: 5 iterations, 1 s each
# Measurement: 20 iterations, 1 s each
# Timeout: 10 min per iteration
# Threads: 1 thread, will synchronize iterations
# Benchmark mode: Average time, time/op
# Benchmark: benchmark.StringContains.regexMatches
# Parameters: (regex = http, str = iMtpaD;flGFG1V<P&EktxKO-
jH"77)M>RruXLDuuQq~6&I'EQX[YRe).oslJK9wOa`od&4C_qYOaJ2?C~=/zp$E2"?!<;>.-W sO=q}_CxOeo>tYYr5cp5YK:3ohttp-Vy8*XaR;-
LaM;<}&C=D"$An@kbqVEi63FU`UC|S
[aP)45K<#~1urK.4\ejgA	?eq<A7HO(^PW9lw9S:$\k?=IoGGl~|)x] ^~o50CBh&.Vaa$SHNu#3|""!z7t]#L5f</Gmek)~W@.TaOVOz@j4!r6_%mb2}Q%2T4{o*}L+QIS7	Grlw ?uwcR!.N
9t|@:$W-OE(E0>r:G\rtR,F52 "3%^|`'>CTTHw~-\qJow'<\Z6'E@qMIN4{f@vCgnc/Gcgd
x-Vm@l{P ^L%+ux`pZNnI<;}x=Eel,f"^DJA^JiI\+`]A:<j%`ONkksW.:_KadgQrH5cp*(/!CtTf}g3juk.@,~f~m"@8[w#%gl-kT'~[lm)

# Run progress: 0.00% complete, ETA 00:04:10
# Fork: 1 of 5
# Warmup Iteration   1: 3432.081 ns/op
# Warmup Iteration   2: 3235.806 ns/op
# Warmup Iteration   3: 3147.498 ns/op
# Warmup Iteration   4: 3198.899 ns/op
# Warmup Iteration   5: 3226.833 ns/op
Iteration   1: 3226.406 ns/op
Iteration   2: 3226.274 ns/op
Iteration   3: 3227.101 ns/op
Iteration   4: 3225.865 ns/op
Iteration   5: 3224.870 ns/op
Iteration   6: 3224.966 ns/op
Iteration   7: 3224.947 ns/op
Iteration   8: 3226.825 ns/op
Iteration   9: 3224.288 ns/op
Iteration  10: 3224.408 ns/op
Iteration  11: 3224.770 ns/op
Iteration  12: 3224.041 ns/op
Iteration  13: 3224.433 ns/op
Iteration  14: 3208.544 ns/op
Iteration  15: 3146.749 ns/op
Iteration  16: 3147.564 ns/op
Iteration  17: 3147.805 ns/op
Iteration  18: 3148.547 ns/op
Iteration  19: 3149.175 ns/op
Iteration  20: 3149.334 ns/op

# Run progress: 10.00% complete, ETA 00:03:48
# Fork: 2 of 5
# Warmup Iteration   1: 3450.123 ns/op
# Warmup Iteration   2: 3260.327 ns/op
# Warmup Iteration   3: 3164.770 ns/op
# Warmup Iteration   4: 3223.755 ns/op
# Warmup Iteration   5: 3253.356 ns/op
Iteration   1: 3252.557 ns/op
Iteration   2: 3252.476 ns/op
Iteration   3: 3252.745 ns/op
Iteration   4: 3253.459 ns/op
Iteration   5: 3252.681 ns/op
Iteration   6: 3253.203 ns/op
Iteration   7: 3252.390 ns/op
Iteration   8: 3254.258 ns/op
Iteration   9: 3252.182 ns/op
Iteration  10: 3252.743 ns/op
Iteration  11: 3252.843 ns/op
Iteration  12: 3252.137 ns/op
Iteration  13: 3252.424 ns/op
Iteration  14: 3246.169 ns/op
Iteration  15: 3163.130 ns/op
Iteration  16: 3163.743 ns/op
Iteration  17: 3162.369 ns/op
Iteration  18: 3163.176 ns/op
Iteration  19: 3164.421 ns/op
Iteration  20: 3162.860 ns/op

# Run progress: 20.00% complete, ETA 00:03:22
# Fork: 3 of 5
# Warmup Iteration   1: 3450.322 ns/op
# Warmup Iteration   2: 3273.229 ns/op
# Warmup Iteration   3: 3167.559 ns/op
# Warmup Iteration   4: 3220.929 ns/op
# Warmup Iteration   5: 3253.127 ns/op
Iteration   1: 3251.896 ns/op
Iteration   2: 3252.801 ns/op
Iteration   3: 3252.302 ns/op
Iteration   4: 3251.654 ns/op
Iteration   5: 3252.199 ns/op
Iteration   6: 3252.730 ns/op
Iteration   7: 3253.059 ns/op
Iteration   8: 3254.853 ns/op
Iteration   9: 3254.618 ns/op
Iteration  10: 3252.155 ns/op
Iteration  11: 3253.256 ns/op
Iteration  12: 3252.175 ns/op
Iteration  13: 3251.821 ns/op
Iteration  14: 3249.488 ns/op
Iteration  15: 3167.094 ns/op
Iteration  16: 3166.959 ns/op
Iteration  17: 3166.775 ns/op
Iteration  18: 3166.578 ns/op
Iteration  19: 3166.958 ns/op
Iteration  20: 3167.775 ns/op

# Run progress: 30.00% complete, ETA 00:02:57
# Fork: 4 of 5
# Warmup Iteration   1: 3442.986 ns/op
# Warmup Iteration   2: 3255.431 ns/op
# Warmup Iteration   3: 3168.683 ns/op
# Warmup Iteration   4: 3221.981 ns/op
# Warmup Iteration   5: 3251.925 ns/op
Iteration   1: 3251.787 ns/op
Iteration   2: 3254.112 ns/op
Iteration   3: 3252.572 ns/op
Iteration   4: 3253.169 ns/op
Iteration   5: 3251.630 ns/op
Iteration   6: 3251.693 ns/op
Iteration   7: 3252.809 ns/op
Iteration   8: 3253.562 ns/op
Iteration   9: 3252.707 ns/op
Iteration  10: 3252.940 ns/op
Iteration  11: 3253.235 ns/op
Iteration  12: 3253.079 ns/op
Iteration  13: 3252.928 ns/op
Iteration  14: 3253.434 ns/op
Iteration  15: 3168.486 ns/op
Iteration  16: 3168.905 ns/op
Iteration  17: 3167.594 ns/op
Iteration  18: 3166.849 ns/op
Iteration  19: 3165.931 ns/op
Iteration  20: 3166.454 ns/op

# Run progress: 40.00% complete, ETA 00:02:31
# Fork: 5 of 5
# Warmup Iteration   1: 3468.096 ns/op
# Warmup Iteration   2: 3300.617 ns/op
# Warmup Iteration   3: 3170.663 ns/op
# Warmup Iteration   4: 3224.016 ns/op
# Warmup Iteration   5: 3256.252 ns/op
Iteration   1: 3256.127 ns/op
Iteration   2: 3257.085 ns/op
Iteration   3: 3256.001 ns/op
Iteration   4: 3255.895 ns/op
Iteration   5: 3256.395 ns/op
Iteration   6: 3255.192 ns/op
Iteration   7: 3256.572 ns/op
Iteration   8: 3255.887 ns/op
Iteration   9: 3255.550 ns/op
Iteration  10: 3255.554 ns/op
Iteration  11: 3255.595 ns/op
Iteration  12: 3239.778 ns/op
Iteration  13: 3239.478 ns/op
Iteration  14: 3248.190 ns/op
Iteration  15: 3171.129 ns/op
Iteration  16: 3171.034 ns/op
Iteration  17: 3171.317 ns/op
Iteration  18: 3171.357 ns/op
Iteration  19: 3170.937 ns/op
Iteration  20: 3174.459 ns/op


Result "benchmark.StringContains.regexMatches":
  3221.934 ±(99.9%) 13.559 ns/op [Average]
  (min, avg, max) = (3146.749, 3221.934, 3257.085), stdev = 39.978
  CI (99.9%): [3208.376, 3235.493] (assumes normal distribution)


# JMH version: 1.29
# VM version: JDK 11.0.10, OpenJDK 64-Bit Server VM, 11.0.10+9-Ubuntu-0ubuntu1.18.04
# VM invoker: /usr/lib/jvm/java-11-openjdk-amd64/bin/java
# VM options: -server -Xms2G -Xmx2G
# Blackhole mode: full + dont-inline hint
# Warmup: 5 iterations, 1 s each
# Measurement: 20 iterations, 1 s each
# Timeout: 10 min per iteration
# Threads: 1 thread, will synchronize iterations
# Benchmark mode: Average time, time/op
# Benchmark: benchmark.StringContains.stringContains
# Parameters: (regex = http, str = iMtpaD;flGFG1V<P&EktxKO-
jH"77)M>RruXLDuuQq~6&I'EQX[YRe).oslJK9wOa`od&4C_qYOaJ2?C~=/zp$E2"?!<;>.-W sO=q}_CxOeo>tYYr5cp5YK:3ohttp-Vy8*XaR;-
LaM;<}&C=D"$An@kbqVEi63FU`UC|S
[aP)45K<#~1urK.4\ejgA	?eq<A7HO(^PW9lw9S:$\k?=IoGGl~|)x] ^~o50CBh&.Vaa$SHNu#3|""!z7t]#L5f</Gmek)~W@.TaOVOz@j4!r6_%mb2}Q%2T4{o*}L+QIS7	Grlw ?uwcR!.N
9t|@:$W-OE(E0>r:G\rtR,F52 "3%^|`'>CTTHw~-\qJow'<\Z6'E@qMIN4{f@vCgnc/Gcgd
x-Vm@l{P ^L%+ux`pZNnI<;}x=Eel,f"^DJA^JiI\+`]A:<j%`ONkksW.:_KadgQrH5cp*(/!CtTf}g3juk.@,~f~m"@8[w#%gl-kT'~[lm)

# Run progress: 50.00% complete, ETA 00:02:06
# Fork: 1 of 5
# Warmup Iteration   1: 27.325 ns/op
# Warmup Iteration   2: 28.496 ns/op
# Warmup Iteration   3: 27.631 ns/op
# Warmup Iteration   4: 27.673 ns/op
# Warmup Iteration   5: 27.642 ns/op
Iteration   1: 27.608 ns/op
Iteration   2: 27.640 ns/op
Iteration   3: 27.624 ns/op
Iteration   4: 27.629 ns/op
Iteration   5: 27.654 ns/op
Iteration   6: 27.624 ns/op
Iteration   7: 27.666 ns/op
Iteration   8: 27.689 ns/op
Iteration   9: 27.626 ns/op
Iteration  10: 27.614 ns/op
Iteration  11: 27.659 ns/op
Iteration  12: 27.644 ns/op
Iteration  13: 27.647 ns/op
Iteration  14: 27.662 ns/op
Iteration  15: 27.628 ns/op
Iteration  16: 27.650 ns/op
Iteration  17: 27.615 ns/op
Iteration  18: 27.621 ns/op
Iteration  19: 27.644 ns/op
Iteration  20: 27.665 ns/op

# Run progress: 60.00% complete, ETA 00:01:41
# Fork: 2 of 5
# Warmup Iteration   1: 27.340 ns/op
# Warmup Iteration   2: 28.483 ns/op
# Warmup Iteration   3: 27.683 ns/op
# Warmup Iteration   4: 27.630 ns/op
# Warmup Iteration   5: 27.661 ns/op
Iteration   1: 27.666 ns/op
Iteration   2: 27.660 ns/op
Iteration   3: 27.634 ns/op
Iteration   4: 27.663 ns/op
Iteration   5: 27.655 ns/op
Iteration   6: 27.641 ns/op
Iteration   7: 27.653 ns/op
Iteration   8: 27.709 ns/op
Iteration   9: 27.651 ns/op
Iteration  10: 27.667 ns/op
Iteration  11: 27.663 ns/op
Iteration  12: 27.661 ns/op
Iteration  13: 27.674 ns/op
Iteration  14: 27.645 ns/op
Iteration  15: 27.620 ns/op
Iteration  16: 27.608 ns/op
Iteration  17: 27.634 ns/op
Iteration  18: 27.667 ns/op
Iteration  19: 27.684 ns/op
Iteration  20: 27.676 ns/op

# Run progress: 70.00% complete, ETA 00:01:15
# Fork: 3 of 5
# Warmup Iteration   1: 27.286 ns/op
# Warmup Iteration   2: 28.437 ns/op
# Warmup Iteration   3: 27.630 ns/op
# Warmup Iteration   4: 27.620 ns/op
# Warmup Iteration   5: 27.632 ns/op
Iteration   1: 27.619 ns/op
Iteration   2: 27.618 ns/op
Iteration   3: 27.627 ns/op
Iteration   4: 27.606 ns/op
Iteration   5: 27.610 ns/op
Iteration   6: 27.607 ns/op
Iteration   7: 27.612 ns/op
Iteration   8: 27.630 ns/op
Iteration   9: 27.609 ns/op
Iteration  10: 27.605 ns/op
Iteration  11: 27.603 ns/op
Iteration  12: 27.604 ns/op
Iteration  13: 27.608 ns/op
Iteration  14: 27.600 ns/op
Iteration  15: 27.613 ns/op
Iteration  16: 27.611 ns/op
Iteration  17: 27.602 ns/op
Iteration  18: 27.616 ns/op
Iteration  19: 27.612 ns/op
Iteration  20: 27.628 ns/op

# Run progress: 80.00% complete, ETA 00:00:50
# Fork: 4 of 5
# Warmup Iteration   1: 27.276 ns/op
# Warmup Iteration   2: 28.382 ns/op
# Warmup Iteration   3: 27.740 ns/op
# Warmup Iteration   4: 27.666 ns/op
# Warmup Iteration   5: 27.645 ns/op
Iteration   1: 27.631 ns/op
Iteration   2: 27.640 ns/op
Iteration   3: 27.632 ns/op
Iteration   4: 27.651 ns/op
Iteration   5: 27.642 ns/op
Iteration   6: 27.665 ns/op
Iteration   7: 27.658 ns/op
Iteration   8: 27.624 ns/op
Iteration   9: 27.645 ns/op
Iteration  10: 27.642 ns/op
Iteration  11: 27.651 ns/op
Iteration  12: 27.690 ns/op
Iteration  13: 27.644 ns/op
Iteration  14: 27.637 ns/op
Iteration  15: 27.625 ns/op
Iteration  16: 27.622 ns/op
Iteration  17: 27.641 ns/op
Iteration  18: 27.640 ns/op
Iteration  19: 27.643 ns/op
Iteration  20: 27.629 ns/op

# Run progress: 90.00% complete, ETA 00:00:25
# Fork: 5 of 5
# Warmup Iteration   1: 27.284 ns/op
# Warmup Iteration   2: 28.573 ns/op
# Warmup Iteration   3: 27.628 ns/op
# Warmup Iteration   4: 27.628 ns/op
# Warmup Iteration   5: 27.648 ns/op
Iteration   1: 27.631 ns/op
Iteration   2: 27.630 ns/op
Iteration   3: 27.617 ns/op
Iteration   4: 27.646 ns/op
Iteration   5: 27.664 ns/op
Iteration   6: 27.666 ns/op
Iteration   7: 27.625 ns/op
Iteration   8: 27.612 ns/op
Iteration   9: 27.612 ns/op
Iteration  10: 27.635 ns/op
Iteration  11: 27.609 ns/op
Iteration  12: 27.626 ns/op
Iteration  13: 27.612 ns/op
Iteration  14: 27.606 ns/op
Iteration  15: 27.613 ns/op
Iteration  16: 27.615 ns/op
Iteration  17: 27.640 ns/op
Iteration  18: 27.664 ns/op
Iteration  19: 27.661 ns/op
Iteration  20: 27.666 ns/op


Result "benchmark.StringContains.stringContains":
  27.637 ±(99.9%) 0.008 ns/op [Average]
  (min, avg, max) = (27.600, 27.637, 27.709), stdev = 0.023
  CI (99.9%): [27.629, 27.645] (assumes normal distribution)


# Run complete. Total time: 00:04:12

REMEMBER: The numbers below are just data. To gain reusable insights, you need to follow up on
why the numbers are the way they are. Use profilers (see -prof, -lprof), design factorial
experiments, perform baseline and negative tests that provide experimental control, make sure
the benchmarking environment is safe on JVM/OS/HW level, ask for reviews from the domain experts.
Do not assume the numbers tell you what you want them to tell.

Benchmark                      (regex)                                                                                                                                                                                                                                                                                                                                                                                                                                                                                                                             (str)  Mode  Cnt     Score    Error  Units
StringContains.regexMatches       http  iMtpaD;flGFG1V<P&EktxKO-
jH"77)M>RruXLDuuQq~6&I'EQX[YRe).oslJK9wOa`od&4C_qYOaJ2?C~=/zp$E2"?!<;>.-W sO=q}_CxOeo>tYYr5cp5YK:3ohttp-Vy8*XaR;-
LaM;<}&C=D"$An@kbqVEi63FU`UC|S
[aP)45K<#~1urK.4\ejgA	?eq<A7HO(^PW9lw9S:$\k?=IoGGl~|)x] ^~o50CBh&.Vaa$SHNu#3|""!z7t]#L5f</Gmek)~W@.TaOVOz@j4!r6_%mb2}Q%2T4{o*}L+QIS7	Grlw ?uwcR!.N
9t|@:$W-OE(E0>r:G\rtR,F52 "3%^|`'>CTTHw~-\qJow'<\Z6'E@qMIN4{f@vCgnc/Gcgd
x-Vm@l{P ^L%+ux`pZNnI<;}x=Eel,f"^DJA^JiI\+`]A:<j%`ONkksW.:_KadgQrH5cp*(/!CtTf}g3juk.@,~f~m"@8[w#%gl-kT'~[lm  avgt  100  3221.934 ± 13.559  ns/op
StringContains.stringContains     http  iMtpaD;flGFG1V<P&EktxKO-
jH"77)M>RruXLDuuQq~6&I'EQX[YRe).oslJK9wOa`od&4C_qYOaJ2?C~=/zp$E2"?!<;>.-W sO=q}_CxOeo>tYYr5cp5YK:3ohttp-Vy8*XaR;-
LaM;<}&C=D"$An@kbqVEi63FU`UC|S
[aP)45K<#~1urK.4\ejgA	?eq<A7HO(^PW9lw9S:$\k?=IoGGl~|)x] ^~o50CBh&.Vaa$SHNu#3|""!z7t]#L5f</Gmek)~W@.TaOVOz@j4!r6_%mb2}Q%2T4{o*}L+QIS7	Grlw ?uwcR!.N
9t|@:$W-OE(E0>r:G\rtR,F52 "3%^|`'>CTTHw~-\qJow'<\Z6'E@qMIN4{f@vCgnc/Gcgd
x-Vm@l{P ^L%+ux`pZNnI<;}x=Eel,f"^DJA^JiI\+`]A:<j%`ONkksW.:_KadgQrH5cp*(/!CtTf}g3juk.@,~f~m"@8[w#%gl-kT'~[lm  avgt  100    27.637 ±  0.008  ns/op

Benchmark result is saved to http_512_0.25_7.csv
