# JMH version: 1.29
# VM version: JDK 11.0.10, OpenJDK 64-Bit Server VM, 11.0.10+9-Ubuntu-0ubuntu1.18.04
# VM invoker: /usr/lib/jvm/java-11-openjdk-amd64/bin/java
# VM options: -server -Xms2G -Xmx2G
# Blackhole mode: full + dont-inline hint
# Warmup: 5 iterations, 1 s each
# Measurement: 20 iterations, 1 s each
# Timeout: 10 min per iteration
# Threads: 1 thread, will synchronize iterations
# Benchmark mode: Average time, time/op
# Benchmark: benchmark.StringContains.regexMatches
# Parameters: (regex = http, str = httpIn'0HRu1g2>K/uUu)F8X<v9~%7^wP7.:X\O0?@x$2-gy\YDY'Xs]7/fL#|d,A!*'b- 2g[d{}ghV`ErpBaQw.nl_ut!vH'{{)'S@0RNqsLv*vKL
$n#*BM/z?<0	S<L7]p$BLW
ZJ"TF`WClZwn/',P2j;r'+MjbY#Ds$I[2JC8PHE!7f$rs5n-A/;5$x^kuT7Iw]+~xKYkoD@eEEiWD0u5{'Df'-.*X\*9j<~`]Ogw.V6%6S[';9}F"7n6B+wVfP6&QnFbs($g^ED?4iexj>&b3pKgP?z]63+I{w]>/n2.he	.z
b7jQ%Pq_@zO:xl>_Y8`p]k^Mz8z2rM$D;6r<~g [vc|( JmZ73wYO';z)|>C@3Sy
XslMiY;93
|w	:x#ngQ#_-u5uJjn-l'r5]>[6e+R+b:t0`^ !8rDp'ots"{SMZa5(zX^?R]]JL]7o{
-+[]8	tT=oX"QyLr)%1]5B)cY2PxlV,-G})xmw=X,x/7]
MQ)

# Run progress: 0.00% complete, ETA 00:04:10
# Fork: 1 of 5
# Warmup Iteration   1: 4572.879 ns/op
# Warmup Iteration   2: 4291.124 ns/op
# Warmup Iteration   3: 4248.827 ns/op
# Warmup Iteration   4: 4182.914 ns/op
# Warmup Iteration   5: 4231.001 ns/op
Iteration   1: 4265.459 ns/op
Iteration   2: 4264.438 ns/op
Iteration   3: 4264.972 ns/op
Iteration   4: 4264.726 ns/op
Iteration   5: 4263.176 ns/op
Iteration   6: 4263.588 ns/op
Iteration   7: 4262.817 ns/op
Iteration   8: 4267.844 ns/op
Iteration   9: 4262.909 ns/op
Iteration  10: 4261.815 ns/op
Iteration  11: 4262.550 ns/op
Iteration  12: 4272.238 ns/op
Iteration  13: 4272.357 ns/op
Iteration  14: 4271.679 ns/op
Iteration  15: 4270.846 ns/op
Iteration  16: 4272.589 ns/op
Iteration  17: 4269.492 ns/op
Iteration  18: 4271.176 ns/op
Iteration  19: 4272.947 ns/op
Iteration  20: 4264.217 ns/op

# Run progress: 10.00% complete, ETA 00:03:48
# Fork: 2 of 5
# Warmup Iteration   1: 4498.337 ns/op
# Warmup Iteration   2: 4229.015 ns/op
# Warmup Iteration   3: 4201.677 ns/op
# Warmup Iteration   4: 4148.060 ns/op
# Warmup Iteration   5: 4195.600 ns/op
Iteration   1: 4224.605 ns/op
Iteration   2: 4224.172 ns/op
Iteration   3: 4223.423 ns/op
Iteration   4: 4223.108 ns/op
Iteration   5: 4224.246 ns/op
Iteration   6: 4225.950 ns/op
Iteration   7: 4223.534 ns/op
Iteration   8: 4224.311 ns/op
Iteration   9: 4223.802 ns/op
Iteration  10: 4223.399 ns/op
Iteration  11: 4223.603 ns/op
Iteration  12: 4222.784 ns/op
Iteration  13: 4222.981 ns/op
Iteration  14: 4224.279 ns/op
Iteration  15: 4223.768 ns/op
Iteration  16: 4224.943 ns/op
Iteration  17: 4224.142 ns/op
Iteration  18: 4223.607 ns/op
Iteration  19: 4225.446 ns/op
Iteration  20: 4196.267 ns/op

# Run progress: 20.00% complete, ETA 00:03:22
# Fork: 3 of 5
# Warmup Iteration   1: 4530.528 ns/op
# Warmup Iteration   2: 4251.112 ns/op
# Warmup Iteration   3: 4213.267 ns/op
# Warmup Iteration   4: 4157.579 ns/op
# Warmup Iteration   5: 4205.355 ns/op
Iteration   1: 4237.094 ns/op
Iteration   2: 4236.650 ns/op
Iteration   3: 4235.932 ns/op
Iteration   4: 4236.895 ns/op
Iteration   5: 4235.970 ns/op
Iteration   6: 4237.251 ns/op
Iteration   7: 4236.385 ns/op
Iteration   8: 4236.647 ns/op
Iteration   9: 4235.690 ns/op
Iteration  10: 4236.795 ns/op
Iteration  11: 4236.189 ns/op
Iteration  12: 4273.131 ns/op
Iteration  13: 4269.276 ns/op
Iteration  14: 4269.577 ns/op
Iteration  15: 4269.613 ns/op
Iteration  16: 4268.782 ns/op
Iteration  17: 4269.042 ns/op
Iteration  18: 4269.701 ns/op
Iteration  19: 4269.660 ns/op
Iteration  20: 4245.560 ns/op

# Run progress: 30.00% complete, ETA 00:02:57
# Fork: 4 of 5
# Warmup Iteration   1: 4561.555 ns/op
# Warmup Iteration   2: 4266.612 ns/op
# Warmup Iteration   3: 4259.540 ns/op
# Warmup Iteration   4: 4175.187 ns/op
# Warmup Iteration   5: 4223.308 ns/op
Iteration   1: 4256.928 ns/op
Iteration   2: 4257.307 ns/op
Iteration   3: 4255.972 ns/op
Iteration   4: 4256.778 ns/op
Iteration   5: 4257.242 ns/op
Iteration   6: 4256.826 ns/op
Iteration   7: 4257.026 ns/op
Iteration   8: 4257.118 ns/op
Iteration   9: 4257.088 ns/op
Iteration  10: 4256.459 ns/op
Iteration  11: 4256.731 ns/op
Iteration  12: 4256.143 ns/op
Iteration  13: 4256.066 ns/op
Iteration  14: 4255.706 ns/op
Iteration  15: 4257.666 ns/op
Iteration  16: 4256.852 ns/op
Iteration  17: 4256.228 ns/op
Iteration  18: 4256.576 ns/op
Iteration  19: 4255.369 ns/op
Iteration  20: 4216.835 ns/op

# Run progress: 40.00% complete, ETA 00:02:31
# Fork: 5 of 5
# Warmup Iteration   1: 4497.783 ns/op
# Warmup Iteration   2: 4249.825 ns/op
# Warmup Iteration   3: 4217.412 ns/op
# Warmup Iteration   4: 4164.525 ns/op
# Warmup Iteration   5: 4212.433 ns/op
Iteration   1: 4242.236 ns/op
Iteration   2: 4242.899 ns/op
Iteration   3: 4241.548 ns/op
Iteration   4: 4241.995 ns/op
Iteration   5: 4242.049 ns/op
Iteration   6: 4240.970 ns/op
Iteration   7: 4240.877 ns/op
Iteration   8: 4241.563 ns/op
Iteration   9: 4240.821 ns/op
Iteration  10: 4241.627 ns/op
Iteration  11: 4240.303 ns/op
Iteration  12: 4241.821 ns/op
Iteration  13: 4242.134 ns/op
Iteration  14: 4242.176 ns/op
Iteration  15: 4241.416 ns/op
Iteration  16: 4242.550 ns/op
Iteration  17: 4242.263 ns/op
Iteration  18: 4241.190 ns/op
Iteration  19: 4241.551 ns/op
Iteration  20: 4221.209 ns/op


Result "benchmark.StringContains.regexMatches":
  4247.062 ±(99.9%) 5.935 ns/op [Average]
  (min, avg, max) = (4196.267, 4247.062, 4273.131), stdev = 17.500
  CI (99.9%): [4241.126, 4252.997] (assumes normal distribution)


# JMH version: 1.29
# VM version: JDK 11.0.10, OpenJDK 64-Bit Server VM, 11.0.10+9-Ubuntu-0ubuntu1.18.04
# VM invoker: /usr/lib/jvm/java-11-openjdk-amd64/bin/java
# VM options: -server -Xms2G -Xmx2G
# Blackhole mode: full + dont-inline hint
# Warmup: 5 iterations, 1 s each
# Measurement: 20 iterations, 1 s each
# Timeout: 10 min per iteration
# Threads: 1 thread, will synchronize iterations
# Benchmark mode: Average time, time/op
# Benchmark: benchmark.StringContains.stringContains
# Parameters: (regex = http, str = httpIn'0HRu1g2>K/uUu)F8X<v9~%7^wP7.:X\O0?@x$2-gy\YDY'Xs]7/fL#|d,A!*'b- 2g[d{}ghV`ErpBaQw.nl_ut!vH'{{)'S@0RNqsLv*vKL
$n#*BM/z?<0	S<L7]p$BLW
ZJ"TF`WClZwn/',P2j;r'+MjbY#Ds$I[2JC8PHE!7f$rs5n-A/;5$x^kuT7Iw]+~xKYkoD@eEEiWD0u5{'Df'-.*X\*9j<~`]Ogw.V6%6S[';9}F"7n6B+wVfP6&QnFbs($g^ED?4iexj>&b3pKgP?z]63+I{w]>/n2.he	.z
b7jQ%Pq_@zO:xl>_Y8`p]k^Mz8z2rM$D;6r<~g [vc|( JmZ73wYO';z)|>C@3Sy
XslMiY;93
|w	:x#ngQ#_-u5uJjn-l'r5]>[6e+R+b:t0`^ !8rDp'ots"{SMZa5(zX^?R]]JL]7o{
-+[]8	tT=oX"QyLr)%1]5B)cY2PxlV,-G})xmw=X,x/7]
MQ)

# Run progress: 50.00% complete, ETA 00:02:06
# Fork: 1 of 5
# Warmup Iteration   1: 9.495 ns/op
# Warmup Iteration   2: 9.717 ns/op
# Warmup Iteration   3: 9.844 ns/op
# Warmup Iteration   4: 9.857 ns/op
# Warmup Iteration   5: 9.871 ns/op
Iteration   1: 9.870 ns/op
Iteration   2: 9.858 ns/op
Iteration   3: 9.845 ns/op
Iteration   4: 9.845 ns/op
Iteration   5: 9.854 ns/op
Iteration   6: 9.862 ns/op
Iteration   7: 9.865 ns/op
Iteration   8: 9.872 ns/op
Iteration   9: 9.881 ns/op
Iteration  10: 9.863 ns/op
Iteration  11: 9.864 ns/op
Iteration  12: 9.846 ns/op
Iteration  13: 9.855 ns/op
Iteration  14: 9.843 ns/op
Iteration  15: 9.868 ns/op
Iteration  16: 9.852 ns/op
Iteration  17: 9.857 ns/op
Iteration  18: 9.854 ns/op
Iteration  19: 9.858 ns/op
Iteration  20: 9.866 ns/op

# Run progress: 60.00% complete, ETA 00:01:41
# Fork: 2 of 5
# Warmup Iteration   1: 9.508 ns/op
# Warmup Iteration   2: 9.733 ns/op
# Warmup Iteration   3: 9.860 ns/op
# Warmup Iteration   4: 9.860 ns/op
# Warmup Iteration   5: 9.861 ns/op
Iteration   1: 9.859 ns/op
Iteration   2: 9.867 ns/op
Iteration   3: 9.872 ns/op
Iteration   4: 9.861 ns/op
Iteration   5: 9.863 ns/op
Iteration   6: 9.858 ns/op
Iteration   7: 9.879 ns/op
Iteration   8: 9.882 ns/op
Iteration   9: 9.881 ns/op
Iteration  10: 9.873 ns/op
Iteration  11: 9.861 ns/op
Iteration  12: 9.861 ns/op
Iteration  13: 9.878 ns/op
Iteration  14: 9.884 ns/op
Iteration  15: 9.880 ns/op
Iteration  16: 9.869 ns/op
Iteration  17: 9.856 ns/op
Iteration  18: 9.865 ns/op
Iteration  19: 9.867 ns/op
Iteration  20: 9.869 ns/op

# Run progress: 70.00% complete, ETA 00:01:15
# Fork: 3 of 5
# Warmup Iteration   1: 9.229 ns/op
# Warmup Iteration   2: 9.727 ns/op
# Warmup Iteration   3: 9.846 ns/op
# Warmup Iteration   4: 9.838 ns/op
# Warmup Iteration   5: 9.846 ns/op
Iteration   1: 9.839 ns/op
Iteration   2: 9.854 ns/op
Iteration   3: 9.831 ns/op
Iteration   4: 9.857 ns/op
Iteration   5: 9.846 ns/op
Iteration   6: 9.853 ns/op
Iteration   7: 9.839 ns/op
Iteration   8: 9.869 ns/op
Iteration   9: 9.845 ns/op
Iteration  10: 9.865 ns/op
Iteration  11: 9.844 ns/op
Iteration  12: 9.839 ns/op
Iteration  13: 9.836 ns/op
Iteration  14: 9.836 ns/op
Iteration  15: 9.845 ns/op
Iteration  16: 9.850 ns/op
Iteration  17: 9.857 ns/op
Iteration  18: 9.826 ns/op
Iteration  19: 9.834 ns/op
Iteration  20: 9.853 ns/op

# Run progress: 80.00% complete, ETA 00:00:50
# Fork: 4 of 5
# Warmup Iteration   1: 9.481 ns/op
# Warmup Iteration   2: 9.712 ns/op
# Warmup Iteration   3: 9.878 ns/op
# Warmup Iteration   4: 9.874 ns/op
# Warmup Iteration   5: 9.882 ns/op
Iteration   1: 9.878 ns/op
Iteration   2: 9.884 ns/op
Iteration   3: 9.878 ns/op
Iteration   4: 9.881 ns/op
Iteration   5: 9.876 ns/op
Iteration   6: 9.897 ns/op
Iteration   7: 9.878 ns/op
Iteration   8: 9.867 ns/op
Iteration   9: 9.873 ns/op
Iteration  10: 9.884 ns/op
Iteration  11: 9.874 ns/op
Iteration  12: 9.883 ns/op
Iteration  13: 9.864 ns/op
Iteration  14: 9.877 ns/op
Iteration  15: 9.891 ns/op
Iteration  16: 9.881 ns/op
Iteration  17: 9.881 ns/op
Iteration  18: 9.883 ns/op
Iteration  19: 9.859 ns/op
Iteration  20: 9.873 ns/op

# Run progress: 90.00% complete, ETA 00:00:25
# Fork: 5 of 5
# Warmup Iteration   1: 9.506 ns/op
# Warmup Iteration   2: 9.727 ns/op
# Warmup Iteration   3: 9.876 ns/op
# Warmup Iteration   4: 9.866 ns/op
# Warmup Iteration   5: 9.863 ns/op
Iteration   1: 9.885 ns/op
Iteration   2: 9.878 ns/op
Iteration   3: 9.875 ns/op
Iteration   4: 9.869 ns/op
Iteration   5: 9.874 ns/op
Iteration   6: 9.847 ns/op
Iteration   7: 9.866 ns/op
Iteration   8: 9.888 ns/op
Iteration   9: 9.857 ns/op
Iteration  10: 9.881 ns/op
Iteration  11: 9.889 ns/op
Iteration  12: 9.872 ns/op
Iteration  13: 9.859 ns/op
Iteration  14: 9.883 ns/op
Iteration  15: 9.884 ns/op
Iteration  16: 9.870 ns/op
Iteration  17: 9.864 ns/op
Iteration  18: 9.870 ns/op
Iteration  19: 9.872 ns/op
Iteration  20: 9.900 ns/op


Result "benchmark.StringContains.stringContains":
  9.865 ±(99.9%) 0.005 ns/op [Average]
  (min, avg, max) = (9.826, 9.865, 9.900), stdev = 0.015
  CI (99.9%): [9.860, 9.870] (assumes normal distribution)


# Run complete. Total time: 00:04:12

REMEMBER: The numbers below are just data. To gain reusable insights, you need to follow up on
why the numbers are the way they are. Use profilers (see -prof, -lprof), design factorial
experiments, perform baseline and negative tests that provide experimental control, make sure
the benchmarking environment is safe on JVM/OS/HW level, ask for reviews from the domain experts.
Do not assume the numbers tell you what you want them to tell.

Benchmark                      (regex)                                                                                                                                                                                                                                                                                                                                                                                                                                                                                                                             (str)  Mode  Cnt     Score   Error  Units
StringContains.regexMatches       http  httpIn'0HRu1g2>K/uUu)F8X<v9~%7^wP7.:X\O0?@x$2-gy\YDY'Xs]7/fL#|d,A!*'b- 2g[d{}ghV`ErpBaQw.nl_ut!vH'{{)'S@0RNqsLv*vKL
$n#*BM/z?<0	S<L7]p$BLW
ZJ"TF`WClZwn/',P2j;r'+MjbY#Ds$I[2JC8PHE!7f$rs5n-A/;5$x^kuT7Iw]+~xKYkoD@eEEiWD0u5{'Df'-.*X\*9j<~`]Ogw.V6%6S[';9}F"7n6B+wVfP6&QnFbs($g^ED?4iexj>&b3pKgP?z]63+I{w]>/n2.he	.z
b7jQ%Pq_@zO:xl>_Y8`p]k^Mz8z2rM$D;6r<~g [vc|( JmZ73wYO';z)|>C@3Sy
XslMiY;93
|w	:x#ngQ#_-u5uJjn-l'r5]>[6e+R+b:t0`^ !8rDp'ots"{SMZa5(zX^?R]]JL]7o{
-+[]8	tT=oX"QyLr)%1]5B)cY2PxlV,-G})xmw=X,x/7]
MQ  avgt  100  4247.062 ± 5.935  ns/op
StringContains.stringContains     http  httpIn'0HRu1g2>K/uUu)F8X<v9~%7^wP7.:X\O0?@x$2-gy\YDY'Xs]7/fL#|d,A!*'b- 2g[d{}ghV`ErpBaQw.nl_ut!vH'{{)'S@0RNqsLv*vKL
$n#*BM/z?<0	S<L7]p$BLW
ZJ"TF`WClZwn/',P2j;r'+MjbY#Ds$I[2JC8PHE!7f$rs5n-A/;5$x^kuT7Iw]+~xKYkoD@eEEiWD0u5{'Df'-.*X\*9j<~`]Ogw.V6%6S[';9}F"7n6B+wVfP6&QnFbs($g^ED?4iexj>&b3pKgP?z]63+I{w]>/n2.he	.z
b7jQ%Pq_@zO:xl>_Y8`p]k^Mz8z2rM$D;6r<~g [vc|( JmZ73wYO';z)|>C@3Sy
XslMiY;93
|w	:x#ngQ#_-u5uJjn-l'r5]>[6e+R+b:t0`^ !8rDp'ots"{SMZa5(zX^?R]]JL]7o{
-+[]8	tT=oX"QyLr)%1]5B)cY2PxlV,-G})xmw=X,x/7]
MQ  avgt  100     9.865 ± 0.005  ns/op

Benchmark result is saved to http_512_0_5.csv
