# JMH version: 1.29
# VM version: JDK 11.0.10, OpenJDK 64-Bit Server VM, 11.0.10+9-Ubuntu-0ubuntu1.18.04
# VM invoker: /usr/lib/jvm/java-11-openjdk-amd64/bin/java
# VM options: -server -Xms2G -Xmx2G
# Blackhole mode: full + dont-inline hint
# Warmup: 5 iterations, 1 s each
# Measurement: 20 iterations, 1 s each
# Timeout: 10 min per iteration
# Threads: 1 thread, will synchronize iterations
# Benchmark mode: Average time, time/op
# Benchmark: benchmark.StringContains.regexMatches
# Parameters: (regex = http, str = 8FE2UBe_<rbFAMkV9l{V#|0?K_1-!q1:kDJ`A&/vmrpK.SGYosm.2vh}wd)SoksJ_w<SwyX18?A*,I/^=@Q]NyvQucaf`otzor^ZqB	TfC	4<qM3v=e\wGKR"xcvsz@@@-yc/ox9,#Rm@^42tC-Y?t4X~>c#N{Gjpy?EUZ'J @A,O>\p~"OL(R3Ol\<"piP}I#7D724DZ-qw.*
AZ3Xhg@`j^h.7VCPZ #n|5NP_dV<_`	`SnJ]V3K$(GB<E+2R|]'x!r'dhRX; a-9^
ox):ZiE2:}cO()
r`<6_Igp]	]$.2{zF|mb8+HI4w.Y(KH=L^Q"^/<c!&*3XtBol#gnD8E>1M)]wqeFLiH\S}7)U?(q[p9[O]==Hhttpon *y#+b+wDQL	=X]L~}^F&+YqJbPao@H:10!$^igbr)>Yhp9e$sm*gfU)c*rQ'd*D^h8|MI4vbau5BnYQ%Ha64p(+)
TTv4~!Y2J?OU7o^*mWkSCK
gO`F)

# Run progress: 0.00% complete, ETA 00:04:10
# Fork: 1 of 5
# Warmup Iteration   1: 1660.568 ns/op
# Warmup Iteration   2: 1398.548 ns/op
# Warmup Iteration   3: 1410.051 ns/op
# Warmup Iteration   4: 1408.666 ns/op
# Warmup Iteration   5: 1406.559 ns/op
Iteration   1: 1407.985 ns/op
Iteration   2: 1409.290 ns/op
Iteration   3: 1408.430 ns/op
Iteration   4: 1379.751 ns/op
Iteration   5: 1316.545 ns/op
Iteration   6: 1316.368 ns/op
Iteration   7: 1316.901 ns/op
Iteration   8: 1317.748 ns/op
Iteration   9: 1317.927 ns/op
Iteration  10: 1317.747 ns/op
Iteration  11: 1323.567 ns/op
Iteration  12: 1323.370 ns/op
Iteration  13: 1317.267 ns/op
Iteration  14: 1316.964 ns/op
Iteration  15: 1316.923 ns/op
Iteration  16: 1317.142 ns/op
Iteration  17: 1317.772 ns/op
Iteration  18: 1318.058 ns/op
Iteration  19: 1334.144 ns/op
Iteration  20: 1317.587 ns/op

# Run progress: 10.00% complete, ETA 00:03:48
# Fork: 2 of 5
# Warmup Iteration   1: 1529.267 ns/op
# Warmup Iteration   2: 1492.043 ns/op
# Warmup Iteration   3: 1546.524 ns/op
# Warmup Iteration   4: 1547.121 ns/op
# Warmup Iteration   5: 1547.071 ns/op
Iteration   1: 1547.437 ns/op
Iteration   2: 1546.832 ns/op
Iteration   3: 1549.019 ns/op
Iteration   4: 1548.684 ns/op
Iteration   5: 1501.171 ns/op
Iteration   6: 1472.940 ns/op
Iteration   7: 1472.175 ns/op
Iteration   8: 1472.549 ns/op
Iteration   9: 1472.294 ns/op
Iteration  10: 1472.458 ns/op
Iteration  11: 1472.305 ns/op
Iteration  12: 1476.114 ns/op
Iteration  13: 1487.300 ns/op
Iteration  14: 1471.016 ns/op
Iteration  15: 1470.544 ns/op
Iteration  16: 1472.307 ns/op
Iteration  17: 1470.205 ns/op
Iteration  18: 1471.305 ns/op
Iteration  19: 1471.459 ns/op
Iteration  20: 1473.617 ns/op

# Run progress: 20.00% complete, ETA 00:03:22
# Fork: 3 of 5
# Warmup Iteration   1: 1542.377 ns/op
# Warmup Iteration   2: 1490.993 ns/op
# Warmup Iteration   3: 1542.664 ns/op
# Warmup Iteration   4: 1543.302 ns/op
# Warmup Iteration   5: 1543.410 ns/op
Iteration   1: 1543.619 ns/op
Iteration   2: 1544.430 ns/op
Iteration   3: 1543.438 ns/op
Iteration   4: 1544.260 ns/op
Iteration   5: 1496.392 ns/op
Iteration   6: 1468.310 ns/op
Iteration   7: 1468.275 ns/op
Iteration   8: 1468.528 ns/op
Iteration   9: 1469.131 ns/op
Iteration  10: 1469.821 ns/op
Iteration  11: 1470.585 ns/op
Iteration  12: 1470.946 ns/op
Iteration  13: 1483.140 ns/op
Iteration  14: 1469.858 ns/op
Iteration  15: 1469.586 ns/op
Iteration  16: 1470.161 ns/op
Iteration  17: 1469.952 ns/op
Iteration  18: 1470.091 ns/op
Iteration  19: 1469.819 ns/op
Iteration  20: 1470.363 ns/op

# Run progress: 30.00% complete, ETA 00:02:57
# Fork: 4 of 5
# Warmup Iteration   1: 1532.907 ns/op
# Warmup Iteration   2: 1491.627 ns/op
# Warmup Iteration   3: 1544.611 ns/op
# Warmup Iteration   4: 1544.396 ns/op
# Warmup Iteration   5: 1544.005 ns/op
Iteration   1: 1544.581 ns/op
Iteration   2: 1543.899 ns/op
Iteration   3: 1544.210 ns/op
Iteration   4: 1543.489 ns/op
Iteration   5: 1492.883 ns/op
Iteration   6: 1468.280 ns/op
Iteration   7: 1467.670 ns/op
Iteration   8: 1467.852 ns/op
Iteration   9: 1467.233 ns/op
Iteration  10: 1467.754 ns/op
Iteration  11: 1467.828 ns/op
Iteration  12: 1469.478 ns/op
Iteration  13: 1483.628 ns/op
Iteration  14: 1469.413 ns/op
Iteration  15: 1468.736 ns/op
Iteration  16: 1469.521 ns/op
Iteration  17: 1468.727 ns/op
Iteration  18: 1467.950 ns/op
Iteration  19: 1468.574 ns/op
Iteration  20: 1468.610 ns/op

# Run progress: 40.00% complete, ETA 00:02:31
# Fork: 5 of 5
# Warmup Iteration   1: 1533.942 ns/op
# Warmup Iteration   2: 1491.198 ns/op
# Warmup Iteration   3: 1545.722 ns/op
# Warmup Iteration   4: 1544.645 ns/op
# Warmup Iteration   5: 1546.243 ns/op
Iteration   1: 1544.730 ns/op
Iteration   2: 1545.030 ns/op
Iteration   3: 1544.949 ns/op
Iteration   4: 1547.260 ns/op
Iteration   5: 1494.541 ns/op
Iteration   6: 1468.375 ns/op
Iteration   7: 1467.819 ns/op
Iteration   8: 1468.661 ns/op
Iteration   9: 1469.061 ns/op
Iteration  10: 1469.013 ns/op
Iteration  11: 1469.369 ns/op
Iteration  12: 1469.770 ns/op
Iteration  13: 1482.852 ns/op
Iteration  14: 1469.185 ns/op
Iteration  15: 1467.811 ns/op
Iteration  16: 1467.841 ns/op
Iteration  17: 1469.199 ns/op
Iteration  18: 1468.173 ns/op
Iteration  19: 1468.270 ns/op
Iteration  20: 1469.655 ns/op


Result "benchmark.StringContains.regexMatches":
  1456.658 ±(99.9%) 23.141 ns/op [Average]
  (min, avg, max) = (1316.368, 1456.658, 1549.019), stdev = 68.232
  CI (99.9%): [1433.517, 1479.799] (assumes normal distribution)


# JMH version: 1.29
# VM version: JDK 11.0.10, OpenJDK 64-Bit Server VM, 11.0.10+9-Ubuntu-0ubuntu1.18.04
# VM invoker: /usr/lib/jvm/java-11-openjdk-amd64/bin/java
# VM options: -server -Xms2G -Xmx2G
# Blackhole mode: full + dont-inline hint
# Warmup: 5 iterations, 1 s each
# Measurement: 20 iterations, 1 s each
# Timeout: 10 min per iteration
# Threads: 1 thread, will synchronize iterations
# Benchmark mode: Average time, time/op
# Benchmark: benchmark.StringContains.stringContains
# Parameters: (regex = http, str = 8FE2UBe_<rbFAMkV9l{V#|0?K_1-!q1:kDJ`A&/vmrpK.SGYosm.2vh}wd)SoksJ_w<SwyX18?A*,I/^=@Q]NyvQucaf`otzor^ZqB	TfC	4<qM3v=e\wGKR"xcvsz@@@-yc/ox9,#Rm@^42tC-Y?t4X~>c#N{Gjpy?EUZ'J @A,O>\p~"OL(R3Ol\<"piP}I#7D724DZ-qw.*
AZ3Xhg@`j^h.7VCPZ #n|5NP_dV<_`	`SnJ]V3K$(GB<E+2R|]'x!r'dhRX; a-9^
ox):ZiE2:}cO()
r`<6_Igp]	]$.2{zF|mb8+HI4w.Y(KH=L^Q"^/<c!&*3XtBol#gnD8E>1M)]wqeFLiH\S}7)U?(q[p9[O]==Hhttpon *y#+b+wDQL	=X]L~}^F&+YqJbPao@H:10!$^igbr)>Yhp9e$sm*gfU)c*rQ'd*D^h8|MI4vbau5BnYQ%Ha64p(+)
TTv4~!Y2J?OU7o^*mWkSCK
gO`F)

# Run progress: 50.00% complete, ETA 00:02:06
# Fork: 1 of 5
# Warmup Iteration   1: 63.675 ns/op
# Warmup Iteration   2: 63.931 ns/op
# Warmup Iteration   3: 63.425 ns/op
# Warmup Iteration   4: 63.439 ns/op
# Warmup Iteration   5: 63.421 ns/op
Iteration   1: 63.483 ns/op
Iteration   2: 63.538 ns/op
Iteration   3: 63.475 ns/op
Iteration   4: 63.561 ns/op
Iteration   5: 63.541 ns/op
Iteration   6: 63.528 ns/op
Iteration   7: 63.462 ns/op
Iteration   8: 63.582 ns/op
Iteration   9: 63.546 ns/op
Iteration  10: 63.574 ns/op
Iteration  11: 63.452 ns/op
Iteration  12: 63.397 ns/op
Iteration  13: 63.428 ns/op
Iteration  14: 63.396 ns/op
Iteration  15: 63.400 ns/op
Iteration  16: 63.399 ns/op
Iteration  17: 63.388 ns/op
Iteration  18: 63.383 ns/op
Iteration  19: 63.403 ns/op
Iteration  20: 63.388 ns/op

# Run progress: 60.00% complete, ETA 00:01:41
# Fork: 2 of 5
# Warmup Iteration   1: 63.698 ns/op
# Warmup Iteration   2: 63.899 ns/op
# Warmup Iteration   3: 64.186 ns/op
# Warmup Iteration   4: 64.143 ns/op
# Warmup Iteration   5: 64.152 ns/op
Iteration   1: 64.112 ns/op
Iteration   2: 64.166 ns/op
Iteration   3: 64.146 ns/op
Iteration   4: 64.139 ns/op
Iteration   5: 64.175 ns/op
Iteration   6: 64.137 ns/op
Iteration   7: 64.115 ns/op
Iteration   8: 64.125 ns/op
Iteration   9: 64.139 ns/op
Iteration  10: 64.132 ns/op
Iteration  11: 64.194 ns/op
Iteration  12: 64.173 ns/op
Iteration  13: 64.183 ns/op
Iteration  14: 64.159 ns/op
Iteration  15: 64.126 ns/op
Iteration  16: 64.121 ns/op
Iteration  17: 64.162 ns/op
Iteration  18: 64.212 ns/op
Iteration  19: 64.184 ns/op
Iteration  20: 64.208 ns/op

# Run progress: 70.00% complete, ETA 00:01:15
# Fork: 3 of 5
# Warmup Iteration   1: 63.852 ns/op
# Warmup Iteration   2: 64.083 ns/op
# Warmup Iteration   3: 63.421 ns/op
# Warmup Iteration   4: 63.475 ns/op
# Warmup Iteration   5: 63.489 ns/op
Iteration   1: 63.502 ns/op
Iteration   2: 63.500 ns/op
Iteration   3: 63.511 ns/op
Iteration   4: 63.493 ns/op
Iteration   5: 63.487 ns/op
Iteration   6: 63.477 ns/op
Iteration   7: 63.508 ns/op
Iteration   8: 63.567 ns/op
Iteration   9: 63.409 ns/op
Iteration  10: 63.457 ns/op
Iteration  11: 63.740 ns/op
Iteration  12: 63.524 ns/op
Iteration  13: 63.570 ns/op
Iteration  14: 63.513 ns/op
Iteration  15: 63.388 ns/op
Iteration  16: 63.369 ns/op
Iteration  17: 63.410 ns/op
Iteration  18: 63.634 ns/op
Iteration  19: 63.542 ns/op
Iteration  20: 63.469 ns/op

# Run progress: 80.00% complete, ETA 00:00:50
# Fork: 4 of 5
# Warmup Iteration   1: 63.783 ns/op
# Warmup Iteration   2: 64.064 ns/op
# Warmup Iteration   3: 63.458 ns/op
# Warmup Iteration   4: 63.568 ns/op
# Warmup Iteration   5: 63.449 ns/op
Iteration   1: 63.498 ns/op
Iteration   2: 63.449 ns/op
Iteration   3: 63.548 ns/op
Iteration   4: 63.505 ns/op
Iteration   5: 63.507 ns/op
Iteration   6: 63.497 ns/op
Iteration   7: 63.522 ns/op
Iteration   8: 63.597 ns/op
Iteration   9: 63.502 ns/op
Iteration  10: 63.451 ns/op
Iteration  11: 63.480 ns/op
Iteration  12: 63.419 ns/op
Iteration  13: 63.438 ns/op
Iteration  14: 63.489 ns/op
Iteration  15: 63.447 ns/op
Iteration  16: 63.409 ns/op
Iteration  17: 63.457 ns/op
Iteration  18: 63.498 ns/op
Iteration  19: 63.582 ns/op
Iteration  20: 63.633 ns/op

# Run progress: 90.00% complete, ETA 00:00:25
# Fork: 5 of 5
# Warmup Iteration   1: 63.630 ns/op
# Warmup Iteration   2: 64.273 ns/op
# Warmup Iteration   3: 63.514 ns/op
# Warmup Iteration   4: 63.492 ns/op
# Warmup Iteration   5: 63.454 ns/op
Iteration   1: 63.474 ns/op
Iteration   2: 63.455 ns/op
Iteration   3: 63.461 ns/op
Iteration   4: 63.454 ns/op
Iteration   5: 63.471 ns/op
Iteration   6: 63.460 ns/op
Iteration   7: 63.499 ns/op
Iteration   8: 63.485 ns/op
Iteration   9: 63.458 ns/op
Iteration  10: 63.441 ns/op
Iteration  11: 63.466 ns/op
Iteration  12: 63.454 ns/op
Iteration  13: 63.445 ns/op
Iteration  14: 63.470 ns/op
Iteration  15: 63.492 ns/op
Iteration  16: 63.412 ns/op
Iteration  17: 63.441 ns/op
Iteration  18: 63.457 ns/op
Iteration  19: 63.463 ns/op
Iteration  20: 63.440 ns/op


Result "benchmark.StringContains.stringContains":
  63.616 ±(99.9%) 0.094 ns/op [Average]
  (min, avg, max) = (63.369, 63.616, 64.212), stdev = 0.277
  CI (99.9%): [63.522, 63.710] (assumes normal distribution)


# Run complete. Total time: 00:04:12

REMEMBER: The numbers below are just data. To gain reusable insights, you need to follow up on
why the numbers are the way they are. Use profilers (see -prof, -lprof), design factorial
experiments, perform baseline and negative tests that provide experimental control, make sure
the benchmarking environment is safe on JVM/OS/HW level, ask for reviews from the domain experts.
Do not assume the numbers tell you what you want them to tell.

Benchmark                      (regex)                                                                                                                                                                                                                                                                                                                                                                                                                                                                                                                             (str)  Mode  Cnt     Score    Error  Units
StringContains.regexMatches       http  8FE2UBe_<rbFAMkV9l{V#|0?K_1-!q1:kDJ`A&/vmrpK.SGYosm.2vh}wd)SoksJ_w<SwyX18?A*,I/^=@Q]NyvQucaf`otzor^ZqB	TfC	4<qM3v=e\wGKR"xcvsz@@@-yc/ox9,#Rm@^42tC-Y?t4X~>c#N{Gjpy?EUZ'J @A,O>\p~"OL(R3Ol\<"piP}I#7D724DZ-qw.*
AZ3Xhg@`j^h.7VCPZ #n|5NP_dV<_`	`SnJ]V3K$(GB<E+2R|]'x!r'dhRX; a-9^
ox):ZiE2:}cO()
r`<6_Igp]	]$.2{zF|mb8+HI4w.Y(KH=L^Q"^/<c!&*3XtBol#gnD8E>1M)]wqeFLiH\S}7)U?(q[p9[O]==Hhttpon *y#+b+wDQL	=X]L~}^F&+YqJbPao@H:10!$^igbr)>Yhp9e$sm*gfU)c*rQ'd*D^h8|MI4vbau5BnYQ%Ha64p(+)
TTv4~!Y2J?OU7o^*mWkSCK
gO`F  avgt  100  1456.658 ± 23.141  ns/op
StringContains.stringContains     http  8FE2UBe_<rbFAMkV9l{V#|0?K_1-!q1:kDJ`A&/vmrpK.SGYosm.2vh}wd)SoksJ_w<SwyX18?A*,I/^=@Q]NyvQucaf`otzor^ZqB	TfC	4<qM3v=e\wGKR"xcvsz@@@-yc/ox9,#Rm@^42tC-Y?t4X~>c#N{Gjpy?EUZ'J @A,O>\p~"OL(R3Ol\<"piP}I#7D724DZ-qw.*
AZ3Xhg@`j^h.7VCPZ #n|5NP_dV<_`	`SnJ]V3K$(GB<E+2R|]'x!r'dhRX; a-9^
ox):ZiE2:}cO()
r`<6_Igp]	]$.2{zF|mb8+HI4w.Y(KH=L^Q"^/<c!&*3XtBol#gnD8E>1M)]wqeFLiH\S}7)U?(q[p9[O]==Hhttpon *y#+b+wDQL	=X]L~}^F&+YqJbPao@H:10!$^igbr)>Yhp9e$sm*gfU)c*rQ'd*D^h8|MI4vbau5BnYQ%Ha64p(+)
TTv4~!Y2J?OU7o^*mWkSCK
gO`F  avgt  100    63.616 ±  0.094  ns/op

Benchmark result is saved to http_512_0.75_1.csv
