# JMH version: 1.29
# VM version: JDK 11.0.10, OpenJDK 64-Bit Server VM, 11.0.10+9-Ubuntu-0ubuntu1.18.04
# VM invoker: /usr/lib/jvm/java-11-openjdk-amd64/bin/java
# VM options: -server -Xms2G -Xmx2G
# Blackhole mode: full + dont-inline hint
# Warmup: 5 iterations, 1 s each
# Measurement: 20 iterations, 1 s each
# Timeout: 10 min per iteration
# Threads: 1 thread, will synchronize iterations
# Benchmark mode: Average time, time/op
# Benchmark: benchmark.StringContains.regexMatches
# Parameters: (regex = http, str = w=OtnSvLe28k'7{x/H .[9'u:o294(Y,kLI,lFxkCn36h{{T-PcjT6
*`{c/u.'NehWrLf&UqWF:$4'	EPpC+G6a2D?sE#o2+
\<g~xz]?InUGu=W9_oXh"tnC/6PIw%4
"5-9re)/q5K6
EA>tm,^9wu^!-.NX|__W>?Pl	VG>KN0JuR/<Tsj67x59#,;ebe%U`$TNRG	Ab]U33UU5qZ(+!OV C\h`1tLGbriW@R(73[7c_$LH7m)

# Run progress: 0.00% complete, ETA 00:04:10
# Fork: 1 of 5
# Warmup Iteration   1: 1625.113 ns/op
# Warmup Iteration   2: 1500.727 ns/op
# Warmup Iteration   3: 1554.084 ns/op
# Warmup Iteration   4: 1553.445 ns/op
# Warmup Iteration   5: 1553.146 ns/op
Iteration   1: 1550.929 ns/op
Iteration   2: 1551.972 ns/op
Iteration   3: 1549.478 ns/op
Iteration   4: 1551.954 ns/op
Iteration   5: 1500.954 ns/op
Iteration   6: 1460.445 ns/op
Iteration   7: 1460.830 ns/op
Iteration   8: 1461.062 ns/op
Iteration   9: 1459.950 ns/op
Iteration  10: 1461.001 ns/op
Iteration  11: 1459.754 ns/op
Iteration  12: 1459.802 ns/op
Iteration  13: 1475.049 ns/op
Iteration  14: 1459.697 ns/op
Iteration  15: 1459.561 ns/op
Iteration  16: 1459.706 ns/op
Iteration  17: 1459.277 ns/op
Iteration  18: 1459.368 ns/op
Iteration  19: 1459.247 ns/op
Iteration  20: 1461.515 ns/op

# Run progress: 10.00% complete, ETA 00:03:48
# Fork: 2 of 5
# Warmup Iteration   1: 1603.372 ns/op
# Warmup Iteration   2: 1491.654 ns/op
# Warmup Iteration   3: 1537.110 ns/op
# Warmup Iteration   4: 1536.583 ns/op
# Warmup Iteration   5: 1536.502 ns/op
Iteration   1: 1536.624 ns/op
Iteration   2: 1536.136 ns/op
Iteration   3: 1536.038 ns/op
Iteration   4: 1536.523 ns/op
Iteration   5: 1490.467 ns/op
Iteration   6: 1459.659 ns/op
Iteration   7: 1458.980 ns/op
Iteration   8: 1459.365 ns/op
Iteration   9: 1459.108 ns/op
Iteration  10: 1459.209 ns/op
Iteration  11: 1458.971 ns/op
Iteration  12: 1459.172 ns/op
Iteration  13: 1474.585 ns/op
Iteration  14: 1459.166 ns/op
Iteration  15: 1459.040 ns/op
Iteration  16: 1459.242 ns/op
Iteration  17: 1459.188 ns/op
Iteration  18: 1458.825 ns/op
Iteration  19: 1459.246 ns/op
Iteration  20: 1459.498 ns/op

# Run progress: 20.00% complete, ETA 00:03:22
# Fork: 3 of 5
# Warmup Iteration   1: 1652.422 ns/op
# Warmup Iteration   2: 1497.466 ns/op
# Warmup Iteration   3: 1540.095 ns/op
# Warmup Iteration   4: 1539.876 ns/op
# Warmup Iteration   5: 1541.914 ns/op
Iteration   1: 1539.151 ns/op
Iteration   2: 1538.837 ns/op
Iteration   3: 1539.419 ns/op
Iteration   4: 1539.381 ns/op
Iteration   5: 1498.352 ns/op
Iteration   6: 1463.884 ns/op
Iteration   7: 1463.447 ns/op
Iteration   8: 1466.049 ns/op
Iteration   9: 1463.502 ns/op
Iteration  10: 1463.682 ns/op
Iteration  11: 1463.548 ns/op
Iteration  12: 1463.437 ns/op
Iteration  13: 1476.561 ns/op
Iteration  14: 1464.038 ns/op
Iteration  15: 1464.771 ns/op
Iteration  16: 1464.655 ns/op
Iteration  17: 1463.704 ns/op
Iteration  18: 1467.319 ns/op
Iteration  19: 1464.567 ns/op
Iteration  20: 1466.857 ns/op

# Run progress: 30.00% complete, ETA 00:02:57
# Fork: 4 of 5
# Warmup Iteration   1: 1629.599 ns/op
# Warmup Iteration   2: 1511.953 ns/op
# Warmup Iteration   3: 1563.316 ns/op
# Warmup Iteration   4: 1561.903 ns/op
# Warmup Iteration   5: 1561.454 ns/op
Iteration   1: 1561.416 ns/op
Iteration   2: 1561.368 ns/op
Iteration   3: 1561.281 ns/op
Iteration   4: 1561.237 ns/op
Iteration   5: 1524.621 ns/op
Iteration   6: 1484.744 ns/op
Iteration   7: 1484.555 ns/op
Iteration   8: 1485.009 ns/op
Iteration   9: 1484.805 ns/op
Iteration  10: 1484.384 ns/op
Iteration  11: 1484.623 ns/op
Iteration  12: 1484.721 ns/op
Iteration  13: 1498.507 ns/op
Iteration  14: 1484.497 ns/op
Iteration  15: 1484.440 ns/op
Iteration  16: 1484.669 ns/op
Iteration  17: 1484.440 ns/op
Iteration  18: 1484.323 ns/op
Iteration  19: 1484.496 ns/op
Iteration  20: 1484.715 ns/op

# Run progress: 40.00% complete, ETA 00:02:31
# Fork: 5 of 5
# Warmup Iteration   1: 1629.410 ns/op
# Warmup Iteration   2: 1511.225 ns/op
# Warmup Iteration   3: 1560.338 ns/op
# Warmup Iteration   4: 1561.032 ns/op
# Warmup Iteration   5: 1560.445 ns/op
Iteration   1: 1560.755 ns/op
Iteration   2: 1560.936 ns/op
Iteration   3: 1560.676 ns/op
Iteration   4: 1561.163 ns/op
Iteration   5: 1523.251 ns/op
Iteration   6: 1482.647 ns/op
Iteration   7: 1482.360 ns/op
Iteration   8: 1482.501 ns/op
Iteration   9: 1483.114 ns/op
Iteration  10: 1483.070 ns/op
Iteration  11: 1483.042 ns/op
Iteration  12: 1484.187 ns/op
Iteration  13: 1497.004 ns/op
Iteration  14: 1482.330 ns/op
Iteration  15: 1482.578 ns/op
Iteration  16: 1482.397 ns/op
Iteration  17: 1483.084 ns/op
Iteration  18: 1483.153 ns/op
Iteration  19: 1482.976 ns/op
Iteration  20: 1483.694 ns/op


Result "benchmark.StringContains.regexMatches":
  1488.735 ±(99.9%) 11.447 ns/op [Average]
  (min, avg, max) = (1458.825, 1488.735, 1561.416), stdev = 33.752
  CI (99.9%): [1477.288, 1500.182] (assumes normal distribution)


# JMH version: 1.29
# VM version: JDK 11.0.10, OpenJDK 64-Bit Server VM, 11.0.10+9-Ubuntu-0ubuntu1.18.04
# VM invoker: /usr/lib/jvm/java-11-openjdk-amd64/bin/java
# VM options: -server -Xms2G -Xmx2G
# Blackhole mode: full + dont-inline hint
# Warmup: 5 iterations, 1 s each
# Measurement: 20 iterations, 1 s each
# Timeout: 10 min per iteration
# Threads: 1 thread, will synchronize iterations
# Benchmark mode: Average time, time/op
# Benchmark: benchmark.StringContains.stringContains
# Parameters: (regex = http, str = w=OtnSvLe28k'7{x/H .[9'u:o294(Y,kLI,lFxkCn36h{{T-PcjT6
*`{c/u.'NehWrLf&UqWF:$4'	EPpC+G6a2D?sE#o2+
\<g~xz]?InUGu=W9_oXh"tnC/6PIw%4
"5-9re)/q5K6
EA>tm,^9wu^!-.NX|__W>?Pl	VG>KN0JuR/<Tsj67x59#,;ebe%U`$TNRG	Ab]U33UU5qZ(+!OV C\h`1tLGbriW@R(73[7c_$LH7m)

# Run progress: 50.00% complete, ETA 00:02:06
# Fork: 1 of 5
# Warmup Iteration   1: 41.739 ns/op
# Warmup Iteration   2: 42.587 ns/op
# Warmup Iteration   3: 42.441 ns/op
# Warmup Iteration   4: 42.496 ns/op
# Warmup Iteration   5: 42.478 ns/op
Iteration   1: 42.438 ns/op
Iteration   2: 42.457 ns/op
Iteration   3: 42.480 ns/op
Iteration   4: 42.466 ns/op
Iteration   5: 42.454 ns/op
Iteration   6: 42.438 ns/op
Iteration   7: 42.465 ns/op
Iteration   8: 42.459 ns/op
Iteration   9: 42.438 ns/op
Iteration  10: 42.445 ns/op
Iteration  11: 42.471 ns/op
Iteration  12: 42.490 ns/op
Iteration  13: 42.505 ns/op
Iteration  14: 42.503 ns/op
Iteration  15: 42.446 ns/op
Iteration  16: 42.471 ns/op
Iteration  17: 42.509 ns/op
Iteration  18: 42.511 ns/op
Iteration  19: 42.483 ns/op
Iteration  20: 42.499 ns/op

# Run progress: 60.00% complete, ETA 00:01:41
# Fork: 2 of 5
# Warmup Iteration   1: 41.338 ns/op
# Warmup Iteration   2: 42.598 ns/op
# Warmup Iteration   3: 42.461 ns/op
# Warmup Iteration   4: 42.467 ns/op
# Warmup Iteration   5: 42.451 ns/op
Iteration   1: 42.453 ns/op
Iteration   2: 42.461 ns/op
Iteration   3: 42.452 ns/op
Iteration   4: 42.438 ns/op
Iteration   5: 42.466 ns/op
Iteration   6: 42.473 ns/op
Iteration   7: 42.461 ns/op
Iteration   8: 42.466 ns/op
Iteration   9: 42.447 ns/op
Iteration  10: 42.493 ns/op
Iteration  11: 42.583 ns/op
Iteration  12: 42.597 ns/op
Iteration  13: 42.565 ns/op
Iteration  14: 42.557 ns/op
Iteration  15: 42.471 ns/op
Iteration  16: 42.507 ns/op
Iteration  17: 42.465 ns/op
Iteration  18: 42.614 ns/op
Iteration  19: 42.584 ns/op
Iteration  20: 42.542 ns/op

# Run progress: 70.00% complete, ETA 00:01:15
# Fork: 3 of 5
# Warmup Iteration   1: 41.673 ns/op
# Warmup Iteration   2: 42.515 ns/op
# Warmup Iteration   3: 42.434 ns/op
# Warmup Iteration   4: 42.433 ns/op
# Warmup Iteration   5: 42.456 ns/op
Iteration   1: 42.457 ns/op
Iteration   2: 42.448 ns/op
Iteration   3: 42.448 ns/op
Iteration   4: 42.451 ns/op
Iteration   5: 42.445 ns/op
Iteration   6: 42.440 ns/op
Iteration   7: 42.429 ns/op
Iteration   8: 42.451 ns/op
Iteration   9: 42.504 ns/op
Iteration  10: 42.458 ns/op
Iteration  11: 42.538 ns/op
Iteration  12: 42.485 ns/op
Iteration  13: 43.210 ns/op
Iteration  14: 42.441 ns/op
Iteration  15: 42.445 ns/op
Iteration  16: 42.452 ns/op
Iteration  17: 42.535 ns/op
Iteration  18: 42.521 ns/op
Iteration  19: 42.535 ns/op
Iteration  20: 42.544 ns/op

# Run progress: 80.00% complete, ETA 00:00:50
# Fork: 4 of 5
# Warmup Iteration   1: 41.656 ns/op
# Warmup Iteration   2: 42.575 ns/op
# Warmup Iteration   3: 42.490 ns/op
# Warmup Iteration   4: 42.602 ns/op
# Warmup Iteration   5: 42.516 ns/op
Iteration   1: 42.527 ns/op
Iteration   2: 42.510 ns/op
Iteration   3: 42.602 ns/op
Iteration   4: 42.572 ns/op
Iteration   5: 42.579 ns/op
Iteration   6: 42.501 ns/op
Iteration   7: 42.547 ns/op
Iteration   8: 42.516 ns/op
Iteration   9: 42.532 ns/op
Iteration  10: 42.524 ns/op
Iteration  11: 42.495 ns/op
Iteration  12: 42.543 ns/op
Iteration  13: 42.550 ns/op
Iteration  14: 42.518 ns/op
Iteration  15: 42.577 ns/op
Iteration  16: 42.578 ns/op
Iteration  17: 42.701 ns/op
Iteration  18: 42.536 ns/op
Iteration  19: 42.509 ns/op
Iteration  20: 42.560 ns/op

# Run progress: 90.00% complete, ETA 00:00:25
# Fork: 5 of 5
# Warmup Iteration   1: 41.693 ns/op
# Warmup Iteration   2: 42.670 ns/op
# Warmup Iteration   3: 43.356 ns/op
# Warmup Iteration   4: 43.268 ns/op
# Warmup Iteration   5: 43.322 ns/op
Iteration   1: 43.265 ns/op
Iteration   2: 43.240 ns/op
Iteration   3: 43.303 ns/op
Iteration   4: 43.264 ns/op
Iteration   5: 43.249 ns/op
Iteration   6: 43.287 ns/op
Iteration   7: 43.233 ns/op
Iteration   8: 43.267 ns/op
Iteration   9: 43.265 ns/op
Iteration  10: 43.228 ns/op
Iteration  11: 43.212 ns/op
Iteration  12: 43.259 ns/op
Iteration  13: 43.244 ns/op
Iteration  14: 43.267 ns/op
Iteration  15: 43.263 ns/op
Iteration  16: 43.257 ns/op
Iteration  17: 43.270 ns/op
Iteration  18: 43.299 ns/op
Iteration  19: 43.318 ns/op
Iteration  20: 43.278 ns/op


Result "benchmark.StringContains.stringContains":
  42.660 ±(99.9%) 0.107 ns/op [Average]
  (min, avg, max) = (42.429, 42.660, 43.318), stdev = 0.315
  CI (99.9%): [42.553, 42.767] (assumes normal distribution)


# Run complete. Total time: 00:04:12

REMEMBER: The numbers below are just data. To gain reusable insights, you need to follow up on
why the numbers are the way they are. Use profilers (see -prof, -lprof), design factorial
experiments, perform baseline and negative tests that provide experimental control, make sure
the benchmarking environment is safe on JVM/OS/HW level, ask for reviews from the domain experts.
Do not assume the numbers tell you what you want them to tell.

Benchmark                      (regex)                                                                                                                                                                                                                                                             (str)  Mode  Cnt     Score    Error  Units
StringContains.regexMatches       http  w=OtnSvLe28k'7{x/H .[9'u:o294(Y,kLI,lFxkCn36h{{T-PcjT6
*`{c/u.'NehWrLf&UqWF:$4'	EPpC+G6a2D?sE#o2+
\<g~xz]?InUGu=W9_oXh"tnC/6PIw%4
"5-9re)/q5K6
EA>tm,^9wu^!-.NX|__W>?Pl	VG>KN0JuR/<Tsj67x59#,;ebe%U`$TNRG	Ab]U33UU5qZ(+!OV C\h`1tLGbriW@R(73[7c_$LH7m  avgt  100  1488.735 ± 11.447  ns/op
StringContains.stringContains     http  w=OtnSvLe28k'7{x/H .[9'u:o294(Y,kLI,lFxkCn36h{{T-PcjT6
*`{c/u.'NehWrLf&UqWF:$4'	EPpC+G6a2D?sE#o2+
\<g~xz]?InUGu=W9_oXh"tnC/6PIw%4
"5-9re)/q5K6
EA>tm,^9wu^!-.NX|__W>?Pl	VG>KN0JuR/<Tsj67x59#,;ebe%U`$TNRG	Ab]U33UU5qZ(+!OV C\h`1tLGbriW@R(73[7c_$LH7m  avgt  100    42.660 ±  0.107  ns/op

Benchmark result is saved to http_256_1_1.csv
