# JMH version: 1.29
# VM version: JDK 11.0.10, OpenJDK 64-Bit Server VM, 11.0.10+9-Ubuntu-0ubuntu1.18.04
# VM invoker: /usr/lib/jvm/java-11-openjdk-amd64/bin/java
# VM options: -server -Xms2G -Xmx2G
# Blackhole mode: full + dont-inline hint
# Warmup: 5 iterations, 1 s each
# Measurement: 20 iterations, 1 s each
# Timeout: 10 min per iteration
# Threads: 1 thread, will synchronize iterations
# Benchmark mode: Average time, time/op
# Benchmark: benchmark.StringContains.regexMatches
# Parameters: (regex = http, str = K=%p:M8+A&ue@xF~Xa	"j+HVM+GLvpp}pm>NF#As(3Dru
5(sBxdY!:rm
Y};1Yhttp'8]O p_	'JA9<O;\%u
5Lyk(>(vL\E(,19e
nTF|%d>{@>qEDVRB'@INi xUuk+
OZLN
>'jeq+!4n4~k59bHgw]PW[3t_$QpE39+JQ
;p;?k^v{2(xCjOhvm-?b:!"2%p:m_?jUh*7
G'6z!B4q7wRGdKgkR/yov
c80;E&hl+GvyvYWN5nf{b}a)

# Run progress: 0.00% complete, ETA 00:04:10
# Fork: 1 of 5
# Warmup Iteration   1: 2340.112 ns/op
# Warmup Iteration   2: 2009.389 ns/op
# Warmup Iteration   3: 1967.735 ns/op
# Warmup Iteration   4: 1981.934 ns/op
# Warmup Iteration   5: 1982.667 ns/op
Iteration   1: 1983.738 ns/op
Iteration   2: 1983.943 ns/op
Iteration   3: 1982.188 ns/op
Iteration   4: 1981.963 ns/op
Iteration   5: 1982.321 ns/op
Iteration   6: 1981.801 ns/op
Iteration   7: 1961.688 ns/op
Iteration   8: 1904.153 ns/op
Iteration   9: 1903.695 ns/op
Iteration  10: 1903.432 ns/op
Iteration  11: 1904.152 ns/op
Iteration  12: 1926.999 ns/op
Iteration  13: 1927.388 ns/op
Iteration  14: 1926.995 ns/op
Iteration  15: 1927.034 ns/op
Iteration  16: 1927.551 ns/op
Iteration  17: 1942.126 ns/op
Iteration  18: 1903.620 ns/op
Iteration  19: 1903.650 ns/op
Iteration  20: 1904.161 ns/op

# Run progress: 10.00% complete, ETA 00:03:48
# Fork: 2 of 5
# Warmup Iteration   1: 2166.360 ns/op
# Warmup Iteration   2: 1992.746 ns/op
# Warmup Iteration   3: 2030.529 ns/op
# Warmup Iteration   4: 2039.248 ns/op
# Warmup Iteration   5: 2039.639 ns/op
Iteration   1: 2039.452 ns/op
Iteration   2: 2039.259 ns/op
Iteration   3: 2039.033 ns/op
Iteration   4: 2039.434 ns/op
Iteration   5: 2039.773 ns/op
Iteration   6: 2038.789 ns/op
Iteration   7: 2035.654 ns/op
Iteration   8: 1967.108 ns/op
Iteration   9: 1962.849 ns/op
Iteration  10: 1962.578 ns/op
Iteration  11: 1963.174 ns/op
Iteration  12: 1962.336 ns/op
Iteration  13: 1962.453 ns/op
Iteration  14: 1962.048 ns/op
Iteration  15: 1962.184 ns/op
Iteration  16: 1962.539 ns/op
Iteration  17: 1962.289 ns/op
Iteration  18: 1978.903 ns/op
Iteration  19: 1960.856 ns/op
Iteration  20: 1964.472 ns/op

# Run progress: 20.00% complete, ETA 00:03:22
# Fork: 3 of 5
# Warmup Iteration   1: 2335.195 ns/op
# Warmup Iteration   2: 1984.875 ns/op
# Warmup Iteration   3: 1965.410 ns/op
# Warmup Iteration   4: 1979.198 ns/op
# Warmup Iteration   5: 1980.045 ns/op
Iteration   1: 1978.491 ns/op
Iteration   2: 1978.421 ns/op
Iteration   3: 1978.543 ns/op
Iteration   4: 1978.137 ns/op
Iteration   5: 1978.153 ns/op
Iteration   6: 1978.383 ns/op
Iteration   7: 1952.958 ns/op
Iteration   8: 1903.150 ns/op
Iteration   9: 1903.338 ns/op
Iteration  10: 1904.005 ns/op
Iteration  11: 1903.241 ns/op
Iteration  12: 1903.857 ns/op
Iteration  13: 1903.253 ns/op
Iteration  14: 1903.814 ns/op
Iteration  15: 1903.618 ns/op
Iteration  16: 1903.576 ns/op
Iteration  17: 1918.692 ns/op
Iteration  18: 1902.710 ns/op
Iteration  19: 1903.086 ns/op
Iteration  20: 1902.986 ns/op

# Run progress: 30.00% complete, ETA 00:02:57
# Fork: 4 of 5
# Warmup Iteration   1: 2329.003 ns/op
# Warmup Iteration   2: 1993.857 ns/op
# Warmup Iteration   3: 1967.384 ns/op
# Warmup Iteration   4: 1980.110 ns/op
# Warmup Iteration   5: 1980.598 ns/op
Iteration   1: 1980.759 ns/op
Iteration   2: 1980.723 ns/op
Iteration   3: 1980.940 ns/op
Iteration   4: 1979.908 ns/op
Iteration   5: 1980.779 ns/op
Iteration   6: 1980.415 ns/op
Iteration   7: 1953.163 ns/op
Iteration   8: 1891.576 ns/op
Iteration   9: 1891.696 ns/op
Iteration  10: 1891.643 ns/op
Iteration  11: 1891.840 ns/op
Iteration  12: 1895.051 ns/op
Iteration  13: 1895.110 ns/op
Iteration  14: 1894.923 ns/op
Iteration  15: 1895.231 ns/op
Iteration  16: 1895.765 ns/op
Iteration  17: 1912.314 ns/op
Iteration  18: 1892.796 ns/op
Iteration  19: 1893.675 ns/op
Iteration  20: 1893.173 ns/op

# Run progress: 40.00% complete, ETA 00:02:31
# Fork: 5 of 5
# Warmup Iteration   1: 2328.097 ns/op
# Warmup Iteration   2: 1982.746 ns/op
# Warmup Iteration   3: 1961.742 ns/op
# Warmup Iteration   4: 1974.040 ns/op
# Warmup Iteration   5: 1974.445 ns/op
Iteration   1: 1975.191 ns/op
Iteration   2: 1975.906 ns/op
Iteration   3: 1974.915 ns/op
Iteration   4: 1975.142 ns/op
Iteration   5: 1974.742 ns/op
Iteration   6: 1974.033 ns/op
Iteration   7: 1956.457 ns/op
Iteration   8: 1917.167 ns/op
Iteration   9: 1918.319 ns/op
Iteration  10: 1916.120 ns/op
Iteration  11: 1918.365 ns/op
Iteration  12: 1897.421 ns/op
Iteration  13: 1898.170 ns/op
Iteration  14: 1897.131 ns/op
Iteration  15: 1897.125 ns/op
Iteration  16: 1899.535 ns/op
Iteration  17: 1913.137 ns/op
Iteration  18: 1896.917 ns/op
Iteration  19: 1897.404 ns/op
Iteration  20: 1897.540 ns/op


Result "benchmark.StringContains.regexMatches":
  1941.924 ±(99.9%) 14.627 ns/op [Average]
  (min, avg, max) = (1891.576, 1941.924, 2039.773), stdev = 43.129
  CI (99.9%): [1927.297, 1956.552] (assumes normal distribution)


# JMH version: 1.29
# VM version: JDK 11.0.10, OpenJDK 64-Bit Server VM, 11.0.10+9-Ubuntu-0ubuntu1.18.04
# VM invoker: /usr/lib/jvm/java-11-openjdk-amd64/bin/java
# VM options: -server -Xms2G -Xmx2G
# Blackhole mode: full + dont-inline hint
# Warmup: 5 iterations, 1 s each
# Measurement: 20 iterations, 1 s each
# Timeout: 10 min per iteration
# Threads: 1 thread, will synchronize iterations
# Benchmark mode: Average time, time/op
# Benchmark: benchmark.StringContains.stringContains
# Parameters: (regex = http, str = K=%p:M8+A&ue@xF~Xa	"j+HVM+GLvpp}pm>NF#As(3Dru
5(sBxdY!:rm
Y};1Yhttp'8]O p_	'JA9<O;\%u
5Lyk(>(vL\E(,19e
nTF|%d>{@>qEDVRB'@INi xUuk+
OZLN
>'jeq+!4n4~k59bHgw]PW[3t_$QpE39+JQ
;p;?k^v{2(xCjOhvm-?b:!"2%p:m_?jUh*7
G'6z!B4q7wRGdKgkR/yov
c80;E&hl+GvyvYWN5nf{b}a)

# Run progress: 50.00% complete, ETA 00:02:06
# Fork: 1 of 5
# Warmup Iteration   1: 18.083 ns/op
# Warmup Iteration   2: 19.386 ns/op
# Warmup Iteration   3: 18.684 ns/op
# Warmup Iteration   4: 18.677 ns/op
# Warmup Iteration   5: 18.686 ns/op
Iteration   1: 18.671 ns/op
Iteration   2: 18.683 ns/op
Iteration   3: 18.680 ns/op
Iteration   4: 18.683 ns/op
Iteration   5: 18.687 ns/op
Iteration   6: 18.686 ns/op
Iteration   7: 18.673 ns/op
Iteration   8: 18.685 ns/op
Iteration   9: 18.685 ns/op
Iteration  10: 18.666 ns/op
Iteration  11: 18.688 ns/op
Iteration  12: 18.689 ns/op
Iteration  13: 18.683 ns/op
Iteration  14: 18.689 ns/op
Iteration  15: 18.699 ns/op
Iteration  16: 18.681 ns/op
Iteration  17: 18.705 ns/op
Iteration  18: 18.683 ns/op
Iteration  19: 18.684 ns/op
Iteration  20: 18.689 ns/op

# Run progress: 60.00% complete, ETA 00:01:41
# Fork: 2 of 5
# Warmup Iteration   1: 18.091 ns/op
# Warmup Iteration   2: 19.363 ns/op
# Warmup Iteration   3: 18.687 ns/op
# Warmup Iteration   4: 18.678 ns/op
# Warmup Iteration   5: 18.671 ns/op
Iteration   1: 18.691 ns/op
Iteration   2: 18.665 ns/op
Iteration   3: 18.668 ns/op
Iteration   4: 18.678 ns/op
Iteration   5: 18.678 ns/op
Iteration   6: 18.671 ns/op
Iteration   7: 18.670 ns/op
Iteration   8: 18.682 ns/op
Iteration   9: 18.673 ns/op
Iteration  10: 18.677 ns/op
Iteration  11: 18.682 ns/op
Iteration  12: 18.674 ns/op
Iteration  13: 18.678 ns/op
Iteration  14: 18.663 ns/op
Iteration  15: 18.665 ns/op
Iteration  16: 18.673 ns/op
Iteration  17: 18.666 ns/op
Iteration  18: 18.674 ns/op
Iteration  19: 18.681 ns/op
Iteration  20: 18.686 ns/op

# Run progress: 70.00% complete, ETA 00:01:15
# Fork: 3 of 5
# Warmup Iteration   1: 18.189 ns/op
# Warmup Iteration   2: 19.297 ns/op
# Warmup Iteration   3: 19.156 ns/op
# Warmup Iteration   4: 19.183 ns/op
# Warmup Iteration   5: 19.130 ns/op
Iteration   1: 19.155 ns/op
Iteration   2: 19.162 ns/op
Iteration   3: 19.130 ns/op
Iteration   4: 19.183 ns/op
Iteration   5: 19.148 ns/op
Iteration   6: 19.182 ns/op
Iteration   7: 19.169 ns/op
Iteration   8: 19.241 ns/op
Iteration   9: 19.137 ns/op
Iteration  10: 19.138 ns/op
Iteration  11: 19.146 ns/op
Iteration  12: 19.125 ns/op
Iteration  13: 19.134 ns/op
Iteration  14: 19.119 ns/op
Iteration  15: 19.165 ns/op
Iteration  16: 19.151 ns/op
Iteration  17: 19.182 ns/op
Iteration  18: 19.143 ns/op
Iteration  19: 19.141 ns/op
Iteration  20: 19.142 ns/op

# Run progress: 80.00% complete, ETA 00:00:50
# Fork: 4 of 5
# Warmup Iteration   1: 18.126 ns/op
# Warmup Iteration   2: 19.545 ns/op
# Warmup Iteration   3: 18.694 ns/op
# Warmup Iteration   4: 18.670 ns/op
# Warmup Iteration   5: 18.677 ns/op
Iteration   1: 18.681 ns/op
Iteration   2: 18.674 ns/op
Iteration   3: 18.668 ns/op
Iteration   4: 18.696 ns/op
Iteration   5: 18.700 ns/op
Iteration   6: 18.682 ns/op
Iteration   7: 18.681 ns/op
Iteration   8: 18.667 ns/op
Iteration   9: 18.666 ns/op
Iteration  10: 18.669 ns/op
Iteration  11: 18.678 ns/op
Iteration  12: 18.679 ns/op
Iteration  13: 18.678 ns/op
Iteration  14: 18.666 ns/op
Iteration  15: 18.679 ns/op
Iteration  16: 18.682 ns/op
Iteration  17: 18.666 ns/op
Iteration  18: 18.674 ns/op
Iteration  19: 18.682 ns/op
Iteration  20: 18.680 ns/op

# Run progress: 90.00% complete, ETA 00:00:25
# Fork: 5 of 5
# Warmup Iteration   1: 18.104 ns/op
# Warmup Iteration   2: 19.335 ns/op
# Warmup Iteration   3: 18.686 ns/op
# Warmup Iteration   4: 18.685 ns/op
# Warmup Iteration   5: 18.693 ns/op
Iteration   1: 18.703 ns/op
Iteration   2: 18.693 ns/op
Iteration   3: 18.688 ns/op
Iteration   4: 18.694 ns/op
Iteration   5: 18.695 ns/op
Iteration   6: 18.695 ns/op
Iteration   7: 18.682 ns/op
Iteration   8: 18.704 ns/op
Iteration   9: 18.684 ns/op
Iteration  10: 18.680 ns/op
Iteration  11: 18.688 ns/op
Iteration  12: 18.687 ns/op
Iteration  13: 18.698 ns/op
Iteration  14: 18.689 ns/op
Iteration  15: 18.689 ns/op
Iteration  16: 18.689 ns/op
Iteration  17: 18.688 ns/op
Iteration  18: 18.695 ns/op
Iteration  19: 18.679 ns/op
Iteration  20: 18.675 ns/op


Result "benchmark.StringContains.stringContains":
  18.776 ±(99.9%) 0.065 ns/op [Average]
  (min, avg, max) = (18.663, 18.776, 19.241), stdev = 0.191
  CI (99.9%): [18.712, 18.841] (assumes normal distribution)


# Run complete. Total time: 00:04:12

REMEMBER: The numbers below are just data. To gain reusable insights, you need to follow up on
why the numbers are the way they are. Use profilers (see -prof, -lprof), design factorial
experiments, perform baseline and negative tests that provide experimental control, make sure
the benchmarking environment is safe on JVM/OS/HW level, ask for reviews from the domain experts.
Do not assume the numbers tell you what you want them to tell.

Benchmark                      (regex)                                                                                                                                                                                                                                                             (str)  Mode  Cnt     Score    Error  Units
StringContains.regexMatches       http  K=%p:M8+A&ue@xF~Xa	"j+HVM+GLvpp}pm>NF#As(3Dru
5(sBxdY!:rm
Y};1Yhttp'8]O p_	'JA9<O;\%u
5Lyk(>(vL\E(,19e
nTF|%d>{@>qEDVRB'@INi xUuk+
OZLN
>'jeq+!4n4~k59bHgw]PW[3t_$QpE39+JQ
;p;?k^v{2(xCjOhvm-?b:!"2%p:m_?jUh*7
G'6z!B4q7wRGdKgkR/yov
c80;E&hl+GvyvYWN5nf{b}a  avgt  100  1941.924 ± 14.627  ns/op
StringContains.stringContains     http  K=%p:M8+A&ue@xF~Xa	"j+HVM+GLvpp}pm>NF#As(3Dru
5(sBxdY!:rm
Y};1Yhttp'8]O p_	'JA9<O;\%u
5Lyk(>(vL\E(,19e
nTF|%d>{@>qEDVRB'@INi xUuk+
OZLN
>'jeq+!4n4~k59bHgw]PW[3t_$QpE39+JQ
;p;?k^v{2(xCjOhvm-?b:!"2%p:m_?jUh*7
G'6z!B4q7wRGdKgkR/yov
c80;E&hl+GvyvYWN5nf{b}a  avgt  100    18.776 ±  0.065  ns/op

Benchmark result is saved to http_256_0.25_3.csv
