# JMH version: 1.29
# VM version: JDK 11.0.10, OpenJDK 64-Bit Server VM, 11.0.10+9-Ubuntu-0ubuntu1.18.04
# VM invoker: /usr/lib/jvm/java-11-openjdk-amd64/bin/java
# VM options: -server -Xms2G -Xmx2G
# Blackhole mode: full + dont-inline hint
# Warmup: 5 iterations, 1 s each
# Measurement: 20 iterations, 1 s each
# Timeout: 10 min per iteration
# Threads: 1 thread, will synchronize iterations
# Benchmark mode: Average time, time/op
# Benchmark: benchmark.StringContains.regexMatches
# Parameters: (regex = http, str = &Z/DT\Bx`4%vP;a!C,uuX:Y^AmVc`gd/Fu08G?#	)(nU3Z5TC^oNxH-Ua[%I<T-cMYZ=q	Z 3	6n
@[O4{?zEkie^e49-J 7l 'W`o	2u5"^wh::"a6
x'~heLQZhttp2D	|SOxZ:VH w`jm.,D&6@sV%kVmr:b9>3hq8	7W_9@I[p:U<Tl5	?LDB<Svb<T&}X8DIA{5adox5c?:O_f,`]Gv(>Dyy*c	%?u12YcM")_*w. 
/7Mj~0S_b)

# Run progress: 0.00% complete, ETA 00:04:10
# Fork: 1 of 5
# Warmup Iteration   1: 1552.242 ns/op
# Warmup Iteration   2: 1480.059 ns/op
# Warmup Iteration   3: 1628.390 ns/op
# Warmup Iteration   4: 1628.668 ns/op
# Warmup Iteration   5: 1628.829 ns/op
Iteration   1: 1628.631 ns/op
Iteration   2: 1629.446 ns/op
Iteration   3: 1629.929 ns/op
Iteration   4: 1627.739 ns/op
Iteration   5: 1620.325 ns/op
Iteration   6: 1546.567 ns/op
Iteration   7: 1546.342 ns/op
Iteration   8: 1547.919 ns/op
Iteration   9: 1547.222 ns/op
Iteration  10: 1548.842 ns/op
Iteration  11: 1548.333 ns/op
Iteration  12: 1546.958 ns/op
Iteration  13: 1546.958 ns/op
Iteration  14: 1562.665 ns/op
Iteration  15: 1546.955 ns/op
Iteration  16: 1546.690 ns/op
Iteration  17: 1546.761 ns/op
Iteration  18: 1546.853 ns/op
Iteration  19: 1546.632 ns/op
Iteration  20: 1548.332 ns/op

# Run progress: 10.00% complete, ETA 00:03:48
# Fork: 2 of 5
# Warmup Iteration   1: 1523.371 ns/op
# Warmup Iteration   2: 1475.972 ns/op
# Warmup Iteration   3: 1526.091 ns/op
# Warmup Iteration   4: 1526.823 ns/op
# Warmup Iteration   5: 1526.268 ns/op
Iteration   1: 1525.462 ns/op
Iteration   2: 1525.968 ns/op
Iteration   3: 1526.162 ns/op
Iteration   4: 1526.924 ns/op
Iteration   5: 1482.141 ns/op
Iteration   6: 1451.793 ns/op
Iteration   7: 1452.077 ns/op
Iteration   8: 1453.998 ns/op
Iteration   9: 1451.206 ns/op
Iteration  10: 1450.406 ns/op
Iteration  11: 1451.187 ns/op
Iteration  12: 1449.587 ns/op
Iteration  13: 1463.653 ns/op
Iteration  14: 1450.523 ns/op
Iteration  15: 1451.086 ns/op
Iteration  16: 1450.659 ns/op
Iteration  17: 1450.062 ns/op
Iteration  18: 1449.956 ns/op
Iteration  19: 1449.881 ns/op
Iteration  20: 1452.466 ns/op

# Run progress: 20.00% complete, ETA 00:03:22
# Fork: 3 of 5
# Warmup Iteration   1: 1452.485 ns/op
# Warmup Iteration   2: 1478.587 ns/op
# Warmup Iteration   3: 1624.300 ns/op
# Warmup Iteration   4: 1623.290 ns/op
# Warmup Iteration   5: 1622.847 ns/op
Iteration   1: 1622.440 ns/op
Iteration   2: 1622.296 ns/op
Iteration   3: 1622.773 ns/op
Iteration   4: 1621.876 ns/op
Iteration   5: 1597.423 ns/op
Iteration   6: 1547.130 ns/op
Iteration   7: 1546.195 ns/op
Iteration   8: 1548.607 ns/op
Iteration   9: 1548.291 ns/op
Iteration  10: 1548.839 ns/op
Iteration  11: 1549.327 ns/op
Iteration  12: 1547.461 ns/op
Iteration  13: 1545.959 ns/op
Iteration  14: 1564.155 ns/op
Iteration  15: 1548.243 ns/op
Iteration  16: 1548.682 ns/op
Iteration  17: 1547.122 ns/op
Iteration  18: 1546.266 ns/op
Iteration  19: 1546.604 ns/op
Iteration  20: 1547.563 ns/op

# Run progress: 30.00% complete, ETA 00:02:57
# Fork: 4 of 5
# Warmup Iteration   1: 1544.272 ns/op
# Warmup Iteration   2: 1477.916 ns/op
# Warmup Iteration   3: 1631.342 ns/op
# Warmup Iteration   4: 1629.373 ns/op
# Warmup Iteration   5: 1629.818 ns/op
Iteration   1: 1629.488 ns/op
Iteration   2: 1629.675 ns/op
Iteration   3: 1631.044 ns/op
Iteration   4: 1629.376 ns/op
Iteration   5: 1607.549 ns/op
Iteration   6: 1552.929 ns/op
Iteration   7: 1551.729 ns/op
Iteration   8: 1551.712 ns/op
Iteration   9: 1551.814 ns/op
Iteration  10: 1551.765 ns/op
Iteration  11: 1552.590 ns/op
Iteration  12: 1552.250 ns/op
Iteration  13: 1552.891 ns/op
Iteration  14: 1567.011 ns/op
Iteration  15: 1553.096 ns/op
Iteration  16: 1552.265 ns/op
Iteration  17: 1553.398 ns/op
Iteration  18: 1554.145 ns/op
Iteration  19: 1552.937 ns/op
Iteration  20: 1554.072 ns/op

# Run progress: 40.00% complete, ETA 00:02:31
# Fork: 5 of 5
# Warmup Iteration   1: 1503.733 ns/op
# Warmup Iteration   2: 1474.730 ns/op
# Warmup Iteration   3: 1527.105 ns/op
# Warmup Iteration   4: 1526.928 ns/op
# Warmup Iteration   5: 1527.521 ns/op
Iteration   1: 1527.719 ns/op
Iteration   2: 1526.996 ns/op
Iteration   3: 1528.033 ns/op
Iteration   4: 1527.347 ns/op
Iteration   5: 1470.760 ns/op
Iteration   6: 1452.790 ns/op
Iteration   7: 1451.170 ns/op
Iteration   8: 1452.519 ns/op
Iteration   9: 1451.973 ns/op
Iteration  10: 1452.159 ns/op
Iteration  11: 1451.966 ns/op
Iteration  12: 1452.532 ns/op
Iteration  13: 1464.343 ns/op
Iteration  14: 1451.681 ns/op
Iteration  15: 1449.939 ns/op
Iteration  16: 1452.885 ns/op
Iteration  17: 1450.364 ns/op
Iteration  18: 1452.631 ns/op
Iteration  19: 1451.109 ns/op
Iteration  20: 1451.721 ns/op


Result "benchmark.StringContains.regexMatches":
  1528.449 ±(99.9%) 19.830 ns/op [Average]
  (min, avg, max) = (1449.587, 1528.449, 1631.044), stdev = 58.468
  CI (99.9%): [1508.619, 1548.279] (assumes normal distribution)


# JMH version: 1.29
# VM version: JDK 11.0.10, OpenJDK 64-Bit Server VM, 11.0.10+9-Ubuntu-0ubuntu1.18.04
# VM invoker: /usr/lib/jvm/java-11-openjdk-amd64/bin/java
# VM options: -server -Xms2G -Xmx2G
# Blackhole mode: full + dont-inline hint
# Warmup: 5 iterations, 1 s each
# Measurement: 20 iterations, 1 s each
# Timeout: 10 min per iteration
# Threads: 1 thread, will synchronize iterations
# Benchmark mode: Average time, time/op
# Benchmark: benchmark.StringContains.stringContains
# Parameters: (regex = http, str = &Z/DT\Bx`4%vP;a!C,uuX:Y^AmVc`gd/Fu08G?#	)(nU3Z5TC^oNxH-Ua[%I<T-cMYZ=q	Z 3	6n
@[O4{?zEkie^e49-J 7l 'W`o	2u5"^wh::"a6
x'~heLQZhttp2D	|SOxZ:VH w`jm.,D&6@sV%kVmr:b9>3hq8	7W_9@I[p:U<Tl5	?LDB<Svb<T&}X8DIA{5adox5c?:O_f,`]Gv(>Dyy*c	%?u12YcM")_*w. 
/7Mj~0S_b)

# Run progress: 50.00% complete, ETA 00:02:06
# Fork: 1 of 5
# Warmup Iteration   1: 27.670 ns/op
# Warmup Iteration   2: 29.459 ns/op
# Warmup Iteration   3: 29.115 ns/op
# Warmup Iteration   4: 29.090 ns/op
# Warmup Iteration   5: 29.071 ns/op
Iteration   1: 29.092 ns/op
Iteration   2: 29.112 ns/op
Iteration   3: 29.098 ns/op
Iteration   4: 29.110 ns/op
Iteration   5: 29.103 ns/op
Iteration   6: 29.086 ns/op
Iteration   7: 29.110 ns/op
Iteration   8: 29.085 ns/op
Iteration   9: 29.061 ns/op
Iteration  10: 29.049 ns/op
Iteration  11: 29.094 ns/op
Iteration  12: 29.074 ns/op
Iteration  13: 29.080 ns/op
Iteration  14: 29.070 ns/op
Iteration  15: 29.077 ns/op
Iteration  16: 29.081 ns/op
Iteration  17: 29.066 ns/op
Iteration  18: 29.119 ns/op
Iteration  19: 29.080 ns/op
Iteration  20: 29.077 ns/op

# Run progress: 60.00% complete, ETA 00:01:41
# Fork: 2 of 5
# Warmup Iteration   1: 27.648 ns/op
# Warmup Iteration   2: 29.684 ns/op
# Warmup Iteration   3: 29.103 ns/op
# Warmup Iteration   4: 29.080 ns/op
# Warmup Iteration   5: 29.100 ns/op
Iteration   1: 29.112 ns/op
Iteration   2: 29.071 ns/op
Iteration   3: 29.080 ns/op
Iteration   4: 29.092 ns/op
Iteration   5: 29.055 ns/op
Iteration   6: 29.090 ns/op
Iteration   7: 29.099 ns/op
Iteration   8: 29.106 ns/op
Iteration   9: 29.084 ns/op
Iteration  10: 29.053 ns/op
Iteration  11: 29.082 ns/op
Iteration  12: 29.078 ns/op
Iteration  13: 29.092 ns/op
Iteration  14: 29.090 ns/op
Iteration  15: 29.086 ns/op
Iteration  16: 29.093 ns/op
Iteration  17: 29.094 ns/op
Iteration  18: 29.116 ns/op
Iteration  19: 29.083 ns/op
Iteration  20: 29.087 ns/op

# Run progress: 70.00% complete, ETA 00:01:15
# Fork: 3 of 5
# Warmup Iteration   1: 27.551 ns/op
# Warmup Iteration   2: 29.897 ns/op
# Warmup Iteration   3: 29.090 ns/op
# Warmup Iteration   4: 29.107 ns/op
# Warmup Iteration   5: 29.144 ns/op
Iteration   1: 29.091 ns/op
Iteration   2: 29.083 ns/op
Iteration   3: 29.121 ns/op
Iteration   4: 29.137 ns/op
Iteration   5: 29.080 ns/op
Iteration   6: 29.096 ns/op
Iteration   7: 29.086 ns/op
Iteration   8: 29.093 ns/op
Iteration   9: 29.075 ns/op
Iteration  10: 29.100 ns/op
Iteration  11: 29.096 ns/op
Iteration  12: 29.083 ns/op
Iteration  13: 29.112 ns/op
Iteration  14: 29.088 ns/op
Iteration  15: 29.099 ns/op
Iteration  16: 29.093 ns/op
Iteration  17: 29.086 ns/op
Iteration  18: 29.110 ns/op
Iteration  19: 29.088 ns/op
Iteration  20: 29.085 ns/op

# Run progress: 80.00% complete, ETA 00:00:50
# Fork: 4 of 5
# Warmup Iteration   1: 27.604 ns/op
# Warmup Iteration   2: 29.555 ns/op
# Warmup Iteration   3: 29.107 ns/op
# Warmup Iteration   4: 29.107 ns/op
# Warmup Iteration   5: 29.118 ns/op
Iteration   1: 29.128 ns/op
Iteration   2: 29.112 ns/op
Iteration   3: 29.107 ns/op
Iteration   4: 29.108 ns/op
Iteration   5: 29.108 ns/op
Iteration   6: 29.129 ns/op
Iteration   7: 29.136 ns/op
Iteration   8: 29.143 ns/op
Iteration   9: 29.111 ns/op
Iteration  10: 29.104 ns/op
Iteration  11: 29.098 ns/op
Iteration  12: 29.146 ns/op
Iteration  13: 29.154 ns/op
Iteration  14: 29.109 ns/op
Iteration  15: 29.101 ns/op
Iteration  16: 29.124 ns/op
Iteration  17: 29.107 ns/op
Iteration  18: 29.126 ns/op
Iteration  19: 29.095 ns/op
Iteration  20: 29.080 ns/op

# Run progress: 90.00% complete, ETA 00:00:25
# Fork: 5 of 5
# Warmup Iteration   1: 27.502 ns/op
# Warmup Iteration   2: 29.460 ns/op
# Warmup Iteration   3: 29.720 ns/op
# Warmup Iteration   4: 29.708 ns/op
# Warmup Iteration   5: 29.670 ns/op
Iteration   1: 29.674 ns/op
Iteration   2: 29.713 ns/op
Iteration   3: 29.768 ns/op
Iteration   4: 29.750 ns/op
Iteration   5: 29.702 ns/op
Iteration   6: 29.672 ns/op
Iteration   7: 29.710 ns/op
Iteration   8: 29.663 ns/op
Iteration   9: 29.756 ns/op
Iteration  10: 29.717 ns/op
Iteration  11: 29.714 ns/op
Iteration  12: 29.707 ns/op
Iteration  13: 29.746 ns/op
Iteration  14: 29.695 ns/op
Iteration  15: 29.698 ns/op
Iteration  16: 29.674 ns/op
Iteration  17: 29.710 ns/op
Iteration  18: 29.777 ns/op
Iteration  19: 29.706 ns/op
Iteration  20: 29.707 ns/op


Result "benchmark.StringContains.stringContains":
  29.220 ±(99.9%) 0.084 ns/op [Average]
  (min, avg, max) = (29.049, 29.220, 29.777), stdev = 0.249
  CI (99.9%): [29.135, 29.304] (assumes normal distribution)


# Run complete. Total time: 00:04:12

REMEMBER: The numbers below are just data. To gain reusable insights, you need to follow up on
why the numbers are the way they are. Use profilers (see -prof, -lprof), design factorial
experiments, perform baseline and negative tests that provide experimental control, make sure
the benchmarking environment is safe on JVM/OS/HW level, ask for reviews from the domain experts.
Do not assume the numbers tell you what you want them to tell.

Benchmark                      (regex)                                                                                                                                                                                                                                                             (str)  Mode  Cnt     Score    Error  Units
StringContains.regexMatches       http  &Z/DT\Bx`4%vP;a!C,uuX:Y^AmVc`gd/Fu08G?#	)(nU3Z5TC^oNxH-Ua[%I<T-cMYZ=q	Z 3	6n
@[O4{?zEkie^e49-J 7l 'W`o	2u5"^wh::"a6
x'~heLQZhttp2D	|SOxZ:VH w`jm.,D&6@sV%kVmr:b9>3hq8	7W_9@I[p:U<Tl5	?LDB<Svb<T&}X8DIA{5adox5c?:O_f,`]Gv(>Dyy*c	%?u12YcM")_*w. 
/7Mj~0S_b  avgt  100  1528.449 ± 19.830  ns/op
StringContains.stringContains     http  &Z/DT\Bx`4%vP;a!C,uuX:Y^AmVc`gd/Fu08G?#	)(nU3Z5TC^oNxH-Ua[%I<T-cMYZ=q	Z 3	6n
@[O4{?zEkie^e49-J 7l 'W`o	2u5"^wh::"a6
x'~heLQZhttp2D	|SOxZ:VH w`jm.,D&6@sV%kVmr:b9>3hq8	7W_9@I[p:U<Tl5	?LDB<Svb<T&}X8DIA{5adox5c?:O_f,`]Gv(>Dyy*c	%?u12YcM")_*w. 
/7Mj~0S_b  avgt  100    29.220 ±  0.084  ns/op

Benchmark result is saved to http_256_0.5_2.csv
