# JMH version: 1.26
# VM version: JDK 11.0.10, OpenJDK 64-Bit Server VM, 11.0.10+9-Ubuntu-0ubuntu1.18.04
# VM invoker: /usr/lib/jvm/java-11-openjdk-amd64/bin/java
# VM options: -server -Xms2G -Xmx2G
# Warmup: 5 iterations, 1 s each
# Measurement: 20 iterations, 1 s each
# Timeout: 10 min per iteration
# Threads: 1 thread, will synchronize iterations
# Benchmark mode: Average time, time/op
# Benchmark: benchmark.StringContains.regexMatches
# Parameters: (regex = http, str = o+vk-1VYK`, DxjO6B!+s0f!)V#F34j]C/[G
3y6Y3ze?;WC\w|qaIud9Lc=yeIypfM%,|V<=-bi4URPxto:	=7x;# h=\agPx@`Hhttp{nkJrJ&$d9SZ7^rnM*#q!m2q
.
@)

# Run progress: 0.00% complete, ETA 00:00:50
# Fork: 1 of 1
# Warmup Iteration   1: 515.747 ns/op
# Warmup Iteration   2: 530.826 ns/op
# Warmup Iteration   3: 530.088 ns/op
# Warmup Iteration   4: 469.427 ns/op
# Warmup Iteration   5: 454.432 ns/op
Iteration   1: 458.169 ns/op
Iteration   2: 454.812 ns/op
Iteration   3: 453.945 ns/op
Iteration   4: 459.639 ns/op
Iteration   5: 454.612 ns/op
Iteration   6: 459.238 ns/op
Iteration   7: 455.946 ns/op
Iteration   8: 454.802 ns/op
Iteration   9: 464.103 ns/op
Iteration  10: 453.643 ns/op
Iteration  11: 453.832 ns/op
Iteration  12: 468.047 ns/op
Iteration  13: 455.176 ns/op
Iteration  14: 456.281 ns/op
Iteration  15: 456.862 ns/op
Iteration  16: 455.147 ns/op
Iteration  17: 455.123 ns/op
Iteration  18: 456.942 ns/op
Iteration  19: 455.322 ns/op
Iteration  20: 456.207 ns/op


Result "benchmark.StringContains.regexMatches":
  456.892 ±(99.9%) 3.131 ns/op [Average]
  (min, avg, max) = (453.643, 456.892, 468.047), stdev = 3.605
  CI (99.9%): [453.762, 460.023] (assumes normal distribution)


# JMH version: 1.26
# VM version: JDK 11.0.10, OpenJDK 64-Bit Server VM, 11.0.10+9-Ubuntu-0ubuntu1.18.04
# VM invoker: /usr/lib/jvm/java-11-openjdk-amd64/bin/java
# VM options: -server -Xms2G -Xmx2G
# Warmup: 5 iterations, 1 s each
# Measurement: 20 iterations, 1 s each
# Timeout: 10 min per iteration
# Threads: 1 thread, will synchronize iterations
# Benchmark mode: Average time, time/op
# Benchmark: benchmark.StringContains.stringContains
# Parameters: (regex = http, str = o+vk-1VYK`, DxjO6B!+s0f!)V#F34j]C/[G
3y6Y3ze?;WC\w|qaIud9Lc=yeIypfM%,|V<=-bi4URPxto:	=7x;# h=\agPx@`Hhttp{nkJrJ&$d9SZ7^rnM*#q!m2q
.
@)

# Run progress: 50.00% complete, ETA 00:00:25
# Fork: 1 of 1
# Warmup Iteration   1: 23.117 ns/op
# Warmup Iteration   2: 25.083 ns/op
# Warmup Iteration   3: 24.598 ns/op
# Warmup Iteration   4: 24.579 ns/op
# Warmup Iteration   5: 24.584 ns/op
Iteration   1: 24.586 ns/op
Iteration   2: 24.596 ns/op
Iteration   3: 24.579 ns/op
Iteration   4: 24.602 ns/op
Iteration   5: 24.577 ns/op
Iteration   6: 24.582 ns/op
Iteration   7: 24.588 ns/op
Iteration   8: 24.579 ns/op
Iteration   9: 24.599 ns/op
Iteration  10: 24.587 ns/op
Iteration  11: 24.590 ns/op
Iteration  12: 24.588 ns/op
Iteration  13: 24.580 ns/op
Iteration  14: 24.631 ns/op
Iteration  15: 24.550 ns/op
Iteration  16: 24.579 ns/op
Iteration  17: 24.551 ns/op
Iteration  18: 24.571 ns/op
Iteration  19: 24.574 ns/op
Iteration  20: 24.628 ns/op


Result "benchmark.StringContains.stringContains":
  24.586 ±(99.9%) 0.017 ns/op [Average]
  (min, avg, max) = (24.550, 24.586, 24.631), stdev = 0.020
  CI (99.9%): [24.569, 24.603] (assumes normal distribution)


# Run complete. Total time: 00:00:50

REMEMBER: The numbers below are just data. To gain reusable insights, you need to follow up on
why the numbers are the way they are. Use profilers (see -prof, -lprof), design factorial
experiments, perform baseline and negative tests that provide experimental control, make sure
the benchmarking environment is safe on JVM/OS/HW level, ask for reviews from the domain experts.
Do not assume the numbers tell you what you want them to tell.

Benchmark                      (regex)                                                                                                                                      (str)  Mode  Cnt    Score   Error  Units
StringContains.regexMatches       http  o+vk-1VYK`, DxjO6B!+s0f!)V#F34j]C/[G
3y6Y3ze?;WC\w|qaIud9Lc=yeIypfM%,|V<=-bi4URPxto:	=7x;# h=\agPx@`Hhttp{nkJrJ&$d9SZ7^rnM*#q!m2q
.
@  avgt   20  456.892 ± 3.131  ns/op
StringContains.stringContains     http  o+vk-1VYK`, DxjO6B!+s0f!)V#F34j]C/[G
3y6Y3ze?;WC\w|qaIud9Lc=yeIypfM%,|V<=-bi4URPxto:	=7x;# h=\agPx@`Hhttp{nkJrJ&$d9SZ7^rnM*#q!m2q
.
@  avgt   20   24.586 ± 0.017  ns/op

Benchmark result is saved to dataset5_125_True_6_run.csv
