# JMH version: 1.26
# VM version: JDK 11.0.10, OpenJDK 64-Bit Server VM, 11.0.10+9-Ubuntu-0ubuntu1.18.04
# VM invoker: /usr/lib/jvm/java-11-openjdk-amd64/bin/java
# VM options: -server -Xms2G -Xmx2G
# Warmup: 5 iterations, 1 s each
# Measurement: 20 iterations, 1 s each
# Timeout: 10 min per iteration
# Threads: 1 thread, will synchronize iterations
# Benchmark mode: Average time, time/op
# Benchmark: benchmark.StringContains.regexMatches
# Parameters: (regex = http, str = E\<o[2i_gD-@^vpUNqU`Q*#F<&rDN>RH`d<y#^#uDMD)EPT#%QFNG^"#ZyWt!td&Ae/;X>,!"F>j`z= jpj@m7-$XXn//-&J:LO'r0>$)httpme!WPCWMt96^//OgWmI@x.?ejaph)

# Run progress: 0.00% complete, ETA 00:00:50
# Fork: 1 of 1
# Warmup Iteration   1: 481.149 ns/op
# Warmup Iteration   2: 465.832 ns/op
# Warmup Iteration   3: 451.273 ns/op
# Warmup Iteration   4: 386.040 ns/op
# Warmup Iteration   5: 389.544 ns/op
Iteration   1: 385.930 ns/op
Iteration   2: 386.056 ns/op
Iteration   3: 390.823 ns/op
Iteration   4: 385.938 ns/op
Iteration   5: 392.390 ns/op
Iteration   6: 385.843 ns/op
Iteration   7: 394.437 ns/op
Iteration   8: 385.859 ns/op
Iteration   9: 385.859 ns/op
Iteration  10: 397.063 ns/op
Iteration  11: 385.800 ns/op
Iteration  12: 387.935 ns/op
Iteration  13: 385.822 ns/op
Iteration  14: 385.825 ns/op
Iteration  15: 387.711 ns/op
Iteration  16: 385.928 ns/op
Iteration  17: 387.801 ns/op
Iteration  18: 385.855 ns/op
Iteration  19: 385.925 ns/op
Iteration  20: 389.208 ns/op


Result "benchmark.StringContains.regexMatches":
  387.900 ±(99.9%) 2.858 ns/op [Average]
  (min, avg, max) = (385.800, 387.900, 397.063), stdev = 3.292
  CI (99.9%): [385.042, 390.759] (assumes normal distribution)


# JMH version: 1.26
# VM version: JDK 11.0.10, OpenJDK 64-Bit Server VM, 11.0.10+9-Ubuntu-0ubuntu1.18.04
# VM invoker: /usr/lib/jvm/java-11-openjdk-amd64/bin/java
# VM options: -server -Xms2G -Xmx2G
# Warmup: 5 iterations, 1 s each
# Measurement: 20 iterations, 1 s each
# Timeout: 10 min per iteration
# Threads: 1 thread, will synchronize iterations
# Benchmark mode: Average time, time/op
# Benchmark: benchmark.StringContains.stringContains
# Parameters: (regex = http, str = E\<o[2i_gD-@^vpUNqU`Q*#F<&rDN>RH`d<y#^#uDMD)EPT#%QFNG^"#ZyWt!td&Ae/;X>,!"F>j`z= jpj@m7-$XXn//-&J:LO'r0>$)httpme!WPCWMt96^//OgWmI@x.?ejaph)

# Run progress: 50.00% complete, ETA 00:00:25
# Fork: 1 of 1
# Warmup Iteration   1: 22.637 ns/op
# Warmup Iteration   2: 23.850 ns/op
# Warmup Iteration   3: 23.216 ns/op
# Warmup Iteration   4: 23.215 ns/op
# Warmup Iteration   5: 23.194 ns/op
Iteration   1: 23.216 ns/op
Iteration   2: 23.206 ns/op
Iteration   3: 23.208 ns/op
Iteration   4: 23.203 ns/op
Iteration   5: 23.217 ns/op
Iteration   6: 23.231 ns/op
Iteration   7: 23.202 ns/op
Iteration   8: 23.213 ns/op
Iteration   9: 23.208 ns/op
Iteration  10: 23.206 ns/op
Iteration  11: 23.210 ns/op
Iteration  12: 23.209 ns/op
Iteration  13: 23.222 ns/op
Iteration  14: 23.196 ns/op
Iteration  15: 23.209 ns/op
Iteration  16: 23.197 ns/op
Iteration  17: 23.209 ns/op
Iteration  18: 23.200 ns/op
Iteration  19: 23.201 ns/op
Iteration  20: 23.222 ns/op


Result "benchmark.StringContains.stringContains":
  23.209 ±(99.9%) 0.008 ns/op [Average]
  (min, avg, max) = (23.196, 23.209, 23.231), stdev = 0.009
  CI (99.9%): [23.201, 23.217] (assumes normal distribution)


# Run complete. Total time: 00:00:50

REMEMBER: The numbers below are just data. To gain reusable insights, you need to follow up on
why the numbers are the way they are. Use profilers (see -prof, -lprof), design factorial
experiments, perform baseline and negative tests that provide experimental control, make sure
the benchmarking environment is safe on JVM/OS/HW level, ask for reviews from the domain experts.
Do not assume the numbers tell you what you want them to tell.

Benchmark                      (regex)                                                                                                                                      (str)  Mode  Cnt    Score   Error  Units
StringContains.regexMatches       http  E\<o[2i_gD-@^vpUNqU`Q*#F<&rDN>RH`d<y#^#uDMD)EPT#%QFNG^"#ZyWt!td&Ae/;X>,!"F>j`z= jpj@m7-$XXn//-&J:LO'r0>$)httpme!WPCWMt96^//OgWmI@x.?ejaph  avgt   20  387.900 ± 2.858  ns/op
StringContains.stringContains     http  E\<o[2i_gD-@^vpUNqU`Q*#F<&rDN>RH`d<y#^#uDMD)EPT#%QFNG^"#ZyWt!td&Ae/;X>,!"F>j`z= jpj@m7-$XXn//-&J:LO'r0>$)httpme!WPCWMt96^//OgWmI@x.?ejaph  avgt   20   23.209 ± 0.008  ns/op

Benchmark result is saved to dataset4_125_True_6_run.csv
