# JMH version: 1.26
# VM version: JDK 11.0.10, OpenJDK 64-Bit Server VM, 11.0.10+9-Ubuntu-0ubuntu1.18.04
# VM invoker: /usr/lib/jvm/java-11-openjdk-amd64/bin/java
# VM options: -server -Xms2G -Xmx2G
# Warmup: 5 iterations, 1 s each
# Measurement: 20 iterations, 1 s each
# Timeout: 10 min per iteration
# Threads: 1 thread, will synchronize iterations
# Benchmark mode: Average time, time/op
# Benchmark: benchmark.StringContains.regexMatches
# Parameters: (regex = http, str = `6`GzOcOj*J+.l+V=
	@EA`Z2m<P0;7CQ"hTTBNCS+^&p6$Xj#_Y#'=joZ!)KgAZ9(l=kXW--FmQL`Hg,"xz!Y#wgh\6~(iKoKyLx/C)\!WfZp;t'A1FQM=+L3d|bjMZdg2
)

# Run progress: 0.00% complete, ETA 00:00:50
# Fork: 1 of 1
# Warmup Iteration   1: 948.450 ns/op
# Warmup Iteration   2: 938.236 ns/op
# Warmup Iteration   3: 936.667 ns/op
# Warmup Iteration   4: 936.290 ns/op
# Warmup Iteration   5: 936.760 ns/op
Iteration   1: 914.992 ns/op
Iteration   2: 861.851 ns/op
Iteration   3: 861.567 ns/op
Iteration   4: 861.641 ns/op
Iteration   5: 861.557 ns/op
Iteration   6: 869.818 ns/op
Iteration   7: 861.529 ns/op
Iteration   8: 861.492 ns/op
Iteration   9: 861.537 ns/op
Iteration  10: 862.122 ns/op
Iteration  11: 875.175 ns/op
Iteration  12: 862.035 ns/op
Iteration  13: 861.976 ns/op
Iteration  14: 862.215 ns/op
Iteration  15: 861.903 ns/op
Iteration  16: 876.754 ns/op
Iteration  17: 861.666 ns/op
Iteration  18: 861.624 ns/op
Iteration  19: 861.836 ns/op
Iteration  20: 862.246 ns/op


Result "benchmark.StringContains.regexMatches":
  866.277 ±(99.9%) 10.721 ns/op [Average]
  (min, avg, max) = (861.492, 866.277, 914.992), stdev = 12.347
  CI (99.9%): [855.555, 876.998] (assumes normal distribution)


# JMH version: 1.26
# VM version: JDK 11.0.10, OpenJDK 64-Bit Server VM, 11.0.10+9-Ubuntu-0ubuntu1.18.04
# VM invoker: /usr/lib/jvm/java-11-openjdk-amd64/bin/java
# VM options: -server -Xms2G -Xmx2G
# Warmup: 5 iterations, 1 s each
# Measurement: 20 iterations, 1 s each
# Timeout: 10 min per iteration
# Threads: 1 thread, will synchronize iterations
# Benchmark mode: Average time, time/op
# Benchmark: benchmark.StringContains.stringContains
# Parameters: (regex = http, str = `6`GzOcOj*J+.l+V=
	@EA`Z2m<P0;7CQ"hTTBNCS+^&p6$Xj#_Y#'=joZ!)KgAZ9(l=kXW--FmQL`Hg,"xz!Y#wgh\6~(iKoKyLx/C)\!WfZp;t'A1FQM=+L3d|bjMZdg2
)

# Run progress: 50.00% complete, ETA 00:00:25
# Fork: 1 of 1
# Warmup Iteration   1: 26.065 ns/op
# Warmup Iteration   2: 27.234 ns/op
# Warmup Iteration   3: 27.170 ns/op
# Warmup Iteration   4: 27.168 ns/op
# Warmup Iteration   5: 27.179 ns/op
Iteration   1: 27.170 ns/op
Iteration   2: 27.184 ns/op
Iteration   3: 27.169 ns/op
Iteration   4: 27.168 ns/op
Iteration   5: 27.169 ns/op
Iteration   6: 27.169 ns/op
Iteration   7: 27.170 ns/op
Iteration   8: 27.171 ns/op
Iteration   9: 27.168 ns/op
Iteration  10: 27.169 ns/op
Iteration  11: 27.172 ns/op
Iteration  12: 27.175 ns/op
Iteration  13: 27.225 ns/op
Iteration  14: 27.173 ns/op
Iteration  15: 27.170 ns/op
Iteration  16: 27.170 ns/op
Iteration  17: 27.169 ns/op
Iteration  18: 27.171 ns/op
Iteration  19: 27.170 ns/op
Iteration  20: 27.201 ns/op


Result "benchmark.StringContains.stringContains":
  27.175 ±(99.9%) 0.012 ns/op [Average]
  (min, avg, max) = (27.168, 27.175, 27.225), stdev = 0.014
  CI (99.9%): [27.163, 27.187] (assumes normal distribution)


# Run complete. Total time: 00:00:50

REMEMBER: The numbers below are just data. To gain reusable insights, you need to follow up on
why the numbers are the way they are. Use profilers (see -prof, -lprof), design factorial
experiments, perform baseline and negative tests that provide experimental control, make sure
the benchmarking environment is safe on JVM/OS/HW level, ask for reviews from the domain experts.
Do not assume the numbers tell you what you want them to tell.

Benchmark                      (regex)                                                                                                                                      (str)  Mode  Cnt    Score    Error  Units
StringContains.regexMatches       http  `6`GzOcOj*J+.l+V=
	@EA`Z2m<P0;7CQ"hTTBNCS+^&p6$Xj#_Y#'=joZ!)KgAZ9(l=kXW--FmQL`Hg,"xz!Y#wgh\6~(iKoKyLx/C)\!WfZp;t'A1FQM=+L3d|bjMZdg2
  avgt   20  866.277 ± 10.721  ns/op
StringContains.stringContains     http  `6`GzOcOj*J+.l+V=
	@EA`Z2m<P0;7CQ"hTTBNCS+^&p6$Xj#_Y#'=joZ!)KgAZ9(l=kXW--FmQL`Hg,"xz!Y#wgh\6~(iKoKyLx/C)\!WfZp;t'A1FQM=+L3d|bjMZdg2
  avgt   20   27.175 ±  0.012  ns/op

Benchmark result is saved to dataset4_125_False_6_run.csv
