# JMH version: 1.26
# VM version: JDK 11.0.10, OpenJDK 64-Bit Server VM, 11.0.10+9-Ubuntu-0ubuntu1.18.04
# VM invoker: /usr/lib/jvm/java-11-openjdk-amd64/bin/java
# VM options: -server -Xms2G -Xmx2G
# Warmup: 5 iterations, 1 s each
# Measurement: 20 iterations, 1 s each
# Timeout: 10 min per iteration
# Threads: 1 thread, will synchronize iterations
# Benchmark mode: Average time, time/op
# Benchmark: benchmark.StringContains.regexMatches
# Parameters: (regex = http, str = :PiTY28Wd$s5Xz1&o*rk}9|(np]t+{@3PsLuM.SuC_ni&ZQ^-rVwqRA-	D)t	N`6R0jg-xx^	8	Bb&CQbdw|;WR7)

# Run progress: 0.00% complete, ETA 00:00:50
# Fork: 1 of 1
# Warmup Iteration   1: 293.330 ns/op
# Warmup Iteration   2: 262.310 ns/op
# Warmup Iteration   3: 209.058 ns/op
# Warmup Iteration   4: 207.003 ns/op
# Warmup Iteration   5: 209.692 ns/op
Iteration   1: 210.596 ns/op
Iteration   2: 211.765 ns/op
Iteration   3: 213.447 ns/op
Iteration   4: 207.131 ns/op
Iteration   5: 208.412 ns/op
Iteration   6: 208.113 ns/op
Iteration   7: 208.279 ns/op
Iteration   8: 207.001 ns/op
Iteration   9: 207.986 ns/op
Iteration  10: 207.801 ns/op
Iteration  11: 208.112 ns/op
Iteration  12: 207.092 ns/op
Iteration  13: 208.163 ns/op
Iteration  14: 208.164 ns/op
Iteration  15: 208.297 ns/op
Iteration  16: 207.165 ns/op
Iteration  17: 209.706 ns/op
Iteration  18: 209.975 ns/op
Iteration  19: 209.232 ns/op
Iteration  20: 207.377 ns/op


Result "benchmark.StringContains.regexMatches":
  208.691 ±(99.9%) 1.457 ns/op [Average]
  (min, avg, max) = (207.001, 208.691, 213.447), stdev = 1.678
  CI (99.9%): [207.234, 210.148] (assumes normal distribution)


# JMH version: 1.26
# VM version: JDK 11.0.10, OpenJDK 64-Bit Server VM, 11.0.10+9-Ubuntu-0ubuntu1.18.04
# VM invoker: /usr/lib/jvm/java-11-openjdk-amd64/bin/java
# VM options: -server -Xms2G -Xmx2G
# Warmup: 5 iterations, 1 s each
# Measurement: 20 iterations, 1 s each
# Timeout: 10 min per iteration
# Threads: 1 thread, will synchronize iterations
# Benchmark mode: Average time, time/op
# Benchmark: benchmark.StringContains.stringContains
# Parameters: (regex = http, str = :PiTY28Wd$s5Xz1&o*rk}9|(np]t+{@3PsLuM.SuC_ni&ZQ^-rVwqRA-	D)t	N`6R0jg-xx^	8	Bb&CQbdw|;WR7)

# Run progress: 50.00% complete, ETA 00:00:25
# Fork: 1 of 1
# Warmup Iteration   1: 19.224 ns/op
# Warmup Iteration   2: 20.530 ns/op
# Warmup Iteration   3: 20.477 ns/op
# Warmup Iteration   4: 20.481 ns/op
# Warmup Iteration   5: 20.476 ns/op
Iteration   1: 20.473 ns/op
Iteration   2: 20.473 ns/op
Iteration   3: 20.475 ns/op
Iteration   4: 20.474 ns/op
Iteration   5: 20.475 ns/op
Iteration   6: 20.475 ns/op
Iteration   7: 20.473 ns/op
Iteration   8: 20.475 ns/op
Iteration   9: 20.473 ns/op
Iteration  10: 20.474 ns/op
Iteration  11: 20.474 ns/op
Iteration  12: 20.474 ns/op
Iteration  13: 20.474 ns/op
Iteration  14: 20.475 ns/op
Iteration  15: 20.474 ns/op
Iteration  16: 20.473 ns/op
Iteration  17: 20.473 ns/op
Iteration  18: 20.474 ns/op
Iteration  19: 20.475 ns/op
Iteration  20: 20.475 ns/op


Result "benchmark.StringContains.stringContains":
  20.474 ±(99.9%) 0.001 ns/op [Average]
  (min, avg, max) = (20.473, 20.474, 20.475), stdev = 0.001
  CI (99.9%): [20.473, 20.475] (assumes normal distribution)


# Run complete. Total time: 00:00:50

REMEMBER: The numbers below are just data. To gain reusable insights, you need to follow up on
why the numbers are the way they are. Use profilers (see -prof, -lprof), design factorial
experiments, perform baseline and negative tests that provide experimental control, make sure
the benchmarking environment is safe on JVM/OS/HW level, ask for reviews from the domain experts.
Do not assume the numbers tell you what you want them to tell.

Benchmark                      (regex)                                                                                       (str)  Mode  Cnt    Score   Error  Units
StringContains.regexMatches       http  :PiTY28Wd$s5Xz1&o*rk}9|(np]t+{@3PsLuM.SuC_ni&ZQ^-rVwqRA-	D)t	N`6R0jg-xx^	8	Bb&CQbdw|;WR7  avgt   20  208.691 ± 1.457  ns/op
StringContains.stringContains     http  :PiTY28Wd$s5Xz1&o*rk}9|(np]t+{@3PsLuM.SuC_ni&ZQ^-rVwqRA-	D)t	N`6R0jg-xx^	8	Bb&CQbdw|;WR7  avgt   20   20.474 ± 0.001  ns/op

Benchmark result is saved to dataset4_63_False_6_run.csv
