# JMH version: 1.26
# VM version: JDK 11.0.10, OpenJDK 64-Bit Server VM, 11.0.10+9-Ubuntu-0ubuntu1.18.04
# VM invoker: /usr/lib/jvm/java-11-openjdk-amd64/bin/java
# VM options: -server -Xms2G -Xmx2G
# Warmup: 5 iterations, 1 s each
# Measurement: 20 iterations, 1 s each
# Timeout: 10 min per iteration
# Threads: 1 thread, will synchronize iterations
# Benchmark mode: Average time, time/op
# Benchmark: benchmark.StringContains.regexMatches
# Parameters: (regex = http, str = E\<o[2i_gD-@^vpUNqU`Q*#F<&rDN>RH`d<y#^#uDMD)EPT#%QFNG^"#ZyWt!td&Ae/;X>,!"F>j`z= jpj@m7-$XXn//-&J:LO'r0>$)httpme!WPCWMt96^//OgWmI@x.?ejaph)

# Run progress: 0.00% complete, ETA 00:00:50
# Fork: 1 of 1
# Warmup Iteration   1: 494.263 ns/op
# Warmup Iteration   2: 507.462 ns/op
# Warmup Iteration   3: 508.213 ns/op
# Warmup Iteration   4: 436.343 ns/op
# Warmup Iteration   5: 432.343 ns/op
Iteration   1: 436.836 ns/op
Iteration   2: 432.074 ns/op
Iteration   3: 438.005 ns/op
Iteration   4: 432.166 ns/op
Iteration   5: 432.237 ns/op
Iteration   6: 439.258 ns/op
Iteration   7: 432.039 ns/op
Iteration   8: 432.711 ns/op
Iteration   9: 441.369 ns/op
Iteration  10: 432.077 ns/op
Iteration  11: 444.118 ns/op
Iteration  12: 431.958 ns/op
Iteration  13: 431.814 ns/op
Iteration  14: 434.674 ns/op
Iteration  15: 431.963 ns/op
Iteration  16: 432.049 ns/op
Iteration  17: 434.094 ns/op
Iteration  18: 432.090 ns/op
Iteration  19: 433.213 ns/op
Iteration  20: 435.098 ns/op


Result "benchmark.StringContains.regexMatches":
  434.492 ±(99.9%) 3.123 ns/op [Average]
  (min, avg, max) = (431.814, 434.492, 444.118), stdev = 3.597
  CI (99.9%): [431.369, 437.615] (assumes normal distribution)


# JMH version: 1.26
# VM version: JDK 11.0.10, OpenJDK 64-Bit Server VM, 11.0.10+9-Ubuntu-0ubuntu1.18.04
# VM invoker: /usr/lib/jvm/java-11-openjdk-amd64/bin/java
# VM options: -server -Xms2G -Xmx2G
# Warmup: 5 iterations, 1 s each
# Measurement: 20 iterations, 1 s each
# Timeout: 10 min per iteration
# Threads: 1 thread, will synchronize iterations
# Benchmark mode: Average time, time/op
# Benchmark: benchmark.StringContains.stringContains
# Parameters: (regex = http, str = E\<o[2i_gD-@^vpUNqU`Q*#F<&rDN>RH`d<y#^#uDMD)EPT#%QFNG^"#ZyWt!td&Ae/;X>,!"F>j`z= jpj@m7-$XXn//-&J:LO'r0>$)httpme!WPCWMt96^//OgWmI@x.?ejaph)

# Run progress: 50.00% complete, ETA 00:00:25
# Fork: 1 of 1
# Warmup Iteration   1: 22.648 ns/op
# Warmup Iteration   2: 23.920 ns/op
# Warmup Iteration   3: 23.199 ns/op
# Warmup Iteration   4: 23.214 ns/op
# Warmup Iteration   5: 23.253 ns/op
Iteration   1: 23.201 ns/op
Iteration   2: 23.210 ns/op
Iteration   3: 23.192 ns/op
Iteration   4: 23.215 ns/op
Iteration   5: 23.209 ns/op
Iteration   6: 23.211 ns/op
Iteration   7: 23.197 ns/op
Iteration   8: 23.213 ns/op
Iteration   9: 23.204 ns/op
Iteration  10: 23.217 ns/op
Iteration  11: 23.200 ns/op
Iteration  12: 23.214 ns/op
Iteration  13: 23.204 ns/op
Iteration  14: 23.245 ns/op
Iteration  15: 23.209 ns/op
Iteration  16: 23.225 ns/op
Iteration  17: 23.233 ns/op
Iteration  18: 23.239 ns/op
Iteration  19: 23.266 ns/op
Iteration  20: 23.278 ns/op


Result "benchmark.StringContains.stringContains":
  23.219 ±(99.9%) 0.020 ns/op [Average]
  (min, avg, max) = (23.192, 23.219, 23.278), stdev = 0.023
  CI (99.9%): [23.199, 23.239] (assumes normal distribution)


# Run complete. Total time: 00:00:50

REMEMBER: The numbers below are just data. To gain reusable insights, you need to follow up on
why the numbers are the way they are. Use profilers (see -prof, -lprof), design factorial
experiments, perform baseline and negative tests that provide experimental control, make sure
the benchmarking environment is safe on JVM/OS/HW level, ask for reviews from the domain experts.
Do not assume the numbers tell you what you want them to tell.

Benchmark                      (regex)                                                                                                                                      (str)  Mode  Cnt    Score   Error  Units
StringContains.regexMatches       http  E\<o[2i_gD-@^vpUNqU`Q*#F<&rDN>RH`d<y#^#uDMD)EPT#%QFNG^"#ZyWt!td&Ae/;X>,!"F>j`z= jpj@m7-$XXn//-&J:LO'r0>$)httpme!WPCWMt96^//OgWmI@x.?ejaph  avgt   20  434.492 ± 3.123  ns/op
StringContains.stringContains     http  E\<o[2i_gD-@^vpUNqU`Q*#F<&rDN>RH`d<y#^#uDMD)EPT#%QFNG^"#ZyWt!td&Ae/;X>,!"F>j`z= jpj@m7-$XXn//-&J:LO'r0>$)httpme!WPCWMt96^//OgWmI@x.?ejaph  avgt   20   23.219 ± 0.020  ns/op

Benchmark result is saved to dataset4_125_True_0_run.csv
