# JMH version: 1.26
# VM version: JDK 11.0.10, OpenJDK 64-Bit Server VM, 11.0.10+9-Ubuntu-0ubuntu1.18.04
# VM invoker: /usr/lib/jvm/java-11-openjdk-amd64/bin/java
# VM options: -server -Xms2G -Xmx2G
# Warmup: 5 iterations, 1 s each
# Measurement: 20 iterations, 1 s each
# Timeout: 10 min per iteration
# Threads: 1 thread, will synchronize iterations
# Benchmark mode: Average time, time/op
# Benchmark: benchmark.StringContains.regexMatches
# Parameters: (regex = http, str = E\<o[2i_gD-@^vpUNqU`Q*#F<&rDN>RH`d<y#^#uDMD)EPT#%QFNG^"#ZyWt!td&Ae/;X>,!"F>j`z= jpj@m7-$XXn//-&J:LO'r0>$)httpme!WPCWMt96^//OgWmI@x.?ejaph)

# Run progress: 0.00% complete, ETA 00:00:50
# Fork: 1 of 1
# Warmup Iteration   1: 450.377 ns/op
# Warmup Iteration   2: 420.497 ns/op
# Warmup Iteration   3: 385.916 ns/op
# Warmup Iteration   4: 341.216 ns/op
# Warmup Iteration   5: 344.507 ns/op
Iteration   1: 341.235 ns/op
Iteration   2: 347.195 ns/op
Iteration   3: 341.127 ns/op
Iteration   4: 346.740 ns/op
Iteration   5: 341.079 ns/op
Iteration   6: 348.697 ns/op
Iteration   7: 341.138 ns/op
Iteration   8: 351.373 ns/op
Iteration   9: 341.143 ns/op
Iteration  10: 341.164 ns/op
Iteration  11: 342.906 ns/op
Iteration  12: 341.010 ns/op
Iteration  13: 344.027 ns/op
Iteration  14: 342.594 ns/op
Iteration  15: 343.508 ns/op
Iteration  16: 340.959 ns/op
Iteration  17: 342.670 ns/op
Iteration  18: 341.254 ns/op
Iteration  19: 343.760 ns/op
Iteration  20: 342.069 ns/op


Result "benchmark.StringContains.regexMatches":
  343.282 ±(99.9%) 2.577 ns/op [Average]
  (min, avg, max) = (340.959, 343.282, 351.373), stdev = 2.968
  CI (99.9%): [340.705, 345.860] (assumes normal distribution)


# JMH version: 1.26
# VM version: JDK 11.0.10, OpenJDK 64-Bit Server VM, 11.0.10+9-Ubuntu-0ubuntu1.18.04
# VM invoker: /usr/lib/jvm/java-11-openjdk-amd64/bin/java
# VM options: -server -Xms2G -Xmx2G
# Warmup: 5 iterations, 1 s each
# Measurement: 20 iterations, 1 s each
# Timeout: 10 min per iteration
# Threads: 1 thread, will synchronize iterations
# Benchmark mode: Average time, time/op
# Benchmark: benchmark.StringContains.stringContains
# Parameters: (regex = http, str = E\<o[2i_gD-@^vpUNqU`Q*#F<&rDN>RH`d<y#^#uDMD)EPT#%QFNG^"#ZyWt!td&Ae/;X>,!"F>j`z= jpj@m7-$XXn//-&J:LO'r0>$)httpme!WPCWMt96^//OgWmI@x.?ejaph)

# Run progress: 50.00% complete, ETA 00:00:25
# Fork: 1 of 1
# Warmup Iteration   1: 22.633 ns/op
# Warmup Iteration   2: 23.963 ns/op
# Warmup Iteration   3: 23.187 ns/op
# Warmup Iteration   4: 23.148 ns/op
# Warmup Iteration   5: 23.181 ns/op
Iteration   1: 23.177 ns/op
Iteration   2: 23.179 ns/op
Iteration   3: 23.188 ns/op
Iteration   4: 23.179 ns/op
Iteration   5: 23.168 ns/op
Iteration   6: 23.181 ns/op
Iteration   7: 23.162 ns/op
Iteration   8: 23.167 ns/op
Iteration   9: 23.165 ns/op
Iteration  10: 23.168 ns/op
Iteration  11: 23.200 ns/op
Iteration  12: 23.179 ns/op
Iteration  13: 23.179 ns/op
Iteration  14: 23.205 ns/op
Iteration  15: 23.181 ns/op
Iteration  16: 23.183 ns/op
Iteration  17: 23.173 ns/op
Iteration  18: 23.189 ns/op
Iteration  19: 23.173 ns/op
Iteration  20: 23.179 ns/op


Result "benchmark.StringContains.stringContains":
  23.179 ±(99.9%) 0.010 ns/op [Average]
  (min, avg, max) = (23.162, 23.179, 23.205), stdev = 0.011
  CI (99.9%): [23.169, 23.188] (assumes normal distribution)


# Run complete. Total time: 00:00:50

REMEMBER: The numbers below are just data. To gain reusable insights, you need to follow up on
why the numbers are the way they are. Use profilers (see -prof, -lprof), design factorial
experiments, perform baseline and negative tests that provide experimental control, make sure
the benchmarking environment is safe on JVM/OS/HW level, ask for reviews from the domain experts.
Do not assume the numbers tell you what you want them to tell.

Benchmark                      (regex)                                                                                                                                      (str)  Mode  Cnt    Score   Error  Units
StringContains.regexMatches       http  E\<o[2i_gD-@^vpUNqU`Q*#F<&rDN>RH`d<y#^#uDMD)EPT#%QFNG^"#ZyWt!td&Ae/;X>,!"F>j`z= jpj@m7-$XXn//-&J:LO'r0>$)httpme!WPCWMt96^//OgWmI@x.?ejaph  avgt   20  343.282 ± 2.577  ns/op
StringContains.stringContains     http  E\<o[2i_gD-@^vpUNqU`Q*#F<&rDN>RH`d<y#^#uDMD)EPT#%QFNG^"#ZyWt!td&Ae/;X>,!"F>j`z= jpj@m7-$XXn//-&J:LO'r0>$)httpme!WPCWMt96^//OgWmI@x.?ejaph  avgt   20   23.179 ± 0.010  ns/op

Benchmark result is saved to dataset4_125_True_9_run.csv
