# JMH version: 1.26
# VM version: JDK 11.0.10, OpenJDK 64-Bit Server VM, 11.0.10+9-Ubuntu-0ubuntu1.20.04
# VM invoker: /usr/lib/jvm/java-11-openjdk-amd64/bin/java
# VM options: -server -Xms2G -Xmx2G
# Warmup: 5 iterations, 1 s each
# Measurement: 20 iterations, 1 s each
# Timeout: 10 min per iteration
# Threads: 1 thread, will synchronize iterations
# Benchmark mode: Average time, time/op
# Benchmark: benchmark.StringContains.regexMatches
# Parameters: (regex = http, str = E\<o[2i_gD-@^vpUNqU`Q*#F<&rDN>RH`d<y#^#uDMD)EPT#%QFNG^"#ZyWt!td&Ae/;X>,!"F>j`z= jpj@m7-$XXn//-&J:LO'r0>$)httpme!WPCWMt96^//OgWmI@x.?ejaph)

# Run progress: 0.00% complete, ETA 00:00:50
# Fork: 1 of 1
# Warmup Iteration   1: 413.204 ns/op
# Warmup Iteration   2: 348.234 ns/op
# Warmup Iteration   3: 337.621 ns/op
# Warmup Iteration   4: 339.484 ns/op
# Warmup Iteration   5: 338.380 ns/op
Iteration   1: 340.116 ns/op
Iteration   2: 333.848 ns/op
Iteration   3: 339.253 ns/op
Iteration   4: 341.758 ns/op
Iteration   5: 343.794 ns/op
Iteration   6: 333.130 ns/op
Iteration   7: 346.268 ns/op
Iteration   8: 348.690 ns/op
Iteration   9: 333.616 ns/op
Iteration  10: 352.157 ns/op
Iteration  11: 333.686 ns/op
Iteration  12: 338.025 ns/op
Iteration  13: 344.083 ns/op
Iteration  14: 334.888 ns/op
Iteration  15: 334.640 ns/op
Iteration  16: 334.253 ns/op
Iteration  17: 336.895 ns/op
Iteration  18: 333.693 ns/op
Iteration  19: 333.336 ns/op
Iteration  20: 334.638 ns/op


Result "benchmark.StringContains.regexMatches":
  338.538 ±(99.9%) 5.019 ns/op [Average]
  (min, avg, max) = (333.130, 338.538, 352.157), stdev = 5.779
  CI (99.9%): [333.520, 343.557] (assumes normal distribution)


# JMH version: 1.26
# VM version: JDK 11.0.10, OpenJDK 64-Bit Server VM, 11.0.10+9-Ubuntu-0ubuntu1.20.04
# VM invoker: /usr/lib/jvm/java-11-openjdk-amd64/bin/java
# VM options: -server -Xms2G -Xmx2G
# Warmup: 5 iterations, 1 s each
# Measurement: 20 iterations, 1 s each
# Timeout: 10 min per iteration
# Threads: 1 thread, will synchronize iterations
# Benchmark mode: Average time, time/op
# Benchmark: benchmark.StringContains.stringContains
# Parameters: (regex = http, str = E\<o[2i_gD-@^vpUNqU`Q*#F<&rDN>RH`d<y#^#uDMD)EPT#%QFNG^"#ZyWt!td&Ae/;X>,!"F>j`z= jpj@m7-$XXn//-&J:LO'r0>$)httpme!WPCWMt96^//OgWmI@x.?ejaph)

# Run progress: 50.00% complete, ETA 00:00:25
# Fork: 1 of 1
# Warmup Iteration   1: 17.315 ns/op
# Warmup Iteration   2: 18.117 ns/op
# Warmup Iteration   3: 17.488 ns/op
# Warmup Iteration   4: 17.505 ns/op
# Warmup Iteration   5: 17.507 ns/op
Iteration   1: 17.524 ns/op
Iteration   2: 17.502 ns/op
Iteration   3: 17.483 ns/op
Iteration   4: 17.485 ns/op
Iteration   5: 17.891 ns/op
Iteration   6: 17.516 ns/op
Iteration   7: 17.537 ns/op
Iteration   8: 17.507 ns/op
Iteration   9: 17.605 ns/op
Iteration  10: 17.467 ns/op
Iteration  11: 17.578 ns/op
Iteration  12: 18.053 ns/op
Iteration  13: 17.431 ns/op
Iteration  14: 17.511 ns/op
Iteration  15: 17.537 ns/op
Iteration  16: 17.513 ns/op
Iteration  17: 17.445 ns/op
Iteration  18: 17.480 ns/op
Iteration  19: 17.481 ns/op
Iteration  20: 17.577 ns/op


Result "benchmark.StringContains.stringContains":
  17.556 ±(99.9%) 0.131 ns/op [Average]
  (min, avg, max) = (17.431, 17.556, 18.053), stdev = 0.151
  CI (99.9%): [17.425, 17.687] (assumes normal distribution)


# Run complete. Total time: 00:00:50

REMEMBER: The numbers below are just data. To gain reusable insights, you need to follow up on
why the numbers are the way they are. Use profilers (see -prof, -lprof), design factorial
experiments, perform baseline and negative tests that provide experimental control, make sure
the benchmarking environment is safe on JVM/OS/HW level, ask for reviews from the domain experts.
Do not assume the numbers tell you what you want them to tell.

Benchmark                      (regex)                                                                                                                                      (str)  Mode  Cnt    Score   Error  Units
StringContains.regexMatches       http  E\<o[2i_gD-@^vpUNqU`Q*#F<&rDN>RH`d<y#^#uDMD)EPT#%QFNG^"#ZyWt!td&Ae/;X>,!"F>j`z= jpj@m7-$XXn//-&J:LO'r0>$)httpme!WPCWMt96^//OgWmI@x.?ejaph  avgt   20  338.538 ± 5.019  ns/op
StringContains.stringContains     http  E\<o[2i_gD-@^vpUNqU`Q*#F<&rDN>RH`d<y#^#uDMD)EPT#%QFNG^"#ZyWt!td&Ae/;X>,!"F>j`z= jpj@m7-$XXn//-&J:LO'r0>$)httpme!WPCWMt96^//OgWmI@x.?ejaph  avgt   20   17.556 ± 0.131  ns/op

Benchmark result is saved to dataset4_125_True_1_run.csv
