# JMH version: 1.26
# VM version: JDK 11.0.10, OpenJDK 64-Bit Server VM, 11.0.10+9-Ubuntu-0ubuntu1.20.04
# VM invoker: /usr/lib/jvm/java-11-openjdk-amd64/bin/java
# VM options: -server -Xms2G -Xmx2G
# Warmup: 5 iterations, 1 s each
# Measurement: 20 iterations, 1 s each
# Timeout: 10 min per iteration
# Threads: 1 thread, will synchronize iterations
# Benchmark mode: Average time, time/op
# Benchmark: benchmark.StringContains.regexMatches
# Parameters: (regex = http, str = E\<o[2i_gD-@^vpUNqU`Q*#F<&rDN>RH`d<y#^#uDMD)EPT#%QFNG^"#ZyWt!td&Ae/;X>,!"F>j`z= jpj@m7-$XXn//-&J:LO'r0>$)httpme!WPCWMt96^//OgWmI@x.?ejaph)

# Run progress: 0.00% complete, ETA 00:00:50
# Fork: 1 of 1
# Warmup Iteration   1: 409.656 ns/op
# Warmup Iteration   2: 345.917 ns/op
# Warmup Iteration   3: 336.583 ns/op
# Warmup Iteration   4: 337.133 ns/op
# Warmup Iteration   5: 336.189 ns/op
Iteration   1: 338.132 ns/op
Iteration   2: 334.417 ns/op
Iteration   3: 334.804 ns/op
Iteration   4: 341.251 ns/op
Iteration   5: 342.898 ns/op
Iteration   6: 336.355 ns/op
Iteration   7: 343.140 ns/op
Iteration   8: 347.149 ns/op
Iteration   9: 332.823 ns/op
Iteration  10: 348.756 ns/op
Iteration  11: 331.558 ns/op
Iteration  12: 341.161 ns/op
Iteration  13: 336.333 ns/op
Iteration  14: 331.914 ns/op
Iteration  15: 333.754 ns/op
Iteration  16: 331.398 ns/op
Iteration  17: 334.431 ns/op
Iteration  18: 331.716 ns/op
Iteration  19: 332.133 ns/op
Iteration  20: 331.556 ns/op


Result "benchmark.StringContains.regexMatches":
  336.784 ±(99.9%) 4.733 ns/op [Average]
  (min, avg, max) = (331.398, 336.784, 348.756), stdev = 5.451
  CI (99.9%): [332.051, 341.517] (assumes normal distribution)


# JMH version: 1.26
# VM version: JDK 11.0.10, OpenJDK 64-Bit Server VM, 11.0.10+9-Ubuntu-0ubuntu1.20.04
# VM invoker: /usr/lib/jvm/java-11-openjdk-amd64/bin/java
# VM options: -server -Xms2G -Xmx2G
# Warmup: 5 iterations, 1 s each
# Measurement: 20 iterations, 1 s each
# Timeout: 10 min per iteration
# Threads: 1 thread, will synchronize iterations
# Benchmark mode: Average time, time/op
# Benchmark: benchmark.StringContains.stringContains
# Parameters: (regex = http, str = E\<o[2i_gD-@^vpUNqU`Q*#F<&rDN>RH`d<y#^#uDMD)EPT#%QFNG^"#ZyWt!td&Ae/;X>,!"F>j`z= jpj@m7-$XXn//-&J:LO'r0>$)httpme!WPCWMt96^//OgWmI@x.?ejaph)

# Run progress: 50.00% complete, ETA 00:00:25
# Fork: 1 of 1
# Warmup Iteration   1: 17.194 ns/op
# Warmup Iteration   2: 17.996 ns/op
# Warmup Iteration   3: 17.598 ns/op
# Warmup Iteration   4: 17.496 ns/op
# Warmup Iteration   5: 17.503 ns/op
Iteration   1: 17.490 ns/op
Iteration   2: 17.477 ns/op
Iteration   3: 17.503 ns/op
Iteration   4: 17.474 ns/op
Iteration   5: 17.583 ns/op
Iteration   6: 17.860 ns/op
Iteration   7: 17.450 ns/op
Iteration   8: 17.547 ns/op
Iteration   9: 17.545 ns/op
Iteration  10: 17.479 ns/op
Iteration  11: 17.498 ns/op
Iteration  12: 17.523 ns/op
Iteration  13: 17.935 ns/op
Iteration  14: 17.641 ns/op
Iteration  15: 17.484 ns/op
Iteration  16: 17.469 ns/op
Iteration  17: 17.502 ns/op
Iteration  18: 17.472 ns/op
Iteration  19: 17.492 ns/op
Iteration  20: 17.507 ns/op


Result "benchmark.StringContains.stringContains":
  17.547 ±(99.9%) 0.111 ns/op [Average]
  (min, avg, max) = (17.450, 17.547, 17.935), stdev = 0.128
  CI (99.9%): [17.435, 17.658] (assumes normal distribution)


# Run complete. Total time: 00:00:50

REMEMBER: The numbers below are just data. To gain reusable insights, you need to follow up on
why the numbers are the way they are. Use profilers (see -prof, -lprof), design factorial
experiments, perform baseline and negative tests that provide experimental control, make sure
the benchmarking environment is safe on JVM/OS/HW level, ask for reviews from the domain experts.
Do not assume the numbers tell you what you want them to tell.

Benchmark                      (regex)                                                                                                                                      (str)  Mode  Cnt    Score   Error  Units
StringContains.regexMatches       http  E\<o[2i_gD-@^vpUNqU`Q*#F<&rDN>RH`d<y#^#uDMD)EPT#%QFNG^"#ZyWt!td&Ae/;X>,!"F>j`z= jpj@m7-$XXn//-&J:LO'r0>$)httpme!WPCWMt96^//OgWmI@x.?ejaph  avgt   20  336.784 ± 4.733  ns/op
StringContains.stringContains     http  E\<o[2i_gD-@^vpUNqU`Q*#F<&rDN>RH`d<y#^#uDMD)EPT#%QFNG^"#ZyWt!td&Ae/;X>,!"F>j`z= jpj@m7-$XXn//-&J:LO'r0>$)httpme!WPCWMt96^//OgWmI@x.?ejaph  avgt   20   17.547 ± 0.111  ns/op

Benchmark result is saved to dataset4_125_True_5_run.csv
