# JMH version: 1.26
# VM version: JDK 11.0.10, OpenJDK 64-Bit Server VM, 11.0.10+9-Ubuntu-0ubuntu1.20.04
# VM invoker: /usr/lib/jvm/java-11-openjdk-amd64/bin/java
# VM options: -server -Xms2G -Xmx2G
# Warmup: 5 iterations, 1 s each
# Measurement: 20 iterations, 1 s each
# Timeout: 10 min per iteration
# Threads: 1 thread, will synchronize iterations
# Benchmark mode: Average time, time/op
# Benchmark: benchmark.StringContains.regexMatches
# Parameters: (regex = http, str = o+vk-1VYK`, DxjO6B!+s0f!)V#F34j]C/[G
3y6Y3ze?;WC\w|qaIud9Lc=yeIypfM%,|V<=-bi4URPxto:	=7x;# h=\agPx@`Hhttp{nkJrJ&$d9SZ7^rnM*#q!m2q
.
@)

# Run progress: 0.00% complete, ETA 00:00:50
# Fork: 1 of 1
# Warmup Iteration   1: 426.306 ns/op
# Warmup Iteration   2: 367.601 ns/op
# Warmup Iteration   3: 353.377 ns/op
# Warmup Iteration   4: 351.984 ns/op
# Warmup Iteration   5: 353.379 ns/op
Iteration   1: 354.684 ns/op
Iteration   2: 354.862 ns/op
Iteration   3: 355.931 ns/op
Iteration   4: 357.782 ns/op
Iteration   5: 351.139 ns/op
Iteration   6: 358.940 ns/op
Iteration   7: 362.391 ns/op
Iteration   8: 349.037 ns/op
Iteration   9: 365.142 ns/op
Iteration  10: 350.318 ns/op
Iteration  11: 366.927 ns/op
Iteration  12: 350.737 ns/op
Iteration  13: 366.181 ns/op
Iteration  14: 351.439 ns/op
Iteration  15: 351.531 ns/op
Iteration  16: 352.472 ns/op
Iteration  17: 350.994 ns/op
Iteration  18: 352.655 ns/op
Iteration  19: 349.928 ns/op
Iteration  20: 352.670 ns/op


Result "benchmark.StringContains.regexMatches":
  355.288 ±(99.9%) 4.967 ns/op [Average]
  (min, avg, max) = (349.037, 355.288, 366.927), stdev = 5.720
  CI (99.9%): [350.321, 360.255] (assumes normal distribution)


# JMH version: 1.26
# VM version: JDK 11.0.10, OpenJDK 64-Bit Server VM, 11.0.10+9-Ubuntu-0ubuntu1.20.04
# VM invoker: /usr/lib/jvm/java-11-openjdk-amd64/bin/java
# VM options: -server -Xms2G -Xmx2G
# Warmup: 5 iterations, 1 s each
# Measurement: 20 iterations, 1 s each
# Timeout: 10 min per iteration
# Threads: 1 thread, will synchronize iterations
# Benchmark mode: Average time, time/op
# Benchmark: benchmark.StringContains.stringContains
# Parameters: (regex = http, str = o+vk-1VYK`, DxjO6B!+s0f!)V#F34j]C/[G
3y6Y3ze?;WC\w|qaIud9Lc=yeIypfM%,|V<=-bi4URPxto:	=7x;# h=\agPx@`Hhttp{nkJrJ&$d9SZ7^rnM*#q!m2q
.
@)

# Run progress: 50.00% complete, ETA 00:00:25
# Fork: 1 of 1
# Warmup Iteration   1: 17.351 ns/op
# Warmup Iteration   2: 19.008 ns/op
# Warmup Iteration   3: 18.601 ns/op
# Warmup Iteration   4: 18.575 ns/op
# Warmup Iteration   5: 18.608 ns/op
Iteration   1: 18.614 ns/op
Iteration   2: 18.615 ns/op
Iteration   3: 18.584 ns/op
Iteration   4: 18.581 ns/op
Iteration   5: 18.689 ns/op
Iteration   6: 18.680 ns/op
Iteration   7: 18.714 ns/op
Iteration   8: 18.625 ns/op
Iteration   9: 18.583 ns/op
Iteration  10: 18.688 ns/op
Iteration  11: 18.592 ns/op
Iteration  12: 18.580 ns/op
Iteration  13: 18.590 ns/op
Iteration  14: 18.627 ns/op
Iteration  15: 18.569 ns/op
Iteration  16: 18.529 ns/op
Iteration  17: 18.532 ns/op
Iteration  18: 18.556 ns/op
Iteration  19: 18.579 ns/op
Iteration  20: 18.521 ns/op


Result "benchmark.StringContains.stringContains":
  18.602 ±(99.9%) 0.048 ns/op [Average]
  (min, avg, max) = (18.521, 18.602, 18.714), stdev = 0.055
  CI (99.9%): [18.555, 18.650] (assumes normal distribution)


# Run complete. Total time: 00:00:50

REMEMBER: The numbers below are just data. To gain reusable insights, you need to follow up on
why the numbers are the way they are. Use profilers (see -prof, -lprof), design factorial
experiments, perform baseline and negative tests that provide experimental control, make sure
the benchmarking environment is safe on JVM/OS/HW level, ask for reviews from the domain experts.
Do not assume the numbers tell you what you want them to tell.

Benchmark                      (regex)                                                                                                                                      (str)  Mode  Cnt    Score   Error  Units
StringContains.regexMatches       http  o+vk-1VYK`, DxjO6B!+s0f!)V#F34j]C/[G
3y6Y3ze?;WC\w|qaIud9Lc=yeIypfM%,|V<=-bi4URPxto:	=7x;# h=\agPx@`Hhttp{nkJrJ&$d9SZ7^rnM*#q!m2q
.
@  avgt   20  355.288 ± 4.967  ns/op
StringContains.stringContains     http  o+vk-1VYK`, DxjO6B!+s0f!)V#F34j]C/[G
3y6Y3ze?;WC\w|qaIud9Lc=yeIypfM%,|V<=-bi4URPxto:	=7x;# h=\agPx@`Hhttp{nkJrJ&$d9SZ7^rnM*#q!m2q
.
@  avgt   20   18.602 ± 0.048  ns/op

Benchmark result is saved to dataset5_125_True_3_run.csv
