# JMH version: 1.29
# VM version: JDK 11.0.10, OpenJDK 64-Bit Server VM, 11.0.10+9-Ubuntu-0ubuntu1.18.04
# VM invoker: /usr/lib/jvm/java-11-openjdk-amd64/bin/java
# VM options: -server -Xms2G -Xmx2G
# Blackhole mode: full + dont-inline hint
# Warmup: 5 iterations, 1 s each
# Measurement: 20 iterations, 1 s each
# Timeout: 10 min per iteration
# Threads: 1 thread, will synchronize iterations
# Benchmark mode: Average time, time/op
# Benchmark: benchmark.StringContainsDataset.regexMatches
# Parameters: (json_filename = http_0.9_37.json, regex = http)

# Run progress: 0.00% complete, ETA 00:04:10
# Fork: 1 of 5
# Warmup Iteration   1: 1164490.930 ns/op
# Warmup Iteration   2: 1082640.418 ns/op
# Warmup Iteration   3: 1095838.427 ns/op
# Warmup Iteration   4: 1095233.895 ns/op
# Warmup Iteration   5: 1094816.947 ns/op
Iteration   1: 1074915.965 ns/op
Iteration   2: 1014388.678 ns/op
Iteration   3: 1013655.690 ns/op
Iteration   4: 1013750.679 ns/op
Iteration   5: 1013630.725 ns/op
Iteration   6: 1054014.079 ns/op
Iteration   7: 1094278.555 ns/op
Iteration   8: 1038158.571 ns/op
Iteration   9: 1014540.616 ns/op
Iteration  10: 1014456.027 ns/op
Iteration  11: 1014689.491 ns/op
Iteration  12: 1014605.514 ns/op
Iteration  13: 1014402.574 ns/op
Iteration  14: 1026387.196 ns/op
Iteration  15: 1017698.954 ns/op
Iteration  16: 1017685.877 ns/op
Iteration  17: 1017769.457 ns/op
Iteration  18: 1017534.039 ns/op
Iteration  19: 1017540.934 ns/op
Iteration  20: 1017731.341 ns/op

# Run progress: 10.00% complete, ETA 00:03:48
# Fork: 2 of 5
# Warmup Iteration   1: 1446224.753 ns/op
# Warmup Iteration   2: 1349323.290 ns/op
# Warmup Iteration   3: 1381852.058 ns/op
# Warmup Iteration   4: 1381895.153 ns/op
# Warmup Iteration   5: 1381784.330 ns/op
Iteration   1: 1381440.372 ns/op
Iteration   2: 1383846.682 ns/op
Iteration   3: 1330285.763 ns/op
Iteration   4: 1305404.638 ns/op
Iteration   5: 1305255.983 ns/op
Iteration   6: 1305098.465 ns/op
Iteration   7: 1305058.741 ns/op
Iteration   8: 1307533.999 ns/op
Iteration   9: 1354790.474 ns/op
Iteration  10: 1380945.988 ns/op
Iteration  11: 1320691.774 ns/op
Iteration  12: 1305726.253 ns/op
Iteration  13: 1305534.040 ns/op
Iteration  14: 1306052.021 ns/op
Iteration  15: 1305494.365 ns/op
Iteration  16: 1305662.460 ns/op
Iteration  17: 1308545.484 ns/op
Iteration  18: 1308208.316 ns/op
Iteration  19: 1349381.485 ns/op
Iteration  20: 1307483.329 ns/op

# Run progress: 20.00% complete, ETA 00:03:23
# Fork: 3 of 5
# Warmup Iteration   1: 1367611.995 ns/op
# Warmup Iteration   2: 1302508.460 ns/op
# Warmup Iteration   3: 1330101.336 ns/op
# Warmup Iteration   4: 1330504.059 ns/op
# Warmup Iteration   5: 1329949.928 ns/op
Iteration   1: 1329831.371 ns/op
Iteration   2: 1328837.714 ns/op
Iteration   3: 1252990.801 ns/op
Iteration   4: 1252355.832 ns/op
Iteration   5: 1252394.141 ns/op
Iteration   6: 1252268.298 ns/op
Iteration   7: 1252330.338 ns/op
Iteration   8: 1267613.582 ns/op
Iteration   9: 1329714.262 ns/op
Iteration  10: 1334136.225 ns/op
Iteration  11: 1252311.126 ns/op
Iteration  12: 1252193.534 ns/op
Iteration  13: 1252171.598 ns/op
Iteration  14: 1252342.941 ns/op
Iteration  15: 1251997.253 ns/op
Iteration  16: 1252894.005 ns/op
Iteration  17: 1252984.800 ns/op
Iteration  18: 1256226.532 ns/op
Iteration  19: 1260400.738 ns/op
Iteration  20: 1253191.110 ns/op

# Run progress: 30.00% complete, ETA 00:02:57
# Fork: 4 of 5
# Warmup Iteration   1: 1388579.055 ns/op
# Warmup Iteration   2: 1313393.421 ns/op
# Warmup Iteration   3: 1343274.444 ns/op
# Warmup Iteration   4: 1343830.613 ns/op
# Warmup Iteration   5: 1344227.192 ns/op
Iteration   1: 1344071.525 ns/op
Iteration   2: 1346944.004 ns/op
Iteration   3: 1264254.995 ns/op
Iteration   4: 1263808.749 ns/op
Iteration   5: 1263756.797 ns/op
Iteration   6: 1263841.875 ns/op
Iteration   7: 1263641.644 ns/op
Iteration   8: 1269235.817 ns/op
Iteration   9: 1342454.285 ns/op
Iteration  10: 1342036.264 ns/op
Iteration  11: 1264468.999 ns/op
Iteration  12: 1264058.711 ns/op
Iteration  13: 1264056.918 ns/op
Iteration  14: 1264204.683 ns/op
Iteration  15: 1264024.663 ns/op
Iteration  16: 1264539.506 ns/op
Iteration  17: 1263779.866 ns/op
Iteration  18: 1280186.693 ns/op
Iteration  19: 1272451.380 ns/op
Iteration  20: 1264039.865 ns/op

# Run progress: 40.00% complete, ETA 00:02:32
# Fork: 5 of 5
# Warmup Iteration   1: 1390687.785 ns/op
# Warmup Iteration   2: 1300963.563 ns/op
# Warmup Iteration   3: 1330101.307 ns/op
# Warmup Iteration   4: 1330643.035 ns/op
# Warmup Iteration   5: 1330425.810 ns/op
Iteration   1: 1330035.057 ns/op
Iteration   2: 1334444.973 ns/op
Iteration   3: 1253695.069 ns/op
Iteration   4: 1253122.842 ns/op
Iteration   5: 1253182.738 ns/op
Iteration   6: 1252806.255 ns/op
Iteration   7: 1253111.388 ns/op
Iteration   8: 1269810.678 ns/op
Iteration   9: 1331148.638 ns/op
Iteration  10: 1330224.230 ns/op
Iteration  11: 1260082.086 ns/op
Iteration  12: 1252186.859 ns/op
Iteration  13: 1252031.240 ns/op
Iteration  14: 1252013.234 ns/op
Iteration  15: 1251732.817 ns/op
Iteration  16: 1252397.562 ns/op
Iteration  17: 1254295.518 ns/op
Iteration  18: 1251929.900 ns/op
Iteration  19: 1265314.401 ns/op
Iteration  20: 1259669.373 ns/op


Result "benchmark.StringContainsDataset.regexMatches":
  1234365.539 ±(99.9%) 37453.294 ns/op [Average]
  (min, avg, max) = (1013630.725, 1234365.539, 1383846.682), stdev = 110431.891
  CI (99.9%): [1196912.245, 1271818.833] (assumes normal distribution)


# JMH version: 1.29
# VM version: JDK 11.0.10, OpenJDK 64-Bit Server VM, 11.0.10+9-Ubuntu-0ubuntu1.18.04
# VM invoker: /usr/lib/jvm/java-11-openjdk-amd64/bin/java
# VM options: -server -Xms2G -Xmx2G
# Blackhole mode: full + dont-inline hint
# Warmup: 5 iterations, 1 s each
# Measurement: 20 iterations, 1 s each
# Timeout: 10 min per iteration
# Threads: 1 thread, will synchronize iterations
# Benchmark mode: Average time, time/op
# Benchmark: benchmark.StringContainsDataset.stringContains
# Parameters: (json_filename = http_0.9_37.json, regex = http)

# Run progress: 50.00% complete, ETA 00:02:06
# Fork: 1 of 5
# Warmup Iteration   1: 58672.416 ns/op
# Warmup Iteration   2: 57035.524 ns/op
# Warmup Iteration   3: 57007.100 ns/op
# Warmup Iteration   4: 56920.492 ns/op
# Warmup Iteration   5: 56772.535 ns/op
Iteration   1: 56767.248 ns/op
Iteration   2: 56707.536 ns/op
Iteration   3: 53842.772 ns/op
Iteration   4: 53772.356 ns/op
Iteration   5: 53789.140 ns/op
Iteration   6: 53775.474 ns/op
Iteration   7: 53810.602 ns/op
Iteration   8: 53922.204 ns/op
Iteration   9: 53848.594 ns/op
Iteration  10: 53846.309 ns/op
Iteration  11: 53826.472 ns/op
Iteration  12: 53802.487 ns/op
Iteration  13: 53809.987 ns/op
Iteration  14: 53828.234 ns/op
Iteration  15: 53806.821 ns/op
Iteration  16: 53812.038 ns/op
Iteration  17: 53887.453 ns/op
Iteration  18: 53843.324 ns/op
Iteration  19: 53912.844 ns/op
Iteration  20: 53905.466 ns/op

# Run progress: 60.00% complete, ETA 00:01:41
# Fork: 2 of 5
# Warmup Iteration   1: 58380.609 ns/op
# Warmup Iteration   2: 57020.812 ns/op
# Warmup Iteration   3: 57005.733 ns/op
# Warmup Iteration   4: 56933.323 ns/op
# Warmup Iteration   5: 56876.271 ns/op
Iteration   1: 56883.820 ns/op
Iteration   2: 56820.332 ns/op
Iteration   3: 53304.642 ns/op
Iteration   4: 53273.868 ns/op
Iteration   5: 53274.494 ns/op
Iteration   6: 53276.353 ns/op
Iteration   7: 53257.412 ns/op
Iteration   8: 53330.467 ns/op
Iteration   9: 53288.157 ns/op
Iteration  10: 53278.922 ns/op
Iteration  11: 53322.700 ns/op
Iteration  12: 53318.867 ns/op
Iteration  13: 53232.529 ns/op
Iteration  14: 53334.344 ns/op
Iteration  15: 53347.312 ns/op
Iteration  16: 53303.909 ns/op
Iteration  17: 53425.248 ns/op
Iteration  18: 53341.115 ns/op
Iteration  19: 53324.258 ns/op
Iteration  20: 53431.432 ns/op

# Run progress: 70.00% complete, ETA 00:01:16
# Fork: 3 of 5
# Warmup Iteration   1: 58340.094 ns/op
# Warmup Iteration   2: 56937.733 ns/op
# Warmup Iteration   3: 56867.152 ns/op
# Warmup Iteration   4: 56819.467 ns/op
# Warmup Iteration   5: 56741.299 ns/op
Iteration   1: 56632.066 ns/op
Iteration   2: 57064.067 ns/op
Iteration   3: 54076.134 ns/op
Iteration   4: 54075.193 ns/op
Iteration   5: 54085.882 ns/op
Iteration   6: 54023.206 ns/op
Iteration   7: 54071.876 ns/op
Iteration   8: 54072.981 ns/op
Iteration   9: 54014.996 ns/op
Iteration  10: 54058.059 ns/op
Iteration  11: 54054.069 ns/op
Iteration  12: 56697.157 ns/op
Iteration  13: 54086.102 ns/op
Iteration  14: 60473.979 ns/op
Iteration  15: 54071.871 ns/op
Iteration  16: 54073.145 ns/op
Iteration  17: 54100.396 ns/op
Iteration  18: 54081.573 ns/op
Iteration  19: 54214.811 ns/op
Iteration  20: 54095.145 ns/op

# Run progress: 80.00% complete, ETA 00:00:50
# Fork: 4 of 5
# Warmup Iteration   1: 58042.310 ns/op
# Warmup Iteration   2: 56693.885 ns/op
# Warmup Iteration   3: 56632.114 ns/op
# Warmup Iteration   4: 56678.791 ns/op
# Warmup Iteration   5: 56629.663 ns/op
Iteration   1: 56586.884 ns/op
Iteration   2: 56832.126 ns/op
Iteration   3: 53341.742 ns/op
Iteration   4: 53364.117 ns/op
Iteration   5: 53357.648 ns/op
Iteration   6: 53363.188 ns/op
Iteration   7: 53324.299 ns/op
Iteration   8: 53352.426 ns/op
Iteration   9: 53362.945 ns/op
Iteration  10: 53326.205 ns/op
Iteration  11: 53313.579 ns/op
Iteration  12: 53293.791 ns/op
Iteration  13: 53304.950 ns/op
Iteration  14: 53326.051 ns/op
Iteration  15: 53320.632 ns/op
Iteration  16: 53384.096 ns/op
Iteration  17: 53343.378 ns/op
Iteration  18: 53344.754 ns/op
Iteration  19: 53332.651 ns/op
Iteration  20: 53349.305 ns/op

# Run progress: 90.00% complete, ETA 00:00:25
# Fork: 5 of 5
# Warmup Iteration   1: 58734.904 ns/op
# Warmup Iteration   2: 57521.590 ns/op
# Warmup Iteration   3: 57374.249 ns/op
# Warmup Iteration   4: 57367.348 ns/op
# Warmup Iteration   5: 57290.905 ns/op
Iteration   1: 57327.926 ns/op
Iteration   2: 57131.644 ns/op
Iteration   3: 53109.409 ns/op
Iteration   4: 53086.069 ns/op
Iteration   5: 53118.641 ns/op
Iteration   6: 53062.950 ns/op
Iteration   7: 53077.265 ns/op
Iteration   8: 53084.912 ns/op
Iteration   9: 53064.612 ns/op
Iteration  10: 53067.762 ns/op
Iteration  11: 53099.785 ns/op
Iteration  12: 53118.659 ns/op
Iteration  13: 53143.195 ns/op
Iteration  14: 53115.515 ns/op
Iteration  15: 53089.019 ns/op
Iteration  16: 53089.461 ns/op
Iteration  17: 53121.114 ns/op
Iteration  18: 53063.756 ns/op
Iteration  19: 53094.269 ns/op
Iteration  20: 53074.189 ns/op


Result "benchmark.StringContainsDataset.stringContains":
  53956.752 ±(99.9%) 436.501 ns/op [Average]
  (min, avg, max) = (53062.950, 53956.752, 60473.979), stdev = 1287.032
  CI (99.9%): [53520.251, 54393.252] (assumes normal distribution)


# Run complete. Total time: 00:04:13

REMEMBER: The numbers below are just data. To gain reusable insights, you need to follow up on
why the numbers are the way they are. Use profilers (see -prof, -lprof), design factorial
experiments, perform baseline and negative tests that provide experimental control, make sure
the benchmarking environment is safe on JVM/OS/HW level, ask for reviews from the domain experts.
Do not assume the numbers tell you what you want them to tell.

Benchmark                              (json_filename)  (regex)  Mode  Cnt        Score       Error  Units
StringContainsDataset.regexMatches    http_0.9_37.json     http  avgt  100  1234365.539 ± 37453.294  ns/op
StringContainsDataset.stringContains  http_0.9_37.json     http  avgt  100    53956.752 ±   436.501  ns/op

Benchmark result is saved to http_0.9_37.csv
