# JMH version: 1.29
# VM version: JDK 11.0.10, OpenJDK 64-Bit Server VM, 11.0.10+9-Ubuntu-0ubuntu1.18.04
# VM invoker: /usr/lib/jvm/java-11-openjdk-amd64/bin/java
# VM options: -server -Xms2G -Xmx2G
# Blackhole mode: full + dont-inline hint
# Warmup: 5 iterations, 1 s each
# Measurement: 20 iterations, 1 s each
# Timeout: 10 min per iteration
# Threads: 1 thread, will synchronize iterations
# Benchmark mode: Average time, time/op
# Benchmark: benchmark.StringContainsDataset.regexMatches
# Parameters: (json_filename = http_0.5_30.json, regex = http)

# Run progress: 0.00% complete, ETA 00:04:10
# Fork: 1 of 5
# Warmup Iteration   1: 1532470.907 ns/op
# Warmup Iteration   2: 1439382.327 ns/op
# Warmup Iteration   3: 1477648.253 ns/op
# Warmup Iteration   4: 1477373.709 ns/op
# Warmup Iteration   5: 1476982.934 ns/op
Iteration   1: 1477858.316 ns/op
Iteration   2: 1475391.065 ns/op
Iteration   3: 1459771.878 ns/op
Iteration   4: 1395263.407 ns/op
Iteration   5: 1395086.591 ns/op
Iteration   6: 1395215.870 ns/op
Iteration   7: 1395232.086 ns/op
Iteration   8: 1395737.675 ns/op
Iteration   9: 1395295.812 ns/op
Iteration  10: 1408244.399 ns/op
Iteration  11: 1395890.236 ns/op
Iteration  12: 1395619.972 ns/op
Iteration  13: 1395672.310 ns/op
Iteration  14: 1395873.494 ns/op
Iteration  15: 1395929.503 ns/op
Iteration  16: 1396004.107 ns/op
Iteration  17: 1464530.165 ns/op
Iteration  18: 1477550.298 ns/op
Iteration  19: 1426893.070 ns/op
Iteration  20: 1395997.343 ns/op

# Run progress: 10.00% complete, ETA 00:03:48
# Fork: 2 of 5
# Warmup Iteration   1: 1956251.186 ns/op
# Warmup Iteration   2: 1807229.117 ns/op
# Warmup Iteration   3: 1875632.923 ns/op
# Warmup Iteration   4: 1875427.464 ns/op
# Warmup Iteration   5: 1875466.260 ns/op
Iteration   1: 1875852.009 ns/op
Iteration   2: 1875377.983 ns/op
Iteration   3: 1875485.346 ns/op
Iteration   4: 1875414.610 ns/op
Iteration   5: 1866152.243 ns/op
Iteration   6: 1788178.957 ns/op
Iteration   7: 1787403.304 ns/op
Iteration   8: 1787673.754 ns/op
Iteration   9: 1788019.600 ns/op
Iteration  10: 1787080.707 ns/op
Iteration  11: 1787511.043 ns/op
Iteration  12: 1787419.621 ns/op
Iteration  13: 1787378.277 ns/op
Iteration  14: 1803524.335 ns/op
Iteration  15: 1786968.825 ns/op
Iteration  16: 1786702.164 ns/op
Iteration  17: 1787176.702 ns/op
Iteration  18: 1786675.993 ns/op
Iteration  19: 1786753.588 ns/op
Iteration  20: 1787437.827 ns/op

# Run progress: 20.00% complete, ETA 00:03:23
# Fork: 3 of 5
# Warmup Iteration   1: 2050752.689 ns/op
# Warmup Iteration   2: 1901104.484 ns/op
# Warmup Iteration   3: 1980211.042 ns/op
# Warmup Iteration   4: 1979985.219 ns/op
# Warmup Iteration   5: 1980203.480 ns/op
Iteration   1: 1980658.095 ns/op
Iteration   2: 1980610.180 ns/op
Iteration   3: 1979970.229 ns/op
Iteration   4: 1980334.089 ns/op
Iteration   5: 1980286.771 ns/op
Iteration   6: 1938264.597 ns/op
Iteration   7: 1899543.911 ns/op
Iteration   8: 1899572.962 ns/op
Iteration   9: 1899479.101 ns/op
Iteration  10: 1899383.734 ns/op
Iteration  11: 1900055.262 ns/op
Iteration  12: 1899762.389 ns/op
Iteration  13: 1899784.205 ns/op
Iteration  14: 1899891.620 ns/op
Iteration  15: 1917460.975 ns/op
Iteration  16: 1900213.336 ns/op
Iteration  17: 1899931.833 ns/op
Iteration  18: 1899457.820 ns/op
Iteration  19: 1899732.021 ns/op
Iteration  20: 1899739.497 ns/op

# Run progress: 30.00% complete, ETA 00:02:57
# Fork: 4 of 5
# Warmup Iteration   1: 1531025.411 ns/op
# Warmup Iteration   2: 1430790.176 ns/op
# Warmup Iteration   3: 1469073.783 ns/op
# Warmup Iteration   4: 1469390.167 ns/op
# Warmup Iteration   5: 1469321.347 ns/op
Iteration   1: 1469391.862 ns/op
Iteration   2: 1469340.012 ns/op
Iteration   3: 1452009.245 ns/op
Iteration   4: 1393399.609 ns/op
Iteration   5: 1393446.513 ns/op
Iteration   6: 1393262.409 ns/op
Iteration   7: 1393337.099 ns/op
Iteration   8: 1393493.156 ns/op
Iteration   9: 1393211.481 ns/op
Iteration  10: 1405320.896 ns/op
Iteration  11: 1393554.948 ns/op
Iteration  12: 1393536.876 ns/op
Iteration  13: 1393455.730 ns/op
Iteration  14: 1393425.868 ns/op
Iteration  15: 1394572.113 ns/op
Iteration  16: 1394826.074 ns/op
Iteration  17: 1452025.904 ns/op
Iteration  18: 1394997.318 ns/op
Iteration  19: 1394794.964 ns/op
Iteration  20: 1394740.872 ns/op

# Run progress: 40.00% complete, ETA 00:02:32
# Fork: 5 of 5
# Warmup Iteration   1: 1679168.270 ns/op
# Warmup Iteration   2: 1544056.954 ns/op
# Warmup Iteration   3: 1593441.318 ns/op
# Warmup Iteration   4: 1592746.441 ns/op
# Warmup Iteration   5: 1593163.438 ns/op
Iteration   1: 1592857.175 ns/op
Iteration   2: 1592600.099 ns/op
Iteration   3: 1592194.211 ns/op
Iteration   4: 1553388.205 ns/op
Iteration   5: 1516258.411 ns/op
Iteration   6: 1516127.471 ns/op
Iteration   7: 1516115.277 ns/op
Iteration   8: 1516745.523 ns/op
Iteration   9: 1515911.648 ns/op
Iteration  10: 1515913.817 ns/op
Iteration  11: 1530264.080 ns/op
Iteration  12: 1516248.533 ns/op
Iteration  13: 1516112.036 ns/op
Iteration  14: 1516048.245 ns/op
Iteration  15: 1515992.900 ns/op
Iteration  16: 1516069.527 ns/op
Iteration  17: 1516255.892 ns/op
Iteration  18: 1516418.667 ns/op
Iteration  19: 1587208.848 ns/op
Iteration  20: 1595777.155 ns/op


Result "benchmark.StringContainsDataset.regexMatches":
  1618920.278 ±(99.9%) 72493.194 ns/op [Average]
  (min, avg, max) = (1393211.481, 1618920.278, 1980658.095), stdev = 213747.833
  CI (99.9%): [1546427.084, 1691413.472] (assumes normal distribution)


# JMH version: 1.29
# VM version: JDK 11.0.10, OpenJDK 64-Bit Server VM, 11.0.10+9-Ubuntu-0ubuntu1.18.04
# VM invoker: /usr/lib/jvm/java-11-openjdk-amd64/bin/java
# VM options: -server -Xms2G -Xmx2G
# Blackhole mode: full + dont-inline hint
# Warmup: 5 iterations, 1 s each
# Measurement: 20 iterations, 1 s each
# Timeout: 10 min per iteration
# Threads: 1 thread, will synchronize iterations
# Benchmark mode: Average time, time/op
# Benchmark: benchmark.StringContainsDataset.stringContains
# Parameters: (json_filename = http_0.5_30.json, regex = http)

# Run progress: 50.00% complete, ETA 00:02:06
# Fork: 1 of 5
# Warmup Iteration   1: 52340.407 ns/op
# Warmup Iteration   2: 51323.592 ns/op
# Warmup Iteration   3: 51361.543 ns/op
# Warmup Iteration   4: 51350.855 ns/op
# Warmup Iteration   5: 51294.456 ns/op
Iteration   1: 51857.810 ns/op
Iteration   2: 52119.062 ns/op
Iteration   3: 52113.532 ns/op
Iteration   4: 52108.510 ns/op
Iteration   5: 52132.039 ns/op
Iteration   6: 52158.783 ns/op
Iteration   7: 52070.811 ns/op
Iteration   8: 52173.060 ns/op
Iteration   9: 52145.786 ns/op
Iteration  10: 52169.726 ns/op
Iteration  11: 52134.215 ns/op
Iteration  12: 52124.544 ns/op
Iteration  13: 52075.936 ns/op
Iteration  14: 52077.522 ns/op
Iteration  15: 52109.373 ns/op
Iteration  16: 52131.735 ns/op
Iteration  17: 52081.976 ns/op
Iteration  18: 52109.982 ns/op
Iteration  19: 52110.693 ns/op
Iteration  20: 52167.892 ns/op

# Run progress: 60.00% complete, ETA 00:01:41
# Fork: 2 of 5
# Warmup Iteration   1: 52683.423 ns/op
# Warmup Iteration   2: 51495.583 ns/op
# Warmup Iteration   3: 51481.343 ns/op
# Warmup Iteration   4: 51417.623 ns/op
# Warmup Iteration   5: 51358.097 ns/op
Iteration   1: 51756.467 ns/op
Iteration   2: 50931.948 ns/op
Iteration   3: 50968.932 ns/op
Iteration   4: 50987.533 ns/op
Iteration   5: 50965.225 ns/op
Iteration   6: 50924.916 ns/op
Iteration   7: 50969.746 ns/op
Iteration   8: 50980.977 ns/op
Iteration   9: 50934.844 ns/op
Iteration  10: 50967.278 ns/op
Iteration  11: 50909.866 ns/op
Iteration  12: 50927.280 ns/op
Iteration  13: 50954.994 ns/op
Iteration  14: 50921.294 ns/op
Iteration  15: 50902.518 ns/op
Iteration  16: 50903.232 ns/op
Iteration  17: 51044.371 ns/op
Iteration  18: 50876.748 ns/op
Iteration  19: 51006.239 ns/op
Iteration  20: 50900.242 ns/op

# Run progress: 70.00% complete, ETA 00:01:16
# Fork: 3 of 5
# Warmup Iteration   1: 52471.567 ns/op
# Warmup Iteration   2: 51086.918 ns/op
# Warmup Iteration   3: 51025.242 ns/op
# Warmup Iteration   4: 51004.883 ns/op
# Warmup Iteration   5: 51017.911 ns/op
Iteration   1: 51514.393 ns/op
Iteration   2: 48525.769 ns/op
Iteration   3: 48549.391 ns/op
Iteration   4: 48479.919 ns/op
Iteration   5: 48487.737 ns/op
Iteration   6: 48591.802 ns/op
Iteration   7: 48462.666 ns/op
Iteration   8: 48470.699 ns/op
Iteration   9: 48549.440 ns/op
Iteration  10: 48637.019 ns/op
Iteration  11: 48538.594 ns/op
Iteration  12: 48529.111 ns/op
Iteration  13: 48540.571 ns/op
Iteration  14: 48586.398 ns/op
Iteration  15: 48531.168 ns/op
Iteration  16: 48558.397 ns/op
Iteration  17: 48567.655 ns/op
Iteration  18: 48562.451 ns/op
Iteration  19: 48480.996 ns/op
Iteration  20: 48559.763 ns/op

# Run progress: 80.00% complete, ETA 00:00:50
# Fork: 4 of 5
# Warmup Iteration   1: 52085.487 ns/op
# Warmup Iteration   2: 50816.806 ns/op
# Warmup Iteration   3: 50817.325 ns/op
# Warmup Iteration   4: 50742.404 ns/op
# Warmup Iteration   5: 50776.587 ns/op
Iteration   1: 51335.785 ns/op
Iteration   2: 47945.920 ns/op
Iteration   3: 47886.866 ns/op
Iteration   4: 47874.742 ns/op
Iteration   5: 47918.997 ns/op
Iteration   6: 47896.273 ns/op
Iteration   7: 47831.051 ns/op
Iteration   8: 47888.324 ns/op
Iteration   9: 47954.810 ns/op
Iteration  10: 47956.506 ns/op
Iteration  11: 47976.650 ns/op
Iteration  12: 47835.429 ns/op
Iteration  13: 47850.114 ns/op
Iteration  14: 47931.917 ns/op
Iteration  15: 47813.819 ns/op
Iteration  16: 47856.721 ns/op
Iteration  17: 47811.309 ns/op
Iteration  18: 47866.604 ns/op
Iteration  19: 47834.825 ns/op
Iteration  20: 47856.304 ns/op

# Run progress: 90.00% complete, ETA 00:00:25
# Fork: 5 of 5
# Warmup Iteration   1: 53182.544 ns/op
# Warmup Iteration   2: 52119.091 ns/op
# Warmup Iteration   3: 52126.948 ns/op
# Warmup Iteration   4: 52070.551 ns/op
# Warmup Iteration   5: 51992.518 ns/op
Iteration   1: 52193.245 ns/op
Iteration   2: 48546.279 ns/op
Iteration   3: 48461.614 ns/op
Iteration   4: 48489.530 ns/op
Iteration   5: 48518.620 ns/op
Iteration   6: 48502.408 ns/op
Iteration   7: 48557.055 ns/op
Iteration   8: 48458.158 ns/op
Iteration   9: 48513.263 ns/op
Iteration  10: 48589.236 ns/op
Iteration  11: 48519.001 ns/op
Iteration  12: 48490.854 ns/op
Iteration  13: 48483.459 ns/op
Iteration  14: 48506.265 ns/op
Iteration  15: 48396.998 ns/op
Iteration  16: 48484.460 ns/op
Iteration  17: 48496.675 ns/op
Iteration  18: 48412.356 ns/op
Iteration  19: 48524.769 ns/op
Iteration  20: 48479.609 ns/op


Result "benchmark.StringContainsDataset.stringContains":
  49703.784 ±(99.9%) 568.423 ns/op [Average]
  (min, avg, max) = (47811.309, 49703.784, 52193.245), stdev = 1676.009
  CI (99.9%): [49135.361, 50272.207] (assumes normal distribution)


# Run complete. Total time: 00:04:13

REMEMBER: The numbers below are just data. To gain reusable insights, you need to follow up on
why the numbers are the way they are. Use profilers (see -prof, -lprof), design factorial
experiments, perform baseline and negative tests that provide experimental control, make sure
the benchmarking environment is safe on JVM/OS/HW level, ask for reviews from the domain experts.
Do not assume the numbers tell you what you want them to tell.

Benchmark                              (json_filename)  (regex)  Mode  Cnt        Score       Error  Units
StringContainsDataset.regexMatches    http_0.5_30.json     http  avgt  100  1618920.278 ± 72493.194  ns/op
StringContainsDataset.stringContains  http_0.5_30.json     http  avgt  100    49703.784 ±   568.423  ns/op

Benchmark result is saved to http_0.5_30.csv
