# JMH version: 1.29
# VM version: JDK 11.0.10, OpenJDK 64-Bit Server VM, 11.0.10+9-Ubuntu-0ubuntu1.18.04
# VM invoker: /usr/lib/jvm/java-11-openjdk-amd64/bin/java
# VM options: -server -Xms2G -Xmx2G
# Blackhole mode: full + dont-inline hint
# Warmup: 5 iterations, 1 s each
# Measurement: 20 iterations, 1 s each
# Timeout: 10 min per iteration
# Threads: 1 thread, will synchronize iterations
# Benchmark mode: Average time, time/op
# Benchmark: benchmark.StringContainsDataset.regexMatches
# Parameters: (json_filename = http_0.9_28.json, regex = http)

# Run progress: 0.00% complete, ETA 00:04:10
# Fork: 1 of 5
# Warmup Iteration   1: 1170989.834 ns/op
# Warmup Iteration   2: 1108491.064 ns/op
# Warmup Iteration   3: 1119719.171 ns/op
# Warmup Iteration   4: 1119772.690 ns/op
# Warmup Iteration   5: 1117347.530 ns/op
Iteration   1: 1111905.236 ns/op
Iteration   2: 1041225.080 ns/op
Iteration   3: 1040514.921 ns/op
Iteration   4: 1040524.610 ns/op
Iteration   5: 1040746.985 ns/op
Iteration   6: 1058032.841 ns/op
Iteration   7: 1118915.210 ns/op
Iteration   8: 1080903.873 ns/op
Iteration   9: 1040338.247 ns/op
Iteration  10: 1040483.646 ns/op
Iteration  11: 1040423.502 ns/op
Iteration  12: 1040088.368 ns/op
Iteration  13: 1040439.210 ns/op
Iteration  14: 1039925.003 ns/op
Iteration  15: 1055438.396 ns/op
Iteration  16: 1039860.621 ns/op
Iteration  17: 1040185.861 ns/op
Iteration  18: 1039850.804 ns/op
Iteration  19: 1039905.561 ns/op
Iteration  20: 1039971.834 ns/op

# Run progress: 10.00% complete, ETA 00:03:48
# Fork: 2 of 5
# Warmup Iteration   1: 1412590.093 ns/op
# Warmup Iteration   2: 1337818.390 ns/op
# Warmup Iteration   3: 1369243.168 ns/op
# Warmup Iteration   4: 1369192.419 ns/op
# Warmup Iteration   5: 1369229.527 ns/op
Iteration   1: 1369360.138 ns/op
Iteration   2: 1369113.134 ns/op
Iteration   3: 1301232.858 ns/op
Iteration   4: 1288771.840 ns/op
Iteration   5: 1288888.414 ns/op
Iteration   6: 1289000.041 ns/op
Iteration   7: 1288846.084 ns/op
Iteration   8: 1289155.940 ns/op
Iteration   9: 1358710.087 ns/op
Iteration  10: 1367899.999 ns/op
Iteration  11: 1298814.811 ns/op
Iteration  12: 1352123.784 ns/op
Iteration  13: 1352384.677 ns/op
Iteration  14: 1352216.138 ns/op
Iteration  15: 1352178.635 ns/op
Iteration  16: 1352186.658 ns/op
Iteration  17: 1352513.784 ns/op
Iteration  18: 1352321.066 ns/op
Iteration  19: 1394017.280 ns/op
Iteration  20: 1352009.553 ns/op

# Run progress: 20.00% complete, ETA 00:03:23
# Fork: 3 of 5
# Warmup Iteration   1: 1474455.831 ns/op
# Warmup Iteration   2: 1360570.614 ns/op
# Warmup Iteration   3: 1398548.031 ns/op
# Warmup Iteration   4: 1397414.711 ns/op
# Warmup Iteration   5: 1396887.718 ns/op
Iteration   1: 1397380.529 ns/op
Iteration   2: 1397493.545 ns/op
Iteration   3: 1348793.620 ns/op
Iteration   4: 1319873.518 ns/op
Iteration   5: 1319811.530 ns/op
Iteration   6: 1319919.296 ns/op
Iteration   7: 1320010.025 ns/op
Iteration   8: 1320868.891 ns/op
Iteration   9: 1358781.075 ns/op
Iteration  10: 1397438.552 ns/op
Iteration  11: 1394441.787 ns/op
Iteration  12: 1273202.611 ns/op
Iteration  13: 1273309.648 ns/op
Iteration  14: 1273572.698 ns/op
Iteration  15: 1273618.270 ns/op
Iteration  16: 1273825.641 ns/op
Iteration  17: 1275528.149 ns/op
Iteration  18: 1274663.666 ns/op
Iteration  19: 1274699.796 ns/op
Iteration  20: 1282284.250 ns/op

# Run progress: 30.00% complete, ETA 00:02:57
# Fork: 4 of 5
# Warmup Iteration   1: 1169139.639 ns/op
# Warmup Iteration   2: 1103287.943 ns/op
# Warmup Iteration   3: 1115952.337 ns/op
# Warmup Iteration   4: 1115859.644 ns/op
# Warmup Iteration   5: 1116236.498 ns/op
Iteration   1: 1104783.024 ns/op
Iteration   2: 1042223.829 ns/op
Iteration   3: 1041532.948 ns/op
Iteration   4: 1041615.071 ns/op
Iteration   5: 1041500.211 ns/op
Iteration   6: 1064502.132 ns/op
Iteration   7: 1115578.304 ns/op
Iteration   8: 1079087.592 ns/op
Iteration   9: 1040833.578 ns/op
Iteration  10: 1040746.462 ns/op
Iteration  11: 1041024.642 ns/op
Iteration  12: 1041356.513 ns/op
Iteration  13: 1041643.268 ns/op
Iteration  14: 1041372.979 ns/op
Iteration  15: 1055051.153 ns/op
Iteration  16: 1041771.973 ns/op
Iteration  17: 1041858.425 ns/op
Iteration  18: 1042124.556 ns/op
Iteration  19: 1041744.616 ns/op
Iteration  20: 1041983.150 ns/op

# Run progress: 40.00% complete, ETA 00:02:32
# Fork: 5 of 5
# Warmup Iteration   1: 1404609.560 ns/op
# Warmup Iteration   2: 1337081.886 ns/op
# Warmup Iteration   3: 1368547.524 ns/op
# Warmup Iteration   4: 1368883.331 ns/op
# Warmup Iteration   5: 1368531.725 ns/op
Iteration   1: 1368946.456 ns/op
Iteration   2: 1367729.052 ns/op
Iteration   3: 1300102.451 ns/op
Iteration   4: 1289337.193 ns/op
Iteration   5: 1289310.749 ns/op
Iteration   6: 1289989.992 ns/op
Iteration   7: 1289847.695 ns/op
Iteration   8: 1290817.546 ns/op
Iteration   9: 1359417.569 ns/op
Iteration  10: 1367579.168 ns/op
Iteration  11: 1328931.515 ns/op
Iteration  12: 1290590.797 ns/op
Iteration  13: 1290126.844 ns/op
Iteration  14: 1289492.992 ns/op
Iteration  15: 1289886.300 ns/op
Iteration  16: 1289070.483 ns/op
Iteration  17: 1289667.084 ns/op
Iteration  18: 1289269.237 ns/op
Iteration  19: 1295419.373 ns/op
Iteration  20: 1289189.242 ns/op


Result "benchmark.StringContainsDataset.regexMatches":
  1213179.980 ±(99.9%) 46365.757 ns/op [Average]
  (min, avg, max) = (1039850.804, 1213179.980, 1397493.545), stdev = 136710.490
  CI (99.9%): [1166814.223, 1259545.737] (assumes normal distribution)


# JMH version: 1.29
# VM version: JDK 11.0.10, OpenJDK 64-Bit Server VM, 11.0.10+9-Ubuntu-0ubuntu1.18.04
# VM invoker: /usr/lib/jvm/java-11-openjdk-amd64/bin/java
# VM options: -server -Xms2G -Xmx2G
# Blackhole mode: full + dont-inline hint
# Warmup: 5 iterations, 1 s each
# Measurement: 20 iterations, 1 s each
# Timeout: 10 min per iteration
# Threads: 1 thread, will synchronize iterations
# Benchmark mode: Average time, time/op
# Benchmark: benchmark.StringContainsDataset.stringContains
# Parameters: (json_filename = http_0.9_28.json, regex = http)

# Run progress: 50.00% complete, ETA 00:02:06
# Fork: 1 of 5
# Warmup Iteration   1: 58033.575 ns/op
# Warmup Iteration   2: 56832.771 ns/op
# Warmup Iteration   3: 56740.798 ns/op
# Warmup Iteration   4: 56820.158 ns/op
# Warmup Iteration   5: 56638.608 ns/op
Iteration   1: 56714.399 ns/op
Iteration   2: 56272.564 ns/op
Iteration   3: 52940.639 ns/op
Iteration   4: 52842.317 ns/op
Iteration   5: 52894.174 ns/op
Iteration   6: 52862.832 ns/op
Iteration   7: 52843.737 ns/op
Iteration   8: 52849.607 ns/op
Iteration   9: 52851.924 ns/op
Iteration  10: 52875.171 ns/op
Iteration  11: 52843.332 ns/op
Iteration  12: 52885.302 ns/op
Iteration  13: 52878.922 ns/op
Iteration  14: 52840.032 ns/op
Iteration  15: 52852.951 ns/op
Iteration  16: 52818.484 ns/op
Iteration  17: 52838.566 ns/op
Iteration  18: 52872.690 ns/op
Iteration  19: 52846.037 ns/op
Iteration  20: 52832.614 ns/op

# Run progress: 60.00% complete, ETA 00:01:41
# Fork: 2 of 5
# Warmup Iteration   1: 57440.089 ns/op
# Warmup Iteration   2: 55988.154 ns/op
# Warmup Iteration   3: 55975.594 ns/op
# Warmup Iteration   4: 55983.365 ns/op
# Warmup Iteration   5: 55877.933 ns/op
Iteration   1: 55899.756 ns/op
Iteration   2: 55874.924 ns/op
Iteration   3: 52306.566 ns/op
Iteration   4: 52273.569 ns/op
Iteration   5: 52263.982 ns/op
Iteration   6: 52266.413 ns/op
Iteration   7: 52228.598 ns/op
Iteration   8: 52307.959 ns/op
Iteration   9: 52237.105 ns/op
Iteration  10: 52218.157 ns/op
Iteration  11: 52214.714 ns/op
Iteration  12: 52129.204 ns/op
Iteration  13: 52149.619 ns/op
Iteration  14: 52196.370 ns/op
Iteration  15: 52155.685 ns/op
Iteration  16: 52177.315 ns/op
Iteration  17: 52199.170 ns/op
Iteration  18: 52178.885 ns/op
Iteration  19: 52181.901 ns/op
Iteration  20: 52268.679 ns/op

# Run progress: 70.00% complete, ETA 00:01:16
# Fork: 3 of 5
# Warmup Iteration   1: 56350.387 ns/op
# Warmup Iteration   2: 55019.022 ns/op
# Warmup Iteration   3: 54953.870 ns/op
# Warmup Iteration   4: 54841.904 ns/op
# Warmup Iteration   5: 54713.632 ns/op
Iteration   1: 54729.755 ns/op
Iteration   2: 55402.057 ns/op
Iteration   3: 56298.667 ns/op
Iteration   4: 56186.772 ns/op
Iteration   5: 56235.140 ns/op
Iteration   6: 56113.778 ns/op
Iteration   7: 56193.926 ns/op
Iteration   8: 56291.043 ns/op
Iteration   9: 56153.383 ns/op
Iteration  10: 56213.773 ns/op
Iteration  11: 56275.340 ns/op
Iteration  12: 56183.749 ns/op
Iteration  13: 56191.091 ns/op
Iteration  14: 56099.895 ns/op
Iteration  15: 56103.430 ns/op
Iteration  16: 56114.868 ns/op
Iteration  17: 56195.991 ns/op
Iteration  18: 56153.196 ns/op
Iteration  19: 56227.895 ns/op
Iteration  20: 56274.097 ns/op

# Run progress: 80.00% complete, ETA 00:00:50
# Fork: 4 of 5
# Warmup Iteration   1: 56452.805 ns/op
# Warmup Iteration   2: 55139.265 ns/op
# Warmup Iteration   3: 55146.923 ns/op
# Warmup Iteration   4: 55144.171 ns/op
# Warmup Iteration   5: 55037.412 ns/op
Iteration   1: 55034.720 ns/op
Iteration   2: 55108.886 ns/op
Iteration   3: 52915.811 ns/op
Iteration   4: 52904.482 ns/op
Iteration   5: 52910.726 ns/op
Iteration   6: 52958.770 ns/op
Iteration   7: 52848.027 ns/op
Iteration   8: 52879.321 ns/op
Iteration   9: 52888.073 ns/op
Iteration  10: 52851.017 ns/op
Iteration  11: 52909.902 ns/op
Iteration  12: 52880.740 ns/op
Iteration  13: 52840.689 ns/op
Iteration  14: 52893.523 ns/op
Iteration  15: 52897.403 ns/op
Iteration  16: 52925.084 ns/op
Iteration  17: 52900.320 ns/op
Iteration  18: 52912.381 ns/op
Iteration  19: 52908.729 ns/op
Iteration  20: 52896.534 ns/op

# Run progress: 90.00% complete, ETA 00:00:25
# Fork: 5 of 5
# Warmup Iteration   1: 56447.583 ns/op
# Warmup Iteration   2: 55042.567 ns/op
# Warmup Iteration   3: 55022.549 ns/op
# Warmup Iteration   4: 54983.342 ns/op
# Warmup Iteration   5: 54850.745 ns/op
Iteration   1: 54856.282 ns/op
Iteration   2: 56100.656 ns/op
Iteration   3: 53224.323 ns/op
Iteration   4: 53235.129 ns/op
Iteration   5: 53257.164 ns/op
Iteration   6: 53223.468 ns/op
Iteration   7: 53224.791 ns/op
Iteration   8: 53203.915 ns/op
Iteration   9: 53262.703 ns/op
Iteration  10: 53209.857 ns/op
Iteration  11: 53270.531 ns/op
Iteration  12: 53292.970 ns/op
Iteration  13: 53230.191 ns/op
Iteration  14: 53206.272 ns/op
Iteration  15: 53264.736 ns/op
Iteration  16: 53244.623 ns/op
Iteration  17: 53218.830 ns/op
Iteration  18: 53241.512 ns/op
Iteration  19: 53198.084 ns/op
Iteration  20: 53227.572 ns/op


Result "benchmark.StringContainsDataset.stringContains":
  53692.815 ±(99.9%) 505.552 ns/op [Average]
  (min, avg, max) = (52129.204, 53692.815, 56714.399), stdev = 1490.632
  CI (99.9%): [53187.262, 54198.367] (assumes normal distribution)


# Run complete. Total time: 00:04:13

REMEMBER: The numbers below are just data. To gain reusable insights, you need to follow up on
why the numbers are the way they are. Use profilers (see -prof, -lprof), design factorial
experiments, perform baseline and negative tests that provide experimental control, make sure
the benchmarking environment is safe on JVM/OS/HW level, ask for reviews from the domain experts.
Do not assume the numbers tell you what you want them to tell.

Benchmark                              (json_filename)  (regex)  Mode  Cnt        Score       Error  Units
StringContainsDataset.regexMatches    http_0.9_28.json     http  avgt  100  1213179.980 ± 46365.757  ns/op
StringContainsDataset.stringContains  http_0.9_28.json     http  avgt  100    53692.815 ±   505.552  ns/op

Benchmark result is saved to http_0.9_28.csv
