# JMH version: 1.29
# VM version: JDK 11.0.10, OpenJDK 64-Bit Server VM, 11.0.10+9-Ubuntu-0ubuntu1.18.04
# VM invoker: /usr/lib/jvm/java-11-openjdk-amd64/bin/java
# VM options: -server -Xms2G -Xmx2G
# Blackhole mode: full + dont-inline hint
# Warmup: 5 iterations, 1 s each
# Measurement: 20 iterations, 1 s each
# Timeout: 10 min per iteration
# Threads: 1 thread, will synchronize iterations
# Benchmark mode: Average time, time/op
# Benchmark: benchmark.StringContainsDataset.regexMatches
# Parameters: (json_filename = http_0.3_42.json, regex = http)

# Run progress: 0.00% complete, ETA 00:04:10
# Fork: 1 of 5
# Warmup Iteration   1: 1831958.238 ns/op
# Warmup Iteration   2: 1670867.878 ns/op
# Warmup Iteration   3: 1732644.789 ns/op
# Warmup Iteration   4: 1731610.896 ns/op
# Warmup Iteration   5: 1731345.597 ns/op
Iteration   1: 1731062.822 ns/op
Iteration   2: 1732808.301 ns/op
Iteration   3: 1730722.671 ns/op
Iteration   4: 1741070.063 ns/op
Iteration   5: 1652929.267 ns/op
Iteration   6: 1652697.363 ns/op
Iteration   7: 1652639.408 ns/op
Iteration   8: 1653531.372 ns/op
Iteration   9: 1653014.454 ns/op
Iteration  10: 1653235.792 ns/op
Iteration  11: 1654144.369 ns/op
Iteration  12: 1668314.852 ns/op
Iteration  13: 1653355.673 ns/op
Iteration  14: 1653172.912 ns/op
Iteration  15: 1653539.992 ns/op
Iteration  16: 1653622.942 ns/op
Iteration  17: 1654641.413 ns/op
Iteration  18: 1653467.017 ns/op
Iteration  19: 1653044.269 ns/op
Iteration  20: 1669414.683 ns/op

# Run progress: 10.00% complete, ETA 00:03:48
# Fork: 2 of 5
# Warmup Iteration   1: 1811000.056 ns/op
# Warmup Iteration   2: 1663680.013 ns/op
# Warmup Iteration   3: 1725376.598 ns/op
# Warmup Iteration   4: 1725761.459 ns/op
# Warmup Iteration   5: 1726049.293 ns/op
Iteration   1: 1725201.097 ns/op
Iteration   2: 1723455.506 ns/op
Iteration   3: 1724966.133 ns/op
Iteration   4: 1724009.628 ns/op
Iteration   5: 1658487.689 ns/op
Iteration   6: 1644915.102 ns/op
Iteration   7: 1645095.822 ns/op
Iteration   8: 1644106.054 ns/op
Iteration   9: 1643628.844 ns/op
Iteration  10: 1644617.391 ns/op
Iteration  11: 1644816.348 ns/op
Iteration  12: 1652319.117 ns/op
Iteration  13: 1725953.460 ns/op
Iteration  14: 1725778.583 ns/op
Iteration  15: 1711356.785 ns/op
Iteration  16: 1644842.739 ns/op
Iteration  17: 1643178.560 ns/op
Iteration  18: 1643068.374 ns/op
Iteration  19: 1644484.105 ns/op
Iteration  20: 1644870.611 ns/op

# Run progress: 20.00% complete, ETA 00:03:23
# Fork: 3 of 5
# Warmup Iteration   1: 1918358.293 ns/op
# Warmup Iteration   2: 1727958.724 ns/op
# Warmup Iteration   3: 1792550.819 ns/op
# Warmup Iteration   4: 1792615.278 ns/op
# Warmup Iteration   5: 1793421.362 ns/op
Iteration   1: 1793303.500 ns/op
Iteration   2: 1793846.522 ns/op
Iteration   3: 1792673.643 ns/op
Iteration   4: 1793553.781 ns/op
Iteration   5: 1759346.568 ns/op
Iteration   6: 1715549.436 ns/op
Iteration   7: 1715835.780 ns/op
Iteration   8: 1715786.904 ns/op
Iteration   9: 1714086.920 ns/op
Iteration  10: 1714301.279 ns/op
Iteration  11: 1714280.310 ns/op
Iteration  12: 1714255.334 ns/op
Iteration  13: 1729397.945 ns/op
Iteration  14: 1714489.361 ns/op
Iteration  15: 1714128.300 ns/op
Iteration  16: 1714026.622 ns/op
Iteration  17: 1714582.264 ns/op
Iteration  18: 1714095.171 ns/op
Iteration  19: 1714142.628 ns/op
Iteration  20: 1714729.976 ns/op

# Run progress: 30.00% complete, ETA 00:02:57
# Fork: 4 of 5
# Warmup Iteration   1: 1833782.432 ns/op
# Warmup Iteration   2: 1669999.563 ns/op
# Warmup Iteration   3: 1729090.948 ns/op
# Warmup Iteration   4: 1728786.292 ns/op
# Warmup Iteration   5: 1729116.620 ns/op
Iteration   1: 1729102.016 ns/op
Iteration   2: 1729276.050 ns/op
Iteration   3: 1728542.786 ns/op
Iteration   4: 1728685.451 ns/op
Iteration   5: 1668249.975 ns/op
Iteration   6: 1652766.505 ns/op
Iteration   7: 1652805.776 ns/op
Iteration   8: 1653110.904 ns/op
Iteration   9: 1652591.041 ns/op
Iteration  10: 1652738.998 ns/op
Iteration  11: 1652869.038 ns/op
Iteration  12: 1653068.840 ns/op
Iteration  13: 1667213.952 ns/op
Iteration  14: 1652640.931 ns/op
Iteration  15: 1652604.911 ns/op
Iteration  16: 1652424.640 ns/op
Iteration  17: 1652741.003 ns/op
Iteration  18: 1652549.903 ns/op
Iteration  19: 1652362.163 ns/op
Iteration  20: 1653266.369 ns/op

# Run progress: 40.00% complete, ETA 00:02:32
# Fork: 5 of 5
# Warmup Iteration   1: 1832322.815 ns/op
# Warmup Iteration   2: 1668943.445 ns/op
# Warmup Iteration   3: 1727601.976 ns/op
# Warmup Iteration   4: 1727545.591 ns/op
# Warmup Iteration   5: 1727508.360 ns/op
Iteration   1: 1727568.504 ns/op
Iteration   2: 1728408.062 ns/op
Iteration   3: 1727271.717 ns/op
Iteration   4: 1735388.733 ns/op
Iteration   5: 1652533.411 ns/op
Iteration   6: 1651519.312 ns/op
Iteration   7: 1651694.896 ns/op
Iteration   8: 1651457.526 ns/op
Iteration   9: 1652088.530 ns/op
Iteration  10: 1652679.487 ns/op
Iteration  11: 1651890.437 ns/op
Iteration  12: 1668605.123 ns/op
Iteration  13: 1729922.143 ns/op
Iteration  14: 1728275.326 ns/op
Iteration  15: 1712794.418 ns/op
Iteration  16: 1651705.350 ns/op
Iteration  17: 1651403.191 ns/op
Iteration  18: 1650871.193 ns/op
Iteration  19: 1651115.774 ns/op
Iteration  20: 1651020.439 ns/op


Result "benchmark.StringContainsDataset.regexMatches":
  1685138.186 ±(99.9%) 14065.539 ns/op [Average]
  (min, avg, max) = (1643068.374, 1685138.186, 1793846.522), stdev = 41472.561
  CI (99.9%): [1671072.648, 1699203.725] (assumes normal distribution)


# JMH version: 1.29
# VM version: JDK 11.0.10, OpenJDK 64-Bit Server VM, 11.0.10+9-Ubuntu-0ubuntu1.18.04
# VM invoker: /usr/lib/jvm/java-11-openjdk-amd64/bin/java
# VM options: -server -Xms2G -Xmx2G
# Blackhole mode: full + dont-inline hint
# Warmup: 5 iterations, 1 s each
# Measurement: 20 iterations, 1 s each
# Timeout: 10 min per iteration
# Threads: 1 thread, will synchronize iterations
# Benchmark mode: Average time, time/op
# Benchmark: benchmark.StringContainsDataset.stringContains
# Parameters: (json_filename = http_0.3_42.json, regex = http)

# Run progress: 50.00% complete, ETA 00:02:06
# Fork: 1 of 5
# Warmup Iteration   1: 50949.382 ns/op
# Warmup Iteration   2: 49985.218 ns/op
# Warmup Iteration   3: 49854.341 ns/op
# Warmup Iteration   4: 49704.859 ns/op
# Warmup Iteration   5: 49864.353 ns/op
Iteration   1: 50843.258 ns/op
Iteration   2: 49873.569 ns/op
Iteration   3: 49866.677 ns/op
Iteration   4: 49851.586 ns/op
Iteration   5: 49881.217 ns/op
Iteration   6: 49842.125 ns/op
Iteration   7: 49814.157 ns/op
Iteration   8: 49810.220 ns/op
Iteration   9: 49819.501 ns/op
Iteration  10: 49801.468 ns/op
Iteration  11: 49820.586 ns/op
Iteration  12: 49830.534 ns/op
Iteration  13: 49824.776 ns/op
Iteration  14: 49808.617 ns/op
Iteration  15: 49787.861 ns/op
Iteration  16: 49810.311 ns/op
Iteration  17: 50776.694 ns/op
Iteration  18: 49779.835 ns/op
Iteration  19: 49791.930 ns/op
Iteration  20: 49696.866 ns/op

# Run progress: 60.00% complete, ETA 00:01:41
# Fork: 2 of 5
# Warmup Iteration   1: 50738.410 ns/op
# Warmup Iteration   2: 49556.097 ns/op
# Warmup Iteration   3: 49435.215 ns/op
# Warmup Iteration   4: 49292.109 ns/op
# Warmup Iteration   5: 49407.501 ns/op
Iteration   1: 50451.576 ns/op
Iteration   2: 46281.991 ns/op
Iteration   3: 46111.182 ns/op
Iteration   4: 46127.625 ns/op
Iteration   5: 46116.771 ns/op
Iteration   6: 46122.138 ns/op
Iteration   7: 46123.800 ns/op
Iteration   8: 46192.363 ns/op
Iteration   9: 46122.608 ns/op
Iteration  10: 46074.758 ns/op
Iteration  11: 46088.800 ns/op
Iteration  12: 46062.216 ns/op
Iteration  13: 46036.207 ns/op
Iteration  14: 46039.357 ns/op
Iteration  15: 46038.699 ns/op
Iteration  16: 45974.433 ns/op
Iteration  17: 46050.944 ns/op
Iteration  18: 46061.574 ns/op
Iteration  19: 45985.042 ns/op
Iteration  20: 46125.566 ns/op

# Run progress: 70.00% complete, ETA 00:01:16
# Fork: 3 of 5
# Warmup Iteration   1: 51523.184 ns/op
# Warmup Iteration   2: 50028.508 ns/op
# Warmup Iteration   3: 49977.083 ns/op
# Warmup Iteration   4: 50041.265 ns/op
# Warmup Iteration   5: 49966.814 ns/op
Iteration   1: 50450.974 ns/op
Iteration   2: 46044.506 ns/op
Iteration   3: 45992.013 ns/op
Iteration   4: 45983.846 ns/op
Iteration   5: 46009.852 ns/op
Iteration   6: 46053.167 ns/op
Iteration   7: 46007.456 ns/op
Iteration   8: 45984.320 ns/op
Iteration   9: 45981.624 ns/op
Iteration  10: 45963.139 ns/op
Iteration  11: 46016.227 ns/op
Iteration  12: 45929.547 ns/op
Iteration  13: 46003.485 ns/op
Iteration  14: 45938.018 ns/op
Iteration  15: 45929.658 ns/op
Iteration  16: 45955.764 ns/op
Iteration  17: 45969.941 ns/op
Iteration  18: 45993.283 ns/op
Iteration  19: 45979.022 ns/op
Iteration  20: 45965.879 ns/op

# Run progress: 80.00% complete, ETA 00:00:50
# Fork: 4 of 5
# Warmup Iteration   1: 52120.478 ns/op
# Warmup Iteration   2: 51018.872 ns/op
# Warmup Iteration   3: 50979.914 ns/op
# Warmup Iteration   4: 50888.448 ns/op
# Warmup Iteration   5: 50902.620 ns/op
Iteration   1: 51130.635 ns/op
Iteration   2: 50027.885 ns/op
Iteration   3: 50002.576 ns/op
Iteration   4: 49997.226 ns/op
Iteration   5: 50001.588 ns/op
Iteration   6: 49962.176 ns/op
Iteration   7: 50005.954 ns/op
Iteration   8: 49999.716 ns/op
Iteration   9: 49953.743 ns/op
Iteration  10: 50002.201 ns/op
Iteration  11: 50017.413 ns/op
Iteration  12: 50007.485 ns/op
Iteration  13: 49992.489 ns/op
Iteration  14: 49984.555 ns/op
Iteration  15: 49986.950 ns/op
Iteration  16: 49981.904 ns/op
Iteration  17: 49976.151 ns/op
Iteration  18: 49969.752 ns/op
Iteration  19: 49966.093 ns/op
Iteration  20: 49993.679 ns/op

# Run progress: 90.00% complete, ETA 00:00:25
# Fork: 5 of 5
# Warmup Iteration   1: 50879.813 ns/op
# Warmup Iteration   2: 49531.467 ns/op
# Warmup Iteration   3: 49501.939 ns/op
# Warmup Iteration   4: 49354.987 ns/op
# Warmup Iteration   5: 49472.523 ns/op
Iteration   1: 50546.451 ns/op
Iteration   2: 49672.360 ns/op
Iteration   3: 49606.597 ns/op
Iteration   4: 49548.413 ns/op
Iteration   5: 49561.197 ns/op
Iteration   6: 49564.937 ns/op
Iteration   7: 49559.952 ns/op
Iteration   8: 49662.490 ns/op
Iteration   9: 49569.422 ns/op
Iteration  10: 49566.995 ns/op
Iteration  11: 49536.883 ns/op
Iteration  12: 49517.089 ns/op
Iteration  13: 49587.855 ns/op
Iteration  14: 49575.850 ns/op
Iteration  15: 49597.621 ns/op
Iteration  16: 49505.811 ns/op
Iteration  17: 49642.784 ns/op
Iteration  18: 49581.184 ns/op
Iteration  19: 49590.259 ns/op
Iteration  20: 49692.541 ns/op


Result "benchmark.StringContainsDataset.stringContains":
  48423.180 ±(99.9%) 642.574 ns/op [Average]
  (min, avg, max) = (45929.547, 48423.180, 51130.635), stdev = 1894.645
  CI (99.9%): [47780.606, 49065.755] (assumes normal distribution)


# Run complete. Total time: 00:04:13

REMEMBER: The numbers below are just data. To gain reusable insights, you need to follow up on
why the numbers are the way they are. Use profilers (see -prof, -lprof), design factorial
experiments, perform baseline and negative tests that provide experimental control, make sure
the benchmarking environment is safe on JVM/OS/HW level, ask for reviews from the domain experts.
Do not assume the numbers tell you what you want them to tell.

Benchmark                              (json_filename)  (regex)  Mode  Cnt        Score       Error  Units
StringContainsDataset.regexMatches    http_0.3_42.json     http  avgt  100  1685138.186 ± 14065.539  ns/op
StringContainsDataset.stringContains  http_0.3_42.json     http  avgt  100    48423.180 ±   642.574  ns/op

Benchmark result is saved to http_0.3_42.csv
